2022-07-13 09:35:01,821 - mmdet - INFO - Environment info:
------------------------------------------------------------
sys.platform: linux
Python: 3.9.11 (main, Mar 29 2022, 19:08:29) [GCC 7.5.0]
CUDA available: True
GPU 0: Tesla T4
CUDA_HOME: /root/miniconda3/envs/manhdq
NVCC: Cuda compilation tools, release 11.3, V11.3.58
GCC: gcc (Ubuntu 9.4.0-1ubuntu1~20.04.1) 9.4.0
PyTorch: 1.11.0+cu113
PyTorch compiling details: PyTorch built with:
  - GCC 7.3
  - C++ Version: 201402
  - Intel(R) Math Kernel Library Version 2020.0.0 Product Build 20191122 for Intel(R) 64 architecture applications
  - Intel(R) MKL-DNN v2.5.2 (Git Hash a9302535553c73243c632ad3c4c80beec3d19a1e)
  - OpenMP 201511 (a.k.a. OpenMP 4.5)
  - LAPACK is enabled (usually provided by MKL)
  - NNPACK is enabled
  - CPU capability usage: AVX2
  - CUDA Runtime 11.3
  - NVCC architecture flags: -gencode;arch=compute_37,code=sm_37;-gencode;arch=compute_50,code=sm_50;-gencode;arch=compute_60,code=sm_60;-gencode;arch=compute_70,code=sm_70;-gencode;arch=compute_75,code=sm_75;-gencode;arch=compute_80,code=sm_80;-gencode;arch=compute_86,code=sm_86
  - CuDNN 8.2
  - Magma 2.5.2
  - Build settings: BLAS_INFO=mkl, BUILD_TYPE=Release, CUDA_VERSION=11.3, CUDNN_VERSION=8.2.0, CXX_COMPILER=/opt/rh/devtoolset-7/root/usr/bin/c++, CXX_FLAGS= -Wno-deprecated -fvisibility-inlines-hidden -DUSE_PTHREADPOOL -fopenmp -DNDEBUG -DUSE_KINETO -DUSE_FBGEMM -DUSE_QNNPACK -DUSE_PYTORCH_QNNPACK -DUSE_XNNPACK -DSYMBOLICATE_MOBILE_DEBUG_HANDLE -DEDGE_PROFILER_USE_KINETO -O2 -fPIC -Wno-narrowing -Wall -Wextra -Werror=return-type -Wno-missing-field-initializers -Wno-type-limits -Wno-array-bounds -Wno-unknown-pragmas -Wno-sign-compare -Wno-unused-parameter -Wno-unused-function -Wno-unused-result -Wno-unused-local-typedefs -Wno-strict-overflow -Wno-strict-aliasing -Wno-error=deprecated-declarations -Wno-stringop-overflow -Wno-psabi -Wno-error=pedantic -Wno-error=redundant-decls -Wno-error=old-style-cast -fdiagnostics-color=always -faligned-new -Wno-unused-but-set-variable -Wno-maybe-uninitialized -fno-math-errno -fno-trapping-math -Werror=format -Wno-stringop-overflow, LAPACK_INFO=mkl, PERF_WITH_AVX=1, PERF_WITH_AVX2=1, PERF_WITH_AVX512=1, TORCH_VERSION=1.11.0, USE_CUDA=ON, USE_CUDNN=ON, USE_EXCEPTION_PTR=1, USE_GFLAGS=OFF, USE_GLOG=OFF, USE_MKL=ON, USE_MKLDNN=OFF, USE_MPI=OFF, USE_NCCL=ON, USE_NNPACK=ON, USE_OPENMP=ON, USE_ROCM=OFF, 

TorchVision: 0.12.0+cu113
OpenCV: 4.4.0
MMCV: 1.5.3
MMCV Compiler: n/a
MMCV CUDA Compiler: n/a
MMDetection: 2.7.0+
------------------------------------------------------------

2022-07-13 09:35:02,708 - mmdet - INFO - Distributed training: True
2022-07-13 09:35:03,631 - mmdet - INFO - Config:
optimizer = dict(type='Adam', lr=0.000625, weight_decay=0.0005)
optimizer_config = dict(grad_clip=None)
lr_mult = 8
lr_config = dict(
    policy='step',
    warmup='linear',
    warmup_iters=10,
    warmup_ratio=0.001,
    step=[32, 48, 80])
total_epochs = 96
checkpoint_config = dict(interval=5)
log_config = dict(interval=10, hooks=[dict(type='TextLoggerHook')])
dist_params = dict(backend='nccl')
log_level = 'INFO'
load_from = '/home/manhdq/ID_Card_Information_Extraction/keypoint_detection/scrfd/work_dirs/scrfd_cccd_500m_bnkps_poisson_color_dummy/epoch_35.pth'
resume_from = None
workflow = [('train', 1)]
dataset_type = 'RetinaFaceDataset'
data_root = '/home/manhdq/ID_Card_Information_Extraction/datasets/cccd'
train_root = [
    '/home/manhdq/ID_Card_Information_Extraction/datasets/cccd/valid_cccd_clean_v2',
    '/home/manhdq/ID_Card_Information_Extraction/datasets/cccd/poisson_v1'
]
val_root = '/home/manhdq/ID_Card_Information_Extraction/datasets/cccd/valid_cccd_clean'
img_norm_cfg = dict(
    mean=[127.5, 127.5, 127.5], std=[128.0, 128.0, 128.0], to_rgb=True)
albu_train_transforms = [
    dict(
        type='OneOf',
        transforms=[
            dict(
                type='Affine',
                scale=None,
                rotate=(-90, 90),
                shear=None,
                interpolation=0,
                fit_output=True)
        ],
        p=0.6),
    dict(
        type='OneOf',
        transforms=[
            dict(type='MotionBlur'),
            dict(type='GaussianBlur', blur_limit=3)
        ],
        p=0.2),
    dict(type='ToGray', p=0.2)
]
train_pipeline = [
    dict(type='LoadImageFromFile', to_float32=True),
    dict(type='LoadAnnotations', with_bbox=True, with_keypoints=True),
    dict(
        type='RandomSquareCrop',
        crop_choice=[0.3, 0.45, 0.6, 0.8, 1.0, 1.2, 1.4, 1.6, 1.8, 2.0]),
    dict(type='Resize', img_scale=(640, 640), keep_ratio=False),
    dict(
        type='RandomFlip',
        flip_ratio=0.5,
        direction=['horizontal', 'vertical', 'diagonal']),
    dict(
        type='PhotoMetricDistortion',
        brightness_delta=32,
        contrast_range=(0.5, 1.5),
        saturation_range=(0.5, 1.5),
        hue_delta=18),
    dict(
        type='Normalize',
        mean=[127.5, 127.5, 127.5],
        std=[128.0, 128.0, 128.0],
        to_rgb=True),
    dict(type='DefaultFormatBundle'),
    dict(
        type='Collect',
        keys=[
            'img', 'gt_bboxes', 'gt_labels', 'gt_bboxes_ignore',
            'gt_keypointss'
        ])
]
test_pipeline = [
    dict(type='LoadImageFromFile'),
    dict(
        type='MultiScaleFlipAug',
        img_scale=(640, 640),
        flip=False,
        transforms=[
            dict(type='Resize', keep_ratio=True),
            dict(type='RandomFlip', flip_ratio=0.0),
            dict(
                type='Normalize',
                mean=[127.5, 127.5, 127.5],
                std=[128.0, 128.0, 128.0],
                to_rgb=True),
            dict(type='Pad', size=(640, 640), pad_val=0),
            dict(type='ImageToTensor', keys=['img']),
            dict(type='Collect', keys=['img'])
        ])
]
data = dict(
    samples_per_gpu=64,
    workers_per_gpu=8,
    train=dict(
        type='RetinaFaceDataset',
        ann_file=[
            '/home/manhdq/ID_Card_Information_Extraction/datasets/cccd/valid_cccd_clean_v2/annotations.txt',
            '/home/manhdq/ID_Card_Information_Extraction/datasets/cccd/poisson_v1/annotations.txt'
        ],
        img_prefix=[
            '/home/manhdq/ID_Card_Information_Extraction/datasets/cccd/valid_cccd_clean_v2/images',
            '/home/manhdq/ID_Card_Information_Extraction/datasets/cccd/poisson_v1/images'
        ],
        pipeline=[
            dict(type='LoadImageFromFile', to_float32=True),
            dict(type='LoadAnnotations', with_bbox=True, with_keypoints=True),
            dict(
                type='RandomSquareCrop',
                crop_choice=[
                    0.3, 0.45, 0.6, 0.8, 1.0, 1.2, 1.4, 1.6, 1.8, 2.0
                ]),
            dict(type='Resize', img_scale=(640, 640), keep_ratio=False),
            dict(
                type='RandomFlip',
                flip_ratio=0.5,
                direction=['horizontal', 'vertical', 'diagonal']),
            dict(
                type='PhotoMetricDistortion',
                brightness_delta=32,
                contrast_range=(0.5, 1.5),
                saturation_range=(0.5, 1.5),
                hue_delta=18),
            dict(
                type='Normalize',
                mean=[127.5, 127.5, 127.5],
                std=[128.0, 128.0, 128.0],
                to_rgb=True),
            dict(type='DefaultFormatBundle'),
            dict(
                type='Collect',
                keys=[
                    'img', 'gt_bboxes', 'gt_labels', 'gt_bboxes_ignore',
                    'gt_keypointss'
                ])
        ]),
    val=dict(
        type='RetinaFaceDataset',
        ann_file=
        '/home/manhdq/ID_Card_Information_Extraction/datasets/cccd/valid_cccd_clean/annotations.txt',
        img_prefix=
        '/home/manhdq/ID_Card_Information_Extraction/datasets/cccd/valid_cccd_clean/images',
        pipeline=[
            dict(type='LoadImageFromFile'),
            dict(type='LoadAnnotations', with_bbox=True, with_keypoints=True),
            dict(
                type='MultiScaleFlipAug',
                img_scale=(640, 640),
                flip=False,
                transforms=[
                    dict(type='Resize', keep_ratio=True),
                    dict(type='RandomFlip', flip_ratio=0.0),
                    dict(
                        type='Normalize',
                        mean=[127.5, 127.5, 127.5],
                        std=[128.0, 128.0, 128.0],
                        to_rgb=True),
                    dict(type='Pad', size=(640, 640), pad_val=0),
                    dict(type='ImageToTensor', keys=['img']),
                    dict(type='Collect', keys=['img'])
                ])
        ]),
    infer=dict(
        type='RetinaFaceDataset',
        ann_file=
        '/home/manhdq/ID_Card_Information_Extraction/datasets/cccd/valid_cccd_clean/annotations.txt',
        img_prefix=
        '/home/manhdq/ID_Card_Information_Extraction/datasets/cccd/valid_cccd_clean/images',
        pipeline=[
            dict(type='LoadImageFromFile'),
            dict(type='LoadAnnotations', with_bbox=True, with_keypoints=True),
            dict(
                type='MultiScaleFlipAug',
                img_scale=(640, 640),
                flip=False,
                transforms=[
                    dict(type='Resize', keep_ratio=True),
                    dict(type='RandomFlip', flip_ratio=0.0),
                    dict(
                        type='Normalize',
                        mean=[127.5, 127.5, 127.5],
                        std=[128.0, 128.0, 128.0],
                        to_rgb=True),
                    dict(type='Pad', size=(640, 640), pad_val=0),
                    dict(type='ImageToTensor', keys=['img']),
                    dict(
                        type='Collect',
                        keys=[
                            'img', 'gt_bboxes', 'gt_labels',
                            'gt_bboxes_ignore', 'gt_keypointss'
                        ])
                ])
        ]),
    test=dict(
        type='RetinaFaceDataset',
        ann_file=
        '/home/manhdq/ID_Card_Information_Extraction/datasets/cccd/valid_cccd_clean/annotations.txt',
        img_prefix=
        '/home/manhdq/ID_Card_Information_Extraction/datasets/cccd/valid_cccd_clean/images',
        pipeline=[
            dict(type='LoadImageFromFile'),
            dict(
                type='MultiScaleFlipAug',
                img_scale=(640, 640),
                flip=False,
                transforms=[
                    dict(type='Resize', keep_ratio=True),
                    dict(type='RandomFlip', flip_ratio=0.0),
                    dict(
                        type='Normalize',
                        mean=[127.5, 127.5, 127.5],
                        std=[128.0, 128.0, 128.0],
                        to_rgb=True),
                    dict(type='Pad', size=(640, 640), pad_val=0),
                    dict(type='ImageToTensor', keys=['img']),
                    dict(type='Collect', keys=['img'])
                ])
        ]))
model = dict(
    type='SCRFD',
    backbone=dict(
        type='MobileNetV1',
        block_cfg=dict(
            stage_blocks=(2, 3, 2, 6), stage_planes=[16, 16, 40, 72, 152,
                                                     288])),
    neck=dict(
        type='PAFPN',
        in_channels=[40, 72, 152, 288],
        out_channels=16,
        start_level=1,
        add_extra_convs='on_output',
        num_outs=3),
    bbox_head=dict(
        type='SCRFDHead',
        num_classes=1,
        in_channels=16,
        stacked_convs=2,
        feat_channels=64,
        norm_cfg=dict(type='BN', requires_grad=True),
        cls_reg_share=True,
        strides_share=False,
        dw_conv=True,
        scale_mode=0,
        anchor_generator=dict(
            type='AnchorGenerator',
            ratios=[1.0],
            scales=[1, 2],
            base_sizes=[16, 64, 256],
            strides=[8, 16, 32]),
        loss_cls=dict(
            type='QualityFocalLoss',
            use_sigmoid=True,
            beta=2.0,
            loss_weight=1.0),
        loss_dfl=False,
        reg_max=8,
        loss_bbox=dict(type='DIoULoss', loss_weight=1.0),
        use_kps=True,
        loss_kps=dict(
            type='SmoothL1Loss', beta=0.1111111111111111, loss_weight=1.5),
        train_cfg=dict(
            assigner=dict(type='ATSSAssigner', topk=9),
            allowed_border=-1,
            pos_weight=-1,
            debug=False),
        test_cfg=dict(
            nms_pre=-1,
            min_bbox_size=0,
            score_thr=0.02,
            nms=dict(type='nms', iou_threshold=0.45),
            max_per_img=-1)))
train_cfg = dict(
    assigner=dict(type='ATSSAssigner', topk=9),
    allowed_border=-1,
    pos_weight=-1,
    debug=False)
val_cfg = dict(
    nms_pre=-1,
    min_bbox_size=0,
    score_thr=0.02,
    nms=dict(type='nms', iou_threshold=0.45),
    max_per_img=-1)
test_cfg = dict(
    nms_pre=-1,
    min_bbox_size=0,
    score_thr=0.02,
    nms=dict(type='nms', iou_threshold=0.45),
    max_per_img=-1)
epoch_multi = 1
evaluation = dict(interval=5, metric='mAP')
work_dir = './work_dirs/scrfd_cccd_500m_bnkps_custom'
gpu_ids = range(0, 1)

2022-07-13 09:35:07,583 - mmdet - INFO - load checkpoint from local path: /home/manhdq/ID_Card_Information_Extraction/keypoint_detection/scrfd/work_dirs/scrfd_cccd_500m_bnkps_poisson_color_dummy/epoch_35.pth
2022-07-13 09:35:07,629 - mmdet - INFO - Start running, host: root@ATMA-Ubuntu20-ARP-v3, work_dir: /home/manhdq/ID_Card_Information_Extraction/keypoint_detection/scrfd/work_dirs/scrfd_cccd_500m_bnkps_custom
2022-07-13 09:35:07,629 - mmdet - INFO - Hooks will be executed in the following order:
before_run:
(VERY_HIGH   ) StepLrUpdaterHook                  
(NORMAL      ) CheckpointHook                     
(NORMAL      ) DistEvalHook                       
(VERY_LOW    ) TextLoggerHook                     
 -------------------- 
before_train_epoch:
(VERY_HIGH   ) StepLrUpdaterHook                  
(NORMAL      ) DistSamplerSeedHook                
(NORMAL      ) DistEvalHook                       
(LOW         ) IterTimerHook                      
(VERY_LOW    ) TextLoggerHook                     
 -------------------- 
before_train_iter:
(VERY_HIGH   ) StepLrUpdaterHook                  
(LOW         ) IterTimerHook                      
 -------------------- 
after_train_iter:
(ABOVE_NORMAL) OptimizerHook                      
(NORMAL      ) CheckpointHook                     
(LOW         ) IterTimerHook                      
(VERY_LOW    ) TextLoggerHook                     
 -------------------- 
after_train_epoch:
(NORMAL      ) CheckpointHook                     
(NORMAL      ) DistEvalHook                       
(VERY_LOW    ) TextLoggerHook                     
 -------------------- 
before_val_epoch:
(NORMAL      ) DistSamplerSeedHook                
(LOW         ) IterTimerHook                      
(VERY_LOW    ) TextLoggerHook                     
 -------------------- 
before_val_iter:
(LOW         ) IterTimerHook                      
 -------------------- 
after_val_iter:
(LOW         ) IterTimerHook                      
 -------------------- 
after_val_epoch:
(VERY_LOW    ) TextLoggerHook                     
 -------------------- 
after_run:
(VERY_LOW    ) TextLoggerHook                     
 -------------------- 
2022-07-13 09:35:07,629 - mmdet - INFO - workflow: [('train', 1)], max: 96 epochs
2022-07-13 09:35:07,630 - mmdet - INFO - Checkpoints will be saved to /home/manhdq/ID_Card_Information_Extraction/keypoint_detection/scrfd/work_dirs/scrfd_cccd_500m_bnkps_custom by HardDiskBackend.
2022-07-13 09:35:50,843 - mmdet - INFO - Epoch [1][10/246]	lr: 5.626e-04, eta: 1 day, 4:20:04, time: 4.321, data_time: 3.093, memory: 7996, loss_cls: 0.1720, loss_bbox: 0.0606, loss_kps: 4.2081, loss: 4.4407
2022-07-13 09:36:00,660 - mmdet - INFO - Epoch [1][20/246]	lr: 6.250e-04, eta: 17:22:42, time: 0.982, data_time: 0.135, memory: 7996, loss_cls: 0.1800, loss_bbox: 0.0620, loss_kps: 5.4327, loss: 5.6747
2022-07-13 09:36:10,928 - mmdet - INFO - Epoch [1][30/246]	lr: 6.250e-04, eta: 13:49:23, time: 1.027, data_time: 0.166, memory: 7996, loss_cls: 0.1718, loss_bbox: 0.0613, loss_kps: 4.6467, loss: 4.8798
2022-07-13 09:36:21,078 - mmdet - INFO - Epoch [1][40/246]	lr: 6.250e-04, eta: 12:01:29, time: 1.015, data_time: 0.144, memory: 7996, loss_cls: 0.1757, loss_bbox: 0.0598, loss_kps: 4.0823, loss: 4.3177
2022-07-13 09:36:31,370 - mmdet - INFO - Epoch [1][50/246]	lr: 6.250e-04, eta: 10:57:47, time: 1.029, data_time: 0.156, memory: 7996, loss_cls: 0.1843, loss_bbox: 0.0605, loss_kps: 4.7228, loss: 4.9676
2022-07-13 09:36:41,387 - mmdet - INFO - Epoch [1][60/246]	lr: 6.250e-04, eta: 10:13:28, time: 1.002, data_time: 0.148, memory: 7996, loss_cls: 0.1788, loss_bbox: 0.0601, loss_kps: 5.4887, loss: 5.7275
2022-07-13 09:36:51,474 - mmdet - INFO - Epoch [1][70/246]	lr: 6.250e-04, eta: 9:42:09, time: 1.009, data_time: 0.110, memory: 7996, loss_cls: 0.1861, loss_bbox: 0.0603, loss_kps: 7.0606, loss: 7.3070
2022-07-13 09:37:01,436 - mmdet - INFO - Epoch [1][80/246]	lr: 6.250e-04, eta: 9:18:01, time: 0.996, data_time: 0.122, memory: 7996, loss_cls: 0.1744, loss_bbox: 0.0588, loss_kps: 4.4455, loss: 4.6786
2022-07-13 09:37:11,842 - mmdet - INFO - Epoch [1][90/246]	lr: 6.250e-04, eta: 9:01:08, time: 1.041, data_time: 0.151, memory: 7996, loss_cls: 0.1885, loss_bbox: 0.0620, loss_kps: 5.2149, loss: 5.4654
2022-07-13 09:37:21,764 - mmdet - INFO - Epoch [1][100/246]	lr: 6.250e-04, eta: 8:45:42, time: 0.992, data_time: 0.122, memory: 7996, loss_cls: 0.1815, loss_bbox: 0.0613, loss_kps: 4.8345, loss: 5.0773
2022-07-13 09:37:31,762 - mmdet - INFO - Epoch [1][110/246]	lr: 6.250e-04, eta: 8:33:19, time: 1.000, data_time: 0.123, memory: 7996, loss_cls: 0.1861, loss_bbox: 0.0622, loss_kps: 5.3920, loss: 5.6403
2022-07-13 09:37:42,135 - mmdet - INFO - Epoch [1][120/246]	lr: 6.250e-04, eta: 8:24:11, time: 1.037, data_time: 0.122, memory: 7996, loss_cls: 0.1778, loss_bbox: 0.0602, loss_kps: 5.1004, loss: 5.3383
2022-07-13 09:37:52,244 - mmdet - INFO - Epoch [1][130/246]	lr: 6.250e-04, eta: 8:15:38, time: 1.011, data_time: 0.136, memory: 7996, loss_cls: 0.1905, loss_bbox: 0.0627, loss_kps: 6.2954, loss: 6.5486
2022-07-13 09:38:02,347 - mmdet - INFO - Epoch [1][140/246]	lr: 6.250e-04, eta: 8:08:17, time: 1.010, data_time: 0.112, memory: 7996, loss_cls: 0.1762, loss_bbox: 0.0615, loss_kps: 5.7257, loss: 5.9634
2022-07-13 09:38:12,286 - mmdet - INFO - Epoch [1][150/246]	lr: 6.250e-04, eta: 8:01:27, time: 0.994, data_time: 0.118, memory: 7996, loss_cls: 0.1802, loss_bbox: 0.0615, loss_kps: 4.7604, loss: 5.0021
2022-07-13 09:38:22,790 - mmdet - INFO - Epoch [1][160/246]	lr: 6.250e-04, eta: 7:56:50, time: 1.050, data_time: 0.173, memory: 7996, loss_cls: 0.1820, loss_bbox: 0.0609, loss_kps: 5.0218, loss: 5.2647
2022-07-13 09:38:32,988 - mmdet - INFO - Epoch [1][170/246]	lr: 6.250e-04, eta: 7:52:02, time: 1.020, data_time: 0.150, memory: 7996, loss_cls: 0.1770, loss_bbox: 0.0604, loss_kps: 5.4613, loss: 5.6987
2022-07-13 09:38:42,789 - mmdet - INFO - Epoch [1][180/246]	lr: 6.250e-04, eta: 7:46:53, time: 0.980, data_time: 0.105, memory: 7996, loss_cls: 0.1791, loss_bbox: 0.0652, loss_kps: 5.4537, loss: 5.6981
2022-07-13 09:38:53,067 - mmdet - INFO - Epoch [1][190/246]	lr: 6.250e-04, eta: 7:43:14, time: 1.028, data_time: 0.153, memory: 7996, loss_cls: 0.1866, loss_bbox: 0.0627, loss_kps: 5.4327, loss: 5.6820
2022-07-13 09:39:03,139 - mmdet - INFO - Epoch [1][200/246]	lr: 6.250e-04, eta: 7:39:32, time: 1.007, data_time: 0.128, memory: 7996, loss_cls: 0.1848, loss_bbox: 0.0626, loss_kps: 4.2205, loss: 4.4679
2022-07-13 09:39:13,497 - mmdet - INFO - Epoch [1][210/246]	lr: 6.250e-04, eta: 7:36:43, time: 1.036, data_time: 0.163, memory: 7996, loss_cls: 0.1831, loss_bbox: 0.0600, loss_kps: 5.9941, loss: 6.2372
2022-07-13 09:39:23,729 - mmdet - INFO - Epoch [1][220/246]	lr: 6.250e-04, eta: 7:33:54, time: 1.023, data_time: 0.113, memory: 7996, loss_cls: 0.1809, loss_bbox: 0.0636, loss_kps: 5.3627, loss: 5.6072
2022-07-13 09:39:33,696 - mmdet - INFO - Epoch [1][230/246]	lr: 6.250e-04, eta: 7:30:52, time: 0.997, data_time: 0.117, memory: 7996, loss_cls: 0.1720, loss_bbox: 0.0621, loss_kps: 4.6240, loss: 4.8581
2022-07-13 09:39:43,388 - mmdet - INFO - Epoch [1][240/246]	lr: 6.250e-04, eta: 7:27:38, time: 0.969, data_time: 0.117, memory: 7996, loss_cls: 0.1835, loss_bbox: 0.0640, loss_kps: 4.9094, loss: 5.1568
2022-07-13 09:40:32,130 - mmdet - INFO - Epoch [2][10/246]	lr: 6.250e-04, eta: 8:03:42, time: 4.230, data_time: 3.098, memory: 7996, loss_cls: 0.1833, loss_bbox: 0.0616, loss_kps: 4.5431, loss: 4.7880
2022-07-13 09:40:42,142 - mmdet - INFO - Epoch [2][20/246]	lr: 6.250e-04, eta: 7:59:57, time: 1.001, data_time: 0.122, memory: 7996, loss_cls: 0.1747, loss_bbox: 0.0610, loss_kps: 5.0898, loss: 5.3255
2022-07-13 09:40:51,936 - mmdet - INFO - Epoch [2][30/246]	lr: 6.250e-04, eta: 7:56:10, time: 0.979, data_time: 0.108, memory: 7996, loss_cls: 0.1845, loss_bbox: 0.0622, loss_kps: 5.2195, loss: 5.4661
2022-07-13 09:41:01,944 - mmdet - INFO - Epoch [2][40/246]	lr: 6.250e-04, eta: 7:52:56, time: 1.001, data_time: 0.126, memory: 7996, loss_cls: 0.1877, loss_bbox: 0.0627, loss_kps: 4.6024, loss: 4.8528
2022-07-13 09:41:12,244 - mmdet - INFO - Epoch [2][50/246]	lr: 6.250e-04, eta: 7:50:17, time: 1.030, data_time: 0.142, memory: 7996, loss_cls: 0.1720, loss_bbox: 0.0647, loss_kps: 5.1328, loss: 5.3695
2022-07-13 09:41:22,009 - mmdet - INFO - Epoch [2][60/246]	lr: 6.250e-04, eta: 7:47:07, time: 0.976, data_time: 0.123, memory: 7996, loss_cls: 0.1805, loss_bbox: 0.0623, loss_kps: 5.3347, loss: 5.5775
2022-07-13 09:41:32,341 - mmdet - INFO - Epoch [2][70/246]	lr: 6.250e-04, eta: 7:44:50, time: 1.033, data_time: 0.119, memory: 7996, loss_cls: 0.1746, loss_bbox: 0.0602, loss_kps: 5.0974, loss: 5.3322
2022-07-13 09:41:42,410 - mmdet - INFO - Epoch [2][80/246]	lr: 6.250e-04, eta: 7:42:22, time: 1.007, data_time: 0.125, memory: 7996, loss_cls: 0.1776, loss_bbox: 0.0605, loss_kps: 4.0692, loss: 4.3073
2022-07-13 09:41:52,651 - mmdet - INFO - Epoch [2][90/246]	lr: 6.250e-04, eta: 7:40:15, time: 1.024, data_time: 0.146, memory: 7996, loss_cls: 0.1752, loss_bbox: 0.0648, loss_kps: 5.6037, loss: 5.8437
2022-07-13 09:42:02,541 - mmdet - INFO - Epoch [2][100/246]	lr: 6.250e-04, eta: 7:37:50, time: 0.989, data_time: 0.126, memory: 7996, loss_cls: 0.1787, loss_bbox: 0.0641, loss_kps: 4.6068, loss: 4.8495
2022-07-13 09:42:12,744 - mmdet - INFO - Epoch [2][110/246]	lr: 6.250e-04, eta: 7:35:54, time: 1.020, data_time: 0.112, memory: 7996, loss_cls: 0.1842, loss_bbox: 0.0612, loss_kps: 5.2608, loss: 5.5062
2022-07-13 09:42:22,867 - mmdet - INFO - Epoch [2][120/246]	lr: 6.250e-04, eta: 7:33:58, time: 1.012, data_time: 0.132, memory: 7996, loss_cls: 0.1890, loss_bbox: 0.0643, loss_kps: 6.6599, loss: 6.9133
2022-07-13 09:42:33,148 - mmdet - INFO - Epoch [2][130/246]	lr: 6.250e-04, eta: 7:32:18, time: 1.028, data_time: 0.158, memory: 7996, loss_cls: 0.1701, loss_bbox: 0.0598, loss_kps: 5.0828, loss: 5.3127
2022-07-13 09:42:43,410 - mmdet - INFO - Epoch [2][140/246]	lr: 6.250e-04, eta: 7:30:41, time: 1.026, data_time: 0.154, memory: 7996, loss_cls: 0.1820, loss_bbox: 0.0636, loss_kps: 5.5169, loss: 5.7625
2022-07-13 09:42:53,297 - mmdet - INFO - Epoch [2][150/246]	lr: 6.250e-04, eta: 7:28:46, time: 0.989, data_time: 0.109, memory: 7996, loss_cls: 0.1751, loss_bbox: 0.0624, loss_kps: 5.6212, loss: 5.8587
2022-07-13 09:43:03,544 - mmdet - INFO - Epoch [2][160/246]	lr: 6.250e-04, eta: 7:27:17, time: 1.025, data_time: 0.126, memory: 7996, loss_cls: 0.1791, loss_bbox: 0.0616, loss_kps: 6.1147, loss: 6.3553
2022-07-13 09:43:13,623 - mmdet - INFO - Epoch [2][170/246]	lr: 6.250e-04, eta: 7:25:43, time: 1.008, data_time: 0.139, memory: 7996, loss_cls: 0.1811, loss_bbox: 0.0617, loss_kps: 5.0716, loss: 5.3145
2022-07-13 09:43:23,750 - mmdet - INFO - Epoch [2][180/246]	lr: 6.250e-04, eta: 7:24:15, time: 1.013, data_time: 0.121, memory: 7996, loss_cls: 0.1779, loss_bbox: 0.0648, loss_kps: 5.3501, loss: 5.5928
2022-07-13 09:43:34,047 - mmdet - INFO - Epoch [2][190/246]	lr: 6.250e-04, eta: 7:23:00, time: 1.030, data_time: 0.156, memory: 7996, loss_cls: 0.1877, loss_bbox: 0.0619, loss_kps: 5.6878, loss: 5.9375
2022-07-13 09:43:44,178 - mmdet - INFO - Epoch [2][200/246]	lr: 6.250e-04, eta: 7:21:39, time: 1.013, data_time: 0.133, memory: 7996, loss_cls: 0.1726, loss_bbox: 0.0631, loss_kps: 5.0266, loss: 5.2623
2022-07-13 09:43:54,224 - mmdet - INFO - Epoch [2][210/246]	lr: 6.250e-04, eta: 7:20:17, time: 1.005, data_time: 0.135, memory: 7996, loss_cls: 0.1850, loss_bbox: 0.0611, loss_kps: 4.5670, loss: 4.8132
2022-07-13 09:44:04,506 - mmdet - INFO - Epoch [2][220/246]	lr: 6.250e-04, eta: 7:19:10, time: 1.028, data_time: 0.125, memory: 7996, loss_cls: 0.1813, loss_bbox: 0.0640, loss_kps: 5.6794, loss: 5.9247
2022-07-13 09:44:14,380 - mmdet - INFO - Epoch [2][230/246]	lr: 6.250e-04, eta: 7:17:45, time: 0.987, data_time: 0.112, memory: 7996, loss_cls: 0.1747, loss_bbox: 0.0644, loss_kps: 5.8445, loss: 6.0836
2022-07-13 09:44:23,939 - mmdet - INFO - Epoch [2][240/246]	lr: 6.250e-04, eta: 7:16:09, time: 0.956, data_time: 0.106, memory: 7996, loss_cls: 0.1798, loss_bbox: 0.0622, loss_kps: 4.8309, loss: 5.0729
2022-07-13 09:45:11,595 - mmdet - INFO - Epoch [3][10/246]	lr: 6.250e-04, eta: 7:33:35, time: 4.123, data_time: 2.967, memory: 7996, loss_cls: 0.1794, loss_bbox: 0.0610, loss_kps: 4.5375, loss: 4.7779
2022-07-13 09:45:21,572 - mmdet - INFO - Epoch [3][20/246]	lr: 6.250e-04, eta: 7:32:02, time: 0.998, data_time: 0.126, memory: 7996, loss_cls: 0.1868, loss_bbox: 0.0647, loss_kps: 5.6058, loss: 5.8574
2022-07-13 09:45:31,530 - mmdet - INFO - Epoch [3][30/246]	lr: 6.250e-04, eta: 7:30:32, time: 0.996, data_time: 0.122, memory: 7996, loss_cls: 0.1911, loss_bbox: 0.0620, loss_kps: 5.7345, loss: 5.9875
2022-07-13 09:45:41,375 - mmdet - INFO - Epoch [3][40/246]	lr: 6.250e-04, eta: 7:28:59, time: 0.984, data_time: 0.111, memory: 7996, loss_cls: 0.1734, loss_bbox: 0.0654, loss_kps: 4.9466, loss: 5.1854
2022-07-13 09:45:51,641 - mmdet - INFO - Epoch [3][50/246]	lr: 6.250e-04, eta: 7:27:48, time: 1.027, data_time: 0.150, memory: 7996, loss_cls: 0.1974, loss_bbox: 0.0648, loss_kps: 6.1753, loss: 6.4376
2022-07-13 09:46:01,624 - mmdet - INFO - Epoch [3][60/246]	lr: 6.250e-04, eta: 7:26:27, time: 0.998, data_time: 0.130, memory: 7996, loss_cls: 0.1769, loss_bbox: 0.0645, loss_kps: 5.3677, loss: 5.6092
2022-07-13 09:46:11,469 - mmdet - INFO - Epoch [3][70/246]	lr: 6.250e-04, eta: 7:25:03, time: 0.985, data_time: 0.117, memory: 7996, loss_cls: 0.1881, loss_bbox: 0.0661, loss_kps: 5.6605, loss: 5.9146
2022-07-13 09:46:21,293 - mmdet - INFO - Epoch [3][80/246]	lr: 6.250e-04, eta: 7:23:40, time: 0.982, data_time: 0.110, memory: 7996, loss_cls: 0.1741, loss_bbox: 0.0622, loss_kps: 5.1870, loss: 5.4233
2022-07-13 09:46:31,371 - mmdet - INFO - Epoch [3][90/246]	lr: 6.250e-04, eta: 7:22:30, time: 1.008, data_time: 0.134, memory: 7996, loss_cls: 0.1770, loss_bbox: 0.0599, loss_kps: 5.2174, loss: 5.4543
2022-07-13 09:46:41,458 - mmdet - INFO - Epoch [3][100/246]	lr: 6.250e-04, eta: 7:21:23, time: 1.009, data_time: 0.125, memory: 7996, loss_cls: 0.1735, loss_bbox: 0.0602, loss_kps: 4.9418, loss: 5.1755
2022-07-13 09:46:51,259 - mmdet - INFO - Epoch [3][110/246]	lr: 6.250e-04, eta: 7:20:06, time: 0.980, data_time: 0.123, memory: 7996, loss_cls: 0.1749, loss_bbox: 0.0644, loss_kps: 4.7080, loss: 4.9473
2022-07-13 09:47:01,207 - mmdet - INFO - Epoch [3][120/246]	lr: 6.250e-04, eta: 7:18:57, time: 0.995, data_time: 0.109, memory: 7996, loss_cls: 0.1700, loss_bbox: 0.0632, loss_kps: 5.7274, loss: 5.9607
2022-07-13 09:47:11,295 - mmdet - INFO - Epoch [3][130/246]	lr: 6.250e-04, eta: 7:17:56, time: 1.009, data_time: 0.137, memory: 7996, loss_cls: 0.1885, loss_bbox: 0.0616, loss_kps: 4.9930, loss: 5.2432
2022-07-13 09:47:21,145 - mmdet - INFO - Epoch [3][140/246]	lr: 6.250e-04, eta: 7:16:47, time: 0.985, data_time: 0.127, memory: 7996, loss_cls: 0.1765, loss_bbox: 0.0629, loss_kps: 4.5142, loss: 4.7536
2022-07-13 09:47:30,926 - mmdet - INFO - Epoch [3][150/246]	lr: 6.250e-04, eta: 7:15:37, time: 0.978, data_time: 0.110, memory: 7996, loss_cls: 0.1750, loss_bbox: 0.0622, loss_kps: 6.6519, loss: 6.8891
2022-07-13 09:47:40,746 - mmdet - INFO - Epoch [3][160/246]	lr: 6.250e-04, eta: 7:14:31, time: 0.982, data_time: 0.108, memory: 7996, loss_cls: 0.1839, loss_bbox: 0.0638, loss_kps: 5.8665, loss: 6.1142
2022-07-13 09:47:50,934 - mmdet - INFO - Epoch [3][170/246]	lr: 6.250e-04, eta: 7:13:39, time: 1.019, data_time: 0.151, memory: 7996, loss_cls: 0.1927, loss_bbox: 0.0644, loss_kps: 5.8049, loss: 6.0621
2022-07-13 09:48:00,853 - mmdet - INFO - Epoch [3][180/246]	lr: 6.250e-04, eta: 7:12:40, time: 0.992, data_time: 0.120, memory: 7996, loss_cls: 0.1782, loss_bbox: 0.0653, loss_kps: 5.0002, loss: 5.2436
2022-07-13 09:48:10,763 - mmdet - INFO - Epoch [3][190/246]	lr: 6.250e-04, eta: 7:11:41, time: 0.991, data_time: 0.119, memory: 7996, loss_cls: 0.1810, loss_bbox: 0.0630, loss_kps: 5.3552, loss: 5.5991
2022-07-13 09:48:20,644 - mmdet - INFO - Epoch [3][200/246]	lr: 6.250e-04, eta: 7:10:43, time: 0.988, data_time: 0.107, memory: 7996, loss_cls: 0.1773, loss_bbox: 0.0636, loss_kps: 5.5437, loss: 5.7847
2022-07-13 09:48:30,821 - mmdet - INFO - Epoch [3][210/246]	lr: 6.250e-04, eta: 7:09:56, time: 1.018, data_time: 0.141, memory: 7996, loss_cls: 0.1749, loss_bbox: 0.0617, loss_kps: 5.2171, loss: 5.4536
2022-07-13 09:48:40,685 - mmdet - INFO - Epoch [3][220/246]	lr: 6.250e-04, eta: 7:09:00, time: 0.986, data_time: 0.126, memory: 7996, loss_cls: 0.1843, loss_bbox: 0.0634, loss_kps: 4.9460, loss: 5.1938
2022-07-13 09:48:50,637 - mmdet - INFO - Epoch [3][230/246]	lr: 6.250e-04, eta: 7:08:08, time: 0.995, data_time: 0.119, memory: 7996, loss_cls: 0.1846, loss_bbox: 0.0634, loss_kps: 6.1335, loss: 6.3814
2022-07-13 09:48:59,950 - mmdet - INFO - Epoch [3][240/246]	lr: 6.250e-04, eta: 7:06:57, time: 0.931, data_time: 0.083, memory: 7996, loss_cls: 0.1915, loss_bbox: 0.0609, loss_kps: 5.3277, loss: 5.5801
2022-07-13 09:49:47,303 - mmdet - INFO - Epoch [4][10/246]	lr: 6.250e-04, eta: 7:18:26, time: 4.103, data_time: 2.961, memory: 7996, loss_cls: 0.1689, loss_bbox: 0.0619, loss_kps: 4.8865, loss: 5.1173
2022-07-13 09:49:56,976 - mmdet - INFO - Epoch [4][20/246]	lr: 6.250e-04, eta: 7:17:19, time: 0.967, data_time: 0.094, memory: 7996, loss_cls: 0.1734, loss_bbox: 0.0619, loss_kps: 5.0225, loss: 5.2578
2022-07-13 09:50:06,909 - mmdet - INFO - Epoch [4][30/246]	lr: 6.250e-04, eta: 7:16:22, time: 0.993, data_time: 0.132, memory: 7996, loss_cls: 0.1888, loss_bbox: 0.0614, loss_kps: 5.7556, loss: 6.0059
2022-07-13 09:50:16,935 - mmdet - INFO - Epoch [4][40/246]	lr: 6.250e-04, eta: 7:15:28, time: 1.003, data_time: 0.126, memory: 7996, loss_cls: 0.1806, loss_bbox: 0.0626, loss_kps: 6.7429, loss: 6.9862
2022-07-13 09:50:26,970 - mmdet - INFO - Epoch [4][50/246]	lr: 6.250e-04, eta: 7:14:36, time: 1.003, data_time: 0.138, memory: 7996, loss_cls: 0.1760, loss_bbox: 0.0630, loss_kps: 5.5167, loss: 5.7557
2022-07-13 09:50:36,867 - mmdet - INFO - Epoch [4][60/246]	lr: 6.250e-04, eta: 7:13:41, time: 0.990, data_time: 0.116, memory: 7996, loss_cls: 0.1775, loss_bbox: 0.0623, loss_kps: 5.3550, loss: 5.5948
2022-07-13 09:50:46,801 - mmdet - INFO - Epoch [4][70/246]	lr: 6.250e-04, eta: 7:12:48, time: 0.993, data_time: 0.117, memory: 7996, loss_cls: 0.1837, loss_bbox: 0.0636, loss_kps: 4.6815, loss: 4.9288
2022-07-13 09:50:56,776 - mmdet - INFO - Epoch [4][80/246]	lr: 6.250e-04, eta: 7:11:57, time: 0.997, data_time: 0.124, memory: 7996, loss_cls: 0.1725, loss_bbox: 0.0626, loss_kps: 5.0055, loss: 5.2405
2022-07-13 09:51:06,756 - mmdet - INFO - Epoch [4][90/246]	lr: 6.250e-04, eta: 7:11:08, time: 0.998, data_time: 0.137, memory: 7996, loss_cls: 0.1841, loss_bbox: 0.0638, loss_kps: 6.7507, loss: 6.9986
2022-07-13 09:51:16,413 - mmdet - INFO - Epoch [4][100/246]	lr: 6.250e-04, eta: 7:10:10, time: 0.966, data_time: 0.106, memory: 7996, loss_cls: 0.1815, loss_bbox: 0.0630, loss_kps: 5.0735, loss: 5.3179
2022-07-13 09:51:26,359 - mmdet - INFO - Epoch [4][110/246]	lr: 6.250e-04, eta: 7:09:22, time: 0.995, data_time: 0.118, memory: 7996, loss_cls: 0.1864, loss_bbox: 0.0599, loss_kps: 4.7080, loss: 4.9543
2022-07-13 09:51:36,195 - mmdet - INFO - Epoch [4][120/246]	lr: 6.250e-04, eta: 7:08:31, time: 0.984, data_time: 0.115, memory: 7996, loss_cls: 0.1817, loss_bbox: 0.0606, loss_kps: 5.3165, loss: 5.5587
2022-07-13 09:51:46,126 - mmdet - INFO - Epoch [4][130/246]	lr: 6.250e-04, eta: 7:07:44, time: 0.993, data_time: 0.130, memory: 7996, loss_cls: 0.1854, loss_bbox: 0.0618, loss_kps: 5.7981, loss: 6.0453
2022-07-13 09:51:55,918 - mmdet - INFO - Epoch [4][140/246]	lr: 6.250e-04, eta: 7:06:54, time: 0.979, data_time: 0.108, memory: 7996, loss_cls: 0.1785, loss_bbox: 0.0621, loss_kps: 4.5849, loss: 4.8254
2022-07-13 09:52:05,968 - mmdet - INFO - Epoch [4][150/246]	lr: 6.250e-04, eta: 7:06:12, time: 1.005, data_time: 0.130, memory: 7996, loss_cls: 0.1820, loss_bbox: 0.0650, loss_kps: 6.2197, loss: 6.4667
2022-07-13 09:52:16,025 - mmdet - INFO - Epoch [4][160/246]	lr: 6.250e-04, eta: 7:05:30, time: 1.006, data_time: 0.131, memory: 7996, loss_cls: 0.1797, loss_bbox: 0.0622, loss_kps: 4.7011, loss: 4.9429
2022-07-13 09:52:26,080 - mmdet - INFO - Epoch [4][170/246]	lr: 6.250e-04, eta: 7:04:50, time: 1.006, data_time: 0.135, memory: 7996, loss_cls: 0.1843, loss_bbox: 0.0649, loss_kps: 5.8851, loss: 6.1343
2022-07-13 09:52:35,976 - mmdet - INFO - Epoch [4][180/246]	lr: 6.250e-04, eta: 7:04:06, time: 0.990, data_time: 0.115, memory: 7996, loss_cls: 0.1809, loss_bbox: 0.0643, loss_kps: 5.8561, loss: 6.1013
2022-07-13 09:52:45,967 - mmdet - INFO - Epoch [4][190/246]	lr: 6.250e-04, eta: 7:03:24, time: 0.999, data_time: 0.114, memory: 7996, loss_cls: 0.1771, loss_bbox: 0.0638, loss_kps: 5.1879, loss: 5.4288
2022-07-13 09:52:55,834 - mmdet - INFO - Epoch [4][200/246]	lr: 6.250e-04, eta: 7:02:41, time: 0.987, data_time: 0.118, memory: 7996, loss_cls: 0.1711, loss_bbox: 0.0606, loss_kps: 4.8028, loss: 5.0345
2022-07-13 09:53:06,147 - mmdet - INFO - Epoch [4][210/246]	lr: 6.250e-04, eta: 7:02:09, time: 1.031, data_time: 0.154, memory: 7996, loss_cls: 0.1822, loss_bbox: 0.0633, loss_kps: 4.6255, loss: 4.8710
2022-07-13 09:53:16,118 - mmdet - INFO - Epoch [4][220/246]	lr: 6.250e-04, eta: 7:01:29, time: 0.997, data_time: 0.118, memory: 7996, loss_cls: 0.1795, loss_bbox: 0.0623, loss_kps: 4.3155, loss: 4.5573
2022-07-13 09:53:26,039 - mmdet - INFO - Epoch [4][230/246]	lr: 6.250e-04, eta: 7:00:49, time: 0.992, data_time: 0.118, memory: 7996, loss_cls: 0.1779, loss_bbox: 0.0632, loss_kps: 4.9160, loss: 5.1571
2022-07-13 09:53:35,517 - mmdet - INFO - Epoch [4][240/246]	lr: 6.250e-04, eta: 6:59:59, time: 0.948, data_time: 0.108, memory: 7996, loss_cls: 0.1719, loss_bbox: 0.0607, loss_kps: 5.0448, loss: 5.2774
2022-07-13 09:54:22,848 - mmdet - INFO - Epoch [5][10/246]	lr: 6.250e-04, eta: 7:08:30, time: 4.103, data_time: 3.020, memory: 7996, loss_cls: 0.1822, loss_bbox: 0.0608, loss_kps: 6.1039, loss: 6.3469
2022-07-13 09:54:32,603 - mmdet - INFO - Epoch [5][20/246]	lr: 6.250e-04, eta: 7:07:42, time: 0.975, data_time: 0.096, memory: 7996, loss_cls: 0.1889, loss_bbox: 0.0648, loss_kps: 5.3251, loss: 5.5788
2022-07-13 09:54:42,478 - mmdet - INFO - Epoch [5][30/246]	lr: 6.250e-04, eta: 7:06:58, time: 0.988, data_time: 0.120, memory: 7996, loss_cls: 0.1800, loss_bbox: 0.0632, loss_kps: 5.2250, loss: 5.4683
2022-07-13 09:54:52,752 - mmdet - INFO - Epoch [5][40/246]	lr: 6.250e-04, eta: 7:06:23, time: 1.027, data_time: 0.140, memory: 7996, loss_cls: 0.1714, loss_bbox: 0.0607, loss_kps: 4.6487, loss: 4.8808
2022-07-13 09:55:02,852 - mmdet - INFO - Epoch [5][50/246]	lr: 6.250e-04, eta: 7:05:45, time: 1.010, data_time: 0.144, memory: 7996, loss_cls: 0.1863, loss_bbox: 0.0639, loss_kps: 4.6060, loss: 4.8562
2022-07-13 09:55:12,814 - mmdet - INFO - Epoch [5][60/246]	lr: 6.250e-04, eta: 7:05:05, time: 0.996, data_time: 0.119, memory: 7996, loss_cls: 0.1838, loss_bbox: 0.0633, loss_kps: 5.2305, loss: 5.4776
2022-07-13 09:55:22,875 - mmdet - INFO - Epoch [5][70/246]	lr: 6.250e-04, eta: 7:04:27, time: 1.006, data_time: 0.123, memory: 7996, loss_cls: 0.1698, loss_bbox: 0.0636, loss_kps: 4.6128, loss: 4.8462
2022-07-13 09:55:32,935 - mmdet - INFO - Epoch [5][80/246]	lr: 6.250e-04, eta: 7:03:50, time: 1.006, data_time: 0.142, memory: 7996, loss_cls: 0.1872, loss_bbox: 0.0615, loss_kps: 5.3583, loss: 5.6070
2022-07-13 09:55:43,090 - mmdet - INFO - Epoch [5][90/246]	lr: 6.250e-04, eta: 7:03:15, time: 1.015, data_time: 0.138, memory: 7996, loss_cls: 0.1768, loss_bbox: 0.0606, loss_kps: 4.5635, loss: 4.8009
2022-07-13 09:55:52,861 - mmdet - INFO - Epoch [5][100/246]	lr: 6.250e-04, eta: 7:02:33, time: 0.977, data_time: 0.111, memory: 7996, loss_cls: 0.1797, loss_bbox: 0.0586, loss_kps: 4.7587, loss: 4.9970
2022-07-13 09:56:02,604 - mmdet - INFO - Epoch [5][110/246]	lr: 6.250e-04, eta: 7:01:50, time: 0.974, data_time: 0.116, memory: 7996, loss_cls: 0.1771, loss_bbox: 0.0608, loss_kps: 5.2334, loss: 5.4714
2022-07-13 09:56:12,832 - mmdet - INFO - Epoch [5][120/246]	lr: 6.250e-04, eta: 7:01:18, time: 1.023, data_time: 0.128, memory: 7996, loss_cls: 0.1708, loss_bbox: 0.0592, loss_kps: 5.7759, loss: 6.0058
2022-07-13 09:56:22,954 - mmdet - INFO - Epoch [5][130/246]	lr: 6.250e-04, eta: 7:00:45, time: 1.012, data_time: 0.143, memory: 7996, loss_cls: 0.1633, loss_bbox: 0.0617, loss_kps: 5.2584, loss: 5.4834
2022-07-13 09:56:32,873 - mmdet - INFO - Epoch [5][140/246]	lr: 6.250e-04, eta: 7:00:08, time: 0.992, data_time: 0.129, memory: 7996, loss_cls: 0.1840, loss_bbox: 0.0635, loss_kps: 5.8504, loss: 6.0979
2022-07-13 09:56:42,749 - mmdet - INFO - Epoch [5][150/246]	lr: 6.250e-04, eta: 6:59:30, time: 0.988, data_time: 0.115, memory: 7996, loss_cls: 0.1900, loss_bbox: 0.0623, loss_kps: 5.5751, loss: 5.8275
2022-07-13 09:56:52,543 - mmdet - INFO - Epoch [5][160/246]	lr: 6.250e-04, eta: 6:58:51, time: 0.979, data_time: 0.112, memory: 7996, loss_cls: 0.1802, loss_bbox: 0.0621, loss_kps: 5.3643, loss: 5.6066
2022-07-13 09:57:02,400 - mmdet - INFO - Epoch [5][170/246]	lr: 6.250e-04, eta: 6:58:14, time: 0.986, data_time: 0.133, memory: 7996, loss_cls: 0.1830, loss_bbox: 0.0628, loss_kps: 5.5862, loss: 5.8320
2022-07-13 09:57:12,401 - mmdet - INFO - Epoch [5][180/246]	lr: 6.250e-04, eta: 6:57:40, time: 1.000, data_time: 0.117, memory: 7996, loss_cls: 0.1799, loss_bbox: 0.0623, loss_kps: 5.2185, loss: 5.4608
2022-07-13 09:57:22,538 - mmdet - INFO - Epoch [5][190/246]	lr: 6.250e-04, eta: 6:57:10, time: 1.014, data_time: 0.127, memory: 7996, loss_cls: 0.1865, loss_bbox: 0.0632, loss_kps: 6.2508, loss: 6.5005
2022-07-13 09:57:32,472 - mmdet - INFO - Epoch [5][200/246]	lr: 6.250e-04, eta: 6:56:35, time: 0.993, data_time: 0.126, memory: 7996, loss_cls: 0.1777, loss_bbox: 0.0624, loss_kps: 6.1777, loss: 6.4178
2022-07-13 09:57:42,836 - mmdet - INFO - Epoch [5][210/246]	lr: 6.250e-04, eta: 6:56:10, time: 1.036, data_time: 0.164, memory: 7996, loss_cls: 0.1860, loss_bbox: 0.0635, loss_kps: 5.7056, loss: 5.9550
2022-07-13 09:57:52,674 - mmdet - INFO - Epoch [5][220/246]	lr: 6.250e-04, eta: 6:55:34, time: 0.984, data_time: 0.112, memory: 7996, loss_cls: 0.1776, loss_bbox: 0.0646, loss_kps: 5.3746, loss: 5.6169
2022-07-13 09:58:02,562 - mmdet - INFO - Epoch [5][230/246]	lr: 6.250e-04, eta: 6:55:00, time: 0.989, data_time: 0.118, memory: 7996, loss_cls: 0.1759, loss_bbox: 0.0609, loss_kps: 5.7497, loss: 5.9866
2022-07-13 09:58:12,009 - mmdet - INFO - Epoch [5][240/246]	lr: 6.250e-04, eta: 6:54:19, time: 0.945, data_time: 0.103, memory: 7996, loss_cls: 0.1736, loss_bbox: 0.0625, loss_kps: 6.0462, loss: 6.2824
2022-07-13 09:58:18,397 - mmdet - INFO - Saving checkpoint at 5 epochs
2022-07-13 09:58:29,229 - mmdet - INFO - 
+-------+-----+------+--------+-------+
| class | gts | dets | recall | ap    |
+-------+-----+------+--------+-------+
| FG    | 179 | 1554 | 0.983  | 0.980 |
+-------+-----+------+--------+-------+
| mAP   |     |      |        | 0.980 |
+-------+-----+------+--------+-------+
2022-07-13 09:58:29,265 - mmdet - INFO - Exp name: scrfd_cccd_500m_bnkps_custom.py
2022-07-13 09:58:29,265 - mmdet - INFO - Epoch(val) [5][246]	mAP: 0.9798
2022-07-13 09:59:10,715 - mmdet - INFO - Epoch [6][10/246]	lr: 6.250e-04, eta: 7:01:08, time: 4.141, data_time: 2.954, memory: 7996, loss_cls: 0.1753, loss_bbox: 0.0616, loss_kps: 5.6920, loss: 5.9290
2022-07-13 09:59:20,976 - mmdet - INFO - Epoch [6][20/246]	lr: 6.250e-04, eta: 7:00:38, time: 1.026, data_time: 0.155, memory: 7996, loss_cls: 0.1834, loss_bbox: 0.0630, loss_kps: 5.9566, loss: 6.2030
2022-07-13 09:59:30,755 - mmdet - INFO - Epoch [6][30/246]	lr: 6.250e-04, eta: 7:00:00, time: 0.978, data_time: 0.107, memory: 7996, loss_cls: 0.1755, loss_bbox: 0.0647, loss_kps: 4.7885, loss: 5.0287
2022-07-13 09:59:40,548 - mmdet - INFO - Epoch [6][40/246]	lr: 6.250e-04, eta: 6:59:23, time: 0.979, data_time: 0.104, memory: 7996, loss_cls: 0.1886, loss_bbox: 0.0611, loss_kps: 5.2951, loss: 5.5449
2022-07-13 09:59:50,485 - mmdet - INFO - Epoch [6][50/246]	lr: 6.250e-04, eta: 6:58:48, time: 0.994, data_time: 0.129, memory: 7996, loss_cls: 0.1899, loss_bbox: 0.0637, loss_kps: 5.4341, loss: 5.6877
2022-07-13 10:00:00,880 - mmdet - INFO - Epoch [6][60/246]	lr: 6.250e-04, eta: 6:58:22, time: 1.039, data_time: 0.153, memory: 7996, loss_cls: 0.1724, loss_bbox: 0.0637, loss_kps: 5.0228, loss: 5.2589
2022-07-13 10:00:10,498 - mmdet - INFO - Epoch [6][70/246]	lr: 6.250e-04, eta: 6:57:43, time: 0.962, data_time: 0.100, memory: 7996, loss_cls: 0.1783, loss_bbox: 0.0624, loss_kps: 5.9418, loss: 6.1825
2022-07-13 10:00:20,275 - mmdet - INFO - Epoch [6][80/246]	lr: 6.250e-04, eta: 6:57:07, time: 0.978, data_time: 0.109, memory: 7996, loss_cls: 0.1787, loss_bbox: 0.0638, loss_kps: 5.6223, loss: 5.8648
2022-07-13 10:00:30,383 - mmdet - INFO - Epoch [6][90/246]	lr: 6.250e-04, eta: 6:56:37, time: 1.011, data_time: 0.132, memory: 7996, loss_cls: 0.1841, loss_bbox: 0.0645, loss_kps: 5.4781, loss: 5.7266
2022-07-13 10:00:40,516 - mmdet - INFO - Epoch [6][100/246]	lr: 6.250e-04, eta: 6:56:08, time: 1.013, data_time: 0.136, memory: 7996, loss_cls: 0.1811, loss_bbox: 0.0636, loss_kps: 4.8067, loss: 5.0514
2022-07-13 10:00:50,345 - mmdet - INFO - Epoch [6][110/246]	lr: 6.250e-04, eta: 6:55:34, time: 0.983, data_time: 0.107, memory: 7996, loss_cls: 0.1739, loss_bbox: 0.0629, loss_kps: 5.4864, loss: 5.7232
2022-07-13 10:01:00,120 - mmdet - INFO - Epoch [6][120/246]	lr: 6.250e-04, eta: 6:54:59, time: 0.978, data_time: 0.107, memory: 7996, loss_cls: 0.1825, loss_bbox: 0.0604, loss_kps: 5.7613, loss: 6.0042
2022-07-13 10:01:10,724 - mmdet - INFO - Epoch [6][130/246]	lr: 6.250e-04, eta: 6:54:39, time: 1.060, data_time: 0.181, memory: 7996, loss_cls: 0.1834, loss_bbox: 0.0612, loss_kps: 5.2715, loss: 5.5162
2022-07-13 10:01:21,111 - mmdet - INFO - Epoch [6][140/246]	lr: 6.250e-04, eta: 6:54:14, time: 1.039, data_time: 0.179, memory: 7996, loss_cls: 0.1750, loss_bbox: 0.0585, loss_kps: 4.9135, loss: 5.1470
2022-07-13 10:01:31,162 - mmdet - INFO - Epoch [6][150/246]	lr: 6.250e-04, eta: 6:53:45, time: 1.005, data_time: 0.119, memory: 7996, loss_cls: 0.1747, loss_bbox: 0.0627, loss_kps: 4.4775, loss: 4.7149
2022-07-13 10:01:41,062 - mmdet - INFO - Epoch [6][160/246]	lr: 6.250e-04, eta: 6:53:14, time: 0.990, data_time: 0.114, memory: 7996, loss_cls: 0.1781, loss_bbox: 0.0624, loss_kps: 5.1837, loss: 5.4242
2022-07-13 10:01:51,672 - mmdet - INFO - Epoch [6][170/246]	lr: 6.250e-04, eta: 6:52:54, time: 1.061, data_time: 0.177, memory: 7996, loss_cls: 0.1759, loss_bbox: 0.0602, loss_kps: 5.3252, loss: 5.5613
2022-07-13 10:02:01,901 - mmdet - INFO - Epoch [6][180/246]	lr: 6.250e-04, eta: 6:52:28, time: 1.023, data_time: 0.150, memory: 7996, loss_cls: 0.1738, loss_bbox: 0.0626, loss_kps: 5.2557, loss: 5.4920
2022-07-13 10:02:11,799 - mmdet - INFO - Epoch [6][190/246]	lr: 6.250e-04, eta: 6:51:58, time: 0.990, data_time: 0.114, memory: 7996, loss_cls: 0.1887, loss_bbox: 0.0636, loss_kps: 5.2788, loss: 5.5311
2022-07-13 10:02:21,648 - mmdet - INFO - Epoch [6][200/246]	lr: 6.250e-04, eta: 6:51:27, time: 0.985, data_time: 0.114, memory: 7996, loss_cls: 0.1784, loss_bbox: 0.0600, loss_kps: 5.6489, loss: 5.8874
2022-07-13 10:02:32,083 - mmdet - INFO - Epoch [6][210/246]	lr: 6.250e-04, eta: 6:51:05, time: 1.043, data_time: 0.140, memory: 7996, loss_cls: 0.1811, loss_bbox: 0.0643, loss_kps: 4.8372, loss: 5.0826
2022-07-13 10:02:42,441 - mmdet - INFO - Epoch [6][220/246]	lr: 6.250e-04, eta: 6:50:42, time: 1.036, data_time: 0.160, memory: 7996, loss_cls: 0.1789, loss_bbox: 0.0622, loss_kps: 6.1718, loss: 6.4128
2022-07-13 10:02:52,339 - mmdet - INFO - Epoch [6][230/246]	lr: 6.250e-04, eta: 6:50:12, time: 0.990, data_time: 0.113, memory: 7996, loss_cls: 0.1724, loss_bbox: 0.0620, loss_kps: 6.4350, loss: 6.6694
2022-07-13 10:03:01,829 - mmdet - INFO - Epoch [6][240/246]	lr: 6.250e-04, eta: 6:49:37, time: 0.949, data_time: 0.100, memory: 7996, loss_cls: 0.1832, loss_bbox: 0.0643, loss_kps: 4.4302, loss: 4.6777
2022-07-13 10:03:52,009 - mmdet - INFO - Epoch [7][10/246]	lr: 6.250e-04, eta: 6:55:46, time: 4.376, data_time: 3.067, memory: 7996, loss_cls: 0.1805, loss_bbox: 0.0672, loss_kps: 5.4275, loss: 5.6752
2022-07-13 10:04:01,961 - mmdet - INFO - Epoch [7][20/246]	lr: 6.250e-04, eta: 6:55:16, time: 0.995, data_time: 0.120, memory: 7996, loss_cls: 0.1764, loss_bbox: 0.0633, loss_kps: 4.8825, loss: 5.1222
2022-07-13 10:04:11,769 - mmdet - INFO - Epoch [7][30/246]	lr: 6.250e-04, eta: 6:54:43, time: 0.981, data_time: 0.116, memory: 7996, loss_cls: 0.1838, loss_bbox: 0.0649, loss_kps: 5.7917, loss: 6.0405
2022-07-13 10:04:21,901 - mmdet - INFO - Epoch [7][40/246]	lr: 6.250e-04, eta: 6:54:15, time: 1.013, data_time: 0.134, memory: 7996, loss_cls: 0.1810, loss_bbox: 0.0645, loss_kps: 5.4881, loss: 5.7337
2022-07-13 10:04:32,156 - mmdet - INFO - Epoch [7][50/246]	lr: 6.250e-04, eta: 6:53:50, time: 1.025, data_time: 0.146, memory: 7996, loss_cls: 0.1818, loss_bbox: 0.0625, loss_kps: 5.7230, loss: 5.9674
2022-07-13 10:04:42,117 - mmdet - INFO - Epoch [7][60/246]	lr: 6.250e-04, eta: 6:53:20, time: 0.996, data_time: 0.124, memory: 7996, loss_cls: 0.1814, loss_bbox: 0.0616, loss_kps: 5.1979, loss: 5.4408
2022-07-13 10:04:52,193 - mmdet - INFO - Epoch [7][70/246]	lr: 6.250e-04, eta: 6:52:52, time: 1.008, data_time: 0.118, memory: 7996, loss_cls: 0.1758, loss_bbox: 0.0608, loss_kps: 4.6134, loss: 4.8500
2022-07-13 10:05:02,776 - mmdet - INFO - Epoch [7][80/246]	lr: 6.250e-04, eta: 6:52:32, time: 1.058, data_time: 0.125, memory: 7996, loss_cls: 0.1812, loss_bbox: 0.0662, loss_kps: 4.9434, loss: 5.1909
2022-07-13 10:05:13,211 - mmdet - INFO - Epoch [7][90/246]	lr: 6.250e-04, eta: 6:52:10, time: 1.043, data_time: 0.165, memory: 7996, loss_cls: 0.1863, loss_bbox: 0.0629, loss_kps: 5.1833, loss: 5.4325
2022-07-13 10:05:23,288 - mmdet - INFO - Epoch [7][100/246]	lr: 6.250e-04, eta: 6:51:43, time: 1.008, data_time: 0.121, memory: 7996, loss_cls: 0.1829, loss_bbox: 0.0637, loss_kps: 5.4771, loss: 5.7237
2022-07-13 10:05:33,146 - mmdet - INFO - Epoch [7][110/246]	lr: 6.250e-04, eta: 6:51:13, time: 0.986, data_time: 0.113, memory: 7996, loss_cls: 0.1736, loss_bbox: 0.0616, loss_kps: 4.9495, loss: 5.1847
2022-07-13 10:05:43,437 - mmdet - INFO - Epoch [7][120/246]	lr: 6.250e-04, eta: 6:50:49, time: 1.029, data_time: 0.160, memory: 7996, loss_cls: 0.1742, loss_bbox: 0.0604, loss_kps: 5.9609, loss: 6.1954
2022-07-13 10:05:53,796 - mmdet - INFO - Epoch [7][130/246]	lr: 6.250e-04, eta: 6:50:26, time: 1.036, data_time: 0.160, memory: 7996, loss_cls: 0.1845, loss_bbox: 0.0632, loss_kps: 5.2479, loss: 5.4956
2022-07-13 10:06:03,808 - mmdet - INFO - Epoch [7][140/246]	lr: 6.250e-04, eta: 6:49:59, time: 1.001, data_time: 0.117, memory: 7996, loss_cls: 0.1796, loss_bbox: 0.0625, loss_kps: 4.8693, loss: 5.1114
2022-07-13 10:06:13,956 - mmdet - INFO - Epoch [7][150/246]	lr: 6.250e-04, eta: 6:49:34, time: 1.015, data_time: 0.131, memory: 7996, loss_cls: 0.1801, loss_bbox: 0.0611, loss_kps: 6.3152, loss: 6.5564
2022-07-13 10:06:24,101 - mmdet - INFO - Epoch [7][160/246]	lr: 6.250e-04, eta: 6:49:09, time: 1.014, data_time: 0.132, memory: 7996, loss_cls: 0.1718, loss_bbox: 0.0602, loss_kps: 5.4020, loss: 5.6340
2022-07-13 10:06:34,493 - mmdet - INFO - Epoch [7][170/246]	lr: 6.250e-04, eta: 6:48:47, time: 1.039, data_time: 0.146, memory: 7996, loss_cls: 0.1836, loss_bbox: 0.0651, loss_kps: 6.2547, loss: 6.5033
2022-07-13 10:06:44,650 - mmdet - INFO - Epoch [7][180/246]	lr: 6.250e-04, eta: 6:48:23, time: 1.016, data_time: 0.126, memory: 7996, loss_cls: 0.1783, loss_bbox: 0.0620, loss_kps: 4.9558, loss: 5.1962
2022-07-13 10:06:54,662 - mmdet - INFO - Epoch [7][190/246]	lr: 6.250e-04, eta: 6:47:57, time: 1.001, data_time: 0.120, memory: 7996, loss_cls: 0.1825, loss_bbox: 0.0610, loss_kps: 4.7660, loss: 5.0096
2022-07-13 10:07:05,103 - mmdet - INFO - Epoch [7][200/246]	lr: 6.250e-04, eta: 6:47:36, time: 1.044, data_time: 0.168, memory: 7996, loss_cls: 0.1856, loss_bbox: 0.0634, loss_kps: 5.7237, loss: 5.9727
2022-07-13 10:07:15,552 - mmdet - INFO - Epoch [7][210/246]	lr: 6.250e-04, eta: 6:47:16, time: 1.045, data_time: 0.166, memory: 7996, loss_cls: 0.1887, loss_bbox: 0.0630, loss_kps: 5.5160, loss: 5.7677
2022-07-13 10:07:25,594 - mmdet - INFO - Epoch [7][220/246]	lr: 6.250e-04, eta: 6:46:50, time: 1.004, data_time: 0.118, memory: 7996, loss_cls: 0.1741, loss_bbox: 0.0635, loss_kps: 5.4523, loss: 5.6899
2022-07-13 10:07:35,876 - mmdet - INFO - Epoch [7][230/246]	lr: 6.250e-04, eta: 6:46:28, time: 1.028, data_time: 0.149, memory: 7996, loss_cls: 0.1807, loss_bbox: 0.0656, loss_kps: 5.1887, loss: 5.4350
2022-07-13 10:07:45,561 - mmdet - INFO - Epoch [7][240/246]	lr: 6.250e-04, eta: 6:45:59, time: 0.968, data_time: 0.109, memory: 7996, loss_cls: 0.1779, loss_bbox: 0.0598, loss_kps: 5.2929, loss: 5.5305
2022-07-13 10:08:35,141 - mmdet - INFO - Epoch [8][10/246]	lr: 6.250e-04, eta: 6:51:01, time: 4.313, data_time: 3.106, memory: 7996, loss_cls: 0.1758, loss_bbox: 0.0614, loss_kps: 5.4106, loss: 5.6478
2022-07-13 10:08:45,271 - mmdet - INFO - Epoch [8][20/246]	lr: 6.250e-04, eta: 6:50:35, time: 1.013, data_time: 0.131, memory: 7996, loss_cls: 0.1822, loss_bbox: 0.0609, loss_kps: 5.0059, loss: 5.2490
2022-07-13 10:08:55,318 - mmdet - INFO - Epoch [8][30/246]	lr: 6.250e-04, eta: 6:50:09, time: 1.005, data_time: 0.129, memory: 7996, loss_cls: 0.1881, loss_bbox: 0.0651, loss_kps: 5.0445, loss: 5.2977
2022-07-13 10:09:05,070 - mmdet - INFO - Epoch [8][40/246]	lr: 6.250e-04, eta: 6:49:39, time: 0.975, data_time: 0.108, memory: 7996, loss_cls: 0.1783, loss_bbox: 0.0624, loss_kps: 5.0753, loss: 5.3160
2022-07-13 10:09:15,315 - mmdet - INFO - Epoch [8][50/246]	lr: 6.250e-04, eta: 6:49:16, time: 1.025, data_time: 0.161, memory: 7996, loss_cls: 0.1755, loss_bbox: 0.0625, loss_kps: 5.5320, loss: 5.7699
2022-07-13 10:09:25,304 - mmdet - INFO - Epoch [8][60/246]	lr: 6.250e-04, eta: 6:48:49, time: 0.999, data_time: 0.115, memory: 7996, loss_cls: 0.1793, loss_bbox: 0.0629, loss_kps: 5.5728, loss: 5.8151
2022-07-13 10:09:35,502 - mmdet - INFO - Epoch [8][70/246]	lr: 6.250e-04, eta: 6:48:25, time: 1.020, data_time: 0.154, memory: 7996, loss_cls: 0.1779, loss_bbox: 0.0639, loss_kps: 5.2577, loss: 5.4995
2022-07-13 10:09:45,488 - mmdet - INFO - Epoch [8][80/246]	lr: 6.250e-04, eta: 6:47:59, time: 0.999, data_time: 0.114, memory: 7996, loss_cls: 0.1772, loss_bbox: 0.0639, loss_kps: 4.6289, loss: 4.8701
2022-07-13 10:09:55,823 - mmdet - INFO - Epoch [8][90/246]	lr: 6.250e-04, eta: 6:47:37, time: 1.033, data_time: 0.132, memory: 7996, loss_cls: 0.1885, loss_bbox: 0.0609, loss_kps: 6.2538, loss: 6.5031
2022-07-13 10:10:05,808 - mmdet - INFO - Epoch [8][100/246]	lr: 6.250e-04, eta: 6:47:11, time: 0.999, data_time: 0.124, memory: 7996, loss_cls: 0.1779, loss_bbox: 0.0617, loss_kps: 6.5336, loss: 6.7732
2022-07-13 10:10:15,984 - mmdet - INFO - Epoch [8][110/246]	lr: 6.250e-04, eta: 6:46:47, time: 1.018, data_time: 0.141, memory: 7996, loss_cls: 0.1801, loss_bbox: 0.0600, loss_kps: 5.8164, loss: 6.0565
2022-07-13 10:10:25,907 - mmdet - INFO - Epoch [8][120/246]	lr: 6.250e-04, eta: 6:46:21, time: 0.992, data_time: 0.113, memory: 7996, loss_cls: 0.1793, loss_bbox: 0.0604, loss_kps: 4.5407, loss: 4.7805
2022-07-13 10:10:36,020 - mmdet - INFO - Epoch [8][130/246]	lr: 6.250e-04, eta: 6:45:57, time: 1.011, data_time: 0.134, memory: 7996, loss_cls: 0.1755, loss_bbox: 0.0591, loss_kps: 4.4013, loss: 4.6358
2022-07-13 10:10:46,358 - mmdet - INFO - Epoch [8][140/246]	lr: 6.250e-04, eta: 6:45:36, time: 1.034, data_time: 0.130, memory: 7996, loss_cls: 0.1870, loss_bbox: 0.0630, loss_kps: 6.0236, loss: 6.2736
2022-07-13 10:10:56,524 - mmdet - INFO - Epoch [8][150/246]	lr: 6.250e-04, eta: 6:45:13, time: 1.017, data_time: 0.140, memory: 7996, loss_cls: 0.1783, loss_bbox: 0.0584, loss_kps: 5.8634, loss: 6.1002
2022-07-13 10:11:06,302 - mmdet - INFO - Epoch [8][160/246]	lr: 6.250e-04, eta: 6:44:46, time: 0.978, data_time: 0.105, memory: 7996, loss_cls: 0.1857, loss_bbox: 0.0612, loss_kps: 6.0969, loss: 6.3438
2022-07-13 10:11:16,613 - mmdet - INFO - Epoch [8][170/246]	lr: 6.250e-04, eta: 6:44:24, time: 1.031, data_time: 0.131, memory: 7996, loss_cls: 0.1758, loss_bbox: 0.0633, loss_kps: 4.9123, loss: 5.1514
2022-07-13 10:11:26,982 - mmdet - INFO - Epoch [8][180/246]	lr: 6.250e-04, eta: 6:44:04, time: 1.037, data_time: 0.130, memory: 7996, loss_cls: 0.1752, loss_bbox: 0.0609, loss_kps: 5.3056, loss: 5.5418
2022-07-13 10:11:37,077 - mmdet - INFO - Epoch [8][190/246]	lr: 6.250e-04, eta: 6:43:41, time: 1.009, data_time: 0.137, memory: 7996, loss_cls: 0.1906, loss_bbox: 0.0624, loss_kps: 5.0678, loss: 5.3208
2022-07-13 10:11:48,005 - mmdet - INFO - Epoch [8][200/246]	lr: 6.250e-04, eta: 6:43:27, time: 1.093, data_time: 0.113, memory: 7996, loss_cls: 0.1879, loss_bbox: 0.0645, loss_kps: 5.2089, loss: 5.4613
2022-07-13 10:11:58,952 - mmdet - INFO - Epoch [8][210/246]	lr: 6.250e-04, eta: 6:43:14, time: 1.095, data_time: 0.139, memory: 7996, loss_cls: 0.1817, loss_bbox: 0.0654, loss_kps: 5.2844, loss: 5.5315
2022-07-13 10:12:09,025 - mmdet - INFO - Epoch [8][220/246]	lr: 6.250e-04, eta: 6:42:50, time: 1.007, data_time: 0.136, memory: 7996, loss_cls: 0.1826, loss_bbox: 0.0619, loss_kps: 5.3195, loss: 5.5640
2022-07-13 10:12:19,440 - mmdet - INFO - Epoch [8][230/246]	lr: 6.250e-04, eta: 6:42:31, time: 1.041, data_time: 0.134, memory: 7996, loss_cls: 0.1861, loss_bbox: 0.0618, loss_kps: 4.0377, loss: 4.2855
2022-07-13 10:12:28,977 - mmdet - INFO - Epoch [8][240/246]	lr: 6.250e-04, eta: 6:42:02, time: 0.954, data_time: 0.096, memory: 7996, loss_cls: 0.1740, loss_bbox: 0.0605, loss_kps: 6.4581, loss: 6.6926
2022-07-13 10:13:18,999 - mmdet - INFO - Epoch [9][10/246]	lr: 6.250e-04, eta: 6:46:26, time: 4.355, data_time: 3.180, memory: 7996, loss_cls: 0.1769, loss_bbox: 0.0626, loss_kps: 4.9641, loss: 5.2036
2022-07-13 10:13:29,102 - mmdet - INFO - Epoch [9][20/246]	lr: 6.250e-04, eta: 6:46:02, time: 1.010, data_time: 0.112, memory: 7996, loss_cls: 0.1816, loss_bbox: 0.0607, loss_kps: 5.7318, loss: 5.9741
2022-07-13 10:13:39,076 - mmdet - INFO - Epoch [9][30/246]	lr: 6.250e-04, eta: 6:45:36, time: 0.997, data_time: 0.129, memory: 7996, loss_cls: 0.1728, loss_bbox: 0.0637, loss_kps: 6.0631, loss: 6.2996
2022-07-13 10:13:49,054 - mmdet - INFO - Epoch [9][40/246]	lr: 6.250e-04, eta: 6:45:11, time: 0.998, data_time: 0.128, memory: 7996, loss_cls: 0.1793, loss_bbox: 0.0666, loss_kps: 5.6536, loss: 5.8996
2022-07-13 10:13:59,861 - mmdet - INFO - Epoch [9][50/246]	lr: 6.250e-04, eta: 6:44:55, time: 1.081, data_time: 0.196, memory: 7996, loss_cls: 0.1835, loss_bbox: 0.0634, loss_kps: 5.6178, loss: 5.8647
2022-07-13 10:14:10,543 - mmdet - INFO - Epoch [9][60/246]	lr: 6.250e-04, eta: 6:44:38, time: 1.068, data_time: 0.149, memory: 7996, loss_cls: 0.1737, loss_bbox: 0.0614, loss_kps: 4.9917, loss: 5.2268
2022-07-13 10:14:20,566 - mmdet - INFO - Epoch [9][70/246]	lr: 6.250e-04, eta: 6:44:14, time: 1.002, data_time: 0.111, memory: 7996, loss_cls: 0.1760, loss_bbox: 0.0622, loss_kps: 5.7126, loss: 5.9508
2022-07-13 10:14:30,944 - mmdet - INFO - Epoch [9][80/246]	lr: 6.250e-04, eta: 6:43:54, time: 1.038, data_time: 0.136, memory: 7996, loss_cls: 0.1726, loss_bbox: 0.0618, loss_kps: 4.7074, loss: 4.9418
2022-07-13 10:14:41,175 - mmdet - INFO - Epoch [9][90/246]	lr: 6.250e-04, eta: 6:43:32, time: 1.023, data_time: 0.149, memory: 7996, loss_cls: 0.1749, loss_bbox: 0.0596, loss_kps: 5.1992, loss: 5.4336
2022-07-13 10:14:51,097 - mmdet - INFO - Epoch [9][100/246]	lr: 6.250e-04, eta: 6:43:07, time: 0.992, data_time: 0.107, memory: 7996, loss_cls: 0.1778, loss_bbox: 0.0620, loss_kps: 5.4613, loss: 5.7010
2022-07-13 10:15:01,024 - mmdet - INFO - Epoch [9][110/246]	lr: 6.250e-04, eta: 6:42:42, time: 0.993, data_time: 0.124, memory: 7996, loss_cls: 0.1755, loss_bbox: 0.0616, loss_kps: 5.0537, loss: 5.2908
2022-07-13 10:15:11,297 - mmdet - INFO - Epoch [9][120/246]	lr: 6.250e-04, eta: 6:42:21, time: 1.027, data_time: 0.131, memory: 7996, loss_cls: 0.1718, loss_bbox: 0.0623, loss_kps: 6.4164, loss: 6.6505
2022-07-13 10:15:21,811 - mmdet - INFO - Epoch [9][130/246]	lr: 6.250e-04, eta: 6:42:03, time: 1.051, data_time: 0.150, memory: 7996, loss_cls: 0.1769, loss_bbox: 0.0634, loss_kps: 5.0970, loss: 5.3373
2022-07-13 10:15:31,742 - mmdet - INFO - Epoch [9][140/246]	lr: 6.250e-04, eta: 6:41:39, time: 0.993, data_time: 0.116, memory: 7996, loss_cls: 0.1825, loss_bbox: 0.0643, loss_kps: 5.6444, loss: 5.8912
2022-07-13 10:15:41,582 - mmdet - INFO - Epoch [9][150/246]	lr: 6.250e-04, eta: 6:41:14, time: 0.984, data_time: 0.115, memory: 7996, loss_cls: 0.1762, loss_bbox: 0.0615, loss_kps: 5.2619, loss: 5.4996
2022-07-13 10:15:51,963 - mmdet - INFO - Epoch [9][160/246]	lr: 6.250e-04, eta: 6:40:54, time: 1.038, data_time: 0.132, memory: 7996, loss_cls: 0.1818, loss_bbox: 0.0643, loss_kps: 4.9073, loss: 5.1533
2022-07-13 10:16:02,415 - mmdet - INFO - Epoch [9][170/246]	lr: 6.250e-04, eta: 6:40:35, time: 1.045, data_time: 0.160, memory: 7996, loss_cls: 0.1740, loss_bbox: 0.0604, loss_kps: 4.3943, loss: 4.6286
2022-07-13 10:16:12,283 - mmdet - INFO - Epoch [9][180/246]	lr: 6.250e-04, eta: 6:40:11, time: 0.987, data_time: 0.108, memory: 7996, loss_cls: 0.1855, loss_bbox: 0.0634, loss_kps: 5.1560, loss: 5.4048
2022-07-13 10:16:22,255 - mmdet - INFO - Epoch [9][190/246]	lr: 6.250e-04, eta: 6:39:48, time: 0.997, data_time: 0.117, memory: 7996, loss_cls: 0.1751, loss_bbox: 0.0634, loss_kps: 4.9808, loss: 5.2192
2022-07-13 10:16:32,787 - mmdet - INFO - Epoch [9][200/246]	lr: 6.250e-04, eta: 6:39:30, time: 1.053, data_time: 0.130, memory: 7996, loss_cls: 0.1848, loss_bbox: 0.0594, loss_kps: 5.9811, loss: 6.2253
2022-07-13 10:16:43,036 - mmdet - INFO - Epoch [9][210/246]	lr: 6.250e-04, eta: 6:39:10, time: 1.025, data_time: 0.151, memory: 7996, loss_cls: 0.1768, loss_bbox: 0.0601, loss_kps: 5.1356, loss: 5.3725
2022-07-13 10:16:53,255 - mmdet - INFO - Epoch [9][220/246]	lr: 6.250e-04, eta: 6:38:49, time: 1.022, data_time: 0.109, memory: 7996, loss_cls: 0.1869, loss_bbox: 0.0611, loss_kps: 6.1594, loss: 6.4074
2022-07-13 10:17:03,567 - mmdet - INFO - Epoch [9][230/246]	lr: 6.250e-04, eta: 6:38:30, time: 1.031, data_time: 0.160, memory: 7996, loss_cls: 0.1912, loss_bbox: 0.0607, loss_kps: 5.5900, loss: 5.8419
2022-07-13 10:17:13,115 - mmdet - INFO - Epoch [9][240/246]	lr: 6.250e-04, eta: 6:38:03, time: 0.955, data_time: 0.106, memory: 7996, loss_cls: 0.1765, loss_bbox: 0.0642, loss_kps: 5.1707, loss: 5.4115
2022-07-13 10:18:01,742 - mmdet - INFO - Epoch [10][10/246]	lr: 6.250e-04, eta: 6:41:40, time: 4.221, data_time: 3.060, memory: 7996, loss_cls: 0.1855, loss_bbox: 0.0621, loss_kps: 4.8878, loss: 5.1354
2022-07-13 10:18:12,158 - mmdet - INFO - Epoch [10][20/246]	lr: 6.250e-04, eta: 6:41:20, time: 1.042, data_time: 0.152, memory: 7996, loss_cls: 0.1827, loss_bbox: 0.0625, loss_kps: 5.4304, loss: 5.6757
2022-07-13 10:18:22,026 - mmdet - INFO - Epoch [10][30/246]	lr: 6.250e-04, eta: 6:40:56, time: 0.987, data_time: 0.126, memory: 7996, loss_cls: 0.1842, loss_bbox: 0.0631, loss_kps: 5.1636, loss: 5.4109
2022-07-13 10:18:32,064 - mmdet - INFO - Epoch [10][40/246]	lr: 6.250e-04, eta: 6:40:33, time: 1.004, data_time: 0.121, memory: 7996, loss_cls: 0.1802, loss_bbox: 0.0607, loss_kps: 5.9889, loss: 6.2299
2022-07-13 10:18:42,143 - mmdet - INFO - Epoch [10][50/246]	lr: 6.250e-04, eta: 6:40:11, time: 1.008, data_time: 0.137, memory: 7996, loss_cls: 0.2011, loss_bbox: 0.0653, loss_kps: 6.1806, loss: 6.4470
2022-07-13 10:18:52,233 - mmdet - INFO - Epoch [10][60/246]	lr: 6.250e-04, eta: 6:39:48, time: 1.009, data_time: 0.136, memory: 7996, loss_cls: 0.1756, loss_bbox: 0.0617, loss_kps: 5.6548, loss: 5.8920
2022-07-13 10:19:02,246 - mmdet - INFO - Epoch [10][70/246]	lr: 6.250e-04, eta: 6:39:26, time: 1.001, data_time: 0.121, memory: 7996, loss_cls: 0.1762, loss_bbox: 0.0616, loss_kps: 6.1669, loss: 6.4048
2022-07-13 10:19:12,233 - mmdet - INFO - Epoch [10][80/246]	lr: 6.250e-04, eta: 6:39:03, time: 0.999, data_time: 0.122, memory: 7996, loss_cls: 0.1848, loss_bbox: 0.0623, loss_kps: 4.3071, loss: 4.5542
2022-07-13 10:19:22,576 - mmdet - INFO - Epoch [10][90/246]	lr: 6.250e-04, eta: 6:38:43, time: 1.034, data_time: 0.140, memory: 7996, loss_cls: 0.1893, loss_bbox: 0.0613, loss_kps: 5.8990, loss: 6.1496
2022-07-13 10:19:32,626 - mmdet - INFO - Epoch [10][100/246]	lr: 6.250e-04, eta: 6:38:21, time: 1.005, data_time: 0.132, memory: 7996, loss_cls: 0.1816, loss_bbox: 0.0657, loss_kps: 5.4233, loss: 5.6706
2022-07-13 10:19:42,748 - mmdet - INFO - Epoch [10][110/246]	lr: 6.250e-04, eta: 6:38:00, time: 1.012, data_time: 0.117, memory: 7996, loss_cls: 0.1761, loss_bbox: 0.0625, loss_kps: 5.9873, loss: 6.2259
2022-07-13 10:19:52,869 - mmdet - INFO - Epoch [10][120/246]	lr: 6.250e-04, eta: 6:37:39, time: 1.012, data_time: 0.135, memory: 7996, loss_cls: 0.1767, loss_bbox: 0.0637, loss_kps: 6.0631, loss: 6.3035
2022-07-13 10:20:03,238 - mmdet - INFO - Epoch [10][130/246]	lr: 6.250e-04, eta: 6:37:20, time: 1.037, data_time: 0.135, memory: 7996, loss_cls: 0.1781, loss_bbox: 0.0587, loss_kps: 5.3508, loss: 5.5876
2022-07-13 10:20:13,400 - mmdet - INFO - Epoch [10][140/246]	lr: 6.250e-04, eta: 6:36:59, time: 1.016, data_time: 0.137, memory: 7996, loss_cls: 0.1681, loss_bbox: 0.0626, loss_kps: 6.1331, loss: 6.3638
2022-07-13 10:20:23,370 - mmdet - INFO - Epoch [10][150/246]	lr: 6.250e-04, eta: 6:36:37, time: 0.997, data_time: 0.118, memory: 7996, loss_cls: 0.1821, loss_bbox: 0.0624, loss_kps: 4.6374, loss: 4.8818
2022-07-13 10:20:33,405 - mmdet - INFO - Epoch [10][160/246]	lr: 6.250e-04, eta: 6:36:16, time: 1.003, data_time: 0.120, memory: 7996, loss_cls: 0.1764, loss_bbox: 0.0611, loss_kps: 4.5047, loss: 4.7421
2022-07-13 10:20:43,694 - mmdet - INFO - Epoch [10][170/246]	lr: 6.250e-04, eta: 6:35:56, time: 1.029, data_time: 0.136, memory: 7996, loss_cls: 0.1807, loss_bbox: 0.0622, loss_kps: 4.8687, loss: 5.1117
2022-07-13 10:20:54,013 - mmdet - INFO - Epoch [10][180/246]	lr: 6.250e-04, eta: 6:35:37, time: 1.032, data_time: 0.131, memory: 7996, loss_cls: 0.1769, loss_bbox: 0.0619, loss_kps: 5.2529, loss: 5.4916
2022-07-13 10:21:03,959 - mmdet - INFO - Epoch [10][190/246]	lr: 6.250e-04, eta: 6:35:15, time: 0.995, data_time: 0.119, memory: 7996, loss_cls: 0.1784, loss_bbox: 0.0600, loss_kps: 4.9910, loss: 5.2293
2022-07-13 10:21:14,157 - mmdet - INFO - Epoch [10][200/246]	lr: 6.250e-04, eta: 6:34:55, time: 1.020, data_time: 0.148, memory: 7996, loss_cls: 0.1854, loss_bbox: 0.0659, loss_kps: 6.7979, loss: 7.0491
2022-07-13 10:21:24,424 - mmdet - INFO - Epoch [10][210/246]	lr: 6.250e-04, eta: 6:34:36, time: 1.027, data_time: 0.145, memory: 7996, loss_cls: 0.1835, loss_bbox: 0.0658, loss_kps: 5.3062, loss: 5.5555
2022-07-13 10:21:34,734 - mmdet - INFO - Epoch [10][220/246]	lr: 6.250e-04, eta: 6:34:18, time: 1.031, data_time: 0.145, memory: 7996, loss_cls: 0.1814, loss_bbox: 0.0635, loss_kps: 4.9877, loss: 5.2326
2022-07-13 10:21:44,724 - mmdet - INFO - Epoch [10][230/246]	lr: 6.250e-04, eta: 6:33:56, time: 0.999, data_time: 0.124, memory: 7996, loss_cls: 0.1785, loss_bbox: 0.0651, loss_kps: 5.1459, loss: 5.3895
2022-07-13 10:21:54,553 - mmdet - INFO - Epoch [10][240/246]	lr: 6.250e-04, eta: 6:33:34, time: 0.983, data_time: 0.119, memory: 7996, loss_cls: 0.1785, loss_bbox: 0.0619, loss_kps: 4.6919, loss: 4.9323
2022-07-13 10:22:00,950 - mmdet - INFO - Saving checkpoint at 10 epochs
