2022-07-13 10:26:56,956 - mmdet - INFO - Environment info:
------------------------------------------------------------
sys.platform: linux
Python: 3.9.11 (main, Mar 29 2022, 19:08:29) [GCC 7.5.0]
CUDA available: True
GPU 0: Tesla T4
CUDA_HOME: /root/miniconda3/envs/manhdq
NVCC: Cuda compilation tools, release 11.3, V11.3.58
GCC: gcc (Ubuntu 9.4.0-1ubuntu1~20.04.1) 9.4.0
PyTorch: 1.11.0+cu113
PyTorch compiling details: PyTorch built with:
  - GCC 7.3
  - C++ Version: 201402
  - Intel(R) Math Kernel Library Version 2020.0.0 Product Build 20191122 for Intel(R) 64 architecture applications
  - Intel(R) MKL-DNN v2.5.2 (Git Hash a9302535553c73243c632ad3c4c80beec3d19a1e)
  - OpenMP 201511 (a.k.a. OpenMP 4.5)
  - LAPACK is enabled (usually provided by MKL)
  - NNPACK is enabled
  - CPU capability usage: AVX2
  - CUDA Runtime 11.3
  - NVCC architecture flags: -gencode;arch=compute_37,code=sm_37;-gencode;arch=compute_50,code=sm_50;-gencode;arch=compute_60,code=sm_60;-gencode;arch=compute_70,code=sm_70;-gencode;arch=compute_75,code=sm_75;-gencode;arch=compute_80,code=sm_80;-gencode;arch=compute_86,code=sm_86
  - CuDNN 8.2
  - Magma 2.5.2
  - Build settings: BLAS_INFO=mkl, BUILD_TYPE=Release, CUDA_VERSION=11.3, CUDNN_VERSION=8.2.0, CXX_COMPILER=/opt/rh/devtoolset-7/root/usr/bin/c++, CXX_FLAGS= -Wno-deprecated -fvisibility-inlines-hidden -DUSE_PTHREADPOOL -fopenmp -DNDEBUG -DUSE_KINETO -DUSE_FBGEMM -DUSE_QNNPACK -DUSE_PYTORCH_QNNPACK -DUSE_XNNPACK -DSYMBOLICATE_MOBILE_DEBUG_HANDLE -DEDGE_PROFILER_USE_KINETO -O2 -fPIC -Wno-narrowing -Wall -Wextra -Werror=return-type -Wno-missing-field-initializers -Wno-type-limits -Wno-array-bounds -Wno-unknown-pragmas -Wno-sign-compare -Wno-unused-parameter -Wno-unused-function -Wno-unused-result -Wno-unused-local-typedefs -Wno-strict-overflow -Wno-strict-aliasing -Wno-error=deprecated-declarations -Wno-stringop-overflow -Wno-psabi -Wno-error=pedantic -Wno-error=redundant-decls -Wno-error=old-style-cast -fdiagnostics-color=always -faligned-new -Wno-unused-but-set-variable -Wno-maybe-uninitialized -fno-math-errno -fno-trapping-math -Werror=format -Wno-stringop-overflow, LAPACK_INFO=mkl, PERF_WITH_AVX=1, PERF_WITH_AVX2=1, PERF_WITH_AVX512=1, TORCH_VERSION=1.11.0, USE_CUDA=ON, USE_CUDNN=ON, USE_EXCEPTION_PTR=1, USE_GFLAGS=OFF, USE_GLOG=OFF, USE_MKL=ON, USE_MKLDNN=OFF, USE_MPI=OFF, USE_NCCL=ON, USE_NNPACK=ON, USE_OPENMP=ON, USE_ROCM=OFF, 

TorchVision: 0.12.0+cu113
OpenCV: 4.4.0
MMCV: 1.5.3
MMCV Compiler: n/a
MMCV CUDA Compiler: n/a
MMDetection: 2.7.0+
------------------------------------------------------------

2022-07-13 10:26:57,820 - mmdet - INFO - Distributed training: True
2022-07-13 10:26:58,771 - mmdet - INFO - Config:
optimizer = dict(type='Adam', lr=0.000625, weight_decay=0.0005)
optimizer_config = dict(grad_clip=None)
lr_mult = 8
lr_config = dict(
    policy='step',
    warmup='linear',
    warmup_iters=10,
    warmup_ratio=0.001,
    step=[32, 48, 80])
total_epochs = 96
checkpoint_config = dict(interval=5)
log_config = dict(interval=10, hooks=[dict(type='TextLoggerHook')])
dist_params = dict(backend='nccl')
log_level = 'INFO'
load_from = '/home/manhdq/ID_Card_Information_Extraction/keypoint_detection/scrfd/work_dirs/scrfd_cccd_500m_bnkps_poisson_color_dummy/epoch_35.pth'
resume_from = None
workflow = [('train', 1)]
dataset_type = 'RetinaFaceDataset'
data_root = '/home/manhdq/ID_Card_Information_Extraction/datasets/cccd'
train_root = [
    '/home/manhdq/ID_Card_Information_Extraction/datasets/cccd/valid_cccd_clean_v2',
    '/home/manhdq/ID_Card_Information_Extraction/datasets/cccd/poisson_v1'
]
val_root = '/home/manhdq/ID_Card_Information_Extraction/datasets/cccd/valid_cccd_clean'
img_norm_cfg = dict(
    mean=[127.5, 127.5, 127.5], std=[128.0, 128.0, 128.0], to_rgb=True)
albu_train_transforms = [
    dict(
        type='OneOf',
        transforms=[
            dict(
                type='Affine',
                scale=None,
                rotate=(-90, 90),
                shear=None,
                interpolation=0,
                fit_output=True)
        ],
        p=0.6),
    dict(
        type='OneOf',
        transforms=[
            dict(type='MotionBlur'),
            dict(type='GaussianBlur', blur_limit=3)
        ],
        p=0.2),
    dict(type='ToGray', p=0.2)
]
train_pipeline = [
    dict(type='LoadImageFromFile', to_float32=True),
    dict(type='LoadAnnotations', with_bbox=True, with_keypoints=True),
    dict(
        type='RandomSquareCrop',
        crop_choice=[0.3, 0.45, 0.6, 0.8, 1.0, 1.2, 1.4, 1.6, 1.8, 2.0]),
    dict(type='Resize', img_scale=(640, 640), keep_ratio=False),
    dict(
        type='RandomFlip',
        flip_ratio=0.5,
        direction=['horizontal', 'vertical', 'diagonal']),
    dict(
        type='PhotoMetricDistortion',
        brightness_delta=32,
        contrast_range=(0.5, 1.5),
        saturation_range=(0.5, 1.5),
        hue_delta=18),
    dict(
        type='Normalize',
        mean=[127.5, 127.5, 127.5],
        std=[128.0, 128.0, 128.0],
        to_rgb=True),
    dict(type='DefaultFormatBundle'),
    dict(
        type='Collect',
        keys=[
            'img', 'gt_bboxes', 'gt_labels', 'gt_bboxes_ignore',
            'gt_keypointss'
        ])
]
test_pipeline = [
    dict(type='LoadImageFromFile'),
    dict(
        type='MultiScaleFlipAug',
        img_scale=(640, 640),
        flip=False,
        transforms=[
            dict(type='Resize', keep_ratio=True),
            dict(type='RandomFlip', flip_ratio=0.0),
            dict(
                type='Normalize',
                mean=[127.5, 127.5, 127.5],
                std=[128.0, 128.0, 128.0],
                to_rgb=True),
            dict(type='Pad', size=(640, 640), pad_val=0),
            dict(type='ImageToTensor', keys=['img']),
            dict(type='Collect', keys=['img'])
        ])
]
data = dict(
    samples_per_gpu=64,
    workers_per_gpu=8,
    train=dict(
        type='RetinaFaceDataset',
        ann_file=[
            '/home/manhdq/ID_Card_Information_Extraction/datasets/cccd/valid_cccd_clean_v2/annotations.txt',
            '/home/manhdq/ID_Card_Information_Extraction/datasets/cccd/poisson_v1/annotations.txt'
        ],
        img_prefix=[
            '/home/manhdq/ID_Card_Information_Extraction/datasets/cccd/valid_cccd_clean_v2/images',
            '/home/manhdq/ID_Card_Information_Extraction/datasets/cccd/poisson_v1/images'
        ],
        pipeline=[
            dict(type='LoadImageFromFile', to_float32=True),
            dict(type='LoadAnnotations', with_bbox=True, with_keypoints=True),
            dict(
                type='RandomSquareCrop',
                crop_choice=[
                    0.3, 0.45, 0.6, 0.8, 1.0, 1.2, 1.4, 1.6, 1.8, 2.0
                ]),
            dict(type='Resize', img_scale=(640, 640), keep_ratio=False),
            dict(
                type='RandomFlip',
                flip_ratio=0.5,
                direction=['horizontal', 'vertical', 'diagonal']),
            dict(
                type='PhotoMetricDistortion',
                brightness_delta=32,
                contrast_range=(0.5, 1.5),
                saturation_range=(0.5, 1.5),
                hue_delta=18),
            dict(
                type='Normalize',
                mean=[127.5, 127.5, 127.5],
                std=[128.0, 128.0, 128.0],
                to_rgb=True),
            dict(type='DefaultFormatBundle'),
            dict(
                type='Collect',
                keys=[
                    'img', 'gt_bboxes', 'gt_labels', 'gt_bboxes_ignore',
                    'gt_keypointss'
                ])
        ]),
    val=dict(
        type='RetinaFaceDataset',
        ann_file=
        '/home/manhdq/ID_Card_Information_Extraction/datasets/cccd/valid_cccd_clean/annotations.txt',
        img_prefix=
        '/home/manhdq/ID_Card_Information_Extraction/datasets/cccd/valid_cccd_clean/images',
        pipeline=[
            dict(type='LoadImageFromFile'),
            dict(type='LoadAnnotations', with_bbox=True, with_keypoints=True),
            dict(
                type='MultiScaleFlipAug',
                img_scale=(640, 640),
                flip=False,
                transforms=[
                    dict(type='Resize', keep_ratio=True),
                    dict(type='RandomFlip', flip_ratio=0.0),
                    dict(
                        type='Normalize',
                        mean=[127.5, 127.5, 127.5],
                        std=[128.0, 128.0, 128.0],
                        to_rgb=True),
                    dict(type='Pad', size=(640, 640), pad_val=0),
                    dict(type='ImageToTensor', keys=['img']),
                    dict(type='Collect', keys=['img'])
                ])
        ]),
    infer=dict(
        type='RetinaFaceDataset',
        ann_file=
        '/home/manhdq/ID_Card_Information_Extraction/datasets/cccd/valid_cccd_clean/annotations.txt',
        img_prefix=
        '/home/manhdq/ID_Card_Information_Extraction/datasets/cccd/valid_cccd_clean/images',
        pipeline=[
            dict(type='LoadImageFromFile'),
            dict(type='LoadAnnotations', with_bbox=True, with_keypoints=True),
            dict(
                type='MultiScaleFlipAug',
                img_scale=(640, 640),
                flip=False,
                transforms=[
                    dict(type='Resize', keep_ratio=True),
                    dict(type='RandomFlip', flip_ratio=0.0),
                    dict(
                        type='Normalize',
                        mean=[127.5, 127.5, 127.5],
                        std=[128.0, 128.0, 128.0],
                        to_rgb=True),
                    dict(type='Pad', size=(640, 640), pad_val=0),
                    dict(type='ImageToTensor', keys=['img']),
                    dict(
                        type='Collect',
                        keys=[
                            'img', 'gt_bboxes', 'gt_labels',
                            'gt_bboxes_ignore', 'gt_keypointss'
                        ])
                ])
        ]),
    test=dict(
        type='RetinaFaceDataset',
        ann_file=
        '/home/manhdq/ID_Card_Information_Extraction/datasets/cccd/valid_cccd_clean/annotations.txt',
        img_prefix=
        '/home/manhdq/ID_Card_Information_Extraction/datasets/cccd/valid_cccd_clean/images',
        pipeline=[
            dict(type='LoadImageFromFile'),
            dict(
                type='MultiScaleFlipAug',
                img_scale=(640, 640),
                flip=False,
                transforms=[
                    dict(type='Resize', keep_ratio=True),
                    dict(type='RandomFlip', flip_ratio=0.0),
                    dict(
                        type='Normalize',
                        mean=[127.5, 127.5, 127.5],
                        std=[128.0, 128.0, 128.0],
                        to_rgb=True),
                    dict(type='Pad', size=(640, 640), pad_val=0),
                    dict(type='ImageToTensor', keys=['img']),
                    dict(type='Collect', keys=['img'])
                ])
        ]))
model = dict(
    type='SCRFD',
    backbone=dict(
        type='MobileNetV1',
        block_cfg=dict(
            stage_blocks=(2, 3, 2, 6), stage_planes=[16, 16, 40, 72, 152,
                                                     288])),
    neck=dict(
        type='PAFPN',
        in_channels=[40, 72, 152, 288],
        out_channels=16,
        start_level=1,
        add_extra_convs='on_output',
        num_outs=3),
    bbox_head=dict(
        type='SCRFDHead',
        num_classes=1,
        in_channels=16,
        stacked_convs=2,
        feat_channels=64,
        norm_cfg=dict(type='BN', requires_grad=True),
        cls_reg_share=True,
        strides_share=False,
        dw_conv=True,
        scale_mode=0,
        anchor_generator=dict(
            type='AnchorGenerator',
            ratios=[1.0],
            scales=[1, 2],
            base_sizes=[16, 64, 256],
            strides=[8, 16, 32]),
        loss_cls=dict(
            type='QualityFocalLoss',
            use_sigmoid=True,
            beta=2.0,
            loss_weight=1.0),
        loss_dfl=False,
        reg_max=8,
        loss_bbox=dict(type='DIoULoss', loss_weight=1.0),
        use_kps=True,
        loss_kps=dict(
            type='SmoothL1Loss', beta=0.1111111111111111, loss_weight=1.5),
        train_cfg=dict(
            assigner=dict(type='ATSSAssigner', topk=9),
            allowed_border=-1,
            pos_weight=-1,
            debug=False),
        test_cfg=dict(
            nms_pre=-1,
            min_bbox_size=0,
            score_thr=0.02,
            nms=dict(type='nms', iou_threshold=0.45),
            max_per_img=-1)))
train_cfg = dict(
    assigner=dict(type='ATSSAssigner', topk=9),
    allowed_border=-1,
    pos_weight=-1,
    debug=False)
val_cfg = dict(
    nms_pre=-1,
    min_bbox_size=0,
    score_thr=0.02,
    nms=dict(type='nms', iou_threshold=0.45),
    max_per_img=-1)
test_cfg = dict(
    nms_pre=-1,
    min_bbox_size=0,
    score_thr=0.02,
    nms=dict(type='nms', iou_threshold=0.45),
    max_per_img=-1)
epoch_multi = 1
evaluation = dict(interval=5, metric='mAP')
work_dir = './work_dirs/scrfd_cccd_500m_bnkps_custom'
gpu_ids = range(0, 1)

2022-07-13 10:27:02,698 - mmdet - INFO - load checkpoint from local path: /home/manhdq/ID_Card_Information_Extraction/keypoint_detection/scrfd/work_dirs/scrfd_cccd_500m_bnkps_poisson_color_dummy/epoch_35.pth
2022-07-13 10:27:02,836 - mmdet - INFO - Start running, host: root@ATMA-Ubuntu20-ARP-v3, work_dir: /home/manhdq/ID_Card_Information_Extraction/keypoint_detection/scrfd/work_dirs/scrfd_cccd_500m_bnkps_custom
2022-07-13 10:27:02,837 - mmdet - INFO - Hooks will be executed in the following order:
before_run:
(VERY_HIGH   ) StepLrUpdaterHook                  
(NORMAL      ) CheckpointHook                     
(NORMAL      ) DistEvalHook                       
(VERY_LOW    ) TextLoggerHook                     
 -------------------- 
before_train_epoch:
(VERY_HIGH   ) StepLrUpdaterHook                  
(NORMAL      ) DistSamplerSeedHook                
(NORMAL      ) DistEvalHook                       
(LOW         ) IterTimerHook                      
(VERY_LOW    ) TextLoggerHook                     
 -------------------- 
before_train_iter:
(VERY_HIGH   ) StepLrUpdaterHook                  
(LOW         ) IterTimerHook                      
 -------------------- 
after_train_iter:
(ABOVE_NORMAL) OptimizerHook                      
(NORMAL      ) CheckpointHook                     
(LOW         ) IterTimerHook                      
(VERY_LOW    ) TextLoggerHook                     
 -------------------- 
after_train_epoch:
(NORMAL      ) CheckpointHook                     
(NORMAL      ) DistEvalHook                       
(VERY_LOW    ) TextLoggerHook                     
 -------------------- 
before_val_epoch:
(NORMAL      ) DistSamplerSeedHook                
(LOW         ) IterTimerHook                      
(VERY_LOW    ) TextLoggerHook                     
 -------------------- 
before_val_iter:
(LOW         ) IterTimerHook                      
 -------------------- 
after_val_iter:
(LOW         ) IterTimerHook                      
 -------------------- 
after_val_epoch:
(VERY_LOW    ) TextLoggerHook                     
 -------------------- 
after_run:
(VERY_LOW    ) TextLoggerHook                     
 -------------------- 
2022-07-13 10:27:02,837 - mmdet - INFO - workflow: [('train', 1)], max: 96 epochs
2022-07-13 10:27:02,837 - mmdet - INFO - Checkpoints will be saved to /home/manhdq/ID_Card_Information_Extraction/keypoint_detection/scrfd/work_dirs/scrfd_cccd_500m_bnkps_custom by HardDiskBackend.
2022-07-13 10:27:47,523 - mmdet - INFO - Epoch [1][10/246]	lr: 5.626e-04, eta: 1 day, 5:18:01, time: 4.468, data_time: 3.224, memory: 7996, loss_cls: 0.1784, loss_bbox: 0.0614, loss_kps: 4.4171, loss: 4.6569
2022-07-13 10:28:00,214 - mmdet - INFO - Epoch [1][20/246]	lr: 6.250e-04, eta: 18:48:11, time: 1.269, data_time: 0.153, memory: 7996, loss_cls: 0.1711, loss_bbox: 0.0630, loss_kps: 5.2759, loss: 5.5100
2022-07-13 10:28:10,925 - mmdet - INFO - Epoch [1][30/246]	lr: 6.250e-04, eta: 14:52:09, time: 1.071, data_time: 0.114, memory: 7996, loss_cls: 0.1802, loss_bbox: 0.0610, loss_kps: 4.8617, loss: 5.1029
2022-07-13 10:28:21,124 - mmdet - INFO - Epoch [1][40/246]	lr: 6.250e-04, eta: 12:49:00, time: 1.020, data_time: 0.125, memory: 7996, loss_cls: 0.1706, loss_bbox: 0.0617, loss_kps: 5.1235, loss: 5.3557
2022-07-13 10:28:31,493 - mmdet - INFO - Epoch [1][50/246]	lr: 6.250e-04, eta: 11:36:24, time: 1.037, data_time: 0.147, memory: 7996, loss_cls: 0.1709, loss_bbox: 0.0610, loss_kps: 5.1174, loss: 5.3493
2022-07-13 10:28:41,735 - mmdet - INFO - Epoch [1][60/246]	lr: 6.250e-04, eta: 10:47:06, time: 1.024, data_time: 0.146, memory: 7996, loss_cls: 0.1768, loss_bbox: 0.0593, loss_kps: 5.6333, loss: 5.8694
2022-07-13 10:28:51,623 - mmdet - INFO - Epoch [1][70/246]	lr: 6.250e-04, eta: 10:09:51, time: 0.989, data_time: 0.121, memory: 7996, loss_cls: 0.1764, loss_bbox: 0.0626, loss_kps: 5.2833, loss: 5.5224
2022-07-13 10:29:01,493 - mmdet - INFO - Epoch [1][80/246]	lr: 6.250e-04, eta: 9:41:47, time: 0.987, data_time: 0.118, memory: 7996, loss_cls: 0.1736, loss_bbox: 0.0626, loss_kps: 4.6290, loss: 4.8652
2022-07-13 10:29:12,039 - mmdet - INFO - Epoch [1][90/246]	lr: 6.250e-04, eta: 9:22:52, time: 1.055, data_time: 0.145, memory: 7996, loss_cls: 0.1892, loss_bbox: 0.0637, loss_kps: 4.4572, loss: 4.7100
2022-07-13 10:29:22,237 - mmdet - INFO - Epoch [1][100/246]	lr: 6.250e-04, eta: 9:06:20, time: 1.020, data_time: 0.153, memory: 7996, loss_cls: 0.1798, loss_bbox: 0.0614, loss_kps: 5.3010, loss: 5.5422
2022-07-13 10:29:32,123 - mmdet - INFO - Epoch [1][110/246]	lr: 6.250e-04, eta: 8:51:40, time: 0.989, data_time: 0.110, memory: 7996, loss_cls: 0.1799, loss_bbox: 0.0606, loss_kps: 5.0886, loss: 5.3291
2022-07-13 10:29:42,343 - mmdet - INFO - Epoch [1][120/246]	lr: 6.250e-04, eta: 8:40:30, time: 1.022, data_time: 0.115, memory: 7996, loss_cls: 0.1930, loss_bbox: 0.0619, loss_kps: 5.1424, loss: 5.3973
2022-07-13 10:29:52,628 - mmdet - INFO - Epoch [1][130/246]	lr: 6.250e-04, eta: 8:31:14, time: 1.028, data_time: 0.144, memory: 7996, loss_cls: 0.1864, loss_bbox: 0.0630, loss_kps: 6.3806, loss: 6.6300
2022-07-13 10:30:02,848 - mmdet - INFO - Epoch [1][140/246]	lr: 6.250e-04, eta: 8:23:04, time: 1.022, data_time: 0.147, memory: 7996, loss_cls: 0.1868, loss_bbox: 0.0627, loss_kps: 5.0042, loss: 5.2537
2022-07-13 10:30:12,957 - mmdet - INFO - Epoch [1][150/246]	lr: 6.250e-04, eta: 8:15:41, time: 1.011, data_time: 0.139, memory: 7996, loss_cls: 0.1789, loss_bbox: 0.0617, loss_kps: 6.0922, loss: 6.3329
2022-07-13 10:30:23,128 - mmdet - INFO - Epoch [1][160/246]	lr: 6.250e-04, eta: 8:09:22, time: 1.017, data_time: 0.127, memory: 7996, loss_cls: 0.1842, loss_bbox: 0.0636, loss_kps: 6.4315, loss: 6.6792
2022-07-13 10:30:33,453 - mmdet - INFO - Epoch [1][170/246]	lr: 6.250e-04, eta: 8:04:07, time: 1.032, data_time: 0.140, memory: 7996, loss_cls: 0.1748, loss_bbox: 0.0629, loss_kps: 5.0139, loss: 5.2515
2022-07-13 10:30:43,779 - mmdet - INFO - Epoch [1][180/246]	lr: 6.250e-04, eta: 7:59:26, time: 1.033, data_time: 0.143, memory: 7996, loss_cls: 0.1738, loss_bbox: 0.0617, loss_kps: 4.7142, loss: 4.9497
2022-07-13 10:30:53,779 - mmdet - INFO - Epoch [1][190/246]	lr: 6.250e-04, eta: 7:54:33, time: 1.000, data_time: 0.120, memory: 7996, loss_cls: 0.1792, loss_bbox: 0.0616, loss_kps: 4.5178, loss: 4.7586
2022-07-13 10:31:03,917 - mmdet - INFO - Epoch [1][200/246]	lr: 6.250e-04, eta: 7:50:24, time: 1.014, data_time: 0.126, memory: 7996, loss_cls: 0.1713, loss_bbox: 0.0601, loss_kps: 5.1431, loss: 5.3745
2022-07-13 10:31:13,961 - mmdet - INFO - Epoch [1][210/246]	lr: 6.250e-04, eta: 7:46:29, time: 1.005, data_time: 0.130, memory: 7996, loss_cls: 0.1737, loss_bbox: 0.0571, loss_kps: 4.3908, loss: 4.6216
2022-07-13 10:31:24,376 - mmdet - INFO - Epoch [1][220/246]	lr: 6.250e-04, eta: 7:43:33, time: 1.042, data_time: 0.160, memory: 7996, loss_cls: 0.1750, loss_bbox: 0.0628, loss_kps: 5.6097, loss: 5.8475
2022-07-13 10:31:34,457 - mmdet - INFO - Epoch [1][230/246]	lr: 6.250e-04, eta: 7:40:17, time: 1.008, data_time: 0.109, memory: 7996, loss_cls: 0.1792, loss_bbox: 0.0641, loss_kps: 6.0776, loss: 6.3209
2022-07-13 10:31:44,123 - mmdet - INFO - Epoch [1][240/246]	lr: 6.250e-04, eta: 7:36:36, time: 0.967, data_time: 0.109, memory: 7996, loss_cls: 0.1847, loss_bbox: 0.0599, loss_kps: 5.3198, loss: 5.5644
2022-07-13 10:32:34,059 - mmdet - INFO - Epoch [2][10/246]	lr: 6.250e-04, eta: 8:13:46, time: 4.340, data_time: 3.126, memory: 7996, loss_cls: 0.1741, loss_bbox: 0.0601, loss_kps: 5.0836, loss: 5.3178
2022-07-13 10:32:45,500 - mmdet - INFO - Epoch [2][20/246]	lr: 6.250e-04, eta: 8:11:45, time: 1.144, data_time: 0.154, memory: 7996, loss_cls: 0.1819, loss_bbox: 0.0631, loss_kps: 5.1260, loss: 5.3711
2022-07-13 10:32:55,380 - mmdet - INFO - Epoch [2][30/246]	lr: 6.250e-04, eta: 8:07:39, time: 0.988, data_time: 0.121, memory: 7996, loss_cls: 0.1741, loss_bbox: 0.0631, loss_kps: 5.5565, loss: 5.7937
2022-07-13 10:33:05,219 - mmdet - INFO - Epoch [2][40/246]	lr: 6.250e-04, eta: 8:03:46, time: 0.984, data_time: 0.101, memory: 7996, loss_cls: 0.1774, loss_bbox: 0.0658, loss_kps: 5.2080, loss: 5.4512
2022-07-13 10:33:15,566 - mmdet - INFO - Epoch [2][50/246]	lr: 6.250e-04, eta: 8:00:49, time: 1.035, data_time: 0.160, memory: 7996, loss_cls: 0.1859, loss_bbox: 0.0692, loss_kps: 5.9935, loss: 6.2486
2022-07-13 10:33:26,144 - mmdet - INFO - Epoch [2][60/246]	lr: 6.250e-04, eta: 7:58:20, time: 1.058, data_time: 0.189, memory: 7996, loss_cls: 0.1741, loss_bbox: 0.0672, loss_kps: 5.3912, loss: 5.6324
2022-07-13 10:33:36,164 - mmdet - INFO - Epoch [2][70/246]	lr: 6.250e-04, eta: 7:55:19, time: 1.002, data_time: 0.107, memory: 7996, loss_cls: 0.1775, loss_bbox: 0.0617, loss_kps: 5.2697, loss: 5.5089
2022-07-13 10:33:46,191 - mmdet - INFO - Epoch [2][80/246]	lr: 6.250e-04, eta: 7:52:28, time: 1.003, data_time: 0.125, memory: 7996, loss_cls: 0.1767, loss_bbox: 0.0626, loss_kps: 5.2779, loss: 5.5172
2022-07-13 10:33:56,667 - mmdet - INFO - Epoch [2][90/246]	lr: 6.250e-04, eta: 7:50:19, time: 1.048, data_time: 0.150, memory: 7996, loss_cls: 0.1773, loss_bbox: 0.0627, loss_kps: 5.7126, loss: 5.9526
2022-07-13 10:34:08,893 - mmdet - INFO - Epoch [2][100/246]	lr: 6.250e-04, eta: 7:50:13, time: 1.223, data_time: 0.188, memory: 7996, loss_cls: 0.1805, loss_bbox: 0.0638, loss_kps: 5.7064, loss: 5.9506
2022-07-13 10:34:20,146 - mmdet - INFO - Epoch [2][110/246]	lr: 6.250e-04, eta: 7:49:04, time: 1.125, data_time: 0.113, memory: 7996, loss_cls: 0.1855, loss_bbox: 0.0638, loss_kps: 4.8053, loss: 5.0546
2022-07-13 10:34:31,268 - mmdet - INFO - Epoch [2][120/246]	lr: 6.250e-04, eta: 7:47:50, time: 1.112, data_time: 0.105, memory: 7996, loss_cls: 0.1814, loss_bbox: 0.0665, loss_kps: 6.4263, loss: 6.6742
2022-07-13 10:34:42,341 - mmdet - INFO - Epoch [2][130/246]	lr: 6.250e-04, eta: 7:46:36, time: 1.107, data_time: 0.196, memory: 7996, loss_cls: 0.1701, loss_bbox: 0.0626, loss_kps: 6.0411, loss: 6.2737
2022-07-13 10:34:52,379 - mmdet - INFO - Epoch [2][140/246]	lr: 6.250e-04, eta: 7:44:23, time: 1.004, data_time: 0.133, memory: 7996, loss_cls: 0.1737, loss_bbox: 0.0611, loss_kps: 5.3920, loss: 5.6268
2022-07-13 10:35:02,410 - mmdet - INFO - Epoch [2][150/246]	lr: 6.250e-04, eta: 7:42:16, time: 1.003, data_time: 0.115, memory: 7996, loss_cls: 0.1747, loss_bbox: 0.0617, loss_kps: 5.8848, loss: 6.1212
2022-07-13 10:35:13,251 - mmdet - INFO - Epoch [2][160/246]	lr: 6.250e-04, eta: 7:41:01, time: 1.084, data_time: 0.116, memory: 7996, loss_cls: 0.1817, loss_bbox: 0.0644, loss_kps: 6.0992, loss: 6.3453
2022-07-13 10:35:25,890 - mmdet - INFO - Epoch [2][170/246]	lr: 6.250e-04, eta: 7:41:29, time: 1.264, data_time: 0.199, memory: 7996, loss_cls: 0.1822, loss_bbox: 0.0643, loss_kps: 5.7324, loss: 5.9790
2022-07-13 10:35:37,086 - mmdet - INFO - Epoch [2][180/246]	lr: 6.250e-04, eta: 7:40:37, time: 1.120, data_time: 0.171, memory: 7996, loss_cls: 0.1822, loss_bbox: 0.0616, loss_kps: 6.4180, loss: 6.6618
2022-07-13 10:35:47,344 - mmdet - INFO - Epoch [2][190/246]	lr: 6.250e-04, eta: 7:38:57, time: 1.026, data_time: 0.121, memory: 7996, loss_cls: 0.1871, loss_bbox: 0.0628, loss_kps: 5.3862, loss: 5.6361
2022-07-13 10:35:57,351 - mmdet - INFO - Epoch [2][200/246]	lr: 6.250e-04, eta: 7:37:08, time: 1.001, data_time: 0.119, memory: 7996, loss_cls: 0.1740, loss_bbox: 0.0616, loss_kps: 4.5854, loss: 4.8210
2022-07-13 10:36:07,558 - mmdet - INFO - Epoch [2][210/246]	lr: 6.250e-04, eta: 7:35:33, time: 1.021, data_time: 0.142, memory: 7996, loss_cls: 0.1776, loss_bbox: 0.0616, loss_kps: 5.0306, loss: 5.2698
2022-07-13 10:36:17,638 - mmdet - INFO - Epoch [2][220/246]	lr: 6.250e-04, eta: 7:33:56, time: 1.008, data_time: 0.136, memory: 7996, loss_cls: 0.1743, loss_bbox: 0.0600, loss_kps: 6.1885, loss: 6.4229
2022-07-13 10:36:27,738 - mmdet - INFO - Epoch [2][230/246]	lr: 6.250e-04, eta: 7:32:23, time: 1.010, data_time: 0.125, memory: 7996, loss_cls: 0.1851, loss_bbox: 0.0625, loss_kps: 5.5022, loss: 5.7498
2022-07-13 10:36:37,284 - mmdet - INFO - Epoch [2][240/246]	lr: 6.250e-04, eta: 7:30:27, time: 0.955, data_time: 0.097, memory: 7996, loss_cls: 0.1815, loss_bbox: 0.0635, loss_kps: 6.1600, loss: 6.4050
2022-07-13 10:37:29,304 - mmdet - INFO - Epoch [3][10/246]	lr: 6.250e-04, eta: 7:50:43, time: 4.551, data_time: 3.154, memory: 7996, loss_cls: 0.1811, loss_bbox: 0.0627, loss_kps: 5.6367, loss: 5.8806
2022-07-13 10:37:40,644 - mmdet - INFO - Epoch [3][20/246]	lr: 6.250e-04, eta: 7:49:51, time: 1.134, data_time: 0.136, memory: 7996, loss_cls: 0.1696, loss_bbox: 0.0644, loss_kps: 4.8913, loss: 5.1253
2022-07-13 10:37:51,984 - mmdet - INFO - Epoch [3][30/246]	lr: 6.250e-04, eta: 7:49:01, time: 1.134, data_time: 0.140, memory: 7996, loss_cls: 0.1797, loss_bbox: 0.0673, loss_kps: 5.5529, loss: 5.7998
2022-07-13 10:38:05,489 - mmdet - INFO - Epoch [3][40/246]	lr: 6.250e-04, eta: 7:49:46, time: 1.350, data_time: 0.127, memory: 7996, loss_cls: 0.1742, loss_bbox: 0.0657, loss_kps: 5.6985, loss: 5.9384
2022-07-13 10:38:17,711 - mmdet - INFO - Epoch [3][50/246]	lr: 6.250e-04, eta: 7:49:34, time: 1.222, data_time: 0.247, memory: 7996, loss_cls: 0.1863, loss_bbox: 0.0649, loss_kps: 6.1912, loss: 6.4423
2022-07-13 10:38:27,448 - mmdet - INFO - Epoch [3][60/246]	lr: 6.250e-04, eta: 7:47:39, time: 0.974, data_time: 0.106, memory: 7996, loss_cls: 0.1717, loss_bbox: 0.0622, loss_kps: 5.7443, loss: 5.9782
2022-07-13 10:38:37,777 - mmdet - INFO - Epoch [3][70/246]	lr: 6.250e-04, eta: 7:46:11, time: 1.033, data_time: 0.154, memory: 7996, loss_cls: 0.1927, loss_bbox: 0.0629, loss_kps: 5.8826, loss: 6.1381
2022-07-13 10:38:48,040 - mmdet - INFO - Epoch [3][80/246]	lr: 6.250e-04, eta: 7:44:44, time: 1.026, data_time: 0.156, memory: 7996, loss_cls: 0.1776, loss_bbox: 0.0610, loss_kps: 6.0281, loss: 6.2667
2022-07-13 10:38:58,197 - mmdet - INFO - Epoch [3][90/246]	lr: 6.250e-04, eta: 7:43:15, time: 1.016, data_time: 0.145, memory: 7996, loss_cls: 0.1790, loss_bbox: 0.0595, loss_kps: 5.6922, loss: 5.9308
2022-07-13 10:39:08,094 - mmdet - INFO - Epoch [3][100/246]	lr: 6.250e-04, eta: 7:41:38, time: 0.990, data_time: 0.110, memory: 7996, loss_cls: 0.1735, loss_bbox: 0.0617, loss_kps: 6.4370, loss: 6.6721
2022-07-13 10:39:19,048 - mmdet - INFO - Epoch [3][110/246]	lr: 6.250e-04, eta: 7:40:45, time: 1.095, data_time: 0.129, memory: 7996, loss_cls: 0.1806, loss_bbox: 0.0618, loss_kps: 5.7252, loss: 5.9676
2022-07-13 10:39:29,788 - mmdet - INFO - Epoch [3][120/246]	lr: 6.250e-04, eta: 7:39:45, time: 1.074, data_time: 0.166, memory: 7996, loss_cls: 0.1789, loss_bbox: 0.0635, loss_kps: 6.3378, loss: 6.5802
2022-07-13 10:39:40,814 - mmdet - INFO - Epoch [3][130/246]	lr: 6.250e-04, eta: 7:38:57, time: 1.103, data_time: 0.152, memory: 7996, loss_cls: 0.1852, loss_bbox: 0.0661, loss_kps: 5.2670, loss: 5.5183
2022-07-13 10:39:53,912 - mmdet - INFO - Epoch [3][140/246]	lr: 6.250e-04, eta: 7:39:26, time: 1.310, data_time: 0.124, memory: 7996, loss_cls: 0.1756, loss_bbox: 0.0613, loss_kps: 5.0000, loss: 5.2368
2022-07-13 10:40:05,605 - mmdet - INFO - Epoch [3][150/246]	lr: 6.250e-04, eta: 7:39:03, time: 1.169, data_time: 0.163, memory: 7996, loss_cls: 0.1841, loss_bbox: 0.0611, loss_kps: 5.3943, loss: 5.6395
2022-07-13 10:40:16,335 - mmdet - INFO - Epoch [3][160/246]	lr: 6.250e-04, eta: 7:38:07, time: 1.073, data_time: 0.134, memory: 7996, loss_cls: 0.1813, loss_bbox: 0.0635, loss_kps: 6.1416, loss: 6.3864
2022-07-13 10:40:26,987 - mmdet - INFO - Epoch [3][170/246]	lr: 6.250e-04, eta: 7:37:09, time: 1.065, data_time: 0.151, memory: 7996, loss_cls: 0.1793, loss_bbox: 0.0598, loss_kps: 5.8105, loss: 6.0495
2022-07-13 10:40:38,006 - mmdet - INFO - Epoch [3][180/246]	lr: 6.250e-04, eta: 7:36:26, time: 1.102, data_time: 0.112, memory: 7996, loss_cls: 0.1780, loss_bbox: 0.0621, loss_kps: 5.4395, loss: 5.6796
2022-07-13 10:40:52,691 - mmdet - INFO - Epoch [3][190/246]	lr: 6.250e-04, eta: 7:37:46, time: 1.469, data_time: 0.202, memory: 7996, loss_cls: 0.1752, loss_bbox: 0.0610, loss_kps: 5.1138, loss: 5.3500
2022-07-13 10:41:04,886 - mmdet - INFO - Epoch [3][200/246]	lr: 6.250e-04, eta: 7:37:42, time: 1.219, data_time: 0.131, memory: 7996, loss_cls: 0.1728, loss_bbox: 0.0606, loss_kps: 4.6620, loss: 4.8955
2022-07-13 10:41:15,220 - mmdet - INFO - Epoch [3][210/246]	lr: 6.250e-04, eta: 7:36:36, time: 1.033, data_time: 0.146, memory: 7996, loss_cls: 0.1746, loss_bbox: 0.0615, loss_kps: 4.6472, loss: 4.8833
2022-07-13 10:41:25,266 - mmdet - INFO - Epoch [3][220/246]	lr: 6.250e-04, eta: 7:35:22, time: 1.005, data_time: 0.127, memory: 7996, loss_cls: 0.1776, loss_bbox: 0.0631, loss_kps: 5.3379, loss: 5.5785
2022-07-13 10:41:35,361 - mmdet - INFO - Epoch [3][230/246]	lr: 6.250e-04, eta: 7:34:12, time: 1.009, data_time: 0.131, memory: 7996, loss_cls: 0.1800, loss_bbox: 0.0634, loss_kps: 5.2872, loss: 5.5306
2022-07-13 10:41:45,073 - mmdet - INFO - Epoch [3][240/246]	lr: 6.250e-04, eta: 7:32:52, time: 0.971, data_time: 0.117, memory: 7996, loss_cls: 0.1848, loss_bbox: 0.0616, loss_kps: 5.9187, loss: 6.1650
2022-07-13 10:42:34,854 - mmdet - INFO - Epoch [4][10/246]	lr: 6.250e-04, eta: 7:44:53, time: 4.322, data_time: 3.093, memory: 7996, loss_cls: 0.1716, loss_bbox: 0.0615, loss_kps: 4.7818, loss: 5.0149
2022-07-13 10:42:44,605 - mmdet - INFO - Epoch [4][20/246]	lr: 6.250e-04, eta: 7:43:27, time: 0.975, data_time: 0.100, memory: 7996, loss_cls: 0.1796, loss_bbox: 0.0652, loss_kps: 4.9643, loss: 5.2091
2022-07-13 10:42:54,675 - mmdet - INFO - Epoch [4][30/246]	lr: 6.250e-04, eta: 7:42:13, time: 1.007, data_time: 0.127, memory: 7996, loss_cls: 0.1748, loss_bbox: 0.0626, loss_kps: 5.1769, loss: 5.4143
2022-07-13 10:43:04,727 - mmdet - INFO - Epoch [4][40/246]	lr: 6.250e-04, eta: 7:41:00, time: 1.005, data_time: 0.139, memory: 7996, loss_cls: 0.1793, loss_bbox: 0.0621, loss_kps: 4.6594, loss: 4.9008
2022-07-13 10:43:15,157 - mmdet - INFO - Epoch [4][50/246]	lr: 6.250e-04, eta: 7:39:59, time: 1.043, data_time: 0.163, memory: 7996, loss_cls: 0.1806, loss_bbox: 0.0632, loss_kps: 6.0473, loss: 6.2910
2022-07-13 10:43:25,394 - mmdet - INFO - Epoch [4][60/246]	lr: 6.250e-04, eta: 7:38:54, time: 1.024, data_time: 0.115, memory: 7996, loss_cls: 0.1662, loss_bbox: 0.0622, loss_kps: 5.2163, loss: 5.4446
2022-07-13 10:43:35,407 - mmdet - INFO - Epoch [4][70/246]	lr: 6.250e-04, eta: 7:37:44, time: 1.001, data_time: 0.118, memory: 7996, loss_cls: 0.1808, loss_bbox: 0.0617, loss_kps: 5.4680, loss: 5.7104
2022-07-13 10:43:45,456 - mmdet - INFO - Epoch [4][80/246]	lr: 6.250e-04, eta: 7:36:36, time: 1.005, data_time: 0.124, memory: 7996, loss_cls: 0.1841, loss_bbox: 0.0621, loss_kps: 5.2697, loss: 5.5158
2022-07-13 10:43:55,967 - mmdet - INFO - Epoch [4][90/246]	lr: 6.250e-04, eta: 7:35:43, time: 1.051, data_time: 0.151, memory: 7996, loss_cls: 0.1733, loss_bbox: 0.0622, loss_kps: 5.0825, loss: 5.3180
2022-07-13 10:44:06,100 - mmdet - INFO - Epoch [4][100/246]	lr: 6.250e-04, eta: 7:34:40, time: 1.013, data_time: 0.135, memory: 7996, loss_cls: 0.1783, loss_bbox: 0.0640, loss_kps: 4.9100, loss: 5.1522
2022-07-13 10:44:16,206 - mmdet - INFO - Epoch [4][110/246]	lr: 6.250e-04, eta: 7:33:38, time: 1.011, data_time: 0.116, memory: 7996, loss_cls: 0.1839, loss_bbox: 0.0611, loss_kps: 4.7487, loss: 4.9937
2022-07-13 10:44:26,338 - mmdet - INFO - Epoch [4][120/246]	lr: 6.250e-04, eta: 7:32:37, time: 1.013, data_time: 0.132, memory: 7996, loss_cls: 0.1822, loss_bbox: 0.0619, loss_kps: 6.3072, loss: 6.5513
2022-07-13 10:44:36,661 - mmdet - INFO - Epoch [4][130/246]	lr: 6.250e-04, eta: 7:31:43, time: 1.032, data_time: 0.153, memory: 7996, loss_cls: 0.1746, loss_bbox: 0.0619, loss_kps: 5.4251, loss: 5.6616
2022-07-13 10:44:47,097 - mmdet - INFO - Epoch [4][140/246]	lr: 6.250e-04, eta: 7:30:53, time: 1.044, data_time: 0.123, memory: 7996, loss_cls: 0.1757, loss_bbox: 0.0614, loss_kps: 4.4841, loss: 4.7212
2022-07-13 10:44:57,090 - mmdet - INFO - Epoch [4][150/246]	lr: 6.250e-04, eta: 7:29:52, time: 0.999, data_time: 0.118, memory: 7996, loss_cls: 0.1748, loss_bbox: 0.0606, loss_kps: 4.9868, loss: 5.2222
2022-07-13 10:45:07,330 - mmdet - INFO - Epoch [4][160/246]	lr: 6.250e-04, eta: 7:28:59, time: 1.024, data_time: 0.129, memory: 7996, loss_cls: 0.1721, loss_bbox: 0.0617, loss_kps: 4.5010, loss: 4.7347
2022-07-13 10:45:17,477 - mmdet - INFO - Epoch [4][170/246]	lr: 6.250e-04, eta: 7:28:04, time: 1.015, data_time: 0.144, memory: 7996, loss_cls: 0.1837, loss_bbox: 0.0657, loss_kps: 4.8890, loss: 5.1385
2022-07-13 10:45:27,748 - mmdet - INFO - Epoch [4][180/246]	lr: 6.250e-04, eta: 7:27:14, time: 1.027, data_time: 0.120, memory: 7996, loss_cls: 0.1662, loss_bbox: 0.0643, loss_kps: 4.5837, loss: 4.8143
2022-07-13 10:45:37,753 - mmdet - INFO - Epoch [4][190/246]	lr: 6.250e-04, eta: 7:26:17, time: 1.000, data_time: 0.123, memory: 7996, loss_cls: 0.1833, loss_bbox: 0.0611, loss_kps: 5.3482, loss: 5.5925
2022-07-13 10:45:47,896 - mmdet - INFO - Epoch [4][200/246]	lr: 6.250e-04, eta: 7:25:26, time: 1.014, data_time: 0.134, memory: 7996, loss_cls: 0.1827, loss_bbox: 0.0590, loss_kps: 4.7487, loss: 4.9904
2022-07-13 10:45:58,576 - mmdet - INFO - Epoch [4][210/246]	lr: 6.250e-04, eta: 7:24:47, time: 1.068, data_time: 0.159, memory: 7996, loss_cls: 0.1746, loss_bbox: 0.0597, loss_kps: 4.5516, loss: 4.7860
2022-07-13 10:46:10,098 - mmdet - INFO - Epoch [4][220/246]	lr: 6.250e-04, eta: 7:24:30, time: 1.152, data_time: 0.120, memory: 7996, loss_cls: 0.1841, loss_bbox: 0.0632, loss_kps: 4.9569, loss: 5.2042
2022-07-13 10:46:20,356 - mmdet - INFO - Epoch [4][230/246]	lr: 6.250e-04, eta: 7:23:42, time: 1.026, data_time: 0.141, memory: 7996, loss_cls: 0.1730, loss_bbox: 0.0631, loss_kps: 4.6674, loss: 4.9035
2022-07-13 10:46:30,076 - mmdet - INFO - Epoch [4][240/246]	lr: 6.250e-04, eta: 7:22:44, time: 0.972, data_time: 0.113, memory: 7996, loss_cls: 0.1725, loss_bbox: 0.0617, loss_kps: 6.8431, loss: 7.0773
2022-07-13 10:47:19,808 - mmdet - INFO - Epoch [5][10/246]	lr: 6.250e-04, eta: 7:31:42, time: 4.323, data_time: 3.176, memory: 7996, loss_cls: 0.1818, loss_bbox: 0.0628, loss_kps: 5.8359, loss: 6.0806
2022-07-13 10:47:29,977 - mmdet - INFO - Epoch [5][20/246]	lr: 6.250e-04, eta: 7:30:49, time: 1.017, data_time: 0.151, memory: 7996, loss_cls: 0.1799, loss_bbox: 0.0626, loss_kps: 5.1773, loss: 5.4197
2022-07-13 10:47:39,839 - mmdet - INFO - Epoch [5][30/246]	lr: 6.250e-04, eta: 7:29:50, time: 0.986, data_time: 0.117, memory: 7996, loss_cls: 0.1776, loss_bbox: 0.0621, loss_kps: 5.8166, loss: 6.0563
2022-07-13 10:47:53,203 - mmdet - INFO - Epoch [5][40/246]	lr: 6.250e-04, eta: 7:30:09, time: 1.336, data_time: 0.122, memory: 7996, loss_cls: 0.1902, loss_bbox: 0.0619, loss_kps: 4.9586, loss: 5.2107
2022-07-13 10:48:05,259 - mmdet - INFO - Epoch [5][50/246]	lr: 6.250e-04, eta: 7:30:00, time: 1.206, data_time: 0.155, memory: 7996, loss_cls: 0.1763, loss_bbox: 0.0625, loss_kps: 5.6522, loss: 5.8910
2022-07-13 10:48:15,338 - mmdet - INFO - Epoch [5][60/246]	lr: 6.250e-04, eta: 7:29:07, time: 1.008, data_time: 0.140, memory: 7996, loss_cls: 0.1971, loss_bbox: 0.0651, loss_kps: 5.5306, loss: 5.7928
2022-07-13 10:48:25,270 - mmdet - INFO - Epoch [5][70/246]	lr: 6.250e-04, eta: 7:28:12, time: 0.993, data_time: 0.105, memory: 7996, loss_cls: 0.1783, loss_bbox: 0.0624, loss_kps: 5.0595, loss: 5.3002
2022-07-13 10:48:35,545 - mmdet - INFO - Epoch [5][80/246]	lr: 6.250e-04, eta: 7:27:25, time: 1.027, data_time: 0.121, memory: 7996, loss_cls: 0.1745, loss_bbox: 0.0623, loss_kps: 4.4407, loss: 4.6774
2022-07-13 10:48:45,849 - mmdet - INFO - Epoch [5][90/246]	lr: 6.250e-04, eta: 7:26:40, time: 1.030, data_time: 0.149, memory: 7996, loss_cls: 0.1732, loss_bbox: 0.0611, loss_kps: 4.9371, loss: 5.1714
2022-07-13 10:48:56,067 - mmdet - INFO - Epoch [5][100/246]	lr: 6.250e-04, eta: 7:25:53, time: 1.022, data_time: 0.148, memory: 7996, loss_cls: 0.1817, loss_bbox: 0.0633, loss_kps: 5.0619, loss: 5.3069
2022-07-13 10:49:05,925 - mmdet - INFO - Epoch [5][110/246]	lr: 6.250e-04, eta: 7:25:00, time: 0.986, data_time: 0.117, memory: 7996, loss_cls: 0.1789, loss_bbox: 0.0609, loss_kps: 4.8552, loss: 5.0950
2022-07-13 10:49:15,900 - mmdet - INFO - Epoch [5][120/246]	lr: 6.250e-04, eta: 7:24:10, time: 0.998, data_time: 0.125, memory: 7996, loss_cls: 0.1819, loss_bbox: 0.0591, loss_kps: 4.8744, loss: 5.1154
2022-07-13 10:49:26,152 - mmdet - INFO - Epoch [5][130/246]	lr: 6.250e-04, eta: 7:23:26, time: 1.025, data_time: 0.132, memory: 7996, loss_cls: 0.1837, loss_bbox: 0.0627, loss_kps: 5.4385, loss: 5.6849
2022-07-13 10:49:36,756 - mmdet - INFO - Epoch [5][140/246]	lr: 6.250e-04, eta: 7:22:50, time: 1.060, data_time: 0.160, memory: 7996, loss_cls: 0.1764, loss_bbox: 0.0620, loss_kps: 4.8345, loss: 5.0729
2022-07-13 10:49:46,714 - mmdet - INFO - Epoch [5][150/246]	lr: 6.250e-04, eta: 7:22:01, time: 0.996, data_time: 0.111, memory: 7996, loss_cls: 0.1736, loss_bbox: 0.0609, loss_kps: 5.5703, loss: 5.8048
2022-07-13 10:49:56,651 - mmdet - INFO - Epoch [5][160/246]	lr: 6.250e-04, eta: 7:21:13, time: 0.994, data_time: 0.123, memory: 7996, loss_cls: 0.1691, loss_bbox: 0.0607, loss_kps: 5.3742, loss: 5.6040
2022-07-13 10:50:07,263 - mmdet - INFO - Epoch [5][170/246]	lr: 6.250e-04, eta: 7:20:38, time: 1.061, data_time: 0.186, memory: 7996, loss_cls: 0.1815, loss_bbox: 0.0641, loss_kps: 5.0519, loss: 5.2975
2022-07-13 10:50:17,302 - mmdet - INFO - Epoch [5][180/246]	lr: 6.250e-04, eta: 7:19:53, time: 1.004, data_time: 0.137, memory: 7996, loss_cls: 0.1784, loss_bbox: 0.0621, loss_kps: 4.3639, loss: 4.6044
2022-07-13 10:50:29,895 - mmdet - INFO - Epoch [5][190/246]	lr: 6.250e-04, eta: 7:19:57, time: 1.259, data_time: 0.183, memory: 7996, loss_cls: 0.1802, loss_bbox: 0.0660, loss_kps: 4.7524, loss: 4.9986
2022-07-13 10:50:44,060 - mmdet - INFO - Epoch [5][200/246]	lr: 6.250e-04, eta: 7:20:31, time: 1.416, data_time: 0.197, memory: 7996, loss_cls: 0.1779, loss_bbox: 0.0665, loss_kps: 4.8234, loss: 5.0678
2022-07-13 10:50:54,181 - mmdet - INFO - Epoch [5][210/246]	lr: 6.250e-04, eta: 7:19:48, time: 1.012, data_time: 0.140, memory: 7996, loss_cls: 0.1780, loss_bbox: 0.0654, loss_kps: 6.7648, loss: 7.0081
2022-07-13 10:51:04,376 - mmdet - INFO - Epoch [5][220/246]	lr: 6.250e-04, eta: 7:19:07, time: 1.019, data_time: 0.150, memory: 7996, loss_cls: 0.1881, loss_bbox: 0.0657, loss_kps: 6.2586, loss: 6.5124
2022-07-13 10:51:14,592 - mmdet - INFO - Epoch [5][230/246]	lr: 6.250e-04, eta: 7:18:27, time: 1.022, data_time: 0.113, memory: 7996, loss_cls: 0.1696, loss_bbox: 0.0636, loss_kps: 4.8341, loss: 5.0673
2022-07-13 10:51:24,250 - mmdet - INFO - Epoch [5][240/246]	lr: 6.250e-04, eta: 7:17:37, time: 0.966, data_time: 0.107, memory: 7996, loss_cls: 0.1810, loss_bbox: 0.0644, loss_kps: 5.1600, loss: 5.4053
2022-07-13 10:51:30,695 - mmdet - INFO - Saving checkpoint at 5 epochs
