2022-07-06 18:24:55,155 - mmdet - INFO - Environment info:
------------------------------------------------------------
sys.platform: linux
Python: 3.9.11 (main, Mar 29 2022, 19:08:29) [GCC 7.5.0]
CUDA available: True
GPU 0,1: Tesla T4
CUDA_HOME: /root/miniconda3/envs/manhdq
NVCC: Cuda compilation tools, release 11.3, V11.3.58
GCC: gcc (Ubuntu 9.4.0-1ubuntu1~20.04.1) 9.4.0
PyTorch: 1.11.0+cu113
PyTorch compiling details: PyTorch built with:
  - GCC 7.3
  - C++ Version: 201402
  - Intel(R) Math Kernel Library Version 2020.0.0 Product Build 20191122 for Intel(R) 64 architecture applications
  - Intel(R) MKL-DNN v2.5.2 (Git Hash a9302535553c73243c632ad3c4c80beec3d19a1e)
  - OpenMP 201511 (a.k.a. OpenMP 4.5)
  - LAPACK is enabled (usually provided by MKL)
  - NNPACK is enabled
  - CPU capability usage: AVX2
  - CUDA Runtime 11.3
  - NVCC architecture flags: -gencode;arch=compute_37,code=sm_37;-gencode;arch=compute_50,code=sm_50;-gencode;arch=compute_60,code=sm_60;-gencode;arch=compute_70,code=sm_70;-gencode;arch=compute_75,code=sm_75;-gencode;arch=compute_80,code=sm_80;-gencode;arch=compute_86,code=sm_86
  - CuDNN 8.2
  - Magma 2.5.2
  - Build settings: BLAS_INFO=mkl, BUILD_TYPE=Release, CUDA_VERSION=11.3, CUDNN_VERSION=8.2.0, CXX_COMPILER=/opt/rh/devtoolset-7/root/usr/bin/c++, CXX_FLAGS= -Wno-deprecated -fvisibility-inlines-hidden -DUSE_PTHREADPOOL -fopenmp -DNDEBUG -DUSE_KINETO -DUSE_FBGEMM -DUSE_QNNPACK -DUSE_PYTORCH_QNNPACK -DUSE_XNNPACK -DSYMBOLICATE_MOBILE_DEBUG_HANDLE -DEDGE_PROFILER_USE_KINETO -O2 -fPIC -Wno-narrowing -Wall -Wextra -Werror=return-type -Wno-missing-field-initializers -Wno-type-limits -Wno-array-bounds -Wno-unknown-pragmas -Wno-sign-compare -Wno-unused-parameter -Wno-unused-function -Wno-unused-result -Wno-unused-local-typedefs -Wno-strict-overflow -Wno-strict-aliasing -Wno-error=deprecated-declarations -Wno-stringop-overflow -Wno-psabi -Wno-error=pedantic -Wno-error=redundant-decls -Wno-error=old-style-cast -fdiagnostics-color=always -faligned-new -Wno-unused-but-set-variable -Wno-maybe-uninitialized -fno-math-errno -fno-trapping-math -Werror=format -Wno-stringop-overflow, LAPACK_INFO=mkl, PERF_WITH_AVX=1, PERF_WITH_AVX2=1, PERF_WITH_AVX512=1, TORCH_VERSION=1.11.0, USE_CUDA=ON, USE_CUDNN=ON, USE_EXCEPTION_PTR=1, USE_GFLAGS=OFF, USE_GLOG=OFF, USE_MKL=ON, USE_MKLDNN=OFF, USE_MPI=OFF, USE_NCCL=ON, USE_NNPACK=ON, USE_OPENMP=ON, USE_ROCM=OFF, 

TorchVision: 0.12.0+cu113
OpenCV: 4.4.0
MMCV: 1.5.3
MMCV Compiler: n/a
MMCV CUDA Compiler: n/a
MMDetection: 2.7.0+
------------------------------------------------------------

2022-07-06 18:24:56,021 - mmdet - INFO - Distributed training: False
2022-07-06 18:24:56,795 - mmdet - INFO - Config:
optimizer = dict(type='Adam', lr=0.000625, weight_decay=0.0005)
optimizer_config = dict(grad_clip=None)
lr_mult = 8
lr_config = dict(
    policy='step',
    warmup='linear',
    warmup_iters=10,
    warmup_ratio=0.001,
    step=[16, 48])
total_epochs = 64
checkpoint_config = dict(interval=5)
log_config = dict(interval=50, hooks=[dict(type='TextLoggerHook')])
dist_params = dict(backend='nccl')
log_level = 'INFO'
load_from = '/home/manhdq/ID_Card_Information_Extraction/keypoint_detection/scrfd/work_dirs/scrfd_500m_bnkps/epoch_64.pth'
resume_from = None
workflow = [('train', 1)]
dataset_type = 'RetinaFaceDataset'
data_root = '/home/manhdq/ID_Card_Information_Extraction/datasets'
train_root = '/home/manhdq/ID_Card_Information_Extraction/datasets/poisson_color'
val_root = '/home/manhdq/ID_Card_Information_Extraction/datasets/cmt_valid'
img_norm_cfg = dict(
    mean=[127.5, 127.5, 127.5], std=[128.0, 128.0, 128.0], to_rgb=True)
albu_train_transforms = [
    dict(
        type='OneOf',
        transforms=[
            dict(
                type='Affine',
                scale=None,
                rotate=(-90, 90),
                shear=None,
                interpolation=0,
                fit_output=True)
        ],
        p=0.6),
    dict(
        type='OneOf',
        transforms=[
            dict(type='MotionBlur'),
            dict(type='GaussianBlur', blur_limit=3)
        ],
        p=0.2),
    dict(type='ToGray', p=0.2)
]
train_pipeline = [
    dict(type='LoadImageFromFile', to_float32=True),
    dict(type='LoadAnnotations', with_bbox=True, with_keypoints=True),
    dict(
        type='RandomSquareCrop',
        crop_choice=[0.3, 0.45, 0.6, 0.8, 1.0, 1.2, 1.4, 1.6, 1.8, 2.0]),
    dict(type='Resize', img_scale=(640, 640), keep_ratio=False),
    dict(
        type='RandomFlip',
        flip_ratio=0.5,
        direction=['horizontal', 'vertical', 'diagonal']),
    dict(
        type='PhotoMetricDistortion',
        brightness_delta=32,
        contrast_range=(0.5, 1.5),
        saturation_range=(0.5, 1.5),
        hue_delta=18),
    dict(
        type='Normalize',
        mean=[127.5, 127.5, 127.5],
        std=[128.0, 128.0, 128.0],
        to_rgb=True),
    dict(type='DefaultFormatBundle'),
    dict(
        type='Collect',
        keys=[
            'img', 'gt_bboxes', 'gt_labels', 'gt_bboxes_ignore',
            'gt_keypointss'
        ])
]
test_pipeline = [
    dict(type='LoadImageFromFile'),
    dict(
        type='MultiScaleFlipAug',
        img_scale=(640, 640),
        flip=False,
        transforms=[
            dict(type='Resize', keep_ratio=True),
            dict(type='RandomFlip', flip_ratio=0.0),
            dict(
                type='Normalize',
                mean=[127.5, 127.5, 127.5],
                std=[128.0, 128.0, 128.0],
                to_rgb=True),
            dict(type='Pad', size=(640, 640), pad_val=0),
            dict(type='ImageToTensor', keys=['img']),
            dict(type='Collect', keys=['img'])
        ])
]
data = dict(
    samples_per_gpu=64,
    workers_per_gpu=8,
    train=dict(
        type='RetinaFaceDataset',
        ann_file=
        '/home/manhdq/ID_Card_Information_Extraction/datasets/poisson_color/annotations.txt',
        img_prefix=
        '/home/manhdq/ID_Card_Information_Extraction/datasets/poisson_color/images',
        pipeline=[
            dict(type='LoadImageFromFile', to_float32=True),
            dict(type='LoadAnnotations', with_bbox=True, with_keypoints=True),
            dict(
                type='Albu',
                transforms=[
                    dict(
                        type='OneOf',
                        transforms=[
                            dict(
                                type='Affine',
                                scale=None,
                                rotate=(-90, 90),
                                shear=None,
                                interpolation=0,
                                fit_output=True)
                        ],
                        p=0.6),
                    dict(
                        type='OneOf',
                        transforms=[
                            dict(type='MotionBlur'),
                            dict(type='GaussianBlur', blur_limit=3)
                        ],
                        p=0.2),
                    dict(type='ToGray', p=0.2)
                ],
                bbox_params=dict(
                    type='BboxParams',
                    format='pascal_voc',
                    label_fields=['gt_labels'],
                    min_visibility=0.5),
                keypoint_params=dict(type='KeypointParams', format='xy'),
                refine_bbox_from_keypoint=True,
                keymap=dict(
                    img='image', gt_bboxes='bboxes',
                    gt_keypointss='keypoints'),
                update_pad_shape=False,
                skip_img_without_anno=True),
            dict(
                type='RandomSquareCrop',
                crop_choice=[
                    0.3, 0.45, 0.6, 0.8, 1.0, 1.2, 1.4, 1.6, 1.8, 2.0
                ]),
            dict(type='Resize', img_scale=(640, 640), keep_ratio=False),
            dict(
                type='RandomFlip',
                flip_ratio=0.5,
                direction=['horizontal', 'vertical', 'diagonal']),
            dict(
                type='PhotoMetricDistortion',
                brightness_delta=32,
                contrast_range=(0.5, 1.5),
                saturation_range=(0.5, 1.5),
                hue_delta=18),
            dict(
                type='Normalize',
                mean=[127.5, 127.5, 127.5],
                std=[128.0, 128.0, 128.0],
                to_rgb=True),
            dict(type='DefaultFormatBundle'),
            dict(
                type='Collect',
                keys=[
                    'img', 'gt_bboxes', 'gt_labels', 'gt_bboxes_ignore',
                    'gt_keypointss'
                ])
        ]),
    val=dict(
        type='RetinaFaceDataset',
        ann_file=
        '/home/manhdq/ID_Card_Information_Extraction/datasets/cmt_valid/annotations.txt',
        img_prefix=
        '/home/manhdq/ID_Card_Information_Extraction/datasets/cmt_valid/images',
        pipeline=[
            dict(type='LoadImageFromFile'),
            dict(
                type='MultiScaleFlipAug',
                img_scale=(640, 640),
                flip=False,
                transforms=[
                    dict(type='Resize', keep_ratio=True),
                    dict(type='RandomFlip', flip_ratio=0.0),
                    dict(
                        type='Normalize',
                        mean=[127.5, 127.5, 127.5],
                        std=[128.0, 128.0, 128.0],
                        to_rgb=True),
                    dict(type='Pad', size=(640, 640), pad_val=0),
                    dict(type='ImageToTensor', keys=['img']),
                    dict(type='Collect', keys=['img'])
                ])
        ]),
    test=dict(
        type='RetinaFaceDataset',
        ann_file=
        '/home/manhdq/ID_Card_Information_Extraction/datasets/cmt_valid/annotations.txt',
        img_prefix=
        '/home/manhdq/ID_Card_Information_Extraction/datasets/cmt_valid/images',
        pipeline=[
            dict(type='LoadImageFromFile'),
            dict(
                type='MultiScaleFlipAug',
                img_scale=(640, 640),
                flip=False,
                transforms=[
                    dict(type='Resize', keep_ratio=True),
                    dict(type='RandomFlip', flip_ratio=0.0),
                    dict(
                        type='Normalize',
                        mean=[127.5, 127.5, 127.5],
                        std=[128.0, 128.0, 128.0],
                        to_rgb=True),
                    dict(type='Pad', size=(640, 640), pad_val=0),
                    dict(type='ImageToTensor', keys=['img']),
                    dict(type='Collect', keys=['img'])
                ])
        ]))
model = dict(
    type='SCRFD',
    backbone=dict(
        type='MobileNetV1',
        block_cfg=dict(
            stage_blocks=(2, 3, 2, 6), stage_planes=[16, 16, 40, 72, 152,
                                                     288])),
    neck=dict(
        type='PAFPN',
        in_channels=[40, 72, 152, 288],
        out_channels=16,
        start_level=1,
        add_extra_convs='on_output',
        num_outs=3),
    bbox_head=dict(
        type='SCRFDHead',
        num_classes=1,
        in_channels=16,
        stacked_convs=2,
        feat_channels=64,
        norm_cfg=dict(type='BN', requires_grad=True),
        cls_reg_share=True,
        strides_share=False,
        dw_conv=True,
        scale_mode=0,
        anchor_generator=dict(
            type='AnchorGenerator',
            ratios=[1.0],
            scales=[1, 2],
            base_sizes=[16, 64, 256],
            strides=[8, 16, 32]),
        loss_cls=dict(
            type='QualityFocalLoss',
            use_sigmoid=True,
            beta=2.0,
            loss_weight=1.0),
        loss_dfl=False,
        reg_max=8,
        loss_bbox=dict(type='DIoULoss', loss_weight=1.0),
        use_kps=True,
        loss_kps=dict(
            type='SmoothL1Loss', beta=0.1111111111111111, loss_weight=1.5),
        train_cfg=dict(
            assigner=dict(type='ATSSAssigner', topk=9),
            allowed_border=-1,
            pos_weight=-1,
            debug=False),
        test_cfg=dict(
            nms_pre=-1,
            min_bbox_size=0,
            score_thr=0.02,
            nms=dict(type='nms', iou_threshold=0.45),
            max_per_img=-1)))
train_cfg = dict(
    assigner=dict(type='ATSSAssigner', topk=9),
    allowed_border=-1,
    pos_weight=-1,
    debug=False)
test_cfg = dict(
    nms_pre=-1,
    min_bbox_size=0,
    score_thr=0.02,
    nms=dict(type='nms', iou_threshold=0.45),
    max_per_img=-1)
epoch_multi = 1
evaluation = dict(interval=5, metric='mAP')
work_dir = './work_dirs/scrfd_cmt_500m_bnkps'
gpu_ids = range(0, 1)

2022-07-06 18:24:56,795 - mmdet - INFO - Set random seed to 42, deterministic: False
2022-07-06 18:25:00,812 - mmdet - INFO - load checkpoint from local path: /home/manhdq/ID_Card_Information_Extraction/keypoint_detection/scrfd/work_dirs/scrfd_500m_bnkps/epoch_64.pth
2022-07-06 18:25:00,857 - mmdet - INFO - Start running, host: root@ATMA-Ubuntu20-ARP-v3, work_dir: /home/manhdq/ID_Card_Information_Extraction/keypoint_detection/scrfd/work_dirs/scrfd_cmt_500m_bnkps
2022-07-06 18:25:00,858 - mmdet - INFO - Hooks will be executed in the following order:
before_run:
(VERY_HIGH   ) StepLrUpdaterHook                  
(NORMAL      ) CheckpointHook                     
(NORMAL      ) EvalHook                           
(VERY_LOW    ) TextLoggerHook                     
 -------------------- 
before_train_epoch:
(VERY_HIGH   ) StepLrUpdaterHook                  
(NORMAL      ) EvalHook                           
(LOW         ) IterTimerHook                      
(VERY_LOW    ) TextLoggerHook                     
 -------------------- 
before_train_iter:
(VERY_HIGH   ) StepLrUpdaterHook                  
(LOW         ) IterTimerHook                      
 -------------------- 
after_train_iter:
(ABOVE_NORMAL) OptimizerHook                      
(NORMAL      ) CheckpointHook                     
(LOW         ) IterTimerHook                      
(VERY_LOW    ) TextLoggerHook                     
 -------------------- 
after_train_epoch:
(NORMAL      ) CheckpointHook                     
(NORMAL      ) EvalHook                           
(VERY_LOW    ) TextLoggerHook                     
 -------------------- 
before_val_epoch:
(LOW         ) IterTimerHook                      
(VERY_LOW    ) TextLoggerHook                     
 -------------------- 
before_val_iter:
(LOW         ) IterTimerHook                      
 -------------------- 
after_val_iter:
(LOW         ) IterTimerHook                      
 -------------------- 
after_val_epoch:
(VERY_LOW    ) TextLoggerHook                     
 -------------------- 
after_run:
(VERY_LOW    ) TextLoggerHook                     
 -------------------- 
2022-07-06 18:25:00,858 - mmdet - INFO - workflow: [('train', 1)], max: 64 epochs
2022-07-06 18:25:00,858 - mmdet - INFO - Checkpoints will be saved to /home/manhdq/ID_Card_Information_Extraction/keypoint_detection/scrfd/work_dirs/scrfd_cmt_500m_bnkps by HardDiskBackend.
2022-07-06 18:26:05,434 - mmdet - INFO - Epoch [1][50/328]	lr: 6.250e-04, eta: 7:30:45, time: 1.291, data_time: 0.317, memory: 7994, loss_cls: 0.3124, loss_bbox: 0.1317, loss_kps: 5.6240, loss: 6.0681
2022-07-06 18:26:57,094 - mmdet - INFO - Epoch [1][100/328]	lr: 6.250e-04, eta: 6:44:43, time: 1.033, data_time: 0.125, memory: 7994, loss_cls: 0.3137, loss_bbox: 0.1312, loss_kps: 6.0837, loss: 6.5286
2022-07-06 18:27:49,179 - mmdet - INFO - Epoch [1][150/328]	lr: 6.250e-04, eta: 6:29:47, time: 1.042, data_time: 0.136, memory: 7994, loss_cls: 0.3251, loss_bbox: 0.1286, loss_kps: 5.7142, loss: 6.1679
2022-07-06 18:28:41,787 - mmdet - INFO - Epoch [1][200/328]	lr: 6.250e-04, eta: 6:22:47, time: 1.052, data_time: 0.141, memory: 7994, loss_cls: 0.3229, loss_bbox: 0.1300, loss_kps: 5.7580, loss: 6.2109
2022-07-06 18:29:34,096 - mmdet - INFO - Epoch [1][250/328]	lr: 6.250e-04, eta: 6:17:49, time: 1.046, data_time: 0.141, memory: 7994, loss_cls: 0.3254, loss_bbox: 0.1330, loss_kps: 6.1534, loss: 6.6118
2022-07-06 18:30:26,506 - mmdet - INFO - Epoch [1][300/328]	lr: 6.250e-04, eta: 6:14:20, time: 1.048, data_time: 0.123, memory: 7994, loss_cls: 0.3257, loss_bbox: 0.1349, loss_kps: 6.0979, loss: 6.5585
2022-07-06 18:32:01,178 - mmdet - INFO - Epoch [2][50/328]	lr: 6.250e-04, eta: 5:56:26, time: 1.330, data_time: 0.330, memory: 7994, loss_cls: 0.3234, loss_bbox: 0.1300, loss_kps: 5.6875, loss: 6.1409
2022-07-06 18:33:02,933 - mmdet - INFO - Epoch [2][100/328]	lr: 6.250e-04, eta: 6:03:29, time: 1.235, data_time: 0.185, memory: 7994, loss_cls: 0.3329, loss_bbox: 0.1309, loss_kps: 5.5994, loss: 6.0632
2022-07-06 18:34:07,786 - mmdet - INFO - Epoch [2][150/328]	lr: 6.250e-04, eta: 6:11:03, time: 1.297, data_time: 0.174, memory: 7994, loss_cls: 0.3294, loss_bbox: 0.1309, loss_kps: 5.5836, loss: 6.0439
2022-07-06 18:35:12,008 - mmdet - INFO - Epoch [2][200/328]	lr: 6.250e-04, eta: 6:16:35, time: 1.284, data_time: 0.171, memory: 7994, loss_cls: 0.3248, loss_bbox: 0.1269, loss_kps: 5.7098, loss: 6.1616
2022-07-06 18:36:16,101 - mmdet - INFO - Epoch [2][250/328]	lr: 6.250e-04, eta: 6:20:53, time: 1.282, data_time: 0.163, memory: 7994, loss_cls: 0.3230, loss_bbox: 0.1260, loss_kps: 5.3988, loss: 5.8478
2022-07-06 18:37:20,783 - mmdet - INFO - Epoch [2][300/328]	lr: 6.250e-04, eta: 6:24:40, time: 1.294, data_time: 0.178, memory: 7994, loss_cls: 0.3233, loss_bbox: 0.1307, loss_kps: 5.3626, loss: 5.8166
2022-07-06 18:39:11,548 - mmdet - INFO - Epoch [3][50/328]	lr: 6.250e-04, eta: 6:18:56, time: 1.590, data_time: 0.447, memory: 7994, loss_cls: 0.3207, loss_bbox: 0.1273, loss_kps: 5.2257, loss: 5.6737
2022-07-06 18:40:15,188 - mmdet - INFO - Epoch [3][100/328]	lr: 6.250e-04, eta: 6:21:23, time: 1.273, data_time: 0.178, memory: 7994, loss_cls: 0.3181, loss_bbox: 0.1254, loss_kps: 5.2677, loss: 5.7112
2022-07-06 18:41:19,169 - mmdet - INFO - Epoch [3][150/328]	lr: 6.250e-04, eta: 6:23:33, time: 1.280, data_time: 0.158, memory: 7994, loss_cls: 0.3254, loss_bbox: 0.1285, loss_kps: 5.7110, loss: 6.1649
2022-07-06 18:42:23,583 - mmdet - INFO - Epoch [3][200/328]	lr: 6.250e-04, eta: 6:25:30, time: 1.288, data_time: 0.193, memory: 7994, loss_cls: 0.3241, loss_bbox: 0.1270, loss_kps: 5.4796, loss: 5.9307
2022-07-06 18:43:28,977 - mmdet - INFO - Epoch [3][250/328]	lr: 6.250e-04, eta: 6:27:29, time: 1.308, data_time: 0.198, memory: 7994, loss_cls: 0.3263, loss_bbox: 0.1282, loss_kps: 5.4606, loss: 5.9151
2022-07-06 18:44:33,577 - mmdet - INFO - Epoch [3][300/328]	lr: 6.250e-04, eta: 6:28:52, time: 1.292, data_time: 0.187, memory: 7994, loss_cls: 0.3270, loss_bbox: 0.1280, loss_kps: 5.6646, loss: 6.1196
2022-07-06 18:46:24,251 - mmdet - INFO - Epoch [4][50/328]	lr: 6.250e-04, eta: 6:23:38, time: 1.585, data_time: 0.428, memory: 7994, loss_cls: 0.3217, loss_bbox: 0.1289, loss_kps: 5.3531, loss: 5.8037
2022-07-06 18:47:29,782 - mmdet - INFO - Epoch [4][100/328]	lr: 6.250e-04, eta: 6:25:05, time: 1.311, data_time: 0.175, memory: 7994, loss_cls: 0.3207, loss_bbox: 0.1271, loss_kps: 5.1604, loss: 5.6082
2022-07-06 18:48:32,384 - mmdet - INFO - Epoch [4][150/328]	lr: 6.250e-04, eta: 6:25:27, time: 1.252, data_time: 0.183, memory: 7994, loss_cls: 0.3193, loss_bbox: 0.1276, loss_kps: 5.2807, loss: 5.7276
2022-07-06 18:49:37,013 - mmdet - INFO - Epoch [4][200/328]	lr: 6.250e-04, eta: 6:26:16, time: 1.293, data_time: 0.183, memory: 7994, loss_cls: 0.3221, loss_bbox: 0.1258, loss_kps: 5.3997, loss: 5.8476
2022-07-06 18:50:40,442 - mmdet - INFO - Epoch [4][250/328]	lr: 6.250e-04, eta: 6:26:36, time: 1.269, data_time: 0.203, memory: 7994, loss_cls: 0.3214, loss_bbox: 0.1263, loss_kps: 5.3139, loss: 5.7616
2022-07-06 18:51:45,584 - mmdet - INFO - Epoch [4][300/328]	lr: 6.250e-04, eta: 6:27:16, time: 1.303, data_time: 0.210, memory: 7994, loss_cls: 0.3236, loss_bbox: 0.1275, loss_kps: 5.3052, loss: 5.7562
2022-07-06 18:53:38,004 - mmdet - INFO - Epoch [5][50/328]	lr: 6.250e-04, eta: 6:23:04, time: 1.617, data_time: 0.419, memory: 7994, loss_cls: 0.3210, loss_bbox: 0.1262, loss_kps: 5.4127, loss: 5.8600
2022-07-06 18:54:40,163 - mmdet - INFO - Epoch [5][100/328]	lr: 6.250e-04, eta: 6:22:56, time: 1.243, data_time: 0.158, memory: 7994, loss_cls: 0.3240, loss_bbox: 0.1272, loss_kps: 5.5118, loss: 5.9630
2022-07-06 18:55:46,380 - mmdet - INFO - Epoch [5][150/328]	lr: 6.250e-04, eta: 6:23:38, time: 1.324, data_time: 0.199, memory: 7994, loss_cls: 0.3250, loss_bbox: 0.1266, loss_kps: 5.6562, loss: 6.1077
2022-07-06 18:56:49,029 - mmdet - INFO - Epoch [5][200/328]	lr: 6.250e-04, eta: 6:23:27, time: 1.253, data_time: 0.169, memory: 7994, loss_cls: 0.3239, loss_bbox: 0.1269, loss_kps: 5.6186, loss: 6.0693
2022-07-06 18:57:55,581 - mmdet - INFO - Epoch [5][250/328]	lr: 6.250e-04, eta: 6:24:01, time: 1.331, data_time: 0.183, memory: 7994, loss_cls: 0.3248, loss_bbox: 0.1260, loss_kps: 5.5083, loss: 5.9590
2022-07-06 18:58:57,915 - mmdet - INFO - Epoch [5][300/328]	lr: 6.250e-04, eta: 6:23:38, time: 1.247, data_time: 0.199, memory: 7994, loss_cls: 0.3154, loss_bbox: 0.1254, loss_kps: 5.4433, loss: 5.8840
2022-07-06 18:59:29,987 - mmdet - INFO - Saving checkpoint at 5 epochs
2022-07-06 18:59:33,373 - mmdet - INFO - 
+-------+-----+------+--------+-------+
| class | gts | dets | recall | ap    |
+-------+-----+------+--------+-------+
| FG    | 159 | 2548 | 1.000  | 1.000 |
+-------+-----+------+--------+-------+
| mAP   |     |      |        | 1.000 |
+-------+-----+------+--------+-------+
2022-07-06 18:59:33,521 - mmdet - INFO - Exp name: scrfd_cmt_500m_bnkps.py
2022-07-06 18:59:33,522 - mmdet - INFO - Epoch(val) [5][328]	mAP: 0.9999
2022-07-06 19:00:55,001 - mmdet - INFO - Epoch [6][50/328]	lr: 6.250e-04, eta: 6:19:58, time: 1.629, data_time: 0.436, memory: 7994, loss_cls: 0.3190, loss_bbox: 0.1247, loss_kps: 5.0942, loss: 5.5378
2022-07-06 19:01:56,705 - mmdet - INFO - Epoch [6][100/328]	lr: 6.250e-04, eta: 6:19:28, time: 1.234, data_time: 0.161, memory: 7994, loss_cls: 0.3243, loss_bbox: 0.1245, loss_kps: 5.3375, loss: 5.7863
2022-07-06 19:03:01,580 - mmdet - INFO - Epoch [6][150/328]	lr: 6.250e-04, eta: 6:19:30, time: 1.297, data_time: 0.168, memory: 7994, loss_cls: 0.3227, loss_bbox: 0.1253, loss_kps: 5.1695, loss: 5.6176
2022-07-06 19:04:04,842 - mmdet - INFO - Epoch [6][200/328]	lr: 6.250e-04, eta: 6:19:12, time: 1.265, data_time: 0.172, memory: 7994, loss_cls: 0.3200, loss_bbox: 0.1246, loss_kps: 5.4687, loss: 5.9133
2022-07-06 19:05:11,234 - mmdet - INFO - Epoch [6][250/328]	lr: 6.250e-04, eta: 6:19:24, time: 1.328, data_time: 0.195, memory: 7994, loss_cls: 0.3194, loss_bbox: 0.1233, loss_kps: 5.2346, loss: 5.6773
2022-07-06 19:06:13,615 - mmdet - INFO - Epoch [6][300/328]	lr: 6.250e-04, eta: 6:18:51, time: 1.248, data_time: 0.165, memory: 7994, loss_cls: 0.3225, loss_bbox: 0.1263, loss_kps: 5.4337, loss: 5.8824
2022-07-06 19:08:05,816 - mmdet - INFO - Epoch [7][50/328]	lr: 6.250e-04, eta: 6:15:08, time: 1.583, data_time: 0.397, memory: 7994, loss_cls: 0.3203, loss_bbox: 0.1229, loss_kps: 5.2476, loss: 5.6908
2022-07-06 19:09:10,588 - mmdet - INFO - Epoch [7][100/328]	lr: 6.250e-04, eta: 6:14:58, time: 1.295, data_time: 0.169, memory: 7994, loss_cls: 0.3211, loss_bbox: 0.1224, loss_kps: 5.1257, loss: 5.5693
2022-07-06 19:10:14,338 - mmdet - INFO - Epoch [7][150/328]	lr: 6.250e-04, eta: 6:14:37, time: 1.275, data_time: 0.195, memory: 7994, loss_cls: 0.3253, loss_bbox: 0.1251, loss_kps: 5.1571, loss: 5.6076
2022-07-06 19:11:19,381 - mmdet - INFO - Epoch [7][200/328]	lr: 6.250e-04, eta: 6:14:25, time: 1.301, data_time: 0.185, memory: 7994, loss_cls: 0.3199, loss_bbox: 0.1233, loss_kps: 5.0349, loss: 5.4781
2022-07-06 19:12:22,575 - mmdet - INFO - Epoch [7][250/328]	lr: 6.250e-04, eta: 6:13:54, time: 1.260, data_time: 0.212, memory: 7994, loss_cls: 0.3181, loss_bbox: 0.1222, loss_kps: 5.0502, loss: 5.4905
2022-07-06 19:13:27,721 - mmdet - INFO - Epoch [7][300/328]	lr: 6.250e-04, eta: 6:13:40, time: 1.307, data_time: 0.198, memory: 7994, loss_cls: 0.3196, loss_bbox: 0.1229, loss_kps: 5.1757, loss: 5.6182
2022-07-06 19:15:19,182 - mmdet - INFO - Epoch [8][50/328]	lr: 6.250e-04, eta: 6:10:21, time: 1.602, data_time: 0.417, memory: 7994, loss_cls: 0.3214, loss_bbox: 0.1245, loss_kps: 5.2047, loss: 5.6507
2022-07-06 19:16:23,064 - mmdet - INFO - Epoch [8][100/328]	lr: 6.250e-04, eta: 6:09:55, time: 1.278, data_time: 0.160, memory: 7994, loss_cls: 0.3216, loss_bbox: 0.1234, loss_kps: 5.1328, loss: 5.5778
2022-07-06 19:17:27,993 - mmdet - INFO - Epoch [8][150/328]	lr: 6.250e-04, eta: 6:09:35, time: 1.299, data_time: 0.157, memory: 7994, loss_cls: 0.3202, loss_bbox: 0.1242, loss_kps: 5.0430, loss: 5.4874
2022-07-06 19:18:32,840 - mmdet - INFO - Epoch [8][200/328]	lr: 6.250e-04, eta: 6:09:13, time: 1.297, data_time: 0.177, memory: 7994, loss_cls: 0.3209, loss_bbox: 0.1225, loss_kps: 5.0141, loss: 5.4575
2022-07-06 19:19:37,550 - mmdet - INFO - Epoch [8][250/328]	lr: 6.250e-04, eta: 6:08:48, time: 1.294, data_time: 0.181, memory: 7994, loss_cls: 0.3267, loss_bbox: 0.1245, loss_kps: 5.4112, loss: 5.8624
2022-07-06 19:20:41,479 - mmdet - INFO - Epoch [8][300/328]	lr: 6.250e-04, eta: 6:08:16, time: 1.279, data_time: 0.181, memory: 7994, loss_cls: 0.3177, loss_bbox: 0.1239, loss_kps: 4.9786, loss: 5.4203
2022-07-06 19:22:32,285 - mmdet - INFO - Epoch [9][50/328]	lr: 6.250e-04, eta: 6:05:09, time: 1.603, data_time: 0.436, memory: 7994, loss_cls: 0.3194, loss_bbox: 0.1228, loss_kps: 5.2899, loss: 5.7321
2022-07-06 19:23:36,179 - mmdet - INFO - Epoch [9][100/328]	lr: 6.250e-04, eta: 6:04:37, time: 1.278, data_time: 0.156, memory: 7994, loss_cls: 0.3181, loss_bbox: 0.1200, loss_kps: 4.9829, loss: 5.4210
2022-07-06 19:24:40,508 - mmdet - INFO - Epoch [9][150/328]	lr: 6.250e-04, eta: 6:04:06, time: 1.287, data_time: 0.205, memory: 7994, loss_cls: 0.3176, loss_bbox: 0.1222, loss_kps: 5.0310, loss: 5.4709
2022-07-06 19:25:43,785 - mmdet - INFO - Epoch [9][200/328]	lr: 6.250e-04, eta: 6:03:28, time: 1.266, data_time: 0.156, memory: 7994, loss_cls: 0.3270, loss_bbox: 0.1234, loss_kps: 5.2981, loss: 5.7485
2022-07-06 19:26:49,205 - mmdet - INFO - Epoch [9][250/328]	lr: 6.250e-04, eta: 6:03:02, time: 1.308, data_time: 0.154, memory: 7994, loss_cls: 0.3258, loss_bbox: 0.1254, loss_kps: 5.3109, loss: 5.7621
2022-07-06 19:27:51,779 - mmdet - INFO - Epoch [9][300/328]	lr: 6.250e-04, eta: 6:02:17, time: 1.251, data_time: 0.153, memory: 7994, loss_cls: 0.3178, loss_bbox: 0.1223, loss_kps: 4.9410, loss: 5.3811
2022-07-06 19:29:43,582 - mmdet - INFO - Epoch [10][50/328]	lr: 6.250e-04, eta: 5:59:10, time: 1.567, data_time: 0.394, memory: 7994, loss_cls: 0.3164, loss_bbox: 0.1220, loss_kps: 4.9672, loss: 5.4056
2022-07-06 19:30:47,860 - mmdet - INFO - Epoch [10][100/328]	lr: 6.250e-04, eta: 5:58:36, time: 1.286, data_time: 0.187, memory: 7994, loss_cls: 0.3173, loss_bbox: 0.1212, loss_kps: 4.9714, loss: 5.4099
2022-07-06 19:31:51,584 - mmdet - INFO - Epoch [10][150/328]	lr: 6.250e-04, eta: 5:57:58, time: 1.274, data_time: 0.167, memory: 7994, loss_cls: 0.3164, loss_bbox: 0.1212, loss_kps: 4.8531, loss: 5.2907
2022-07-06 19:32:56,917 - mmdet - INFO - Epoch [10][200/328]	lr: 6.250e-04, eta: 5:57:28, time: 1.307, data_time: 0.197, memory: 7994, loss_cls: 0.3247, loss_bbox: 0.1205, loss_kps: 4.9350, loss: 5.3802
2022-07-06 19:34:00,187 - mmdet - INFO - Epoch [10][250/328]	lr: 6.250e-04, eta: 5:56:45, time: 1.265, data_time: 0.169, memory: 7994, loss_cls: 0.3170, loss_bbox: 0.1217, loss_kps: 4.8852, loss: 5.3239
2022-07-06 19:35:06,059 - mmdet - INFO - Epoch [10][300/328]	lr: 6.250e-04, eta: 5:56:16, time: 1.317, data_time: 0.211, memory: 7994, loss_cls: 0.3148, loss_bbox: 0.1223, loss_kps: 5.0468, loss: 5.4838
2022-07-06 19:35:36,967 - mmdet - INFO - Saving checkpoint at 10 epochs
2022-07-06 19:35:40,602 - mmdet - INFO - 
+-------+-----+------+--------+-------+
| class | gts | dets | recall | ap    |
+-------+-----+------+--------+-------+
| FG    | 159 | 2320 | 1.000  | 1.000 |
+-------+-----+------+--------+-------+
| mAP   |     |      |        | 1.000 |
+-------+-----+------+--------+-------+
2022-07-06 19:35:40,692 - mmdet - INFO - Exp name: scrfd_cmt_500m_bnkps.py
2022-07-06 19:35:40,692 - mmdet - INFO - Epoch(val) [10][328]	mAP: 1.0000
2022-07-06 19:37:00,865 - mmdet - INFO - Epoch [11][50/328]	lr: 6.250e-04, eta: 5:53:28, time: 1.602, data_time: 0.460, memory: 7994, loss_cls: 0.3166, loss_bbox: 0.1200, loss_kps: 5.0031, loss: 5.4397
2022-07-06 19:38:03,917 - mmdet - INFO - Epoch [11][100/328]	lr: 6.250e-04, eta: 5:52:44, time: 1.261, data_time: 0.215, memory: 7994, loss_cls: 0.3205, loss_bbox: 0.1215, loss_kps: 5.4649, loss: 5.9069
2022-07-06 19:39:07,956 - mmdet - INFO - Epoch [11][150/328]	lr: 6.250e-04, eta: 5:52:04, time: 1.281, data_time: 0.168, memory: 7994, loss_cls: 0.3202, loss_bbox: 0.1211, loss_kps: 4.8239, loss: 5.2651
2022-07-06 19:40:12,561 - mmdet - INFO - Epoch [11][200/328]	lr: 6.250e-04, eta: 5:51:27, time: 1.292, data_time: 0.175, memory: 7994, loss_cls: 0.3196, loss_bbox: 0.1190, loss_kps: 4.9475, loss: 5.3861
2022-07-06 19:41:17,962 - mmdet - INFO - Epoch [11][250/328]	lr: 6.250e-04, eta: 5:50:52, time: 1.308, data_time: 0.178, memory: 7994, loss_cls: 0.3123, loss_bbox: 0.1207, loss_kps: 4.7350, loss: 5.1681
2022-07-06 19:42:21,496 - mmdet - INFO - Epoch [11][300/328]	lr: 6.250e-04, eta: 5:50:08, time: 1.271, data_time: 0.171, memory: 7994, loss_cls: 0.3098, loss_bbox: 0.1206, loss_kps: 4.8535, loss: 5.2838
2022-07-06 19:44:12,917 - mmdet - INFO - Epoch [12][50/328]	lr: 6.250e-04, eta: 5:47:28, time: 1.607, data_time: 0.442, memory: 7994, loss_cls: 0.3121, loss_bbox: 0.1200, loss_kps: 4.7698, loss: 5.2019
2022-07-06 19:45:16,100 - mmdet - INFO - Epoch [12][100/328]	lr: 6.250e-04, eta: 5:46:42, time: 1.264, data_time: 0.169, memory: 7994, loss_cls: 0.3184, loss_bbox: 0.1201, loss_kps: 5.1663, loss: 5.6049
2022-07-06 19:46:21,421 - mmdet - INFO - Epoch [12][150/328]	lr: 6.250e-04, eta: 5:46:06, time: 1.306, data_time: 0.174, memory: 7994, loss_cls: 0.3196, loss_bbox: 0.1197, loss_kps: 4.8599, loss: 5.2992
2022-07-06 19:47:25,897 - mmdet - INFO - Epoch [12][200/328]	lr: 6.250e-04, eta: 5:45:25, time: 1.290, data_time: 0.177, memory: 7994, loss_cls: 0.3172, loss_bbox: 0.1219, loss_kps: 5.0456, loss: 5.4846
2022-07-06 19:48:30,538 - mmdet - INFO - Epoch [12][250/328]	lr: 6.250e-04, eta: 5:44:44, time: 1.293, data_time: 0.189, memory: 7994, loss_cls: 0.3137, loss_bbox: 0.1198, loss_kps: 4.7185, loss: 5.1520
2022-07-06 19:49:34,079 - mmdet - INFO - Epoch [12][300/328]	lr: 6.250e-04, eta: 5:43:57, time: 1.271, data_time: 0.168, memory: 7994, loss_cls: 0.3158, loss_bbox: 0.1189, loss_kps: 4.5424, loss: 4.9772
2022-07-06 19:51:25,612 - mmdet - INFO - Epoch [13][50/328]	lr: 6.250e-04, eta: 5:41:20, time: 1.587, data_time: 0.428, memory: 7994, loss_cls: 0.3162, loss_bbox: 0.1229, loss_kps: 4.8022, loss: 5.2413
2022-07-06 19:52:29,178 - mmdet - INFO - Epoch [13][100/328]	lr: 6.250e-04, eta: 5:40:33, time: 1.271, data_time: 0.177, memory: 7994, loss_cls: 0.3176, loss_bbox: 0.1201, loss_kps: 4.8302, loss: 5.2679
2022-07-06 19:53:33,430 - mmdet - INFO - Epoch [13][150/328]	lr: 6.250e-04, eta: 5:39:50, time: 1.285, data_time: 0.186, memory: 7994, loss_cls: 0.3162, loss_bbox: 0.1176, loss_kps: 4.6381, loss: 5.0719
2022-07-06 19:54:37,976 - mmdet - INFO - Epoch [13][200/328]	lr: 6.250e-04, eta: 5:39:07, time: 1.291, data_time: 0.168, memory: 7994, loss_cls: 0.3140, loss_bbox: 0.1183, loss_kps: 4.8333, loss: 5.2656
2022-07-06 19:55:41,982 - mmdet - INFO - Epoch [13][250/328]	lr: 6.250e-04, eta: 5:38:21, time: 1.280, data_time: 0.195, memory: 7994, loss_cls: 0.3172, loss_bbox: 0.1197, loss_kps: 4.9145, loss: 5.3514
2022-07-06 19:56:47,214 - mmdet - INFO - Epoch [13][300/328]	lr: 6.250e-04, eta: 5:37:40, time: 1.305, data_time: 0.209, memory: 7994, loss_cls: 0.3109, loss_bbox: 0.1197, loss_kps: 4.7744, loss: 5.2051
2022-07-06 19:58:38,683 - mmdet - INFO - Epoch [14][50/328]	lr: 6.250e-04, eta: 5:35:09, time: 1.597, data_time: 0.393, memory: 7994, loss_cls: 0.3144, loss_bbox: 0.1176, loss_kps: 4.6602, loss: 5.0922
2022-07-06 19:59:42,599 - mmdet - INFO - Epoch [14][100/328]	lr: 6.250e-04, eta: 5:34:23, time: 1.278, data_time: 0.201, memory: 7994, loss_cls: 0.3163, loss_bbox: 0.1160, loss_kps: 4.6232, loss: 5.0555
2022-07-06 20:00:46,584 - mmdet - INFO - Epoch [14][150/328]	lr: 6.250e-04, eta: 5:33:36, time: 1.280, data_time: 0.166, memory: 7994, loss_cls: 0.3154, loss_bbox: 0.1196, loss_kps: 4.9335, loss: 5.3685
2022-07-06 20:01:50,606 - mmdet - INFO - Epoch [14][200/328]	lr: 6.250e-04, eta: 5:32:50, time: 1.280, data_time: 0.178, memory: 7994, loss_cls: 0.3113, loss_bbox: 0.1178, loss_kps: 4.6440, loss: 5.0730
2022-07-06 20:02:55,313 - mmdet - INFO - Epoch [14][250/328]	lr: 6.250e-04, eta: 5:32:05, time: 1.294, data_time: 0.233, memory: 7994, loss_cls: 0.3167, loss_bbox: 0.1167, loss_kps: 4.9975, loss: 5.4309
2022-07-06 20:03:59,601 - mmdet - INFO - Epoch [14][300/328]	lr: 6.250e-04, eta: 5:31:18, time: 1.286, data_time: 0.214, memory: 7994, loss_cls: 0.3154, loss_bbox: 0.1196, loss_kps: 5.0698, loss: 5.5048
2022-07-06 20:05:51,027 - mmdet - INFO - Epoch [15][50/328]	lr: 6.250e-04, eta: 5:28:55, time: 1.609, data_time: 0.432, memory: 7994, loss_cls: 0.3152, loss_bbox: 0.1182, loss_kps: 4.6510, loss: 5.0844
2022-07-06 20:06:55,778 - mmdet - INFO - Epoch [15][100/328]	lr: 6.250e-04, eta: 5:28:10, time: 1.295, data_time: 0.185, memory: 7994, loss_cls: 0.3168, loss_bbox: 0.1164, loss_kps: 4.7710, loss: 5.2043
2022-07-06 20:07:59,344 - mmdet - INFO - Epoch [15][150/328]	lr: 6.250e-04, eta: 5:27:20, time: 1.271, data_time: 0.193, memory: 7994, loss_cls: 0.3098, loss_bbox: 0.1184, loss_kps: 4.8270, loss: 5.2551
2022-07-06 20:09:03,771 - mmdet - INFO - Epoch [15][200/328]	lr: 6.250e-04, eta: 5:26:33, time: 1.289, data_time: 0.187, memory: 7994, loss_cls: 0.3151, loss_bbox: 0.1181, loss_kps: 4.9319, loss: 5.3651
2022-07-06 20:10:08,298 - mmdet - INFO - Epoch [15][250/328]	lr: 6.250e-04, eta: 5:25:46, time: 1.291, data_time: 0.197, memory: 7994, loss_cls: 0.3121, loss_bbox: 0.1183, loss_kps: 4.8681, loss: 5.2985
2022-07-06 20:11:12,312 - mmdet - INFO - Epoch [15][300/328]	lr: 6.250e-04, eta: 5:24:57, time: 1.280, data_time: 0.174, memory: 7994, loss_cls: 0.3102, loss_bbox: 0.1203, loss_kps: 4.8130, loss: 5.2435
2022-07-06 20:11:44,210 - mmdet - INFO - Saving checkpoint at 15 epochs
2022-07-06 20:11:47,803 - mmdet - INFO - 
+-------+-----+------+--------+-------+
| class | gts | dets | recall | ap    |
+-------+-----+------+--------+-------+
| FG    | 159 | 2301 | 1.000  | 1.000 |
+-------+-----+------+--------+-------+
| mAP   |     |      |        | 1.000 |
+-------+-----+------+--------+-------+
2022-07-06 20:11:47,910 - mmdet - INFO - Exp name: scrfd_cmt_500m_bnkps.py
2022-07-06 20:11:47,911 - mmdet - INFO - Epoch(val) [15][328]	mAP: 1.0000
2022-07-06 20:13:07,203 - mmdet - INFO - Epoch [16][50/328]	lr: 6.250e-04, eta: 5:22:34, time: 1.585, data_time: 0.437, memory: 7994, loss_cls: 0.3118, loss_bbox: 0.1167, loss_kps: 4.6579, loss: 5.0864
2022-07-06 20:14:12,779 - mmdet - INFO - Epoch [16][100/328]	lr: 6.250e-04, eta: 5:21:50, time: 1.312, data_time: 0.190, memory: 7994, loss_cls: 0.3151, loss_bbox: 0.1168, loss_kps: 4.7961, loss: 5.2280
2022-07-06 20:15:16,382 - mmdet - INFO - Epoch [16][150/328]	lr: 6.250e-04, eta: 5:20:59, time: 1.272, data_time: 0.176, memory: 7994, loss_cls: 0.3160, loss_bbox: 0.1191, loss_kps: 4.9091, loss: 5.3442
2022-07-06 20:16:21,579 - mmdet - INFO - Epoch [16][200/328]	lr: 6.250e-04, eta: 5:20:13, time: 1.304, data_time: 0.204, memory: 7994, loss_cls: 0.3123, loss_bbox: 0.1188, loss_kps: 4.8799, loss: 5.3110
2022-07-06 20:17:25,211 - mmdet - INFO - Epoch [16][250/328]	lr: 6.250e-04, eta: 5:19:22, time: 1.273, data_time: 0.178, memory: 7994, loss_cls: 0.3160, loss_bbox: 0.1151, loss_kps: 4.5375, loss: 4.9686
2022-07-06 20:18:30,172 - mmdet - INFO - Epoch [16][300/328]	lr: 6.250e-04, eta: 5:18:35, time: 1.299, data_time: 0.176, memory: 7994, loss_cls: 0.3110, loss_bbox: 0.1173, loss_kps: 4.9535, loss: 5.3818
2022-07-06 20:20:22,653 - mmdet - INFO - Epoch [17][50/328]	lr: 6.250e-05, eta: 5:16:20, time: 1.615, data_time: 0.474, memory: 7994, loss_cls: 0.3066, loss_bbox: 0.1116, loss_kps: 4.3451, loss: 4.7632
2022-07-06 20:21:26,975 - mmdet - INFO - Epoch [17][100/328]	lr: 6.250e-05, eta: 5:15:30, time: 1.286, data_time: 0.187, memory: 7994, loss_cls: 0.3111, loss_bbox: 0.1104, loss_kps: 4.4251, loss: 4.8466
2022-07-06 20:22:31,867 - mmdet - INFO - Epoch [17][150/328]	lr: 6.250e-05, eta: 5:14:43, time: 1.298, data_time: 0.168, memory: 7994, loss_cls: 0.3105, loss_bbox: 0.1093, loss_kps: 4.1703, loss: 4.5901
2022-07-06 20:23:36,786 - mmdet - INFO - Epoch [17][200/328]	lr: 6.250e-05, eta: 5:13:54, time: 1.298, data_time: 0.180, memory: 7994, loss_cls: 0.3079, loss_bbox: 0.1089, loss_kps: 4.0654, loss: 4.4822
2022-07-06 20:24:40,846 - mmdet - INFO - Epoch [17][250/328]	lr: 6.250e-05, eta: 5:13:04, time: 1.281, data_time: 0.188, memory: 7994, loss_cls: 0.3136, loss_bbox: 0.1085, loss_kps: 3.9610, loss: 4.3830
2022-07-06 20:25:43,774 - mmdet - INFO - Epoch [17][300/328]	lr: 6.250e-05, eta: 5:12:09, time: 1.259, data_time: 0.183, memory: 7994, loss_cls: 0.2976, loss_bbox: 0.1090, loss_kps: 4.0566, loss: 4.4632
2022-07-06 20:27:34,657 - mmdet - INFO - Epoch [18][50/328]	lr: 6.250e-05, eta: 5:09:54, time: 1.595, data_time: 0.437, memory: 7994, loss_cls: 0.3076, loss_bbox: 0.1079, loss_kps: 4.0494, loss: 4.4649
2022-07-06 20:28:38,735 - mmdet - INFO - Epoch [18][100/328]	lr: 6.250e-05, eta: 5:09:03, time: 1.282, data_time: 0.166, memory: 7994, loss_cls: 0.3025, loss_bbox: 0.1083, loss_kps: 4.0453, loss: 4.4561
2022-07-06 20:29:42,997 - mmdet - INFO - Epoch [18][150/328]	lr: 6.250e-05, eta: 5:08:13, time: 1.285, data_time: 0.157, memory: 7994, loss_cls: 0.3036, loss_bbox: 0.1073, loss_kps: 4.0744, loss: 4.4853
2022-07-06 20:30:47,888 - mmdet - INFO - Epoch [18][200/328]	lr: 6.250e-05, eta: 5:07:24, time: 1.298, data_time: 0.203, memory: 7994, loss_cls: 0.3037, loss_bbox: 0.1076, loss_kps: 3.9073, loss: 4.3186
2022-07-06 20:31:51,972 - mmdet - INFO - Epoch [18][250/328]	lr: 6.250e-05, eta: 5:06:32, time: 1.282, data_time: 0.148, memory: 7994, loss_cls: 0.3145, loss_bbox: 0.1064, loss_kps: 3.9571, loss: 4.3781
2022-07-06 20:32:57,282 - mmdet - INFO - Epoch [18][300/328]	lr: 6.250e-05, eta: 5:05:44, time: 1.306, data_time: 0.200, memory: 7994, loss_cls: 0.2998, loss_bbox: 0.1080, loss_kps: 3.9221, loss: 4.3299
2022-07-06 20:34:48,663 - mmdet - INFO - Epoch [19][50/328]	lr: 6.250e-05, eta: 5:03:31, time: 1.594, data_time: 0.437, memory: 7994, loss_cls: 0.3005, loss_bbox: 0.1081, loss_kps: 3.8997, loss: 4.3083
2022-07-06 20:35:53,184 - mmdet - INFO - Epoch [19][100/328]	lr: 6.250e-05, eta: 5:02:40, time: 1.290, data_time: 0.161, memory: 7994, loss_cls: 0.3060, loss_bbox: 0.1054, loss_kps: 3.9448, loss: 4.3563
2022-07-06 20:36:57,371 - mmdet - INFO - Epoch [19][150/328]	lr: 6.250e-05, eta: 5:01:49, time: 1.284, data_time: 0.166, memory: 7994, loss_cls: 0.3046, loss_bbox: 0.1080, loss_kps: 4.0719, loss: 4.4845
2022-07-06 20:38:02,027 - mmdet - INFO - Epoch [19][200/328]	lr: 6.250e-05, eta: 5:00:58, time: 1.293, data_time: 0.196, memory: 7994, loss_cls: 0.3021, loss_bbox: 0.1069, loss_kps: 3.8080, loss: 4.2171
2022-07-06 20:39:06,199 - mmdet - INFO - Epoch [19][250/328]	lr: 6.250e-05, eta: 5:00:06, time: 1.283, data_time: 0.186, memory: 7994, loss_cls: 0.3019, loss_bbox: 0.1050, loss_kps: 3.8589, loss: 4.2658
2022-07-06 20:40:11,574 - mmdet - INFO - Epoch [19][300/328]	lr: 6.250e-05, eta: 4:59:16, time: 1.307, data_time: 0.199, memory: 7994, loss_cls: 0.2953, loss_bbox: 0.1078, loss_kps: 3.8693, loss: 4.2724
2022-07-06 20:42:03,433 - mmdet - INFO - Epoch [20][50/328]	lr: 6.250e-05, eta: 4:57:07, time: 1.595, data_time: 0.468, memory: 7994, loss_cls: 0.2981, loss_bbox: 0.1076, loss_kps: 3.8840, loss: 4.2896
2022-07-06 20:43:06,968 - mmdet - INFO - Epoch [20][100/328]	lr: 6.250e-05, eta: 4:56:13, time: 1.271, data_time: 0.194, memory: 7994, loss_cls: 0.2996, loss_bbox: 0.1045, loss_kps: 3.9398, loss: 4.3440
2022-07-06 20:44:11,665 - mmdet - INFO - Epoch [20][150/328]	lr: 6.250e-05, eta: 4:55:21, time: 1.294, data_time: 0.204, memory: 7994, loss_cls: 0.3005, loss_bbox: 0.1079, loss_kps: 3.8789, loss: 4.2874
2022-07-06 20:45:15,981 - mmdet - INFO - Epoch [20][200/328]	lr: 6.250e-05, eta: 4:54:29, time: 1.286, data_time: 0.199, memory: 7994, loss_cls: 0.3111, loss_bbox: 0.1078, loss_kps: 4.0251, loss: 4.4440
2022-07-06 20:46:21,133 - mmdet - INFO - Epoch [20][250/328]	lr: 6.250e-05, eta: 4:53:38, time: 1.303, data_time: 0.184, memory: 7994, loss_cls: 0.3089, loss_bbox: 0.1064, loss_kps: 3.8579, loss: 4.2733
2022-07-06 20:47:25,201 - mmdet - INFO - Epoch [20][300/328]	lr: 6.250e-05, eta: 4:52:45, time: 1.281, data_time: 0.154, memory: 7994, loss_cls: 0.3021, loss_bbox: 0.1056, loss_kps: 3.7811, loss: 4.1889
2022-07-06 20:47:57,483 - mmdet - INFO - Saving checkpoint at 20 epochs
2022-07-06 20:48:00,982 - mmdet - INFO - 
+-------+-----+------+--------+-------+
| class | gts | dets | recall | ap    |
+-------+-----+------+--------+-------+
| FG    | 159 | 2283 | 1.000  | 1.000 |
+-------+-----+------+--------+-------+
| mAP   |     |      |        | 1.000 |
+-------+-----+------+--------+-------+
2022-07-06 20:48:01,099 - mmdet - INFO - Exp name: scrfd_cmt_500m_bnkps.py
2022-07-06 20:48:01,099 - mmdet - INFO - Epoch(val) [20][328]	mAP: 1.0000
2022-07-06 20:49:20,163 - mmdet - INFO - Epoch [21][50/328]	lr: 6.250e-05, eta: 4:50:36, time: 1.580, data_time: 0.433, memory: 7994, loss_cls: 0.3024, loss_bbox: 0.1058, loss_kps: 3.7125, loss: 4.1207
2022-07-06 20:50:25,005 - mmdet - INFO - Epoch [21][100/328]	lr: 6.250e-05, eta: 4:49:45, time: 1.297, data_time: 0.185, memory: 7994, loss_cls: 0.2994, loss_bbox: 0.1042, loss_kps: 3.8786, loss: 4.2821
2022-07-06 20:51:28,372 - mmdet - INFO - Epoch [21][150/328]	lr: 6.250e-05, eta: 4:48:50, time: 1.267, data_time: 0.171, memory: 7994, loss_cls: 0.3017, loss_bbox: 0.1064, loss_kps: 3.8325, loss: 4.2406
2022-07-06 20:52:33,973 - mmdet - INFO - Epoch [21][200/328]	lr: 6.250e-05, eta: 4:47:59, time: 1.312, data_time: 0.230, memory: 7994, loss_cls: 0.3039, loss_bbox: 0.1056, loss_kps: 3.7546, loss: 4.1640
2022-07-06 20:53:37,635 - mmdet - INFO - Epoch [21][250/328]	lr: 6.250e-05, eta: 4:47:05, time: 1.273, data_time: 0.184, memory: 7994, loss_cls: 0.2991, loss_bbox: 0.1059, loss_kps: 3.7898, loss: 4.1947
2022-07-06 20:54:42,168 - mmdet - INFO - Epoch [21][300/328]	lr: 6.250e-05, eta: 4:46:12, time: 1.291, data_time: 0.193, memory: 7994, loss_cls: 0.3016, loss_bbox: 0.1063, loss_kps: 3.8216, loss: 4.2295
2022-07-06 20:56:34,835 - mmdet - INFO - Epoch [22][50/328]	lr: 6.250e-05, eta: 4:44:10, time: 1.623, data_time: 0.417, memory: 7994, loss_cls: 0.2971, loss_bbox: 0.1074, loss_kps: 3.8869, loss: 4.2914
2022-07-06 20:57:36,812 - mmdet - INFO - Epoch [22][100/328]	lr: 6.250e-05, eta: 4:43:12, time: 1.240, data_time: 0.154, memory: 7994, loss_cls: 0.2943, loss_bbox: 0.1060, loss_kps: 3.8269, loss: 4.2272
2022-07-06 20:58:41,973 - mmdet - INFO - Epoch [22][150/328]	lr: 6.250e-05, eta: 4:42:20, time: 1.303, data_time: 0.198, memory: 7994, loss_cls: 0.3006, loss_bbox: 0.1046, loss_kps: 3.7524, loss: 4.1577
2022-07-06 20:59:45,183 - mmdet - INFO - Epoch [22][200/328]	lr: 6.250e-05, eta: 4:41:24, time: 1.264, data_time: 0.196, memory: 7994, loss_cls: 0.3013, loss_bbox: 0.1035, loss_kps: 3.6109, loss: 4.0157
2022-07-06 21:00:51,568 - mmdet - INFO - Epoch [22][250/328]	lr: 6.250e-05, eta: 4:40:34, time: 1.328, data_time: 0.199, memory: 7994, loss_cls: 0.2992, loss_bbox: 0.1046, loss_kps: 3.8352, loss: 4.2391
2022-07-06 21:01:54,351 - mmdet - INFO - Epoch [22][300/328]	lr: 6.250e-05, eta: 4:39:37, time: 1.256, data_time: 0.164, memory: 7994, loss_cls: 0.2978, loss_bbox: 0.1059, loss_kps: 3.8903, loss: 4.2940
2022-07-06 21:03:45,023 - mmdet - INFO - Epoch [23][50/328]	lr: 6.250e-05, eta: 4:37:33, time: 1.586, data_time: 0.405, memory: 7994, loss_cls: 0.3023, loss_bbox: 0.1049, loss_kps: 3.6511, loss: 4.0583
2022-07-06 21:04:48,703 - mmdet - INFO - Epoch [23][100/328]	lr: 6.250e-05, eta: 4:36:38, time: 1.274, data_time: 0.159, memory: 7994, loss_cls: 0.3001, loss_bbox: 0.1050, loss_kps: 3.8183, loss: 4.2234
2022-07-06 21:05:53,968 - mmdet - INFO - Epoch [23][150/328]	lr: 6.250e-05, eta: 4:35:46, time: 1.305, data_time: 0.150, memory: 7994, loss_cls: 0.2948, loss_bbox: 0.1052, loss_kps: 3.7361, loss: 4.1360
2022-07-06 21:06:58,344 - mmdet - INFO - Epoch [23][200/328]	lr: 6.250e-05, eta: 4:34:52, time: 1.288, data_time: 0.176, memory: 7994, loss_cls: 0.2992, loss_bbox: 0.1048, loss_kps: 3.8465, loss: 4.2506
2022-07-06 21:08:02,984 - mmdet - INFO - Epoch [23][250/328]	lr: 6.250e-05, eta: 4:33:58, time: 1.293, data_time: 0.185, memory: 7994, loss_cls: 0.3013, loss_bbox: 0.1045, loss_kps: 3.7440, loss: 4.1498
2022-07-06 21:09:07,368 - mmdet - INFO - Epoch [23][300/328]	lr: 6.250e-05, eta: 4:33:04, time: 1.288, data_time: 0.206, memory: 7994, loss_cls: 0.3020, loss_bbox: 0.1045, loss_kps: 3.8402, loss: 4.2467
2022-07-06 21:10:58,642 - mmdet - INFO - Epoch [24][50/328]	lr: 6.250e-05, eta: 4:31:02, time: 1.588, data_time: 0.449, memory: 7994, loss_cls: 0.2982, loss_bbox: 0.1061, loss_kps: 3.7297, loss: 4.1340
2022-07-06 21:12:04,772 - mmdet - INFO - Epoch [24][100/328]	lr: 6.250e-05, eta: 4:30:11, time: 1.323, data_time: 0.187, memory: 7994, loss_cls: 0.2944, loss_bbox: 0.1042, loss_kps: 3.8187, loss: 4.2173
2022-07-06 21:13:07,393 - mmdet - INFO - Epoch [24][150/328]	lr: 6.250e-05, eta: 4:29:13, time: 1.252, data_time: 0.152, memory: 7994, loss_cls: 0.3008, loss_bbox: 0.1030, loss_kps: 3.8743, loss: 4.2781
2022-07-06 21:14:14,382 - mmdet - INFO - Epoch [24][200/328]	lr: 6.250e-05, eta: 4:28:23, time: 1.340, data_time: 0.181, memory: 7994, loss_cls: 0.3086, loss_bbox: 0.1049, loss_kps: 3.8436, loss: 4.2571
2022-07-06 21:15:17,772 - mmdet - INFO - Epoch [24][250/328]	lr: 6.250e-05, eta: 4:27:27, time: 1.268, data_time: 0.163, memory: 7994, loss_cls: 0.3000, loss_bbox: 0.1042, loss_kps: 3.7612, loss: 4.1654
2022-07-06 21:16:23,620 - mmdet - INFO - Epoch [24][300/328]	lr: 6.250e-05, eta: 4:26:35, time: 1.317, data_time: 0.204, memory: 7994, loss_cls: 0.2994, loss_bbox: 0.1052, loss_kps: 3.7039, loss: 4.1085
2022-07-06 21:18:13,903 - mmdet - INFO - Epoch [25][50/328]	lr: 6.250e-05, eta: 4:24:36, time: 1.603, data_time: 0.407, memory: 7994, loss_cls: 0.2893, loss_bbox: 0.1035, loss_kps: 3.6505, loss: 4.0433
2022-07-06 21:19:18,533 - mmdet - INFO - Epoch [25][100/328]	lr: 6.250e-05, eta: 4:23:41, time: 1.293, data_time: 0.204, memory: 7994, loss_cls: 0.3050, loss_bbox: 0.1034, loss_kps: 3.7683, loss: 4.1767
2022-07-06 21:20:23,001 - mmdet - INFO - Epoch [25][150/328]	lr: 6.250e-05, eta: 4:22:46, time: 1.289, data_time: 0.201, memory: 7994, loss_cls: 0.3003, loss_bbox: 0.1039, loss_kps: 3.6321, loss: 4.0363
2022-07-06 21:21:27,175 - mmdet - INFO - Epoch [25][200/328]	lr: 6.250e-05, eta: 4:21:51, time: 1.283, data_time: 0.201, memory: 7994, loss_cls: 0.3028, loss_bbox: 0.1060, loss_kps: 3.9528, loss: 4.3615
2022-07-06 21:22:32,767 - mmdet - INFO - Epoch [25][250/328]	lr: 6.250e-05, eta: 4:20:58, time: 1.312, data_time: 0.179, memory: 7994, loss_cls: 0.3003, loss_bbox: 0.1045, loss_kps: 3.8599, loss: 4.2647
2022-07-06 21:23:37,167 - mmdet - INFO - Epoch [25][300/328]	lr: 6.250e-05, eta: 4:20:03, time: 1.288, data_time: 0.168, memory: 7994, loss_cls: 0.2983, loss_bbox: 0.1040, loss_kps: 3.7248, loss: 4.1272
2022-07-06 21:24:08,294 - mmdet - INFO - Saving checkpoint at 25 epochs
2022-07-06 21:24:12,195 - mmdet - INFO - 
+-------+-----+------+--------+-------+
| class | gts | dets | recall | ap    |
+-------+-----+------+--------+-------+
| FG    | 159 | 2354 | 1.000  | 1.000 |
+-------+-----+------+--------+-------+
| mAP   |     |      |        | 1.000 |
+-------+-----+------+--------+-------+
2022-07-06 21:24:12,291 - mmdet - INFO - Exp name: scrfd_cmt_500m_bnkps.py
2022-07-06 21:24:12,292 - mmdet - INFO - Epoch(val) [25][328]	mAP: 1.0000
2022-07-06 21:25:32,020 - mmdet - INFO - Epoch [26][50/328]	lr: 6.250e-05, eta: 4:18:04, time: 1.593, data_time: 0.466, memory: 7994, loss_cls: 0.2996, loss_bbox: 0.1032, loss_kps: 3.6913, loss: 4.0941
2022-07-06 21:26:36,967 - mmdet - INFO - Epoch [26][100/328]	lr: 6.250e-05, eta: 4:17:10, time: 1.299, data_time: 0.186, memory: 7994, loss_cls: 0.2998, loss_bbox: 0.1042, loss_kps: 3.7494, loss: 4.1533
2022-07-06 21:27:40,966 - mmdet - INFO - Epoch [26][150/328]	lr: 6.250e-05, eta: 4:16:14, time: 1.280, data_time: 0.193, memory: 7994, loss_cls: 0.3010, loss_bbox: 0.1044, loss_kps: 3.7774, loss: 4.1828
2022-07-06 21:28:46,215 - mmdet - INFO - Epoch [26][200/328]	lr: 6.250e-05, eta: 4:15:20, time: 1.305, data_time: 0.192, memory: 7994, loss_cls: 0.3024, loss_bbox: 0.1055, loss_kps: 3.8095, loss: 4.2174
2022-07-06 21:29:50,787 - mmdet - INFO - Epoch [26][250/328]	lr: 6.250e-05, eta: 4:14:24, time: 1.291, data_time: 0.185, memory: 7994, loss_cls: 0.3028, loss_bbox: 0.1045, loss_kps: 3.7510, loss: 4.1583
2022-07-06 21:30:57,063 - mmdet - INFO - Epoch [26][300/328]	lr: 6.250e-05, eta: 4:13:31, time: 1.326, data_time: 0.170, memory: 7994, loss_cls: 0.2948, loss_bbox: 0.1041, loss_kps: 3.7772, loss: 4.1761
2022-07-06 21:32:46,413 - mmdet - INFO - Epoch [27][50/328]	lr: 6.250e-05, eta: 4:11:33, time: 1.579, data_time: 0.421, memory: 7994, loss_cls: 0.2934, loss_bbox: 0.1034, loss_kps: 3.4536, loss: 3.8504
2022-07-06 21:33:52,734 - mmdet - INFO - Epoch [27][100/328]	lr: 6.250e-05, eta: 4:10:40, time: 1.326, data_time: 0.191, memory: 7994, loss_cls: 0.2993, loss_bbox: 0.1018, loss_kps: 3.6941, loss: 4.0952
2022-07-06 21:34:55,181 - mmdet - INFO - Epoch [27][150/328]	lr: 6.250e-05, eta: 4:09:42, time: 1.249, data_time: 0.169, memory: 7994, loss_cls: 0.2989, loss_bbox: 0.1056, loss_kps: 3.8454, loss: 4.2499
2022-07-06 21:36:01,238 - mmdet - INFO - Epoch [27][200/328]	lr: 6.250e-05, eta: 4:08:48, time: 1.321, data_time: 0.193, memory: 7994, loss_cls: 0.2939, loss_bbox: 0.1030, loss_kps: 3.8076, loss: 4.2045
2022-07-06 21:37:04,933 - mmdet - INFO - Epoch [27][250/328]	lr: 6.250e-05, eta: 4:07:51, time: 1.274, data_time: 0.201, memory: 7994, loss_cls: 0.2997, loss_bbox: 0.1038, loss_kps: 3.7020, loss: 4.1055
2022-07-06 21:38:10,166 - mmdet - INFO - Epoch [27][300/328]	lr: 6.250e-05, eta: 4:06:57, time: 1.305, data_time: 0.165, memory: 7994, loss_cls: 0.2952, loss_bbox: 0.1038, loss_kps: 3.7334, loss: 4.1324
2022-07-06 21:40:02,618 - mmdet - INFO - Epoch [28][50/328]	lr: 6.250e-05, eta: 4:05:03, time: 1.622, data_time: 0.454, memory: 7994, loss_cls: 0.2996, loss_bbox: 0.1021, loss_kps: 3.6512, loss: 4.0530
2022-07-06 21:41:06,951 - mmdet - INFO - Epoch [28][100/328]	lr: 6.250e-05, eta: 4:04:07, time: 1.287, data_time: 0.183, memory: 7994, loss_cls: 0.2987, loss_bbox: 0.1036, loss_kps: 3.6384, loss: 4.0407
2022-07-06 21:42:11,282 - mmdet - INFO - Epoch [28][150/328]	lr: 6.250e-05, eta: 4:03:10, time: 1.287, data_time: 0.212, memory: 7994, loss_cls: 0.3029, loss_bbox: 0.1056, loss_kps: 3.6643, loss: 4.0727
2022-07-06 21:43:15,571 - mmdet - INFO - Epoch [28][200/328]	lr: 6.250e-05, eta: 4:02:14, time: 1.286, data_time: 0.186, memory: 7994, loss_cls: 0.3000, loss_bbox: 0.1054, loss_kps: 3.9221, loss: 4.3275
2022-07-06 21:44:20,881 - mmdet - INFO - Epoch [28][250/328]	lr: 6.250e-05, eta: 4:01:19, time: 1.306, data_time: 0.212, memory: 7994, loss_cls: 0.2972, loss_bbox: 0.1036, loss_kps: 3.5523, loss: 3.9530
2022-07-06 21:45:23,574 - mmdet - INFO - Epoch [28][300/328]	lr: 6.250e-05, eta: 4:00:20, time: 1.254, data_time: 0.191, memory: 7994, loss_cls: 0.2950, loss_bbox: 0.1033, loss_kps: 3.6897, loss: 4.0879
2022-07-06 21:47:15,226 - mmdet - INFO - Epoch [29][50/328]	lr: 6.250e-05, eta: 3:58:26, time: 1.598, data_time: 0.467, memory: 7994, loss_cls: 0.2950, loss_bbox: 0.1042, loss_kps: 3.5989, loss: 3.9981
2022-07-06 21:48:20,131 - mmdet - INFO - Epoch [29][100/328]	lr: 6.250e-05, eta: 3:57:30, time: 1.298, data_time: 0.194, memory: 7994, loss_cls: 0.2994, loss_bbox: 0.1045, loss_kps: 3.6739, loss: 4.0778
2022-07-06 21:49:23,652 - mmdet - INFO - Epoch [29][150/328]	lr: 6.250e-05, eta: 3:56:33, time: 1.270, data_time: 0.194, memory: 7994, loss_cls: 0.3019, loss_bbox: 0.1037, loss_kps: 3.8093, loss: 4.2149
2022-07-06 21:50:28,572 - mmdet - INFO - Epoch [29][200/328]	lr: 6.250e-05, eta: 3:55:37, time: 1.298, data_time: 0.189, memory: 7994, loss_cls: 0.2976, loss_bbox: 0.1031, loss_kps: 3.6570, loss: 4.0578
2022-07-06 21:51:32,755 - mmdet - INFO - Epoch [29][250/328]	lr: 6.250e-05, eta: 3:54:40, time: 1.284, data_time: 0.190, memory: 7994, loss_cls: 0.2977, loss_bbox: 0.1037, loss_kps: 3.8492, loss: 4.2505
2022-07-06 21:52:36,181 - mmdet - INFO - Epoch [29][300/328]	lr: 6.250e-05, eta: 3:53:42, time: 1.269, data_time: 0.160, memory: 7994, loss_cls: 0.2959, loss_bbox: 0.1018, loss_kps: 3.4190, loss: 3.8166
2022-07-06 21:54:27,366 - mmdet - INFO - Epoch [30][50/328]	lr: 6.250e-05, eta: 3:51:48, time: 1.590, data_time: 0.425, memory: 7994, loss_cls: 0.2989, loss_bbox: 0.1046, loss_kps: 3.7166, loss: 4.1200
2022-07-06 21:55:31,558 - mmdet - INFO - Epoch [30][100/328]	lr: 6.250e-05, eta: 3:50:52, time: 1.284, data_time: 0.201, memory: 7994, loss_cls: 0.2981, loss_bbox: 0.1024, loss_kps: 3.7827, loss: 4.1832
2022-07-06 21:56:36,316 - mmdet - INFO - Epoch [30][150/328]	lr: 6.250e-05, eta: 3:49:55, time: 1.295, data_time: 0.174, memory: 7994, loss_cls: 0.2935, loss_bbox: 0.1051, loss_kps: 3.5311, loss: 3.9297
2022-07-06 21:57:41,569 - mmdet - INFO - Epoch [30][200/328]	lr: 6.250e-05, eta: 3:48:59, time: 1.305, data_time: 0.202, memory: 7994, loss_cls: 0.2971, loss_bbox: 0.1030, loss_kps: 3.6348, loss: 4.0348
2022-07-06 21:58:45,768 - mmdet - INFO - Epoch [30][250/328]	lr: 6.250e-05, eta: 3:48:02, time: 1.284, data_time: 0.181, memory: 7994, loss_cls: 0.3030, loss_bbox: 0.1043, loss_kps: 3.8739, loss: 4.2811
2022-07-06 21:59:50,885 - mmdet - INFO - Epoch [30][300/328]	lr: 6.250e-05, eta: 3:47:06, time: 1.302, data_time: 0.182, memory: 7994, loss_cls: 0.2937, loss_bbox: 0.1018, loss_kps: 3.5473, loss: 3.9428
2022-07-06 22:00:21,884 - mmdet - INFO - Saving checkpoint at 30 epochs
2022-07-06 22:00:25,628 - mmdet - INFO - 
+-------+-----+------+--------+-------+
| class | gts | dets | recall | ap    |
+-------+-----+------+--------+-------+
| FG    | 159 | 2280 | 1.000  | 1.000 |
+-------+-----+------+--------+-------+
| mAP   |     |      |        | 1.000 |
+-------+-----+------+--------+-------+
2022-07-06 22:00:25,718 - mmdet - INFO - Exp name: scrfd_cmt_500m_bnkps.py
2022-07-06 22:00:25,718 - mmdet - INFO - Epoch(val) [30][328]	mAP: 0.9999
2022-07-06 22:01:45,488 - mmdet - INFO - Epoch [31][50/328]	lr: 6.250e-05, eta: 3:45:14, time: 1.594, data_time: 0.428, memory: 7994, loss_cls: 0.2939, loss_bbox: 0.1052, loss_kps: 3.7226, loss: 4.1217
2022-07-06 22:02:48,774 - mmdet - INFO - Epoch [31][100/328]	lr: 6.250e-05, eta: 3:44:16, time: 1.266, data_time: 0.177, memory: 7994, loss_cls: 0.2960, loss_bbox: 0.1011, loss_kps: 3.7068, loss: 4.1039
2022-07-06 22:03:53,394 - mmdet - INFO - Epoch [31][150/328]	lr: 6.250e-05, eta: 3:43:19, time: 1.292, data_time: 0.178, memory: 7994, loss_cls: 0.2979, loss_bbox: 0.1035, loss_kps: 3.7196, loss: 4.1210
2022-07-06 22:04:57,586 - mmdet - INFO - Epoch [31][200/328]	lr: 6.250e-05, eta: 3:42:22, time: 1.284, data_time: 0.164, memory: 7994, loss_cls: 0.3048, loss_bbox: 0.1038, loss_kps: 3.7135, loss: 4.1221
2022-07-06 22:06:02,803 - mmdet - INFO - Epoch [31][250/328]	lr: 6.250e-05, eta: 3:41:25, time: 1.304, data_time: 0.175, memory: 7994, loss_cls: 0.2986, loss_bbox: 0.1017, loss_kps: 3.5669, loss: 3.9671
2022-07-06 22:07:07,127 - mmdet - INFO - Epoch [31][300/328]	lr: 6.250e-05, eta: 3:40:28, time: 1.286, data_time: 0.159, memory: 7994, loss_cls: 0.2931, loss_bbox: 0.1023, loss_kps: 3.7987, loss: 4.1941
2022-07-06 22:08:58,006 - mmdet - INFO - Epoch [32][50/328]	lr: 6.250e-05, eta: 3:38:37, time: 1.590, data_time: 0.444, memory: 7994, loss_cls: 0.2984, loss_bbox: 0.1044, loss_kps: 3.5731, loss: 3.9758
2022-07-06 22:10:02,075 - mmdet - INFO - Epoch [32][100/328]	lr: 6.250e-05, eta: 3:37:39, time: 1.281, data_time: 0.179, memory: 7994, loss_cls: 0.3008, loss_bbox: 0.1024, loss_kps: 3.9606, loss: 4.3639
2022-07-06 22:11:06,177 - mmdet - INFO - Epoch [32][150/328]	lr: 6.250e-05, eta: 3:36:42, time: 1.282, data_time: 0.186, memory: 7994, loss_cls: 0.2957, loss_bbox: 0.1024, loss_kps: 3.6125, loss: 4.0107
2022-07-06 22:12:11,168 - mmdet - INFO - Epoch [32][200/328]	lr: 6.250e-05, eta: 3:35:45, time: 1.300, data_time: 0.169, memory: 7994, loss_cls: 0.2967, loss_bbox: 0.1024, loss_kps: 3.7016, loss: 4.1007
2022-07-06 22:13:10,533 - mmdet - INFO - Epoch [32][250/328]	lr: 6.250e-05, eta: 3:34:42, time: 1.187, data_time: 0.157, memory: 7994, loss_cls: 0.2985, loss_bbox: 0.1013, loss_kps: 3.6125, loss: 4.0123
2022-07-06 22:14:02,723 - mmdet - INFO - Epoch [32][300/328]	lr: 6.250e-05, eta: 3:33:33, time: 1.044, data_time: 0.135, memory: 7994, loss_cls: 0.2991, loss_bbox: 0.1039, loss_kps: 3.8144, loss: 4.2173
2022-07-06 22:15:36,236 - mmdet - INFO - Epoch [33][50/328]	lr: 6.250e-05, eta: 3:31:28, time: 1.310, data_time: 0.344, memory: 7994, loss_cls: 0.2905, loss_bbox: 0.1018, loss_kps: 3.4457, loss: 3.8380
2022-07-06 22:16:28,291 - mmdet - INFO - Epoch [33][100/328]	lr: 6.250e-05, eta: 3:30:19, time: 1.041, data_time: 0.132, memory: 7994, loss_cls: 0.2968, loss_bbox: 0.1019, loss_kps: 3.7589, loss: 4.1577
2022-07-06 22:17:20,227 - mmdet - INFO - Epoch [33][150/328]	lr: 6.250e-05, eta: 3:29:10, time: 1.039, data_time: 0.137, memory: 7994, loss_cls: 0.3027, loss_bbox: 0.1039, loss_kps: 3.7484, loss: 4.1550
2022-07-06 22:18:12,503 - mmdet - INFO - Epoch [33][200/328]	lr: 6.250e-05, eta: 3:28:01, time: 1.046, data_time: 0.148, memory: 7994, loss_cls: 0.2978, loss_bbox: 0.1024, loss_kps: 3.6913, loss: 4.0915
2022-07-06 22:19:05,155 - mmdet - INFO - Epoch [33][250/328]	lr: 6.250e-05, eta: 3:26:53, time: 1.053, data_time: 0.147, memory: 7994, loss_cls: 0.2954, loss_bbox: 0.1026, loss_kps: 3.7557, loss: 4.1537
2022-07-06 22:19:57,828 - mmdet - INFO - Epoch [33][300/328]	lr: 6.250e-05, eta: 3:25:45, time: 1.053, data_time: 0.143, memory: 7994, loss_cls: 0.2900, loss_bbox: 0.1015, loss_kps: 3.5850, loss: 3.9766
2022-07-06 22:21:31,128 - mmdet - INFO - Epoch [34][50/328]	lr: 6.250e-05, eta: 3:23:43, time: 1.300, data_time: 0.319, memory: 7994, loss_cls: 0.2897, loss_bbox: 0.1030, loss_kps: 3.5410, loss: 3.9337
2022-07-06 22:22:22,784 - mmdet - INFO - Epoch [34][100/328]	lr: 6.250e-05, eta: 3:22:35, time: 1.033, data_time: 0.132, memory: 7994, loss_cls: 0.2961, loss_bbox: 0.1023, loss_kps: 3.4934, loss: 3.8918
2022-07-06 22:23:14,700 - mmdet - INFO - Epoch [34][150/328]	lr: 6.250e-05, eta: 3:21:27, time: 1.038, data_time: 0.137, memory: 7994, loss_cls: 0.2931, loss_bbox: 0.1030, loss_kps: 3.5955, loss: 3.9916
2022-07-06 22:24:06,984 - mmdet - INFO - Epoch [34][200/328]	lr: 6.250e-05, eta: 3:20:19, time: 1.046, data_time: 0.138, memory: 7994, loss_cls: 0.2990, loss_bbox: 0.1024, loss_kps: 3.5680, loss: 3.9694
2022-07-06 22:24:59,458 - mmdet - INFO - Epoch [34][250/328]	lr: 6.250e-05, eta: 3:19:12, time: 1.049, data_time: 0.138, memory: 7994, loss_cls: 0.2967, loss_bbox: 0.1024, loss_kps: 3.6182, loss: 4.0173
2022-07-06 22:25:51,718 - mmdet - INFO - Epoch [34][300/328]	lr: 6.250e-05, eta: 3:18:04, time: 1.045, data_time: 0.137, memory: 7994, loss_cls: 0.2930, loss_bbox: 0.1035, loss_kps: 3.5905, loss: 3.9870
2022-07-06 22:27:25,700 - mmdet - INFO - Epoch [35][50/328]	lr: 6.250e-05, eta: 3:16:06, time: 1.312, data_time: 0.329, memory: 7994, loss_cls: 0.2962, loss_bbox: 0.1031, loss_kps: 3.6752, loss: 4.0745
2022-07-06 22:28:17,601 - mmdet - INFO - Epoch [35][100/328]	lr: 6.250e-05, eta: 3:14:58, time: 1.038, data_time: 0.135, memory: 7994, loss_cls: 0.2948, loss_bbox: 0.1028, loss_kps: 3.7329, loss: 4.1305
2022-07-06 22:29:10,021 - mmdet - INFO - Epoch [35][150/328]	lr: 6.250e-05, eta: 3:13:52, time: 1.048, data_time: 0.134, memory: 7994, loss_cls: 0.2967, loss_bbox: 0.1016, loss_kps: 3.5282, loss: 3.9265
2022-07-06 22:30:02,236 - mmdet - INFO - Epoch [35][200/328]	lr: 6.250e-05, eta: 3:12:45, time: 1.044, data_time: 0.134, memory: 7994, loss_cls: 0.2921, loss_bbox: 0.1025, loss_kps: 3.6348, loss: 4.0294
2022-07-06 22:30:54,864 - mmdet - INFO - Epoch [35][250/328]	lr: 6.250e-05, eta: 3:11:39, time: 1.053, data_time: 0.142, memory: 7994, loss_cls: 0.2988, loss_bbox: 0.1027, loss_kps: 3.6581, loss: 4.0596
2022-07-06 22:31:47,187 - mmdet - INFO - Epoch [35][300/328]	lr: 6.250e-05, eta: 3:10:33, time: 1.046, data_time: 0.136, memory: 7994, loss_cls: 0.2924, loss_bbox: 0.1030, loss_kps: 3.5549, loss: 3.9503
2022-07-06 22:32:15,387 - mmdet - INFO - Saving checkpoint at 35 epochs
2022-07-06 22:32:19,003 - mmdet - INFO - 
+-------+-----+------+--------+-------+
| class | gts | dets | recall | ap    |
+-------+-----+------+--------+-------+
| FG    | 159 | 2141 | 1.000  | 1.000 |
+-------+-----+------+--------+-------+
| mAP   |     |      |        | 1.000 |
+-------+-----+------+--------+-------+
2022-07-06 22:32:19,095 - mmdet - INFO - Exp name: scrfd_cmt_500m_bnkps.py
2022-07-06 22:32:19,096 - mmdet - INFO - Epoch(val) [35][328]	mAP: 1.0000
2022-07-06 22:33:25,449 - mmdet - INFO - Epoch [36][50/328]	lr: 6.250e-05, eta: 3:08:37, time: 1.326, data_time: 0.327, memory: 7994, loss_cls: 0.2929, loss_bbox: 0.1033, loss_kps: 3.6376, loss: 4.0339
2022-07-06 22:34:17,388 - mmdet - INFO - Epoch [36][100/328]	lr: 6.250e-05, eta: 3:07:31, time: 1.039, data_time: 0.139, memory: 7994, loss_cls: 0.2966, loss_bbox: 0.1031, loss_kps: 3.7800, loss: 4.1797
2022-07-06 22:35:09,999 - mmdet - INFO - Epoch [36][150/328]	lr: 6.250e-05, eta: 3:06:25, time: 1.052, data_time: 0.136, memory: 7994, loss_cls: 0.2921, loss_bbox: 0.1006, loss_kps: 3.4793, loss: 3.8719
2022-07-06 22:36:02,185 - mmdet - INFO - Epoch [36][200/328]	lr: 6.250e-05, eta: 3:05:19, time: 1.044, data_time: 0.134, memory: 7994, loss_cls: 0.2929, loss_bbox: 0.1037, loss_kps: 3.5279, loss: 3.9245
2022-07-06 22:36:54,368 - mmdet - INFO - Epoch [36][250/328]	lr: 6.250e-05, eta: 3:04:14, time: 1.044, data_time: 0.149, memory: 7994, loss_cls: 0.2969, loss_bbox: 0.1028, loss_kps: 3.6512, loss: 4.0509
2022-07-06 22:37:46,461 - mmdet - INFO - Epoch [36][300/328]	lr: 6.250e-05, eta: 3:03:08, time: 1.042, data_time: 0.139, memory: 7994, loss_cls: 0.2916, loss_bbox: 0.1018, loss_kps: 3.4327, loss: 3.8260
2022-07-06 22:39:20,398 - mmdet - INFO - Epoch [37][50/328]	lr: 6.250e-05, eta: 3:01:14, time: 1.308, data_time: 0.337, memory: 7994, loss_cls: 0.2920, loss_bbox: 0.1042, loss_kps: 3.6181, loss: 4.0143
2022-07-06 22:40:12,030 - mmdet - INFO - Epoch [37][100/328]	lr: 6.250e-05, eta: 3:00:08, time: 1.033, data_time: 0.132, memory: 7994, loss_cls: 0.2956, loss_bbox: 0.1029, loss_kps: 3.6515, loss: 4.0500
2022-07-06 22:41:04,605 - mmdet - INFO - Epoch [37][150/328]	lr: 6.250e-05, eta: 2:59:04, time: 1.051, data_time: 0.130, memory: 7994, loss_cls: 0.2920, loss_bbox: 0.1035, loss_kps: 3.5836, loss: 3.9791
2022-07-06 22:41:56,884 - mmdet - INFO - Epoch [37][200/328]	lr: 6.250e-05, eta: 2:57:59, time: 1.046, data_time: 0.145, memory: 7994, loss_cls: 0.2927, loss_bbox: 0.1005, loss_kps: 3.4417, loss: 3.8349
2022-07-06 22:42:49,490 - mmdet - INFO - Epoch [37][250/328]	lr: 6.250e-05, eta: 2:56:54, time: 1.052, data_time: 0.143, memory: 7994, loss_cls: 0.2917, loss_bbox: 0.1022, loss_kps: 3.6712, loss: 4.0651
2022-07-06 22:43:41,808 - mmdet - INFO - Epoch [37][300/328]	lr: 6.250e-05, eta: 2:55:50, time: 1.046, data_time: 0.134, memory: 7994, loss_cls: 0.2894, loss_bbox: 0.1017, loss_kps: 3.6279, loss: 4.0190
2022-07-06 22:45:15,910 - mmdet - INFO - Epoch [38][50/328]	lr: 6.250e-05, eta: 2:53:58, time: 1.316, data_time: 0.346, memory: 7994, loss_cls: 0.2922, loss_bbox: 0.1018, loss_kps: 3.6203, loss: 4.0143
2022-07-06 22:46:08,416 - mmdet - INFO - Epoch [38][100/328]	lr: 6.250e-05, eta: 2:52:54, time: 1.050, data_time: 0.147, memory: 7994, loss_cls: 0.2940, loss_bbox: 0.1019, loss_kps: 3.6445, loss: 4.0405
2022-07-06 22:47:00,801 - mmdet - INFO - Epoch [38][150/328]	lr: 6.250e-05, eta: 2:51:49, time: 1.048, data_time: 0.144, memory: 7994, loss_cls: 0.2908, loss_bbox: 0.1027, loss_kps: 3.7188, loss: 4.1123
2022-07-06 22:47:52,994 - mmdet - INFO - Epoch [38][200/328]	lr: 6.250e-05, eta: 2:50:45, time: 1.044, data_time: 0.142, memory: 7994, loss_cls: 0.2949, loss_bbox: 0.1009, loss_kps: 3.5344, loss: 3.9302
2022-07-06 22:48:45,638 - mmdet - INFO - Epoch [38][250/328]	lr: 6.250e-05, eta: 2:49:42, time: 1.053, data_time: 0.144, memory: 7994, loss_cls: 0.2986, loss_bbox: 0.1023, loss_kps: 3.6328, loss: 4.0337
2022-07-06 22:49:38,005 - mmdet - INFO - Epoch [38][300/328]	lr: 6.250e-05, eta: 2:48:38, time: 1.047, data_time: 0.138, memory: 7994, loss_cls: 0.2917, loss_bbox: 0.1012, loss_kps: 3.5279, loss: 3.9209
2022-07-06 22:51:11,911 - mmdet - INFO - Epoch [39][50/328]	lr: 6.250e-05, eta: 2:46:47, time: 1.313, data_time: 0.329, memory: 7994, loss_cls: 0.2965, loss_bbox: 0.1011, loss_kps: 3.5660, loss: 3.9637
2022-07-06 22:52:04,028 - mmdet - INFO - Epoch [39][100/328]	lr: 6.250e-05, eta: 2:45:44, time: 1.042, data_time: 0.143, memory: 7994, loss_cls: 0.2998, loss_bbox: 0.1010, loss_kps: 3.6353, loss: 4.0361
2022-07-06 22:52:56,549 - mmdet - INFO - Epoch [39][150/328]	lr: 6.250e-05, eta: 2:44:41, time: 1.050, data_time: 0.141, memory: 7994, loss_cls: 0.2868, loss_bbox: 0.1008, loss_kps: 3.5495, loss: 3.9371
2022-07-06 22:53:48,597 - mmdet - INFO - Epoch [39][200/328]	lr: 6.250e-05, eta: 2:43:37, time: 1.041, data_time: 0.143, memory: 7994, loss_cls: 0.2968, loss_bbox: 0.1022, loss_kps: 3.6019, loss: 4.0009
2022-07-06 22:54:41,253 - mmdet - INFO - Epoch [39][250/328]	lr: 6.250e-05, eta: 2:42:34, time: 1.053, data_time: 0.142, memory: 7994, loss_cls: 0.2959, loss_bbox: 0.1023, loss_kps: 3.4578, loss: 3.8559
2022-07-06 22:55:33,866 - mmdet - INFO - Epoch [39][300/328]	lr: 6.250e-05, eta: 2:41:31, time: 1.052, data_time: 0.144, memory: 7994, loss_cls: 0.2883, loss_bbox: 0.1015, loss_kps: 3.4100, loss: 3.7997
2022-07-06 22:57:08,556 - mmdet - INFO - Epoch [40][50/328]	lr: 6.250e-05, eta: 2:39:43, time: 1.317, data_time: 0.335, memory: 7994, loss_cls: 0.2901, loss_bbox: 0.1033, loss_kps: 3.3792, loss: 3.7726
2022-07-06 22:58:00,808 - mmdet - INFO - Epoch [40][100/328]	lr: 6.250e-05, eta: 2:38:40, time: 1.045, data_time: 0.140, memory: 7994, loss_cls: 0.2950, loss_bbox: 0.1018, loss_kps: 3.5911, loss: 3.9879
2022-07-06 22:58:52,765 - mmdet - INFO - Epoch [40][150/328]	lr: 6.250e-05, eta: 2:37:37, time: 1.039, data_time: 0.137, memory: 7994, loss_cls: 0.2917, loss_bbox: 0.1005, loss_kps: 3.5041, loss: 3.8963
2022-07-06 22:59:45,365 - mmdet - INFO - Epoch [40][200/328]	lr: 6.250e-05, eta: 2:36:34, time: 1.052, data_time: 0.136, memory: 7994, loss_cls: 0.2935, loss_bbox: 0.1030, loss_kps: 3.5200, loss: 3.9165
2022-07-06 23:00:38,004 - mmdet - INFO - Epoch [40][250/328]	lr: 6.250e-05, eta: 2:35:32, time: 1.053, data_time: 0.143, memory: 7994, loss_cls: 0.2947, loss_bbox: 0.1003, loss_kps: 3.4023, loss: 3.7973
2022-07-06 23:01:30,495 - mmdet - INFO - Epoch [40][300/328]	lr: 6.250e-05, eta: 2:34:29, time: 1.050, data_time: 0.138, memory: 7994, loss_cls: 0.2884, loss_bbox: 0.1004, loss_kps: 3.5586, loss: 3.9474
2022-07-06 23:01:58,982 - mmdet - INFO - Saving checkpoint at 40 epochs
2022-07-06 23:02:02,214 - mmdet - INFO - 
+-------+-----+------+--------+-------+
| class | gts | dets | recall | ap    |
+-------+-----+------+--------+-------+
| FG    | 159 | 2381 | 1.000  | 1.000 |
+-------+-----+------+--------+-------+
| mAP   |     |      |        | 1.000 |
+-------+-----+------+--------+-------+
2022-07-06 23:02:02,322 - mmdet - INFO - Exp name: scrfd_cmt_500m_bnkps.py
2022-07-06 23:02:02,322 - mmdet - INFO - Epoch(val) [40][328]	mAP: 1.0000
2022-07-06 23:03:08,290 - mmdet - INFO - Epoch [41][50/328]	lr: 6.250e-05, eta: 2:32:43, time: 1.318, data_time: 0.350, memory: 7994, loss_cls: 0.2924, loss_bbox: 0.1014, loss_kps: 3.5436, loss: 3.9374
2022-07-06 23:04:00,123 - mmdet - INFO - Epoch [41][100/328]	lr: 6.250e-05, eta: 2:31:40, time: 1.037, data_time: 0.134, memory: 7994, loss_cls: 0.2943, loss_bbox: 0.1004, loss_kps: 3.4972, loss: 3.8918
2022-07-06 23:04:52,451 - mmdet - INFO - Epoch [41][150/328]	lr: 6.250e-05, eta: 2:30:38, time: 1.047, data_time: 0.136, memory: 7994, loss_cls: 0.2929, loss_bbox: 0.1004, loss_kps: 3.3982, loss: 3.7915
2022-07-06 23:05:44,660 - mmdet - INFO - Epoch [41][200/328]	lr: 6.250e-05, eta: 2:29:36, time: 1.044, data_time: 0.138, memory: 7994, loss_cls: 0.2920, loss_bbox: 0.1020, loss_kps: 3.6569, loss: 4.0510
2022-07-06 23:06:37,476 - mmdet - INFO - Epoch [41][250/328]	lr: 6.250e-05, eta: 2:28:34, time: 1.056, data_time: 0.153, memory: 7994, loss_cls: 0.2953, loss_bbox: 0.1005, loss_kps: 3.5635, loss: 3.9592
2022-07-06 23:07:29,973 - mmdet - INFO - Epoch [41][300/328]	lr: 6.250e-05, eta: 2:27:32, time: 1.050, data_time: 0.134, memory: 7994, loss_cls: 0.2893, loss_bbox: 0.1019, loss_kps: 3.5766, loss: 3.9677
2022-07-06 23:09:03,782 - mmdet - INFO - Epoch [42][50/328]	lr: 6.250e-05, eta: 2:25:47, time: 1.308, data_time: 0.333, memory: 7994, loss_cls: 0.2958, loss_bbox: 0.1018, loss_kps: 3.4287, loss: 3.8263
2022-07-06 23:09:55,611 - mmdet - INFO - Epoch [42][100/328]	lr: 6.250e-05, eta: 2:24:45, time: 1.037, data_time: 0.136, memory: 7994, loss_cls: 0.2970, loss_bbox: 0.1025, loss_kps: 3.6820, loss: 4.0815
2022-07-06 23:10:47,789 - mmdet - INFO - Epoch [42][150/328]	lr: 6.250e-05, eta: 2:23:43, time: 1.044, data_time: 0.140, memory: 7994, loss_cls: 0.2903, loss_bbox: 0.1026, loss_kps: 3.4927, loss: 3.8857
2022-07-06 23:11:40,096 - mmdet - INFO - Epoch [42][200/328]	lr: 6.250e-05, eta: 2:22:41, time: 1.046, data_time: 0.130, memory: 7994, loss_cls: 0.2954, loss_bbox: 0.1017, loss_kps: 3.5512, loss: 3.9484
2022-07-06 23:12:32,498 - mmdet - INFO - Epoch [42][250/328]	lr: 6.250e-05, eta: 2:21:40, time: 1.048, data_time: 0.143, memory: 7994, loss_cls: 0.2913, loss_bbox: 0.1006, loss_kps: 3.5916, loss: 3.9835
2022-07-06 23:13:24,355 - mmdet - INFO - Epoch [42][300/328]	lr: 6.250e-05, eta: 2:20:38, time: 1.037, data_time: 0.141, memory: 7994, loss_cls: 0.2898, loss_bbox: 0.1014, loss_kps: 3.5605, loss: 3.9517
2022-07-06 23:14:58,657 - mmdet - INFO - Epoch [43][50/328]	lr: 6.250e-05, eta: 2:18:55, time: 1.322, data_time: 0.351, memory: 7994, loss_cls: 0.2904, loss_bbox: 0.1024, loss_kps: 3.3833, loss: 3.7760
2022-07-06 23:15:50,303 - mmdet - INFO - Epoch [43][100/328]	lr: 6.250e-05, eta: 2:17:53, time: 1.033, data_time: 0.140, memory: 7994, loss_cls: 0.2937, loss_bbox: 0.1012, loss_kps: 3.6450, loss: 4.0399
2022-07-06 23:16:42,428 - mmdet - INFO - Epoch [43][150/328]	lr: 6.250e-05, eta: 2:16:52, time: 1.042, data_time: 0.140, memory: 7994, loss_cls: 0.2945, loss_bbox: 0.1017, loss_kps: 3.5399, loss: 3.9362
2022-07-06 23:17:35,162 - mmdet - INFO - Epoch [43][200/328]	lr: 6.250e-05, eta: 2:15:51, time: 1.055, data_time: 0.148, memory: 7994, loss_cls: 0.2970, loss_bbox: 0.1013, loss_kps: 3.5930, loss: 3.9913
2022-07-06 23:18:27,822 - mmdet - INFO - Epoch [43][250/328]	lr: 6.250e-05, eta: 2:14:50, time: 1.053, data_time: 0.156, memory: 7994, loss_cls: 0.2955, loss_bbox: 0.1020, loss_kps: 3.6143, loss: 4.0118
2022-07-06 23:19:20,330 - mmdet - INFO - Epoch [43][300/328]	lr: 6.250e-05, eta: 2:13:50, time: 1.050, data_time: 0.145, memory: 7994, loss_cls: 0.2902, loss_bbox: 0.1006, loss_kps: 3.5252, loss: 3.9160
2022-07-06 23:20:54,006 - mmdet - INFO - Epoch [44][50/328]	lr: 6.250e-05, eta: 2:12:07, time: 1.313, data_time: 0.344, memory: 7994, loss_cls: 0.2932, loss_bbox: 0.1007, loss_kps: 3.6716, loss: 4.0656
2022-07-06 23:21:45,946 - mmdet - INFO - Epoch [44][100/328]	lr: 6.250e-05, eta: 2:11:06, time: 1.039, data_time: 0.135, memory: 7994, loss_cls: 0.2901, loss_bbox: 0.1002, loss_kps: 3.5540, loss: 3.9444
2022-07-06 23:22:37,977 - mmdet - INFO - Epoch [44][150/328]	lr: 6.250e-05, eta: 2:10:05, time: 1.041, data_time: 0.140, memory: 7994, loss_cls: 0.2928, loss_bbox: 0.1006, loss_kps: 3.6137, loss: 4.0070
2022-07-06 23:23:30,516 - mmdet - INFO - Epoch [44][200/328]	lr: 6.250e-05, eta: 2:09:05, time: 1.051, data_time: 0.134, memory: 7994, loss_cls: 0.2919, loss_bbox: 0.1011, loss_kps: 3.5501, loss: 3.9432
2022-07-06 23:24:23,717 - mmdet - INFO - Epoch [44][250/328]	lr: 6.250e-05, eta: 2:08:05, time: 1.064, data_time: 0.149, memory: 7994, loss_cls: 0.2922, loss_bbox: 0.1006, loss_kps: 3.5630, loss: 3.9557
2022-07-06 23:25:15,909 - mmdet - INFO - Epoch [44][300/328]	lr: 6.250e-05, eta: 2:07:04, time: 1.044, data_time: 0.148, memory: 7994, loss_cls: 0.2882, loss_bbox: 0.1008, loss_kps: 3.4193, loss: 3.8084
2022-07-06 23:26:49,936 - mmdet - INFO - Epoch [45][50/328]	lr: 6.250e-05, eta: 2:05:23, time: 1.312, data_time: 0.355, memory: 7994, loss_cls: 0.2905, loss_bbox: 0.1012, loss_kps: 3.5006, loss: 3.8922
2022-07-06 23:27:41,701 - mmdet - INFO - Epoch [45][100/328]	lr: 6.250e-05, eta: 2:04:23, time: 1.035, data_time: 0.134, memory: 7994, loss_cls: 0.2906, loss_bbox: 0.1011, loss_kps: 3.6049, loss: 3.9966
2022-07-06 23:28:34,133 - mmdet - INFO - Epoch [45][150/328]	lr: 6.250e-05, eta: 2:03:22, time: 1.049, data_time: 0.146, memory: 7994, loss_cls: 0.2937, loss_bbox: 0.1005, loss_kps: 3.6038, loss: 3.9980
2022-07-06 23:29:26,762 - mmdet - INFO - Epoch [45][200/328]	lr: 6.250e-05, eta: 2:02:22, time: 1.053, data_time: 0.150, memory: 7994, loss_cls: 0.2958, loss_bbox: 0.1015, loss_kps: 3.6016, loss: 3.9990
2022-07-06 23:30:19,127 - mmdet - INFO - Epoch [45][250/328]	lr: 6.250e-05, eta: 2:01:22, time: 1.047, data_time: 0.141, memory: 7994, loss_cls: 0.2905, loss_bbox: 0.1003, loss_kps: 3.6215, loss: 4.0123
2022-07-06 23:31:11,223 - mmdet - INFO - Epoch [45][300/328]	lr: 6.250e-05, eta: 2:00:22, time: 1.042, data_time: 0.136, memory: 7994, loss_cls: 0.2932, loss_bbox: 0.1002, loss_kps: 3.5531, loss: 3.9465
2022-07-06 23:31:39,745 - mmdet - INFO - Saving checkpoint at 45 epochs
2022-07-06 23:31:43,011 - mmdet - INFO - 
+-------+-----+------+--------+-------+
| class | gts | dets | recall | ap    |
+-------+-----+------+--------+-------+
| FG    | 159 | 2097 | 1.000  | 1.000 |
+-------+-----+------+--------+-------+
| mAP   |     |      |        | 1.000 |
+-------+-----+------+--------+-------+
2022-07-06 23:31:43,126 - mmdet - INFO - Exp name: scrfd_cmt_500m_bnkps.py
2022-07-06 23:31:43,126 - mmdet - INFO - Epoch(val) [45][328]	mAP: 0.9999
2022-07-06 23:32:50,094 - mmdet - INFO - Epoch [46][50/328]	lr: 6.250e-05, eta: 1:58:43, time: 1.338, data_time: 0.375, memory: 7994, loss_cls: 0.2890, loss_bbox: 0.0999, loss_kps: 3.4433, loss: 3.8322
2022-07-06 23:33:41,654 - mmdet - INFO - Epoch [46][100/328]	lr: 6.250e-05, eta: 1:57:43, time: 1.031, data_time: 0.138, memory: 7994, loss_cls: 0.2955, loss_bbox: 0.1002, loss_kps: 3.5314, loss: 3.9271
2022-07-06 23:34:33,703 - mmdet - INFO - Epoch [46][150/328]	lr: 6.250e-05, eta: 1:56:43, time: 1.041, data_time: 0.138, memory: 7994, loss_cls: 0.2893, loss_bbox: 0.1009, loss_kps: 3.3297, loss: 3.7199
2022-07-06 23:35:26,356 - mmdet - INFO - Epoch [46][200/328]	lr: 6.250e-05, eta: 1:55:43, time: 1.053, data_time: 0.141, memory: 7994, loss_cls: 0.2909, loss_bbox: 0.1013, loss_kps: 3.5734, loss: 3.9656
2022-07-06 23:36:18,902 - mmdet - INFO - Epoch [46][250/328]	lr: 6.250e-05, eta: 1:54:44, time: 1.051, data_time: 0.145, memory: 7994, loss_cls: 0.2893, loss_bbox: 0.0993, loss_kps: 3.4609, loss: 3.8495
2022-07-06 23:37:10,439 - mmdet - INFO - Epoch [46][300/328]	lr: 6.250e-05, eta: 1:53:44, time: 1.031, data_time: 0.135, memory: 7994, loss_cls: 0.2864, loss_bbox: 0.1019, loss_kps: 3.5070, loss: 3.8952
2022-07-06 23:38:44,760 - mmdet - INFO - Epoch [47][50/328]	lr: 6.250e-05, eta: 1:52:05, time: 1.311, data_time: 0.328, memory: 7994, loss_cls: 0.2915, loss_bbox: 0.1011, loss_kps: 3.4606, loss: 3.8533
2022-07-06 23:39:38,318 - mmdet - INFO - Epoch [47][100/328]	lr: 6.250e-05, eta: 1:51:06, time: 1.071, data_time: 0.140, memory: 7994, loss_cls: 0.2903, loss_bbox: 0.1010, loss_kps: 3.5356, loss: 3.9269
2022-07-06 23:40:31,536 - mmdet - INFO - Epoch [47][150/328]	lr: 6.250e-05, eta: 1:50:07, time: 1.064, data_time: 0.134, memory: 7994, loss_cls: 0.2906, loss_bbox: 0.1013, loss_kps: 3.4231, loss: 3.8150
2022-07-06 23:41:23,651 - mmdet - INFO - Epoch [47][200/328]	lr: 6.250e-05, eta: 1:49:07, time: 1.042, data_time: 0.137, memory: 7994, loss_cls: 0.2942, loss_bbox: 0.0997, loss_kps: 3.5032, loss: 3.8971
2022-07-06 23:42:16,004 - mmdet - INFO - Epoch [47][250/328]	lr: 6.250e-05, eta: 1:48:08, time: 1.047, data_time: 0.141, memory: 7994, loss_cls: 0.2988, loss_bbox: 0.0999, loss_kps: 3.4776, loss: 3.8763
2022-07-06 23:43:08,667 - mmdet - INFO - Epoch [47][300/328]	lr: 6.250e-05, eta: 1:47:09, time: 1.053, data_time: 0.148, memory: 7994, loss_cls: 0.2940, loss_bbox: 0.0997, loss_kps: 3.5420, loss: 3.9356
2022-07-06 23:44:43,167 - mmdet - INFO - Epoch [48][50/328]	lr: 6.250e-05, eta: 1:45:31, time: 1.320, data_time: 0.336, memory: 7994, loss_cls: 0.2912, loss_bbox: 0.1016, loss_kps: 3.3921, loss: 3.7849
2022-07-06 23:45:35,309 - mmdet - INFO - Epoch [48][100/328]	lr: 6.250e-05, eta: 1:44:32, time: 1.043, data_time: 0.134, memory: 7994, loss_cls: 0.2888, loss_bbox: 0.0999, loss_kps: 3.4830, loss: 3.8716
2022-07-06 23:46:27,773 - mmdet - INFO - Epoch [48][150/328]	lr: 6.250e-05, eta: 1:43:33, time: 1.049, data_time: 0.139, memory: 7994, loss_cls: 0.2922, loss_bbox: 0.1013, loss_kps: 3.4209, loss: 3.8144
2022-07-06 23:47:20,597 - mmdet - INFO - Epoch [48][200/328]	lr: 6.250e-05, eta: 1:42:34, time: 1.056, data_time: 0.147, memory: 7994, loss_cls: 0.2874, loss_bbox: 0.0991, loss_kps: 3.5443, loss: 3.9308
2022-07-06 23:48:13,154 - mmdet - INFO - Epoch [48][250/328]	lr: 6.250e-05, eta: 1:41:35, time: 1.051, data_time: 0.141, memory: 7994, loss_cls: 0.2874, loss_bbox: 0.1002, loss_kps: 3.3827, loss: 3.7704
2022-07-06 23:49:05,652 - mmdet - INFO - Epoch [48][300/328]	lr: 6.250e-05, eta: 1:40:37, time: 1.050, data_time: 0.141, memory: 7994, loss_cls: 0.2910, loss_bbox: 0.1011, loss_kps: 3.3620, loss: 3.7542
2022-07-06 23:50:39,534 - mmdet - INFO - Epoch [49][50/328]	lr: 6.250e-06, eta: 1:39:00, time: 1.316, data_time: 0.339, memory: 7994, loss_cls: 0.2936, loss_bbox: 0.1008, loss_kps: 3.5820, loss: 3.9763
2022-07-06 23:51:31,229 - mmdet - INFO - Epoch [49][100/328]	lr: 6.250e-06, eta: 1:38:01, time: 1.034, data_time: 0.128, memory: 7994, loss_cls: 0.2869, loss_bbox: 0.0980, loss_kps: 3.3091, loss: 3.6940
2022-07-06 23:52:23,376 - mmdet - INFO - Epoch [49][150/328]	lr: 6.250e-06, eta: 1:37:02, time: 1.043, data_time: 0.136, memory: 7994, loss_cls: 0.2967, loss_bbox: 0.1004, loss_kps: 3.5082, loss: 3.9052
2022-07-06 23:53:16,002 - mmdet - INFO - Epoch [49][200/328]	lr: 6.250e-06, eta: 1:36:03, time: 1.053, data_time: 0.139, memory: 7994, loss_cls: 0.2920, loss_bbox: 0.0982, loss_kps: 3.4932, loss: 3.8834
2022-07-06 23:54:08,409 - mmdet - INFO - Epoch [49][250/328]	lr: 6.250e-06, eta: 1:35:05, time: 1.048, data_time: 0.135, memory: 7994, loss_cls: 0.2917, loss_bbox: 0.0999, loss_kps: 3.4209, loss: 3.8126
2022-07-06 23:55:00,852 - mmdet - INFO - Epoch [49][300/328]	lr: 6.250e-06, eta: 1:34:06, time: 1.049, data_time: 0.130, memory: 7994, loss_cls: 0.2889, loss_bbox: 0.0988, loss_kps: 3.3435, loss: 3.7312
2022-07-06 23:56:34,375 - mmdet - INFO - Epoch [50][50/328]	lr: 6.250e-06, eta: 1:32:30, time: 1.302, data_time: 0.351, memory: 7994, loss_cls: 0.2926, loss_bbox: 0.0997, loss_kps: 3.4042, loss: 3.7965
2022-07-06 23:57:26,359 - mmdet - INFO - Epoch [50][100/328]	lr: 6.250e-06, eta: 1:31:32, time: 1.040, data_time: 0.134, memory: 7994, loss_cls: 0.2855, loss_bbox: 0.0982, loss_kps: 3.3088, loss: 3.6925
2022-07-06 23:58:18,663 - mmdet - INFO - Epoch [50][150/328]	lr: 6.250e-06, eta: 1:30:33, time: 1.046, data_time: 0.140, memory: 7994, loss_cls: 0.2911, loss_bbox: 0.0988, loss_kps: 3.3929, loss: 3.7829
2022-07-06 23:59:11,112 - mmdet - INFO - Epoch [50][200/328]	lr: 6.250e-06, eta: 1:29:35, time: 1.049, data_time: 0.139, memory: 7994, loss_cls: 0.2989, loss_bbox: 0.1001, loss_kps: 3.5333, loss: 3.9323
2022-07-07 00:00:04,110 - mmdet - INFO - Epoch [50][250/328]	lr: 6.250e-06, eta: 1:28:37, time: 1.060, data_time: 0.154, memory: 7994, loss_cls: 0.2900, loss_bbox: 0.0997, loss_kps: 3.5501, loss: 3.9398
2022-07-07 00:00:56,665 - mmdet - INFO - Epoch [50][300/328]	lr: 6.250e-06, eta: 1:27:39, time: 1.051, data_time: 0.136, memory: 7994, loss_cls: 0.2916, loss_bbox: 0.0995, loss_kps: 3.5512, loss: 3.9424
2022-07-07 00:01:25,050 - mmdet - INFO - Saving checkpoint at 50 epochs
2022-07-07 00:01:28,634 - mmdet - INFO - 
+-------+-----+------+--------+-------+
| class | gts | dets | recall | ap    |
+-------+-----+------+--------+-------+
| FG    | 159 | 2222 | 1.000  | 1.000 |
+-------+-----+------+--------+-------+
| mAP   |     |      |        | 1.000 |
+-------+-----+------+--------+-------+
2022-07-07 00:01:28,752 - mmdet - INFO - Exp name: scrfd_cmt_500m_bnkps.py
2022-07-07 00:01:28,753 - mmdet - INFO - Epoch(val) [50][328]	mAP: 1.0000
2022-07-07 00:02:34,894 - mmdet - INFO - Epoch [51][50/328]	lr: 6.250e-06, eta: 1:26:04, time: 1.322, data_time: 0.338, memory: 7994, loss_cls: 0.2802, loss_bbox: 0.0991, loss_kps: 3.4010, loss: 3.7803
2022-07-07 00:03:26,692 - mmdet - INFO - Epoch [51][100/328]	lr: 6.250e-06, eta: 1:25:06, time: 1.036, data_time: 0.130, memory: 7994, loss_cls: 0.2941, loss_bbox: 0.0993, loss_kps: 3.4965, loss: 3.8899
2022-07-07 00:04:19,489 - mmdet - INFO - Epoch [51][150/328]	lr: 6.250e-06, eta: 1:24:08, time: 1.056, data_time: 0.131, memory: 7994, loss_cls: 0.2907, loss_bbox: 0.0991, loss_kps: 3.3207, loss: 3.7105
2022-07-07 00:05:11,715 - mmdet - INFO - Epoch [51][200/328]	lr: 6.250e-06, eta: 1:23:10, time: 1.045, data_time: 0.139, memory: 7994, loss_cls: 0.2934, loss_bbox: 0.1000, loss_kps: 3.4144, loss: 3.8078
2022-07-07 00:06:04,117 - mmdet - INFO - Epoch [51][250/328]	lr: 6.250e-06, eta: 1:22:12, time: 1.048, data_time: 0.143, memory: 7994, loss_cls: 0.2921, loss_bbox: 0.0994, loss_kps: 3.3400, loss: 3.7315
2022-07-07 00:06:56,442 - mmdet - INFO - Epoch [51][300/328]	lr: 6.250e-06, eta: 1:21:14, time: 1.046, data_time: 0.143, memory: 7994, loss_cls: 0.2918, loss_bbox: 0.0983, loss_kps: 3.4677, loss: 3.8578
2022-07-07 00:08:29,937 - mmdet - INFO - Epoch [52][50/328]	lr: 6.250e-06, eta: 1:19:39, time: 1.307, data_time: 0.331, memory: 7994, loss_cls: 0.2865, loss_bbox: 0.0992, loss_kps: 3.3761, loss: 3.7617
2022-07-07 00:09:22,649 - mmdet - INFO - Epoch [52][100/328]	lr: 6.250e-06, eta: 1:18:42, time: 1.054, data_time: 0.134, memory: 7994, loss_cls: 0.2898, loss_bbox: 0.0988, loss_kps: 3.3370, loss: 3.7257
2022-07-07 00:10:15,050 - mmdet - INFO - Epoch [52][150/328]	lr: 6.250e-06, eta: 1:17:44, time: 1.048, data_time: 0.132, memory: 7994, loss_cls: 0.2916, loss_bbox: 0.0992, loss_kps: 3.3716, loss: 3.7624
2022-07-07 00:11:07,439 - mmdet - INFO - Epoch [52][200/328]	lr: 6.250e-06, eta: 1:16:46, time: 1.048, data_time: 0.143, memory: 7994, loss_cls: 0.2895, loss_bbox: 0.0994, loss_kps: 3.2912, loss: 3.6802
2022-07-07 00:12:00,363 - mmdet - INFO - Epoch [52][250/328]	lr: 6.250e-06, eta: 1:15:49, time: 1.058, data_time: 0.150, memory: 7994, loss_cls: 0.2938, loss_bbox: 0.1005, loss_kps: 3.3621, loss: 3.7564
2022-07-07 00:12:52,521 - mmdet - INFO - Epoch [52][300/328]	lr: 6.250e-06, eta: 1:14:51, time: 1.043, data_time: 0.139, memory: 7994, loss_cls: 0.2902, loss_bbox: 0.0990, loss_kps: 3.3401, loss: 3.7293
2022-07-07 00:14:26,308 - mmdet - INFO - Epoch [53][50/328]	lr: 6.250e-06, eta: 1:13:17, time: 1.314, data_time: 0.336, memory: 7994, loss_cls: 0.2892, loss_bbox: 0.0998, loss_kps: 3.3166, loss: 3.7056
2022-07-07 00:15:18,675 - mmdet - INFO - Epoch [53][100/328]	lr: 6.250e-06, eta: 1:12:20, time: 1.047, data_time: 0.142, memory: 7994, loss_cls: 0.2849, loss_bbox: 0.0999, loss_kps: 3.2385, loss: 3.6233
2022-07-07 00:16:11,019 - mmdet - INFO - Epoch [53][150/328]	lr: 6.250e-06, eta: 1:11:22, time: 1.047, data_time: 0.147, memory: 7994, loss_cls: 0.2870, loss_bbox: 0.0994, loss_kps: 3.3914, loss: 3.7778
2022-07-07 00:17:03,826 - mmdet - INFO - Epoch [53][200/328]	lr: 6.250e-06, eta: 1:10:25, time: 1.056, data_time: 0.152, memory: 7994, loss_cls: 0.2922, loss_bbox: 0.0999, loss_kps: 3.4086, loss: 3.8007
2022-07-07 00:17:56,491 - mmdet - INFO - Epoch [53][250/328]	lr: 6.250e-06, eta: 1:09:28, time: 1.053, data_time: 0.146, memory: 7994, loss_cls: 0.2933, loss_bbox: 0.0996, loss_kps: 3.4618, loss: 3.8547
2022-07-07 00:18:48,531 - mmdet - INFO - Epoch [53][300/328]	lr: 6.250e-06, eta: 1:08:30, time: 1.041, data_time: 0.138, memory: 7994, loss_cls: 0.2900, loss_bbox: 0.0998, loss_kps: 3.4075, loss: 3.7972
2022-07-07 00:20:23,456 - mmdet - INFO - Epoch [54][50/328]	lr: 6.250e-06, eta: 1:06:57, time: 1.330, data_time: 0.333, memory: 7994, loss_cls: 0.2883, loss_bbox: 0.0997, loss_kps: 3.3423, loss: 3.7303
2022-07-07 00:21:15,054 - mmdet - INFO - Epoch [54][100/328]	lr: 6.250e-06, eta: 1:06:00, time: 1.032, data_time: 0.137, memory: 7994, loss_cls: 0.2930, loss_bbox: 0.0984, loss_kps: 3.4884, loss: 3.8798
2022-07-07 00:22:07,010 - mmdet - INFO - Epoch [54][150/328]	lr: 6.250e-06, eta: 1:05:03, time: 1.039, data_time: 0.139, memory: 7994, loss_cls: 0.2950, loss_bbox: 0.1000, loss_kps: 3.4297, loss: 3.8247
2022-07-07 00:22:59,434 - mmdet - INFO - Epoch [54][200/328]	lr: 6.250e-06, eta: 1:04:05, time: 1.048, data_time: 0.143, memory: 7994, loss_cls: 0.2916, loss_bbox: 0.0980, loss_kps: 3.3742, loss: 3.7638
2022-07-07 00:23:51,855 - mmdet - INFO - Epoch [54][250/328]	lr: 6.250e-06, eta: 1:03:08, time: 1.048, data_time: 0.142, memory: 7994, loss_cls: 0.2931, loss_bbox: 0.1000, loss_kps: 3.3025, loss: 3.6956
2022-07-07 00:24:43,937 - mmdet - INFO - Epoch [54][300/328]	lr: 6.250e-06, eta: 1:02:11, time: 1.042, data_time: 0.134, memory: 7994, loss_cls: 0.2864, loss_bbox: 0.0993, loss_kps: 3.2317, loss: 3.6173
2022-07-07 00:26:18,006 - mmdet - INFO - Epoch [55][50/328]	lr: 6.250e-06, eta: 1:00:39, time: 1.314, data_time: 0.339, memory: 7994, loss_cls: 0.2908, loss_bbox: 0.0989, loss_kps: 3.3034, loss: 3.6932
2022-07-07 00:27:10,019 - mmdet - INFO - Epoch [55][100/328]	lr: 6.250e-06, eta: 0:59:42, time: 1.040, data_time: 0.140, memory: 7994, loss_cls: 0.2909, loss_bbox: 0.0990, loss_kps: 3.3929, loss: 3.7828
2022-07-07 00:28:01,961 - mmdet - INFO - Epoch [55][150/328]	lr: 6.250e-06, eta: 0:58:45, time: 1.039, data_time: 0.128, memory: 7994, loss_cls: 0.2854, loss_bbox: 0.0998, loss_kps: 3.2383, loss: 3.6235
2022-07-07 00:28:54,387 - mmdet - INFO - Epoch [55][200/328]	lr: 6.250e-06, eta: 0:57:48, time: 1.049, data_time: 0.148, memory: 7994, loss_cls: 0.2914, loss_bbox: 0.0971, loss_kps: 3.2838, loss: 3.6724
2022-07-07 00:29:46,837 - mmdet - INFO - Epoch [55][250/328]	lr: 6.250e-06, eta: 0:56:51, time: 1.049, data_time: 0.144, memory: 7994, loss_cls: 0.2856, loss_bbox: 0.1002, loss_kps: 3.4117, loss: 3.7976
2022-07-07 00:30:39,265 - mmdet - INFO - Epoch [55][300/328]	lr: 6.250e-06, eta: 0:55:54, time: 1.049, data_time: 0.136, memory: 7994, loss_cls: 0.2895, loss_bbox: 0.0995, loss_kps: 3.3302, loss: 3.7193
2022-07-07 00:31:07,375 - mmdet - INFO - Saving checkpoint at 55 epochs
2022-07-07 00:31:10,723 - mmdet - INFO - 
+-------+-----+------+--------+-------+
| class | gts | dets | recall | ap    |
+-------+-----+------+--------+-------+
| FG    | 159 | 2266 | 1.000  | 1.000 |
+-------+-----+------+--------+-------+
| mAP   |     |      |        | 1.000 |
+-------+-----+------+--------+-------+
2022-07-07 00:31:10,837 - mmdet - INFO - Exp name: scrfd_cmt_500m_bnkps.py
2022-07-07 00:31:10,838 - mmdet - INFO - Epoch(val) [55][328]	mAP: 0.9998
2022-07-07 00:32:16,988 - mmdet - INFO - Epoch [56][50/328]	lr: 6.250e-06, eta: 0:54:23, time: 1.322, data_time: 0.371, memory: 7994, loss_cls: 0.2921, loss_bbox: 0.0994, loss_kps: 3.3971, loss: 3.7885
2022-07-07 00:33:08,989 - mmdet - INFO - Epoch [56][100/328]	lr: 6.250e-06, eta: 0:53:26, time: 1.040, data_time: 0.127, memory: 7994, loss_cls: 0.2910, loss_bbox: 0.0995, loss_kps: 3.4470, loss: 3.8375
2022-07-07 00:34:01,376 - mmdet - INFO - Epoch [56][150/328]	lr: 6.250e-06, eta: 0:52:29, time: 1.048, data_time: 0.137, memory: 7994, loss_cls: 0.2911, loss_bbox: 0.0993, loss_kps: 3.4926, loss: 3.8830
2022-07-07 00:34:54,320 - mmdet - INFO - Epoch [56][200/328]	lr: 6.250e-06, eta: 0:51:32, time: 1.059, data_time: 0.133, memory: 7994, loss_cls: 0.2899, loss_bbox: 0.0988, loss_kps: 3.5099, loss: 3.8985
2022-07-07 00:35:46,715 - mmdet - INFO - Epoch [56][250/328]	lr: 6.250e-06, eta: 0:50:35, time: 1.048, data_time: 0.144, memory: 7994, loss_cls: 0.2936, loss_bbox: 0.0985, loss_kps: 3.4487, loss: 3.8408
2022-07-07 00:36:38,935 - mmdet - INFO - Epoch [56][300/328]	lr: 6.250e-06, eta: 0:49:39, time: 1.044, data_time: 0.139, memory: 7994, loss_cls: 0.2961, loss_bbox: 0.1000, loss_kps: 3.5422, loss: 3.9383
2022-07-07 00:38:13,986 - mmdet - INFO - Epoch [57][50/328]	lr: 6.250e-06, eta: 0:48:08, time: 1.328, data_time: 0.336, memory: 7994, loss_cls: 0.2925, loss_bbox: 0.0995, loss_kps: 3.3137, loss: 3.7057
2022-07-07 00:39:05,894 - mmdet - INFO - Epoch [57][100/328]	lr: 6.250e-06, eta: 0:47:11, time: 1.038, data_time: 0.134, memory: 7994, loss_cls: 0.2855, loss_bbox: 0.0996, loss_kps: 3.3823, loss: 3.7673
2022-07-07 00:39:57,674 - mmdet - INFO - Epoch [57][150/328]	lr: 6.250e-06, eta: 0:46:15, time: 1.036, data_time: 0.142, memory: 7994, loss_cls: 0.2923, loss_bbox: 0.0976, loss_kps: 3.3723, loss: 3.7621
2022-07-07 00:40:50,254 - mmdet - INFO - Epoch [57][200/328]	lr: 6.250e-06, eta: 0:45:18, time: 1.052, data_time: 0.140, memory: 7994, loss_cls: 0.2943, loss_bbox: 0.1000, loss_kps: 3.3201, loss: 3.7145
2022-07-07 00:41:42,556 - mmdet - INFO - Epoch [57][250/328]	lr: 6.250e-06, eta: 0:44:22, time: 1.046, data_time: 0.142, memory: 7994, loss_cls: 0.2895, loss_bbox: 0.0992, loss_kps: 3.3535, loss: 3.7422
2022-07-07 00:42:35,049 - mmdet - INFO - Epoch [57][300/328]	lr: 6.250e-06, eta: 0:43:25, time: 1.050, data_time: 0.138, memory: 7994, loss_cls: 0.2889, loss_bbox: 0.1000, loss_kps: 3.3222, loss: 3.7112
2022-07-07 00:44:08,889 - mmdet - INFO - Epoch [58][50/328]	lr: 6.250e-06, eta: 0:41:55, time: 1.313, data_time: 0.338, memory: 7994, loss_cls: 0.2941, loss_bbox: 0.0981, loss_kps: 3.3602, loss: 3.7524
2022-07-07 00:45:00,225 - mmdet - INFO - Epoch [58][100/328]	lr: 6.250e-06, eta: 0:40:59, time: 1.027, data_time: 0.134, memory: 7994, loss_cls: 0.2967, loss_bbox: 0.0985, loss_kps: 3.4580, loss: 3.8531
2022-07-07 00:45:52,694 - mmdet - INFO - Epoch [58][150/328]	lr: 6.250e-06, eta: 0:40:02, time: 1.049, data_time: 0.149, memory: 7994, loss_cls: 0.2898, loss_bbox: 0.0998, loss_kps: 3.2356, loss: 3.6252
2022-07-07 00:46:44,852 - mmdet - INFO - Epoch [58][200/328]	lr: 6.250e-06, eta: 0:39:06, time: 1.043, data_time: 0.145, memory: 7994, loss_cls: 0.2862, loss_bbox: 0.0994, loss_kps: 3.5810, loss: 3.9666
2022-07-07 00:47:37,758 - mmdet - INFO - Epoch [58][250/328]	lr: 6.250e-06, eta: 0:38:09, time: 1.058, data_time: 0.150, memory: 7994, loss_cls: 0.2906, loss_bbox: 0.0992, loss_kps: 3.4326, loss: 3.8224
2022-07-07 00:48:29,589 - mmdet - INFO - Epoch [58][300/328]	lr: 6.250e-06, eta: 0:37:13, time: 1.037, data_time: 0.141, memory: 7994, loss_cls: 0.2859, loss_bbox: 0.1001, loss_kps: 3.3514, loss: 3.7374
2022-07-07 00:50:03,554 - mmdet - INFO - Epoch [59][50/328]	lr: 6.250e-06, eta: 0:35:44, time: 1.311, data_time: 0.342, memory: 7994, loss_cls: 0.2879, loss_bbox: 0.0996, loss_kps: 3.3413, loss: 3.7287
2022-07-07 00:50:55,806 - mmdet - INFO - Epoch [59][100/328]	lr: 6.250e-06, eta: 0:34:47, time: 1.045, data_time: 0.143, memory: 7994, loss_cls: 0.2939, loss_bbox: 0.0987, loss_kps: 3.3939, loss: 3.7865
2022-07-07 00:51:47,991 - mmdet - INFO - Epoch [59][150/328]	lr: 6.250e-06, eta: 0:33:51, time: 1.044, data_time: 0.133, memory: 7994, loss_cls: 0.2908, loss_bbox: 0.0993, loss_kps: 3.4732, loss: 3.8633
2022-07-07 00:52:40,519 - mmdet - INFO - Epoch [59][200/328]	lr: 6.250e-06, eta: 0:32:55, time: 1.051, data_time: 0.141, memory: 7994, loss_cls: 0.2888, loss_bbox: 0.0979, loss_kps: 3.3563, loss: 3.7430
2022-07-07 00:53:33,748 - mmdet - INFO - Epoch [59][250/328]	lr: 6.250e-06, eta: 0:31:59, time: 1.065, data_time: 0.137, memory: 7994, loss_cls: 0.2892, loss_bbox: 0.0985, loss_kps: 3.4957, loss: 3.8834
2022-07-07 00:54:25,909 - mmdet - INFO - Epoch [59][300/328]	lr: 6.250e-06, eta: 0:31:03, time: 1.043, data_time: 0.135, memory: 7994, loss_cls: 0.2886, loss_bbox: 0.0985, loss_kps: 3.4024, loss: 3.7894
2022-07-07 00:55:59,566 - mmdet - INFO - Epoch [60][50/328]	lr: 6.250e-06, eta: 0:29:34, time: 1.310, data_time: 0.339, memory: 7994, loss_cls: 0.2870, loss_bbox: 0.0995, loss_kps: 3.4195, loss: 3.8060
2022-07-07 00:56:51,273 - mmdet - INFO - Epoch [60][100/328]	lr: 6.250e-06, eta: 0:28:38, time: 1.034, data_time: 0.136, memory: 7994, loss_cls: 0.2951, loss_bbox: 0.0990, loss_kps: 3.6653, loss: 4.0594
2022-07-07 00:57:43,359 - mmdet - INFO - Epoch [60][150/328]	lr: 6.250e-06, eta: 0:27:42, time: 1.042, data_time: 0.136, memory: 7994, loss_cls: 0.2877, loss_bbox: 0.0987, loss_kps: 3.3575, loss: 3.7439
2022-07-07 00:58:35,758 - mmdet - INFO - Epoch [60][200/328]	lr: 6.250e-06, eta: 0:26:46, time: 1.048, data_time: 0.138, memory: 7994, loss_cls: 0.2945, loss_bbox: 0.1003, loss_kps: 3.5798, loss: 3.9747
2022-07-07 00:59:28,527 - mmdet - INFO - Epoch [60][250/328]	lr: 6.250e-06, eta: 0:25:50, time: 1.055, data_time: 0.144, memory: 7994, loss_cls: 0.2958, loss_bbox: 0.0986, loss_kps: 3.3977, loss: 3.7921
2022-07-07 01:00:20,797 - mmdet - INFO - Epoch [60][300/328]	lr: 6.250e-06, eta: 0:24:54, time: 1.045, data_time: 0.140, memory: 7994, loss_cls: 0.2910, loss_bbox: 0.0984, loss_kps: 3.2365, loss: 3.6259
2022-07-07 01:00:49,050 - mmdet - INFO - Saving checkpoint at 60 epochs
2022-07-07 01:00:52,390 - mmdet - INFO - 
+-------+-----+------+--------+-------+
| class | gts | dets | recall | ap    |
+-------+-----+------+--------+-------+
| FG    | 159 | 2217 | 1.000  | 1.000 |
+-------+-----+------+--------+-------+
| mAP   |     |      |        | 1.000 |
+-------+-----+------+--------+-------+
2022-07-07 01:00:52,512 - mmdet - INFO - Exp name: scrfd_cmt_500m_bnkps.py
2022-07-07 01:00:52,513 - mmdet - INFO - Epoch(val) [60][328]	mAP: 1.0000
2022-07-07 01:01:59,485 - mmdet - INFO - Epoch [61][50/328]	lr: 6.250e-06, eta: 0:23:25, time: 1.338, data_time: 0.360, memory: 7994, loss_cls: 0.2845, loss_bbox: 0.0993, loss_kps: 3.2541, loss: 3.6379
2022-07-07 01:02:51,438 - mmdet - INFO - Epoch [61][100/328]	lr: 6.250e-06, eta: 0:22:29, time: 1.039, data_time: 0.142, memory: 7994, loss_cls: 0.2940, loss_bbox: 0.0993, loss_kps: 3.4092, loss: 3.8025
2022-07-07 01:03:43,484 - mmdet - INFO - Epoch [61][150/328]	lr: 6.250e-06, eta: 0:21:33, time: 1.041, data_time: 0.140, memory: 7994, loss_cls: 0.2923, loss_bbox: 0.0985, loss_kps: 3.2881, loss: 3.6789
2022-07-07 01:04:35,969 - mmdet - INFO - Epoch [61][200/328]	lr: 6.250e-06, eta: 0:20:38, time: 1.050, data_time: 0.142, memory: 7994, loss_cls: 0.2979, loss_bbox: 0.0991, loss_kps: 3.4770, loss: 3.8741
2022-07-07 01:05:28,745 - mmdet - INFO - Epoch [61][250/328]	lr: 6.250e-06, eta: 0:19:42, time: 1.056, data_time: 0.144, memory: 7994, loss_cls: 0.2910, loss_bbox: 0.0992, loss_kps: 3.4834, loss: 3.8736
2022-07-07 01:06:27,225 - mmdet - INFO - Epoch [61][300/328]	lr: 6.250e-06, eta: 0:18:46, time: 1.170, data_time: 0.157, memory: 7994, loss_cls: 0.2849, loss_bbox: 0.0990, loss_kps: 3.2009, loss: 3.5848
