2022-07-12 00:58:13,043 - mmdet - INFO - Environment info:
------------------------------------------------------------
sys.platform: linux
Python: 3.9.11 (main, Mar 29 2022, 19:08:29) [GCC 7.5.0]
CUDA available: True
GPU 0: Tesla T4
CUDA_HOME: /root/miniconda3/envs/manhdq
NVCC: Cuda compilation tools, release 11.3, V11.3.58
GCC: gcc (Ubuntu 9.4.0-1ubuntu1~20.04.1) 9.4.0
PyTorch: 1.11.0+cu113
PyTorch compiling details: PyTorch built with:
  - GCC 7.3
  - C++ Version: 201402
  - Intel(R) Math Kernel Library Version 2020.0.0 Product Build 20191122 for Intel(R) 64 architecture applications
  - Intel(R) MKL-DNN v2.5.2 (Git Hash a9302535553c73243c632ad3c4c80beec3d19a1e)
  - OpenMP 201511 (a.k.a. OpenMP 4.5)
  - LAPACK is enabled (usually provided by MKL)
  - NNPACK is enabled
  - CPU capability usage: AVX2
  - CUDA Runtime 11.3
  - NVCC architecture flags: -gencode;arch=compute_37,code=sm_37;-gencode;arch=compute_50,code=sm_50;-gencode;arch=compute_60,code=sm_60;-gencode;arch=compute_70,code=sm_70;-gencode;arch=compute_75,code=sm_75;-gencode;arch=compute_80,code=sm_80;-gencode;arch=compute_86,code=sm_86
  - CuDNN 8.2
  - Magma 2.5.2
  - Build settings: BLAS_INFO=mkl, BUILD_TYPE=Release, CUDA_VERSION=11.3, CUDNN_VERSION=8.2.0, CXX_COMPILER=/opt/rh/devtoolset-7/root/usr/bin/c++, CXX_FLAGS= -Wno-deprecated -fvisibility-inlines-hidden -DUSE_PTHREADPOOL -fopenmp -DNDEBUG -DUSE_KINETO -DUSE_FBGEMM -DUSE_QNNPACK -DUSE_PYTORCH_QNNPACK -DUSE_XNNPACK -DSYMBOLICATE_MOBILE_DEBUG_HANDLE -DEDGE_PROFILER_USE_KINETO -O2 -fPIC -Wno-narrowing -Wall -Wextra -Werror=return-type -Wno-missing-field-initializers -Wno-type-limits -Wno-array-bounds -Wno-unknown-pragmas -Wno-sign-compare -Wno-unused-parameter -Wno-unused-function -Wno-unused-result -Wno-unused-local-typedefs -Wno-strict-overflow -Wno-strict-aliasing -Wno-error=deprecated-declarations -Wno-stringop-overflow -Wno-psabi -Wno-error=pedantic -Wno-error=redundant-decls -Wno-error=old-style-cast -fdiagnostics-color=always -faligned-new -Wno-unused-but-set-variable -Wno-maybe-uninitialized -fno-math-errno -fno-trapping-math -Werror=format -Wno-stringop-overflow, LAPACK_INFO=mkl, PERF_WITH_AVX=1, PERF_WITH_AVX2=1, PERF_WITH_AVX512=1, TORCH_VERSION=1.11.0, USE_CUDA=ON, USE_CUDNN=ON, USE_EXCEPTION_PTR=1, USE_GFLAGS=OFF, USE_GLOG=OFF, USE_MKL=ON, USE_MKLDNN=OFF, USE_MPI=OFF, USE_NCCL=ON, USE_NNPACK=ON, USE_OPENMP=ON, USE_ROCM=OFF, 

TorchVision: 0.12.0+cu113
OpenCV: 4.4.0
MMCV: 1.5.3
MMCV Compiler: n/a
MMCV CUDA Compiler: n/a
MMDetection: 2.7.0+
------------------------------------------------------------

2022-07-12 00:58:14,023 - mmdet - INFO - Distributed training: True
2022-07-12 00:58:14,948 - mmdet - INFO - Config:
optimizer = dict(type='SGD', lr=0.000625, weight_decay=0.0005)
optimizer_config = dict(grad_clip=None)
lr_mult = 8
lr_config = dict(
    policy='step',
    warmup='linear',
    warmup_iters=10,
    warmup_ratio=0.001,
    step=[32, 48, 64, 96])
total_epochs = 128
checkpoint_config = dict(interval=5)
log_config = dict(interval=50, hooks=[dict(type='TextLoggerHook')])
dist_params = dict(backend='nccl')
log_level = 'INFO'
load_from = '/home/manhdq/ID_Card_Information_Extraction/ckpts/keypoint_detector_weights/final_500m_kpts_weights/best.pth'
resume_from = None
workflow = [('train', 1)]
dataset_type = 'RetinaFaceDataset'
data_root = '/home/manhdq/ID_Card_Information_Extraction/datasets/cccd'
train_root = '/home/manhdq/ID_Card_Information_Extraction/datasets/cccd/color_v1'
val_root = '/home/manhdq/ID_Card_Information_Extraction/datasets/cccd/valid_cccd_clean'
img_norm_cfg = dict(
    mean=[127.5, 127.5, 127.5], std=[128.0, 128.0, 128.0], to_rgb=True)
albu_train_transforms = [
    dict(
        type='OneOf',
        transforms=[
            dict(
                type='Affine',
                scale=None,
                rotate=(-90, 90),
                shear=None,
                interpolation=0,
                fit_output=True)
        ],
        p=0.6),
    dict(
        type='OneOf',
        transforms=[
            dict(type='MotionBlur'),
            dict(type='GaussianBlur', blur_limit=3)
        ],
        p=0.2),
    dict(type='ToGray', p=0.2)
]
train_pipeline = [
    dict(type='LoadImageFromFile', to_float32=True),
    dict(type='LoadAnnotations', with_bbox=True, with_keypoints=True),
    dict(
        type='RandomSquareCrop',
        crop_choice=[0.3, 0.45, 0.6, 0.8, 1.0, 1.2, 1.4, 1.6, 1.8, 2.0]),
    dict(type='Resize', img_scale=(640, 640), keep_ratio=False),
    dict(
        type='RandomFlip',
        flip_ratio=0.5,
        direction=['horizontal', 'vertical', 'diagonal']),
    dict(
        type='PhotoMetricDistortion',
        brightness_delta=32,
        contrast_range=(0.5, 1.5),
        saturation_range=(0.5, 1.5),
        hue_delta=18),
    dict(
        type='Normalize',
        mean=[127.5, 127.5, 127.5],
        std=[128.0, 128.0, 128.0],
        to_rgb=True),
    dict(type='DefaultFormatBundle'),
    dict(
        type='Collect',
        keys=[
            'img', 'gt_bboxes', 'gt_labels', 'gt_bboxes_ignore',
            'gt_keypointss'
        ])
]
test_pipeline = [
    dict(type='LoadImageFromFile'),
    dict(
        type='MultiScaleFlipAug',
        img_scale=(640, 640),
        flip=False,
        transforms=[
            dict(type='Resize', keep_ratio=True),
            dict(type='RandomFlip', flip_ratio=0.0),
            dict(
                type='Normalize',
                mean=[127.5, 127.5, 127.5],
                std=[128.0, 128.0, 128.0],
                to_rgb=True),
            dict(type='Pad', size=(640, 640), pad_val=0),
            dict(type='ImageToTensor', keys=['img']),
            dict(type='Collect', keys=['img'])
        ])
]
data = dict(
    samples_per_gpu=64,
    workers_per_gpu=8,
    train=dict(
        type='RetinaFaceDataset',
        ann_file=
        '/home/manhdq/ID_Card_Information_Extraction/datasets/cccd/color_v1/annotations.txt',
        img_prefix=
        '/home/manhdq/ID_Card_Information_Extraction/datasets/cccd/color_v1/images',
        pipeline=[
            dict(type='LoadImageFromFile', to_float32=True),
            dict(type='LoadAnnotations', with_bbox=True, with_keypoints=True),
            dict(
                type='RandomSquareCrop',
                crop_choice=[
                    0.3, 0.45, 0.6, 0.8, 1.0, 1.2, 1.4, 1.6, 1.8, 2.0
                ]),
            dict(type='Resize', img_scale=(640, 640), keep_ratio=False),
            dict(
                type='RandomFlip',
                flip_ratio=0.5,
                direction=['horizontal', 'vertical', 'diagonal']),
            dict(
                type='PhotoMetricDistortion',
                brightness_delta=32,
                contrast_range=(0.5, 1.5),
                saturation_range=(0.5, 1.5),
                hue_delta=18),
            dict(
                type='Normalize',
                mean=[127.5, 127.5, 127.5],
                std=[128.0, 128.0, 128.0],
                to_rgb=True),
            dict(type='DefaultFormatBundle'),
            dict(
                type='Collect',
                keys=[
                    'img', 'gt_bboxes', 'gt_labels', 'gt_bboxes_ignore',
                    'gt_keypointss'
                ])
        ]),
    val=dict(
        type='RetinaFaceDataset',
        ann_file=
        '/home/manhdq/ID_Card_Information_Extraction/datasets/cccd/valid_cccd_clean/annotations.txt',
        img_prefix=
        '/home/manhdq/ID_Card_Information_Extraction/datasets/cccd/valid_cccd_clean/images',
        pipeline=[
            dict(type='LoadImageFromFile'),
            dict(type='LoadAnnotations', with_bbox=True, with_keypoints=True),
            dict(
                type='MultiScaleFlipAug',
                img_scale=(640, 640),
                flip=False,
                transforms=[
                    dict(type='Resize', keep_ratio=True),
                    dict(type='RandomFlip', flip_ratio=0.0),
                    dict(
                        type='Normalize',
                        mean=[127.5, 127.5, 127.5],
                        std=[128.0, 128.0, 128.0],
                        to_rgb=True),
                    dict(type='Pad', size=(640, 640), pad_val=0),
                    dict(type='ImageToTensor', keys=['img']),
                    dict(type='Collect', keys=['img'])
                ])
        ]),
    infer=dict(
        type='RetinaFaceDataset',
        ann_file=
        '/home/manhdq/ID_Card_Information_Extraction/datasets/cccd/valid_cccd_clean/annotations.txt',
        img_prefix=
        '/home/manhdq/ID_Card_Information_Extraction/datasets/cccd/valid_cccd_clean/images',
        pipeline=[
            dict(type='LoadImageFromFile'),
            dict(type='LoadAnnotations', with_bbox=True, with_keypoints=True),
            dict(
                type='MultiScaleFlipAug',
                img_scale=(640, 640),
                flip=False,
                transforms=[
                    dict(type='Resize', keep_ratio=True),
                    dict(type='RandomFlip', flip_ratio=0.0),
                    dict(
                        type='Normalize',
                        mean=[127.5, 127.5, 127.5],
                        std=[128.0, 128.0, 128.0],
                        to_rgb=True),
                    dict(type='Pad', size=(640, 640), pad_val=0),
                    dict(type='ImageToTensor', keys=['img']),
                    dict(
                        type='Collect',
                        keys=[
                            'img', 'gt_bboxes', 'gt_labels',
                            'gt_bboxes_ignore', 'gt_keypointss'
                        ])
                ])
        ]),
    test=dict(
        type='RetinaFaceDataset',
        ann_file=
        '/home/manhdq/ID_Card_Information_Extraction/datasets/cccd/valid_cccd_clean/annotations.txt',
        img_prefix=
        '/home/manhdq/ID_Card_Information_Extraction/datasets/cccd/valid_cccd_clean/images',
        pipeline=[
            dict(type='LoadImageFromFile'),
            dict(
                type='MultiScaleFlipAug',
                img_scale=(640, 640),
                flip=False,
                transforms=[
                    dict(type='Resize', keep_ratio=True),
                    dict(type='RandomFlip', flip_ratio=0.0),
                    dict(
                        type='Normalize',
                        mean=[127.5, 127.5, 127.5],
                        std=[128.0, 128.0, 128.0],
                        to_rgb=True),
                    dict(type='Pad', size=(640, 640), pad_val=0),
                    dict(type='ImageToTensor', keys=['img']),
                    dict(type='Collect', keys=['img'])
                ])
        ]))
model = dict(
    type='SCRFD',
    backbone=dict(
        type='MobileNetV1',
        block_cfg=dict(
            stage_blocks=(2, 3, 2, 6), stage_planes=[16, 16, 40, 72, 152,
                                                     288])),
    neck=dict(
        type='PAFPN',
        in_channels=[40, 72, 152, 288],
        out_channels=16,
        start_level=1,
        add_extra_convs='on_output',
        num_outs=3),
    bbox_head=dict(
        type='SCRFDHead',
        num_classes=1,
        in_channels=16,
        stacked_convs=2,
        feat_channels=64,
        norm_cfg=dict(type='BN', requires_grad=True),
        cls_reg_share=True,
        strides_share=False,
        dw_conv=True,
        scale_mode=0,
        anchor_generator=dict(
            type='AnchorGenerator',
            ratios=[1.0],
            scales=[1, 2],
            base_sizes=[16, 64, 256],
            strides=[8, 16, 32]),
        loss_cls=dict(
            type='QualityFocalLoss',
            use_sigmoid=True,
            beta=2.0,
            loss_weight=1.0),
        loss_dfl=False,
        reg_max=8,
        loss_bbox=dict(type='DIoULoss', loss_weight=1.0),
        use_kps=True,
        loss_kps=dict(
            type='SmoothL1Loss', beta=0.1111111111111111, loss_weight=1.5),
        train_cfg=dict(
            assigner=dict(type='ATSSAssigner', topk=9),
            allowed_border=-1,
            pos_weight=-1,
            debug=False),
        test_cfg=dict(
            nms_pre=-1,
            min_bbox_size=0,
            score_thr=0.02,
            nms=dict(type='nms', iou_threshold=0.45),
            max_per_img=-1)))
train_cfg = dict(
    assigner=dict(type='ATSSAssigner', topk=9),
    allowed_border=-1,
    pos_weight=-1,
    debug=False)
val_cfg = dict(
    nms_pre=-1,
    min_bbox_size=0,
    score_thr=0.02,
    nms=dict(type='nms', iou_threshold=0.45),
    max_per_img=-1)
test_cfg = dict(
    nms_pre=-1,
    min_bbox_size=0,
    score_thr=0.02,
    nms=dict(type='nms', iou_threshold=0.45),
    max_per_img=-1)
epoch_multi = 1
evaluation = dict(interval=5, metric='mAP')
work_dir = './work_dirs/scrfd_cccd_500m_bnkps_color'
gpu_ids = range(0, 1)

2022-07-12 00:58:19,233 - mmdet - INFO - load checkpoint from local path: /home/manhdq/ID_Card_Information_Extraction/ckpts/keypoint_detector_weights/final_500m_kpts_weights/best.pth
2022-07-12 00:58:19,280 - mmdet - INFO - Start running, host: root@ATMA-Ubuntu20-ARP-v3, work_dir: /home/manhdq/ID_Card_Information_Extraction/keypoint_detection/scrfd/work_dirs/scrfd_cccd_500m_bnkps_color
2022-07-12 00:58:19,280 - mmdet - INFO - Hooks will be executed in the following order:
before_run:
(VERY_HIGH   ) StepLrUpdaterHook                  
(NORMAL      ) CheckpointHook                     
(NORMAL      ) DistEvalHook                       
(VERY_LOW    ) TextLoggerHook                     
 -------------------- 
before_train_epoch:
(VERY_HIGH   ) StepLrUpdaterHook                  
(NORMAL      ) DistSamplerSeedHook                
(NORMAL      ) DistEvalHook                       
(LOW         ) IterTimerHook                      
(VERY_LOW    ) TextLoggerHook                     
 -------------------- 
before_train_iter:
(VERY_HIGH   ) StepLrUpdaterHook                  
(LOW         ) IterTimerHook                      
 -------------------- 
after_train_iter:
(ABOVE_NORMAL) OptimizerHook                      
(NORMAL      ) CheckpointHook                     
(LOW         ) IterTimerHook                      
(VERY_LOW    ) TextLoggerHook                     
 -------------------- 
after_train_epoch:
(NORMAL      ) CheckpointHook                     
(NORMAL      ) DistEvalHook                       
(VERY_LOW    ) TextLoggerHook                     
 -------------------- 
before_val_epoch:
(NORMAL      ) DistSamplerSeedHook                
(LOW         ) IterTimerHook                      
(VERY_LOW    ) TextLoggerHook                     
 -------------------- 
before_val_iter:
(LOW         ) IterTimerHook                      
 -------------------- 
after_val_iter:
(LOW         ) IterTimerHook                      
 -------------------- 
after_val_epoch:
(VERY_LOW    ) TextLoggerHook                     
 -------------------- 
after_run:
(VERY_LOW    ) TextLoggerHook                     
 -------------------- 
2022-07-12 00:58:19,280 - mmdet - INFO - workflow: [('train', 1)], max: 128 epochs
2022-07-12 00:58:19,280 - mmdet - INFO - Checkpoints will be saved to /home/manhdq/ID_Card_Information_Extraction/keypoint_detection/scrfd/work_dirs/scrfd_cccd_500m_bnkps_color by HardDiskBackend.
2022-07-12 01:00:14,816 - mmdet - INFO - Epoch [1][50/241]	lr: 6.250e-04, eta: 19:42:29, time: 2.304, data_time: 1.180, memory: 7991, loss_cls: 0.3258, loss_bbox: 0.1048, loss_kps: 33.7191, loss: 34.1497
2022-07-12 01:01:26,041 - mmdet - INFO - Epoch [1][100/241]	lr: 6.250e-04, eta: 15:53:04, time: 1.416, data_time: 0.340, memory: 7991, loss_cls: 0.3043, loss_bbox: 0.1096, loss_kps: 29.2688, loss: 29.6827
2022-07-12 01:02:37,040 - mmdet - INFO - Epoch [1][150/241]	lr: 6.250e-04, eta: 14:37:11, time: 1.424, data_time: 0.339, memory: 7991, loss_cls: 0.2912, loss_bbox: 0.1128, loss_kps: 28.4081, loss: 28.8121
2022-07-12 01:03:40,440 - mmdet - INFO - Epoch [1][200/241]	lr: 6.250e-04, eta: 13:39:00, time: 1.270, data_time: 0.294, memory: 7991, loss_cls: 0.2858, loss_bbox: 0.1224, loss_kps: 25.6183, loss: 26.0266
2022-07-12 01:06:24,038 - mmdet - INFO - Epoch [2][50/241]	lr: 6.250e-04, eta: 12:37:31, time: 2.243, data_time: 1.165, memory: 7991, loss_cls: 0.2557, loss_bbox: 0.1314, loss_kps: 23.4281, loss: 23.8153
2022-07-12 01:07:34,839 - mmdet - INFO - Epoch [2][100/241]	lr: 6.250e-04, eta: 12:31:02, time: 1.417, data_time: 0.353, memory: 7991, loss_cls: 0.2553, loss_bbox: 0.1368, loss_kps: 22.0108, loss: 22.4029
2022-07-12 01:08:43,640 - mmdet - INFO - Epoch [2][150/241]	lr: 6.250e-04, eta: 12:23:12, time: 1.376, data_time: 0.350, memory: 7991, loss_cls: 0.2474, loss_bbox: 0.1417, loss_kps: 22.0974, loss: 22.4864
2022-07-12 01:09:55,237 - mmdet - INFO - Epoch [2][200/241]	lr: 6.250e-04, eta: 12:20:18, time: 1.435, data_time: 0.364, memory: 7991, loss_cls: 0.2445, loss_bbox: 0.1447, loss_kps: 20.4371, loss: 20.8263
2022-07-12 01:12:40,466 - mmdet - INFO - Epoch [3][50/241]	lr: 6.250e-04, eta: 12:00:19, time: 2.284, data_time: 1.159, memory: 7991, loss_cls: 0.2370, loss_bbox: 0.1437, loss_kps: 19.1968, loss: 19.5776
2022-07-12 01:13:51,039 - mmdet - INFO - Epoch [3][100/241]	lr: 6.250e-04, eta: 11:58:22, time: 1.408, data_time: 0.337, memory: 7991, loss_cls: 0.2478, loss_bbox: 0.1447, loss_kps: 18.1195, loss: 18.5119
2022-07-12 01:15:02,239 - mmdet - INFO - Epoch [3][150/241]	lr: 6.250e-04, eta: 11:57:11, time: 1.424, data_time: 0.346, memory: 7991, loss_cls: 0.2466, loss_bbox: 0.1447, loss_kps: 19.1073, loss: 19.4985
2022-07-12 01:16:12,640 - mmdet - INFO - Epoch [3][200/241]	lr: 6.250e-04, eta: 11:55:25, time: 1.408, data_time: 0.364, memory: 7991, loss_cls: 0.2378, loss_bbox: 0.1441, loss_kps: 17.5620, loss: 17.9438
2022-07-12 01:18:04,291 - mmdet - INFO - Epoch [4][50/241]	lr: 6.250e-04, eta: 11:14:36, time: 1.397, data_time: 0.704, memory: 7991, loss_cls: 0.2293, loss_bbox: 0.1450, loss_kps: 16.1872, loss: 16.5614
2022-07-12 01:18:44,123 - mmdet - INFO - Epoch [4][100/241]	lr: 6.250e-04, eta: 10:56:47, time: 0.797, data_time: 0.140, memory: 7991, loss_cls: 0.2264, loss_bbox: 0.1446, loss_kps: 15.6394, loss: 16.0105
2022-07-12 01:19:24,514 - mmdet - INFO - Epoch [4][150/241]	lr: 6.250e-04, eta: 10:41:14, time: 0.808, data_time: 0.148, memory: 7991, loss_cls: 0.2274, loss_bbox: 0.1429, loss_kps: 16.2840, loss: 16.6543
2022-07-12 01:20:04,198 - mmdet - INFO - Epoch [4][200/241]	lr: 6.250e-04, eta: 10:26:56, time: 0.794, data_time: 0.139, memory: 7991, loss_cls: 0.2251, loss_bbox: 0.1433, loss_kps: 15.4593, loss: 15.8277
2022-07-12 01:21:47,129 - mmdet - INFO - Epoch [5][50/241]	lr: 6.250e-04, eta: 10:03:12, time: 1.397, data_time: 0.715, memory: 7991, loss_cls: 0.2241, loss_bbox: 0.1423, loss_kps: 15.0895, loss: 15.4559
2022-07-12 01:22:27,247 - mmdet - INFO - Epoch [5][100/241]	lr: 6.250e-04, eta: 9:52:36, time: 0.802, data_time: 0.143, memory: 7991, loss_cls: 0.2332, loss_bbox: 0.1390, loss_kps: 14.7887, loss: 15.1609
2022-07-12 01:23:07,220 - mmdet - INFO - Epoch [5][150/241]	lr: 6.250e-04, eta: 9:42:50, time: 0.799, data_time: 0.141, memory: 7991, loss_cls: 0.2203, loss_bbox: 0.1351, loss_kps: 14.6748, loss: 15.0301
2022-07-12 01:23:47,326 - mmdet - INFO - Epoch [5][200/241]	lr: 6.250e-04, eta: 9:33:54, time: 0.802, data_time: 0.143, memory: 7991, loss_cls: 0.2198, loss_bbox: 0.1365, loss_kps: 14.9108, loss: 15.2671
2022-07-12 01:24:20,233 - mmdet - INFO - Saving checkpoint at 5 epochs
2022-07-12 01:24:31,291 - mmdet - INFO - 
+-------+-----+------+--------+-------+
| class | gts | dets | recall | ap    |
+-------+-----+------+--------+-------+
| FG    | 179 | 2653 | 0.922  | 0.875 |
+-------+-----+------+--------+-------+
| mAP   |     |      |        | 0.875 |
+-------+-----+------+--------+-------+
2022-07-12 01:24:31,327 - mmdet - INFO - Exp name: scrfd_cccd_500m_bnkps_color.py
2022-07-12 01:24:31,327 - mmdet - INFO - Epoch(val) [5][241]	mAP: 0.8751
2022-07-12 01:25:41,806 - mmdet - INFO - Epoch [6][50/241]	lr: 6.250e-04, eta: 9:18:12, time: 1.401, data_time: 0.732, memory: 7991, loss_cls: 0.2266, loss_bbox: 0.1337, loss_kps: 14.1395, loss: 14.4998
2022-07-12 01:26:22,007 - mmdet - INFO - Epoch [6][100/241]	lr: 6.250e-04, eta: 9:11:04, time: 0.804, data_time: 0.147, memory: 7991, loss_cls: 0.2114, loss_bbox: 0.1361, loss_kps: 13.4126, loss: 13.7600
2022-07-12 01:27:02,115 - mmdet - INFO - Epoch [6][150/241]	lr: 6.250e-04, eta: 9:04:23, time: 0.802, data_time: 0.139, memory: 7991, loss_cls: 0.2253, loss_bbox: 0.1317, loss_kps: 13.4456, loss: 13.8026
2022-07-12 01:27:42,067 - mmdet - INFO - Epoch [6][200/241]	lr: 6.250e-04, eta: 8:58:04, time: 0.799, data_time: 0.144, memory: 7991, loss_cls: 0.2180, loss_bbox: 0.1303, loss_kps: 13.2201, loss: 13.5684
2022-07-12 01:29:25,687 - mmdet - INFO - Epoch [7][50/241]	lr: 6.250e-04, eta: 8:46:46, time: 1.406, data_time: 0.723, memory: 7991, loss_cls: 0.2201, loss_bbox: 0.1289, loss_kps: 12.8510, loss: 13.2000
2022-07-12 01:30:05,608 - mmdet - INFO - Epoch [7][100/241]	lr: 6.250e-04, eta: 8:41:29, time: 0.799, data_time: 0.141, memory: 7991, loss_cls: 0.2166, loss_bbox: 0.1295, loss_kps: 12.5011, loss: 12.8473
2022-07-12 01:30:45,807 - mmdet - INFO - Epoch [7][150/241]	lr: 6.250e-04, eta: 8:36:34, time: 0.804, data_time: 0.140, memory: 7991, loss_cls: 0.2200, loss_bbox: 0.1283, loss_kps: 12.6506, loss: 12.9989
2022-07-12 01:31:25,753 - mmdet - INFO - Epoch [7][200/241]	lr: 6.250e-04, eta: 8:31:50, time: 0.799, data_time: 0.148, memory: 7991, loss_cls: 0.2114, loss_bbox: 0.1254, loss_kps: 12.1925, loss: 12.5293
2022-07-12 01:33:09,669 - mmdet - INFO - Epoch [8][50/241]	lr: 6.250e-04, eta: 8:23:15, time: 1.414, data_time: 0.708, memory: 7991, loss_cls: 0.2078, loss_bbox: 0.1249, loss_kps: 12.0588, loss: 12.3914
2022-07-12 01:33:50,129 - mmdet - INFO - Epoch [8][100/241]	lr: 6.250e-04, eta: 8:19:18, time: 0.809, data_time: 0.139, memory: 7991, loss_cls: 0.2139, loss_bbox: 0.1235, loss_kps: 11.7736, loss: 12.1110
2022-07-12 01:34:30,704 - mmdet - INFO - Epoch [8][150/241]	lr: 6.250e-04, eta: 8:15:33, time: 0.812, data_time: 0.140, memory: 7991, loss_cls: 0.2070, loss_bbox: 0.1212, loss_kps: 11.4702, loss: 11.7985
2022-07-12 01:35:11,310 - mmdet - INFO - Epoch [8][200/241]	lr: 6.250e-04, eta: 8:11:58, time: 0.812, data_time: 0.139, memory: 7991, loss_cls: 0.2111, loss_bbox: 0.1215, loss_kps: 11.6306, loss: 11.9633
2022-07-12 01:36:55,845 - mmdet - INFO - Epoch [9][50/241]	lr: 6.250e-04, eta: 8:05:08, time: 1.419, data_time: 0.737, memory: 7991, loss_cls: 0.2141, loss_bbox: 0.1216, loss_kps: 11.4439, loss: 11.7797
2022-07-12 01:37:35,697 - mmdet - INFO - Epoch [9][100/241]	lr: 6.250e-04, eta: 8:01:47, time: 0.797, data_time: 0.138, memory: 7991, loss_cls: 0.2168, loss_bbox: 0.1203, loss_kps: 11.4522, loss: 11.7894
2022-07-12 01:38:15,676 - mmdet - INFO - Epoch [9][150/241]	lr: 6.250e-04, eta: 7:58:36, time: 0.800, data_time: 0.142, memory: 7991, loss_cls: 0.2113, loss_bbox: 0.1206, loss_kps: 11.2248, loss: 11.5567
2022-07-12 01:38:56,164 - mmdet - INFO - Epoch [9][200/241]	lr: 6.250e-04, eta: 7:55:39, time: 0.810, data_time: 0.132, memory: 7991, loss_cls: 0.2050, loss_bbox: 0.1159, loss_kps: 10.6132, loss: 10.9341
2022-07-12 01:40:39,184 - mmdet - INFO - Epoch [10][50/241]	lr: 6.250e-04, eta: 7:49:43, time: 1.397, data_time: 0.724, memory: 7991, loss_cls: 0.2109, loss_bbox: 0.1155, loss_kps: 10.8867, loss: 11.2131
2022-07-12 01:41:18,869 - mmdet - INFO - Epoch [10][100/241]	lr: 6.250e-04, eta: 7:46:54, time: 0.794, data_time: 0.137, memory: 7991, loss_cls: 0.2050, loss_bbox: 0.1152, loss_kps: 10.9652, loss: 11.2854
2022-07-12 01:41:58,517 - mmdet - INFO - Epoch [10][150/241]	lr: 6.250e-04, eta: 7:44:10, time: 0.793, data_time: 0.144, memory: 7991, loss_cls: 0.2028, loss_bbox: 0.1138, loss_kps: 10.2578, loss: 10.5745
2022-07-12 01:42:38,898 - mmdet - INFO - Epoch [10][200/241]	lr: 6.250e-04, eta: 7:41:40, time: 0.807, data_time: 0.143, memory: 7991, loss_cls: 0.2001, loss_bbox: 0.1151, loss_kps: 10.6623, loss: 10.9775
2022-07-12 01:43:11,832 - mmdet - INFO - Saving checkpoint at 10 epochs
2022-07-12 01:43:22,743 - mmdet - INFO - 
+-------+-----+------+--------+-------+
| class | gts | dets | recall | ap    |
+-------+-----+------+--------+-------+
| FG    | 179 | 2400 | 0.944  | 0.922 |
+-------+-----+------+--------+-------+
| mAP   |     |      |        | 0.922 |
+-------+-----+------+--------+-------+
2022-07-12 01:43:22,783 - mmdet - INFO - Exp name: scrfd_cccd_500m_bnkps_color.py
2022-07-12 01:43:22,784 - mmdet - INFO - Epoch(val) [10][241]	mAP: 0.9225
2022-07-12 01:44:33,574 - mmdet - INFO - Epoch [11][50/241]	lr: 6.250e-04, eta: 7:36:42, time: 1.407, data_time: 0.712, memory: 7991, loss_cls: 0.2053, loss_bbox: 0.1126, loss_kps: 11.4766, loss: 11.7945
2022-07-12 01:45:14,844 - mmdet - INFO - Epoch [11][100/241]	lr: 6.250e-04, eta: 7:34:34, time: 0.825, data_time: 0.142, memory: 7991, loss_cls: 0.2054, loss_bbox: 0.1084, loss_kps: 10.6471, loss: 10.9609
2022-07-12 01:46:27,682 - mmdet - INFO - Epoch [11][150/241]	lr: 6.250e-04, eta: 7:38:19, time: 1.457, data_time: 0.346, memory: 7991, loss_cls: 0.2051, loss_bbox: 0.1112, loss_kps: 10.6130, loss: 10.9293
2022-07-12 01:47:40,624 - mmdet - INFO - Epoch [11][200/241]	lr: 6.250e-04, eta: 7:41:50, time: 1.451, data_time: 0.325, memory: 7991, loss_cls: 0.2049, loss_bbox: 0.1098, loss_kps: 10.4680, loss: 10.7827
2022-07-12 01:50:25,423 - mmdet - INFO - Epoch [12][50/241]	lr: 6.250e-04, eta: 7:44:38, time: 2.280, data_time: 1.181, memory: 7991, loss_cls: 0.2022, loss_bbox: 0.1073, loss_kps: 10.3521, loss: 10.6616
2022-07-12 01:51:35,824 - mmdet - INFO - Epoch [12][100/241]	lr: 6.250e-04, eta: 7:47:19, time: 1.404, data_time: 0.312, memory: 7991, loss_cls: 0.2014, loss_bbox: 0.1094, loss_kps: 11.1539, loss: 11.4647
2022-07-12 01:52:46,423 - mmdet - INFO - Epoch [12][150/241]	lr: 6.250e-04, eta: 7:49:59, time: 1.416, data_time: 0.369, memory: 7991, loss_cls: 0.2024, loss_bbox: 0.1077, loss_kps: 9.6167, loss: 9.9269
2022-07-12 01:53:57,516 - mmdet - INFO - Epoch [12][200/241]	lr: 6.250e-04, eta: 7:52:32, time: 1.420, data_time: 0.315, memory: 7991, loss_cls: 0.2045, loss_bbox: 0.1073, loss_kps: 10.1700, loss: 10.4818
2022-07-12 01:56:41,223 - mmdet - INFO - Epoch [13][50/241]	lr: 6.250e-04, eta: 7:54:19, time: 2.263, data_time: 1.126, memory: 7991, loss_cls: 0.2021, loss_bbox: 0.1069, loss_kps: 10.4429, loss: 10.7520
2022-07-12 01:57:52,185 - mmdet - INFO - Epoch [13][100/241]	lr: 6.250e-04, eta: 7:56:34, time: 1.420, data_time: 0.389, memory: 7991, loss_cls: 0.2021, loss_bbox: 0.1063, loss_kps: 9.7832, loss: 10.0915
2022-07-12 01:58:54,643 - mmdet - INFO - Epoch [13][150/241]	lr: 6.250e-04, eta: 7:57:24, time: 1.248, data_time: 0.234, memory: 7991, loss_cls: 0.2033, loss_bbox: 0.1067, loss_kps: 10.0539, loss: 10.3639
2022-07-12 02:00:08,843 - mmdet - INFO - Epoch [13][200/241]	lr: 6.250e-04, eta: 7:59:58, time: 1.487, data_time: 0.352, memory: 7991, loss_cls: 0.2003, loss_bbox: 0.1054, loss_kps: 9.9248, loss: 10.2304
2022-07-12 02:02:53,227 - mmdet - INFO - Epoch [14][50/241]	lr: 6.250e-04, eta: 8:01:04, time: 2.257, data_time: 1.115, memory: 7991, loss_cls: 0.2008, loss_bbox: 0.1046, loss_kps: 9.2439, loss: 9.5493
2022-07-12 02:04:05,622 - mmdet - INFO - Epoch [14][100/241]	lr: 6.250e-04, eta: 8:02:59, time: 1.436, data_time: 0.372, memory: 7991, loss_cls: 0.2072, loss_bbox: 0.1057, loss_kps: 9.5096, loss: 9.8225
2022-07-12 02:05:16,623 - mmdet - INFO - Epoch [14][150/241]	lr: 6.250e-04, eta: 8:04:43, time: 1.420, data_time: 0.350, memory: 7991, loss_cls: 0.2050, loss_bbox: 0.1042, loss_kps: 9.4328, loss: 9.7420
2022-07-12 02:06:27,221 - mmdet - INFO - Epoch [14][200/241]	lr: 6.250e-04, eta: 8:06:17, time: 1.413, data_time: 0.336, memory: 7991, loss_cls: 0.1984, loss_bbox: 0.1025, loss_kps: 9.7106, loss: 10.0115
2022-07-12 02:09:10,022 - mmdet - INFO - Epoch [15][50/241]	lr: 6.250e-04, eta: 8:06:45, time: 2.241, data_time: 1.154, memory: 7991, loss_cls: 0.2040, loss_bbox: 0.1025, loss_kps: 9.9957, loss: 10.3022
2022-07-12 02:10:20,021 - mmdet - INFO - Epoch [15][100/241]	lr: 6.250e-04, eta: 8:08:05, time: 1.402, data_time: 0.353, memory: 7991, loss_cls: 0.1972, loss_bbox: 0.1004, loss_kps: 9.8694, loss: 10.1671
2022-07-12 02:11:30,021 - mmdet - INFO - Epoch [15][150/241]	lr: 6.250e-04, eta: 8:09:19, time: 1.399, data_time: 0.373, memory: 7991, loss_cls: 0.1983, loss_bbox: 0.1008, loss_kps: 9.8039, loss: 10.1030
2022-07-12 02:12:32,821 - mmdet - INFO - Epoch [15][200/241]	lr: 6.250e-04, eta: 8:09:33, time: 1.251, data_time: 0.257, memory: 7991, loss_cls: 0.2052, loss_bbox: 0.1020, loss_kps: 9.3642, loss: 9.6713
2022-07-12 02:13:25,785 - mmdet - INFO - Saving checkpoint at 15 epochs
2022-07-12 02:13:42,181 - mmdet - INFO - 
+-------+-----+------+--------+-------+
| class | gts | dets | recall | ap    |
+-------+-----+------+--------+-------+
| FG    | 179 | 2470 | 0.955  | 0.944 |
+-------+-----+------+--------+-------+
| mAP   |     |      |        | 0.944 |
+-------+-----+------+--------+-------+
2022-07-12 02:13:42,225 - mmdet - INFO - Exp name: scrfd_cccd_500m_bnkps_color.py
2022-07-12 02:13:42,225 - mmdet - INFO - Epoch(val) [15][241]	mAP: 0.9443
2022-07-12 02:15:35,101 - mmdet - INFO - Epoch [16][50/241]	lr: 6.250e-04, eta: 8:09:42, time: 2.250, data_time: 1.131, memory: 7991, loss_cls: 0.2010, loss_bbox: 0.0992, loss_kps: 9.6148, loss: 9.9150
2022-07-12 02:16:46,020 - mmdet - INFO - Epoch [16][100/241]	lr: 6.250e-04, eta: 8:10:50, time: 1.416, data_time: 0.332, memory: 7991, loss_cls: 0.2027, loss_bbox: 0.1008, loss_kps: 9.5497, loss: 9.8532
2022-07-12 02:17:58,631 - mmdet - INFO - Epoch [16][150/241]	lr: 6.250e-04, eta: 8:12:11, time: 1.462, data_time: 0.323, memory: 7991, loss_cls: 0.1978, loss_bbox: 0.0996, loss_kps: 9.0115, loss: 9.3089
2022-07-12 02:19:10,020 - mmdet - INFO - Epoch [16][200/241]	lr: 6.250e-04, eta: 8:13:13, time: 1.418, data_time: 0.348, memory: 7991, loss_cls: 0.2019, loss_bbox: 0.0964, loss_kps: 8.9745, loss: 9.2728
2022-07-12 02:21:55,821 - mmdet - INFO - Epoch [17][50/241]	lr: 6.250e-04, eta: 8:13:18, time: 2.296, data_time: 1.169, memory: 7991, loss_cls: 0.1944, loss_bbox: 0.0983, loss_kps: 8.5670, loss: 8.8597
2022-07-12 02:23:06,620 - mmdet - INFO - Epoch [17][100/241]	lr: 6.250e-04, eta: 8:14:11, time: 1.416, data_time: 0.340, memory: 7991, loss_cls: 0.2013, loss_bbox: 0.0982, loss_kps: 9.5014, loss: 9.8008
2022-07-12 02:24:17,220 - mmdet - INFO - Epoch [17][150/241]	lr: 6.250e-04, eta: 8:14:59, time: 1.411, data_time: 0.332, memory: 7991, loss_cls: 0.1986, loss_bbox: 0.0977, loss_kps: 8.7591, loss: 9.0554
2022-07-12 02:25:25,867 - mmdet - INFO - Epoch [17][200/241]	lr: 6.250e-04, eta: 8:15:33, time: 1.377, data_time: 0.335, memory: 7991, loss_cls: 0.1954, loss_bbox: 0.0982, loss_kps: 9.2316, loss: 9.5252
2022-07-12 02:28:06,726 - mmdet - INFO - Epoch [18][50/241]	lr: 6.250e-04, eta: 8:15:10, time: 2.262, data_time: 1.173, memory: 7991, loss_cls: 0.1995, loss_bbox: 0.0945, loss_kps: 8.7724, loss: 9.0663
2022-07-12 02:29:17,857 - mmdet - INFO - Epoch [18][100/241]	lr: 6.250e-04, eta: 8:15:52, time: 1.422, data_time: 0.363, memory: 7991, loss_cls: 0.1977, loss_bbox: 0.0970, loss_kps: 8.4042, loss: 8.6988
2022-07-12 02:30:29,019 - mmdet - INFO - Epoch [18][150/241]	lr: 6.250e-04, eta: 8:16:32, time: 1.422, data_time: 0.369, memory: 7991, loss_cls: 0.1983, loss_bbox: 0.0974, loss_kps: 9.1148, loss: 9.4105
2022-07-12 02:31:40,619 - mmdet - INFO - Epoch [18][200/241]	lr: 6.250e-04, eta: 8:17:13, time: 1.432, data_time: 0.345, memory: 7991, loss_cls: 0.2016, loss_bbox: 0.0961, loss_kps: 9.2402, loss: 9.5379
2022-07-12 02:34:26,017 - mmdet - INFO - Epoch [19][50/241]	lr: 6.250e-04, eta: 8:16:42, time: 2.283, data_time: 1.159, memory: 7991, loss_cls: 0.1990, loss_bbox: 0.0959, loss_kps: 8.7565, loss: 9.0515
2022-07-12 02:35:35,633 - mmdet - INFO - Epoch [19][100/241]	lr: 6.250e-04, eta: 8:17:08, time: 1.401, data_time: 0.295, memory: 7991, loss_cls: 0.1981, loss_bbox: 0.0948, loss_kps: 8.4285, loss: 8.7214
2022-07-12 02:36:47,570 - mmdet - INFO - Epoch [19][150/241]	lr: 6.250e-04, eta: 8:17:39, time: 1.429, data_time: 0.379, memory: 7991, loss_cls: 0.1952, loss_bbox: 0.0942, loss_kps: 8.3586, loss: 8.6481
2022-07-12 02:37:57,824 - mmdet - INFO - Epoch [19][200/241]	lr: 6.250e-04, eta: 8:18:01, time: 1.404, data_time: 0.314, memory: 7991, loss_cls: 0.1941, loss_bbox: 0.0952, loss_kps: 9.0707, loss: 9.3600
2022-07-12 02:40:49,619 - mmdet - INFO - Epoch [20][50/241]	lr: 6.250e-04, eta: 8:17:42, time: 2.365, data_time: 1.246, memory: 7991, loss_cls: 0.1986, loss_bbox: 0.0944, loss_kps: 8.8336, loss: 9.1266
2022-07-12 02:41:59,218 - mmdet - INFO - Epoch [20][100/241]	lr: 6.250e-04, eta: 8:17:56, time: 1.392, data_time: 0.350, memory: 7991, loss_cls: 0.1943, loss_bbox: 0.0935, loss_kps: 8.5464, loss: 8.8343
2022-07-12 02:43:09,054 - mmdet - INFO - Epoch [20][150/241]	lr: 6.250e-04, eta: 8:18:11, time: 1.400, data_time: 0.348, memory: 7991, loss_cls: 0.1992, loss_bbox: 0.0923, loss_kps: 9.0940, loss: 9.3855
2022-07-12 02:44:19,818 - mmdet - INFO - Epoch [20][200/241]	lr: 6.250e-04, eta: 8:18:27, time: 1.414, data_time: 0.360, memory: 7991, loss_cls: 0.1986, loss_bbox: 0.0932, loss_kps: 8.7657, loss: 9.0575
2022-07-12 02:45:09,444 - mmdet - INFO - Saving checkpoint at 20 epochs
2022-07-12 02:45:26,323 - mmdet - INFO - 
+-------+-----+------+--------+-------+
| class | gts | dets | recall | ap    |
+-------+-----+------+--------+-------+
| FG    | 179 | 2883 | 0.955  | 0.939 |
+-------+-----+------+--------+-------+
| mAP   |     |      |        | 0.939 |
+-------+-----+------+--------+-------+
2022-07-12 02:45:26,358 - mmdet - INFO - Exp name: scrfd_cccd_500m_bnkps_color.py
2022-07-12 02:45:26,359 - mmdet - INFO - Epoch(val) [20][241]	mAP: 0.9390
2022-07-12 02:47:19,627 - mmdet - INFO - Epoch [21][50/241]	lr: 6.250e-04, eta: 8:17:29, time: 2.264, data_time: 1.107, memory: 7991, loss_cls: 0.1937, loss_bbox: 0.0920, loss_kps: 7.8467, loss: 8.1325
2022-07-12 02:48:29,218 - mmdet - INFO - Epoch [21][100/241]	lr: 6.250e-04, eta: 8:17:33, time: 1.381, data_time: 0.290, memory: 7991, loss_cls: 0.1951, loss_bbox: 0.0924, loss_kps: 8.2666, loss: 8.5541
2022-07-12 02:49:41,218 - mmdet - INFO - Epoch [21][150/241]	lr: 6.250e-04, eta: 8:17:52, time: 1.444, data_time: 0.336, memory: 7991, loss_cls: 0.1950, loss_bbox: 0.0916, loss_kps: 8.2393, loss: 8.5258
2022-07-12 02:50:54,347 - mmdet - INFO - Epoch [21][200/241]	lr: 6.250e-04, eta: 8:18:12, time: 1.460, data_time: 0.356, memory: 7991, loss_cls: 0.1979, loss_bbox: 0.0909, loss_kps: 8.4419, loss: 8.7307
2022-07-12 02:53:35,100 - mmdet - INFO - Epoch [22][50/241]	lr: 6.250e-04, eta: 8:16:51, time: 2.200, data_time: 1.100, memory: 7991, loss_cls: 0.1951, loss_bbox: 0.0911, loss_kps: 7.8568, loss: 8.1430
2022-07-12 02:54:47,417 - mmdet - INFO - Epoch [22][100/241]	lr: 6.250e-04, eta: 8:17:04, time: 1.446, data_time: 0.338, memory: 7991, loss_cls: 0.1956, loss_bbox: 0.0893, loss_kps: 8.3181, loss: 8.6030
2022-07-12 02:55:57,619 - mmdet - INFO - Epoch [22][150/241]	lr: 6.250e-04, eta: 8:17:06, time: 1.404, data_time: 0.351, memory: 7991, loss_cls: 0.1962, loss_bbox: 0.0906, loss_kps: 8.5443, loss: 8.8311
2022-07-12 02:57:08,225 - mmdet - INFO - Epoch [22][200/241]	lr: 6.250e-04, eta: 8:17:09, time: 1.413, data_time: 0.390, memory: 7991, loss_cls: 0.1986, loss_bbox: 0.0891, loss_kps: 8.4213, loss: 8.7090
2022-07-12 02:59:49,016 - mmdet - INFO - Epoch [23][50/241]	lr: 6.250e-04, eta: 8:15:44, time: 2.210, data_time: 1.167, memory: 7991, loss_cls: 0.1937, loss_bbox: 0.0902, loss_kps: 7.9172, loss: 8.2012
2022-07-12 03:01:00,617 - mmdet - INFO - Epoch [23][100/241]	lr: 6.250e-04, eta: 8:15:47, time: 1.431, data_time: 0.372, memory: 7991, loss_cls: 0.1996, loss_bbox: 0.0900, loss_kps: 8.2968, loss: 8.5864
2022-07-12 03:02:12,017 - mmdet - INFO - Epoch [23][150/241]	lr: 6.250e-04, eta: 8:15:49, time: 1.426, data_time: 0.323, memory: 7991, loss_cls: 0.1936, loss_bbox: 0.0889, loss_kps: 8.4684, loss: 8.7509
2022-07-12 03:03:22,450 - mmdet - INFO - Epoch [23][200/241]	lr: 6.250e-04, eta: 8:15:46, time: 1.415, data_time: 0.304, memory: 7991, loss_cls: 0.2021, loss_bbox: 0.0878, loss_kps: 8.4703, loss: 8.7602
2022-07-12 03:05:55,395 - mmdet - INFO - Epoch [24][50/241]	lr: 6.250e-04, eta: 8:13:43, time: 2.061, data_time: 1.044, memory: 7991, loss_cls: 0.1976, loss_bbox: 0.0889, loss_kps: 7.9587, loss: 8.2451
2022-07-12 03:07:10,627 - mmdet - INFO - Epoch [24][100/241]	lr: 6.250e-04, eta: 8:13:58, time: 1.504, data_time: 0.403, memory: 7991, loss_cls: 0.1963, loss_bbox: 0.0885, loss_kps: 8.1228, loss: 8.4076
2022-07-12 03:08:23,604 - mmdet - INFO - Epoch [24][150/241]	lr: 6.250e-04, eta: 8:14:02, time: 1.461, data_time: 0.333, memory: 7991, loss_cls: 0.1912, loss_bbox: 0.0901, loss_kps: 7.9483, loss: 8.2297
2022-07-12 03:09:34,619 - mmdet - INFO - Epoch [24][200/241]	lr: 6.250e-04, eta: 8:13:55, time: 1.418, data_time: 0.292, memory: 7991, loss_cls: 0.1958, loss_bbox: 0.0890, loss_kps: 7.9587, loss: 8.2435
2022-07-12 03:12:19,542 - mmdet - INFO - Epoch [25][50/241]	lr: 6.250e-04, eta: 8:12:36, time: 2.281, data_time: 1.117, memory: 7991, loss_cls: 0.1967, loss_bbox: 0.0879, loss_kps: 8.1139, loss: 8.3985
2022-07-12 03:13:29,822 - mmdet - INFO - Epoch [25][100/241]	lr: 6.250e-04, eta: 8:12:24, time: 1.404, data_time: 0.284, memory: 7991, loss_cls: 0.1913, loss_bbox: 0.0883, loss_kps: 8.1423, loss: 8.4219
2022-07-12 03:14:41,823 - mmdet - INFO - Epoch [25][150/241]	lr: 6.250e-04, eta: 8:12:18, time: 1.434, data_time: 0.360, memory: 7991, loss_cls: 0.1972, loss_bbox: 0.0869, loss_kps: 7.6010, loss: 7.8851
2022-07-12 03:15:52,623 - mmdet - INFO - Epoch [25][200/241]	lr: 6.250e-04, eta: 8:12:06, time: 1.416, data_time: 0.354, memory: 7991, loss_cls: 0.1917, loss_bbox: 0.0886, loss_kps: 8.2219, loss: 8.5021
2022-07-12 03:16:42,639 - mmdet - INFO - Saving checkpoint at 25 epochs
2022-07-12 03:16:59,130 - mmdet - INFO - 
+-------+-----+------+--------+-------+
| class | gts | dets | recall | ap    |
+-------+-----+------+--------+-------+
| FG    | 179 | 2733 | 0.950  | 0.932 |
+-------+-----+------+--------+-------+
| mAP   |     |      |        | 0.932 |
+-------+-----+------+--------+-------+
2022-07-12 03:16:59,173 - mmdet - INFO - Exp name: scrfd_cccd_500m_bnkps_color.py
2022-07-12 03:16:59,174 - mmdet - INFO - Epoch(val) [25][241]	mAP: 0.9322
2022-07-12 03:18:52,907 - mmdet - INFO - Epoch [26][50/241]	lr: 6.250e-04, eta: 8:10:40, time: 2.270, data_time: 1.190, memory: 7991, loss_cls: 0.1968, loss_bbox: 0.0867, loss_kps: 7.9680, loss: 8.2515
2022-07-12 03:19:57,425 - mmdet - INFO - Epoch [26][100/241]	lr: 6.250e-04, eta: 8:10:00, time: 1.284, data_time: 0.288, memory: 7991, loss_cls: 0.1953, loss_bbox: 0.0860, loss_kps: 7.9097, loss: 8.1910
2022-07-12 03:21:06,826 - mmdet - INFO - Epoch [26][150/241]	lr: 6.250e-04, eta: 8:09:40, time: 1.388, data_time: 0.341, memory: 7991, loss_cls: 0.1901, loss_bbox: 0.0860, loss_kps: 7.9293, loss: 8.2054
2022-07-12 03:22:18,225 - mmdet - INFO - Epoch [26][200/241]	lr: 6.250e-04, eta: 8:09:28, time: 1.428, data_time: 0.341, memory: 7991, loss_cls: 0.1948, loss_bbox: 0.0865, loss_kps: 7.7932, loss: 8.0745
2022-07-12 03:25:01,007 - mmdet - INFO - Epoch [27][50/241]	lr: 6.250e-04, eta: 8:07:56, time: 2.257, data_time: 1.158, memory: 7991, loss_cls: 0.1924, loss_bbox: 0.0861, loss_kps: 7.5587, loss: 7.8372
2022-07-12 03:26:12,028 - mmdet - INFO - Epoch [27][100/241]	lr: 6.250e-04, eta: 8:07:39, time: 1.418, data_time: 0.372, memory: 7991, loss_cls: 0.1942, loss_bbox: 0.0854, loss_kps: 7.8290, loss: 8.1086
2022-07-12 03:27:24,226 - mmdet - INFO - Epoch [27][150/241]	lr: 6.250e-04, eta: 8:07:27, time: 1.446, data_time: 0.338, memory: 7991, loss_cls: 0.1939, loss_bbox: 0.0842, loss_kps: 7.7988, loss: 8.0769
2022-07-12 03:28:34,043 - mmdet - INFO - Epoch [27][200/241]	lr: 6.250e-04, eta: 8:07:05, time: 1.396, data_time: 0.341, memory: 7991, loss_cls: 0.1895, loss_bbox: 0.0862, loss_kps: 7.8432, loss: 8.1189
2022-07-12 03:31:19,428 - mmdet - INFO - Epoch [28][50/241]	lr: 6.250e-04, eta: 8:05:37, time: 2.294, data_time: 1.199, memory: 7991, loss_cls: 0.1918, loss_bbox: 0.0841, loss_kps: 7.3584, loss: 7.6344
2022-07-12 03:32:29,427 - mmdet - INFO - Epoch [28][100/241]	lr: 6.250e-04, eta: 8:05:13, time: 1.400, data_time: 0.399, memory: 7991, loss_cls: 0.1926, loss_bbox: 0.0846, loss_kps: 7.7888, loss: 8.0660
2022-07-12 03:33:35,027 - mmdet - INFO - Epoch [28][150/241]	lr: 6.250e-04, eta: 8:04:33, time: 1.312, data_time: 0.312, memory: 7991, loss_cls: 0.1966, loss_bbox: 0.0852, loss_kps: 7.7938, loss: 8.0755
2022-07-12 03:34:45,799 - mmdet - INFO - Epoch [28][200/241]	lr: 6.250e-04, eta: 8:04:12, time: 1.417, data_time: 0.354, memory: 7991, loss_cls: 0.1912, loss_bbox: 0.0854, loss_kps: 7.8577, loss: 8.1344
2022-07-12 03:37:31,233 - mmdet - INFO - Epoch [29][50/241]	lr: 6.250e-04, eta: 8:02:43, time: 2.308, data_time: 1.203, memory: 7991, loss_cls: 0.1889, loss_bbox: 0.0840, loss_kps: 6.8764, loss: 7.1493
2022-07-12 03:38:42,228 - mmdet - INFO - Epoch [29][100/241]	lr: 6.250e-04, eta: 8:02:20, time: 1.417, data_time: 0.351, memory: 7991, loss_cls: 0.1934, loss_bbox: 0.0839, loss_kps: 7.6927, loss: 7.9700
2022-07-12 03:39:53,889 - mmdet - INFO - Epoch [29][150/241]	lr: 6.250e-04, eta: 8:02:00, time: 1.433, data_time: 0.328, memory: 7991, loss_cls: 0.1948, loss_bbox: 0.0844, loss_kps: 7.9294, loss: 8.2085
2022-07-12 03:41:05,428 - mmdet - INFO - Epoch [29][200/241]	lr: 6.250e-04, eta: 8:01:38, time: 1.430, data_time: 0.399, memory: 7991, loss_cls: 0.1942, loss_bbox: 0.0832, loss_kps: 7.7352, loss: 8.0126
2022-07-12 03:43:49,428 - mmdet - INFO - Epoch [30][50/241]	lr: 6.250e-04, eta: 8:00:00, time: 2.273, data_time: 1.158, memory: 7991, loss_cls: 0.1908, loss_bbox: 0.0844, loss_kps: 7.7015, loss: 7.9768
2022-07-12 03:45:00,628 - mmdet - INFO - Epoch [30][100/241]	lr: 6.250e-04, eta: 7:59:35, time: 1.425, data_time: 0.342, memory: 7991, loss_cls: 0.1903, loss_bbox: 0.0832, loss_kps: 7.8315, loss: 8.1049
2022-07-12 03:46:07,065 - mmdet - INFO - Epoch [30][150/241]	lr: 6.250e-04, eta: 7:58:55, time: 1.331, data_time: 0.288, memory: 7991, loss_cls: 0.1969, loss_bbox: 0.0838, loss_kps: 7.2603, loss: 7.5410
2022-07-12 03:47:18,228 - mmdet - INFO - Epoch [30][200/241]	lr: 6.250e-04, eta: 7:58:27, time: 1.414, data_time: 0.308, memory: 7991, loss_cls: 0.1929, loss_bbox: 0.0839, loss_kps: 7.7083, loss: 7.9851
2022-07-12 03:48:08,032 - mmdet - INFO - Saving checkpoint at 30 epochs
2022-07-12 03:48:24,933 - mmdet - INFO - 
+-------+-----+------+--------+-------+
| class | gts | dets | recall | ap    |
+-------+-----+------+--------+-------+
| FG    | 179 | 3187 | 0.950  | 0.938 |
+-------+-----+------+--------+-------+
| mAP   |     |      |        | 0.938 |
+-------+-----+------+--------+-------+
2022-07-12 03:48:24,972 - mmdet - INFO - Exp name: scrfd_cccd_500m_bnkps_color.py
2022-07-12 03:48:24,973 - mmdet - INFO - Epoch(val) [30][241]	mAP: 0.9384
2022-07-12 03:50:18,070 - mmdet - INFO - Epoch [31][50/241]	lr: 6.250e-04, eta: 7:56:44, time: 2.254, data_time: 1.156, memory: 7991, loss_cls: 0.1929, loss_bbox: 0.0828, loss_kps: 7.8685, loss: 8.1442
2022-07-12 03:51:26,672 - mmdet - INFO - Epoch [31][100/241]	lr: 6.250e-04, eta: 7:56:09, time: 1.372, data_time: 0.346, memory: 7991, loss_cls: 0.1926, loss_bbox: 0.0845, loss_kps: 7.1275, loss: 7.4047
2022-07-12 03:52:37,429 - mmdet - INFO - Epoch [31][150/241]	lr: 6.250e-04, eta: 7:55:39, time: 1.412, data_time: 0.390, memory: 7991, loss_cls: 0.1966, loss_bbox: 0.0826, loss_kps: 7.0661, loss: 7.3453
2022-07-12 03:53:50,026 - mmdet - INFO - Epoch [31][200/241]	lr: 6.250e-04, eta: 7:55:16, time: 1.451, data_time: 0.353, memory: 7991, loss_cls: 0.1908, loss_bbox: 0.0841, loss_kps: 7.2782, loss: 7.5531
2022-07-12 03:56:35,229 - mmdet - INFO - Epoch [32][50/241]	lr: 6.250e-04, eta: 7:53:34, time: 2.272, data_time: 1.156, memory: 7991, loss_cls: 0.1895, loss_bbox: 0.0832, loss_kps: 7.7372, loss: 8.0099
2022-07-12 03:57:46,028 - mmdet - INFO - Epoch [32][100/241]	lr: 6.250e-04, eta: 7:53:04, time: 1.420, data_time: 0.343, memory: 7991, loss_cls: 0.1934, loss_bbox: 0.0822, loss_kps: 7.5658, loss: 7.8413
2022-07-12 03:58:57,629 - mmdet - INFO - Epoch [32][150/241]	lr: 6.250e-04, eta: 7:52:35, time: 1.428, data_time: 0.317, memory: 7991, loss_cls: 0.1882, loss_bbox: 0.0838, loss_kps: 7.3485, loss: 7.6206
2022-07-12 03:59:57,626 - mmdet - INFO - Epoch [32][200/241]	lr: 6.250e-04, eta: 7:51:31, time: 1.204, data_time: 0.277, memory: 7991, loss_cls: 0.1938, loss_bbox: 0.0837, loss_kps: 7.4064, loss: 7.6838
2022-07-12 04:02:46,423 - mmdet - INFO - Epoch [33][50/241]	lr: 6.250e-05, eta: 7:49:47, time: 2.271, data_time: 1.138, memory: 7991, loss_cls: 0.1976, loss_bbox: 0.0811, loss_kps: 7.5171, loss: 7.7957
2022-07-12 04:03:55,823 - mmdet - INFO - Epoch [33][100/241]	lr: 6.250e-05, eta: 7:49:12, time: 1.395, data_time: 0.347, memory: 7991, loss_cls: 0.1950, loss_bbox: 0.0820, loss_kps: 8.1476, loss: 8.4246
2022-07-12 04:05:07,018 - mmdet - INFO - Epoch [33][150/241]	lr: 6.250e-05, eta: 7:48:39, time: 1.417, data_time: 0.290, memory: 7991, loss_cls: 0.1932, loss_bbox: 0.0829, loss_kps: 7.3069, loss: 7.5831
2022-07-12 04:06:17,219 - mmdet - INFO - Epoch [33][200/241]	lr: 6.250e-05, eta: 7:48:05, time: 1.410, data_time: 0.316, memory: 7991, loss_cls: 0.1883, loss_bbox: 0.0821, loss_kps: 7.3483, loss: 7.6188
2022-07-12 04:09:00,306 - mmdet - INFO - Epoch [34][50/241]	lr: 6.250e-05, eta: 7:46:18, time: 2.262, data_time: 1.140, memory: 7991, loss_cls: 0.1949, loss_bbox: 0.0823, loss_kps: 7.6687, loss: 7.9459
2022-07-12 04:10:09,217 - mmdet - INFO - Epoch [34][100/241]	lr: 6.250e-05, eta: 7:45:39, time: 1.376, data_time: 0.330, memory: 7991, loss_cls: 0.1946, loss_bbox: 0.0804, loss_kps: 7.1507, loss: 7.4258
2022-07-12 04:11:20,787 - mmdet - INFO - Epoch [34][150/241]	lr: 6.250e-05, eta: 7:45:06, time: 1.429, data_time: 0.319, memory: 7991, loss_cls: 0.1944, loss_bbox: 0.0802, loss_kps: 7.0817, loss: 7.3563
2022-07-12 04:12:32,816 - mmdet - INFO - Epoch [34][200/241]	lr: 6.250e-05, eta: 7:44:34, time: 1.439, data_time: 0.349, memory: 7991, loss_cls: 0.1966, loss_bbox: 0.0821, loss_kps: 7.6638, loss: 7.9424
2022-07-12 04:15:17,614 - mmdet - INFO - Epoch [35][50/241]	lr: 6.250e-05, eta: 7:43:01, time: 2.372, data_time: 1.260, memory: 7991, loss_cls: 0.1921, loss_bbox: 0.0826, loss_kps: 6.8846, loss: 7.1594
2022-07-12 04:16:28,034 - mmdet - INFO - Epoch [35][100/241]	lr: 6.250e-05, eta: 7:42:24, time: 1.411, data_time: 0.367, memory: 7991, loss_cls: 0.1913, loss_bbox: 0.0801, loss_kps: 7.2994, loss: 7.5709
2022-07-12 04:17:37,615 - mmdet - INFO - Epoch [35][150/241]	lr: 6.250e-05, eta: 7:41:44, time: 1.389, data_time: 0.341, memory: 7991, loss_cls: 0.1891, loss_bbox: 0.0818, loss_kps: 6.9860, loss: 7.2569
2022-07-12 04:18:46,413 - mmdet - INFO - Epoch [35][200/241]	lr: 6.250e-05, eta: 7:41:02, time: 1.372, data_time: 0.316, memory: 7991, loss_cls: 0.1945, loss_bbox: 0.0825, loss_kps: 7.4404, loss: 7.7174
2022-07-12 04:19:36,539 - mmdet - INFO - Saving checkpoint at 35 epochs
2022-07-12 04:19:53,523 - mmdet - INFO - 
+-------+-----+------+--------+-------+
| class | gts | dets | recall | ap    |
+-------+-----+------+--------+-------+
| FG    | 179 | 3054 | 0.955  | 0.946 |
+-------+-----+------+--------+-------+
| mAP   |     |      |        | 0.946 |
+-------+-----+------+--------+-------+
2022-07-12 04:19:53,562 - mmdet - INFO - Exp name: scrfd_cccd_500m_bnkps_color.py
2022-07-12 04:19:53,562 - mmdet - INFO - Epoch(val) [35][241]	mAP: 0.9457
2022-07-12 04:21:46,612 - mmdet - INFO - Epoch [36][50/241]	lr: 6.250e-05, eta: 7:39:11, time: 2.249, data_time: 1.134, memory: 7991, loss_cls: 0.1904, loss_bbox: 0.0804, loss_kps: 6.8933, loss: 7.1641
2022-07-12 04:22:57,411 - mmdet - INFO - Epoch [36][100/241]	lr: 6.250e-05, eta: 7:38:33, time: 1.416, data_time: 0.370, memory: 7991, loss_cls: 0.1949, loss_bbox: 0.0810, loss_kps: 7.5179, loss: 7.7937
2022-07-12 04:24:08,212 - mmdet - INFO - Epoch [36][150/241]	lr: 6.250e-05, eta: 7:37:55, time: 1.415, data_time: 0.329, memory: 7991, loss_cls: 0.1917, loss_bbox: 0.0816, loss_kps: 7.0423, loss: 7.3156
2022-07-12 04:25:19,812 - mmdet - INFO - Epoch [36][200/241]	lr: 6.250e-05, eta: 7:37:18, time: 1.430, data_time: 0.344, memory: 7991, loss_cls: 0.1957, loss_bbox: 0.0817, loss_kps: 6.9343, loss: 7.2118
2022-07-12 04:28:03,611 - mmdet - INFO - Epoch [37][50/241]	lr: 6.250e-05, eta: 7:35:30, time: 2.280, data_time: 1.123, memory: 7991, loss_cls: 0.1942, loss_bbox: 0.0821, loss_kps: 7.4758, loss: 7.7520
2022-07-12 04:29:13,412 - mmdet - INFO - Epoch [37][100/241]	lr: 6.250e-05, eta: 7:34:48, time: 1.396, data_time: 0.275, memory: 7991, loss_cls: 0.1928, loss_bbox: 0.0814, loss_kps: 7.0115, loss: 7.2856
2022-07-12 04:30:25,009 - mmdet - INFO - Epoch [37][150/241]	lr: 6.250e-05, eta: 7:34:11, time: 1.429, data_time: 0.395, memory: 7991, loss_cls: 0.1949, loss_bbox: 0.0820, loss_kps: 7.3859, loss: 7.6628
2022-07-12 04:31:36,588 - mmdet - INFO - Epoch [37][200/241]	lr: 6.250e-05, eta: 7:33:33, time: 1.431, data_time: 0.330, memory: 7991, loss_cls: 0.1874, loss_bbox: 0.0814, loss_kps: 7.0668, loss: 7.3355
2022-07-12 04:34:19,812 - mmdet - INFO - Epoch [38][50/241]	lr: 6.250e-05, eta: 7:31:40, time: 2.255, data_time: 1.091, memory: 7991, loss_cls: 0.1893, loss_bbox: 0.0814, loss_kps: 7.1754, loss: 7.4460
2022-07-12 04:35:30,813 - mmdet - INFO - Epoch [38][100/241]	lr: 6.250e-05, eta: 7:30:59, time: 1.413, data_time: 0.368, memory: 7991, loss_cls: 0.1930, loss_bbox: 0.0815, loss_kps: 7.3979, loss: 7.6724
2022-07-12 04:36:41,147 - mmdet - INFO - Epoch [38][150/241]	lr: 6.250e-05, eta: 7:30:18, time: 1.414, data_time: 0.358, memory: 7991, loss_cls: 0.1929, loss_bbox: 0.0814, loss_kps: 7.4111, loss: 7.6854
2022-07-12 04:37:51,946 - mmdet - INFO - Epoch [38][200/241]	lr: 6.250e-05, eta: 7:29:37, time: 1.418, data_time: 0.339, memory: 7991, loss_cls: 0.1945, loss_bbox: 0.0820, loss_kps: 7.2169, loss: 7.4934
2022-07-12 04:40:29,255 - mmdet - INFO - Epoch [39][50/241]	lr: 6.250e-05, eta: 7:27:28, time: 2.120, data_time: 1.096, memory: 7991, loss_cls: 0.1955, loss_bbox: 0.0824, loss_kps: 7.4683, loss: 7.7462
2022-07-12 04:41:41,418 - mmdet - INFO - Epoch [39][100/241]	lr: 6.250e-05, eta: 7:26:49, time: 1.440, data_time: 0.323, memory: 7991, loss_cls: 0.1876, loss_bbox: 0.0813, loss_kps: 7.1112, loss: 7.3801
2022-07-12 04:42:53,018 - mmdet - INFO - Epoch [39][150/241]	lr: 6.250e-05, eta: 7:26:09, time: 1.428, data_time: 0.375, memory: 7991, loss_cls: 0.1924, loss_bbox: 0.0808, loss_kps: 7.1056, loss: 7.3787
2022-07-12 04:44:04,091 - mmdet - INFO - Epoch [39][200/241]	lr: 6.250e-05, eta: 7:25:28, time: 1.428, data_time: 0.390, memory: 7991, loss_cls: 0.1941, loss_bbox: 0.0824, loss_kps: 6.7850, loss: 7.0616
2022-07-12 04:46:48,837 - mmdet - INFO - Epoch [40][50/241]	lr: 6.250e-05, eta: 7:23:38, time: 2.290, data_time: 1.178, memory: 7991, loss_cls: 0.1853, loss_bbox: 0.0810, loss_kps: 7.2886, loss: 7.5549
2022-07-12 04:48:00,221 - mmdet - INFO - Epoch [40][100/241]	lr: 6.250e-05, eta: 7:22:56, time: 1.427, data_time: 0.357, memory: 7991, loss_cls: 0.1881, loss_bbox: 0.0813, loss_kps: 6.9551, loss: 7.2245
2022-07-12 04:49:10,420 - mmdet - INFO - Epoch [40][150/241]	lr: 6.250e-05, eta: 7:22:12, time: 1.404, data_time: 0.368, memory: 7991, loss_cls: 0.1898, loss_bbox: 0.0813, loss_kps: 6.7280, loss: 6.9992
2022-07-12 04:50:22,028 - mmdet - INFO - Epoch [40][200/241]	lr: 6.250e-05, eta: 7:21:30, time: 1.431, data_time: 0.310, memory: 7991, loss_cls: 0.1869, loss_bbox: 0.0822, loss_kps: 7.2064, loss: 7.4754
2022-07-12 04:51:12,148 - mmdet - INFO - Saving checkpoint at 40 epochs
2022-07-12 04:51:29,271 - mmdet - INFO - 
+-------+-----+------+--------+-------+
| class | gts | dets | recall | ap    |
+-------+-----+------+--------+-------+
| FG    | 179 | 3072 | 0.955  | 0.942 |
+-------+-----+------+--------+-------+
| mAP   |     |      |        | 0.942 |
+-------+-----+------+--------+-------+
2022-07-12 04:51:29,317 - mmdet - INFO - Exp name: scrfd_cccd_500m_bnkps_color.py
2022-07-12 04:51:29,318 - mmdet - INFO - Epoch(val) [40][241]	mAP: 0.9421
2022-07-12 04:53:18,443 - mmdet - INFO - Epoch [41][50/241]	lr: 6.250e-05, eta: 7:19:26, time: 2.174, data_time: 1.157, memory: 7991, loss_cls: 0.1909, loss_bbox: 0.0810, loss_kps: 7.3055, loss: 7.5773
2022-07-12 04:54:32,021 - mmdet - INFO - Epoch [41][100/241]	lr: 6.250e-05, eta: 7:18:48, time: 1.468, data_time: 0.394, memory: 7991, loss_cls: 0.1925, loss_bbox: 0.0818, loss_kps: 6.7929, loss: 7.0672
2022-07-12 04:55:44,021 - mmdet - INFO - Epoch [41][150/241]	lr: 6.250e-05, eta: 7:18:06, time: 1.436, data_time: 0.373, memory: 7991, loss_cls: 0.1971, loss_bbox: 0.0813, loss_kps: 7.6416, loss: 7.9200
2022-07-12 04:56:57,021 - mmdet - INFO - Epoch [41][200/241]	lr: 6.250e-05, eta: 7:17:26, time: 1.464, data_time: 0.358, memory: 7991, loss_cls: 0.1889, loss_bbox: 0.0804, loss_kps: 6.9026, loss: 7.1719
2022-07-12 04:59:45,222 - mmdet - INFO - Epoch [42][50/241]	lr: 6.250e-05, eta: 7:15:32, time: 2.268, data_time: 1.085, memory: 7991, loss_cls: 0.1922, loss_bbox: 0.0827, loss_kps: 7.0135, loss: 7.2885
2022-07-12 05:01:01,346 - mmdet - INFO - Epoch [42][100/241]	lr: 6.250e-05, eta: 7:14:58, time: 1.520, data_time: 0.377, memory: 7991, loss_cls: 0.1901, loss_bbox: 0.0813, loss_kps: 7.1685, loss: 7.4399
2022-07-12 05:02:14,655 - mmdet - INFO - Epoch [42][150/241]	lr: 6.250e-05, eta: 7:14:18, time: 1.469, data_time: 0.423, memory: 7991, loss_cls: 0.1884, loss_bbox: 0.0800, loss_kps: 7.0809, loss: 7.3493
2022-07-12 05:03:26,422 - mmdet - INFO - Epoch [42][200/241]	lr: 6.250e-05, eta: 7:13:34, time: 1.432, data_time: 0.400, memory: 7991, loss_cls: 0.1980, loss_bbox: 0.0808, loss_kps: 7.0713, loss: 7.3501
2022-07-12 05:06:11,222 - mmdet - INFO - Epoch [43][50/241]	lr: 6.250e-05, eta: 7:11:41, time: 2.289, data_time: 1.158, memory: 7991, loss_cls: 0.1892, loss_bbox: 0.0807, loss_kps: 7.2355, loss: 7.5055
2022-07-12 05:07:13,818 - mmdet - INFO - Epoch [43][100/241]	lr: 6.250e-05, eta: 7:10:37, time: 1.246, data_time: 0.285, memory: 7991, loss_cls: 0.1916, loss_bbox: 0.0817, loss_kps: 7.0125, loss: 7.2858
2022-07-12 05:08:28,412 - mmdet - INFO - Epoch [43][150/241]	lr: 6.250e-05, eta: 7:09:59, time: 1.492, data_time: 0.377, memory: 7991, loss_cls: 0.1904, loss_bbox: 0.0801, loss_kps: 6.9893, loss: 7.2599
2022-07-12 05:09:40,402 - mmdet - INFO - Epoch [43][200/241]	lr: 6.250e-05, eta: 7:09:15, time: 1.444, data_time: 0.378, memory: 7991, loss_cls: 0.1902, loss_bbox: 0.0812, loss_kps: 7.1421, loss: 7.4135
2022-07-12 05:12:23,991 - mmdet - INFO - Epoch [44][50/241]	lr: 6.250e-05, eta: 7:07:17, time: 2.247, data_time: 1.137, memory: 7991, loss_cls: 0.1903, loss_bbox: 0.0804, loss_kps: 6.8539, loss: 7.1245
2022-07-12 05:13:34,585 - mmdet - INFO - Epoch [44][100/241]	lr: 6.250e-05, eta: 7:06:30, time: 1.417, data_time: 0.317, memory: 7991, loss_cls: 0.1872, loss_bbox: 0.0806, loss_kps: 6.8756, loss: 7.1434
2022-07-12 05:14:45,982 - mmdet - INFO - Epoch [44][150/241]	lr: 6.250e-05, eta: 7:05:44, time: 1.423, data_time: 0.271, memory: 7991, loss_cls: 0.1867, loss_bbox: 0.0805, loss_kps: 6.7105, loss: 6.9778
2022-07-12 05:15:56,978 - mmdet - INFO - Epoch [44][200/241]	lr: 6.250e-05, eta: 7:04:57, time: 1.424, data_time: 0.349, memory: 7991, loss_cls: 0.1911, loss_bbox: 0.0819, loss_kps: 7.1531, loss: 7.4261
2022-07-12 05:18:41,970 - mmdet - INFO - Epoch [45][50/241]	lr: 6.250e-05, eta: 7:03:01, time: 2.266, data_time: 1.150, memory: 7991, loss_cls: 0.1893, loss_bbox: 0.0813, loss_kps: 7.2994, loss: 7.5701
2022-07-12 05:19:52,394 - mmdet - INFO - Epoch [45][100/241]	lr: 6.250e-05, eta: 7:02:13, time: 1.415, data_time: 0.352, memory: 7991, loss_cls: 0.1913, loss_bbox: 0.0804, loss_kps: 7.6831, loss: 7.9548
2022-07-12 05:20:56,965 - mmdet - INFO - Epoch [45][150/241]	lr: 6.250e-05, eta: 7:01:12, time: 1.284, data_time: 0.266, memory: 7991, loss_cls: 0.1905, loss_bbox: 0.0801, loss_kps: 7.1254, loss: 7.3959
2022-07-12 05:22:07,363 - mmdet - INFO - Epoch [45][200/241]	lr: 6.250e-05, eta: 7:00:24, time: 1.413, data_time: 0.348, memory: 7991, loss_cls: 0.1921, loss_bbox: 0.0805, loss_kps: 6.7929, loss: 7.0655
2022-07-12 05:22:56,391 - mmdet - INFO - Saving checkpoint at 45 epochs
2022-07-12 05:23:13,253 - mmdet - INFO - 
+-------+-----+------+--------+-------+
| class | gts | dets | recall | ap    |
+-------+-----+------+--------+-------+
| FG    | 179 | 3059 | 0.955  | 0.942 |
+-------+-----+------+--------+-------+
| mAP   |     |      |        | 0.942 |
+-------+-----+------+--------+-------+
2022-07-12 05:23:13,292 - mmdet - INFO - Exp name: scrfd_cccd_500m_bnkps_color.py
2022-07-12 05:23:13,293 - mmdet - INFO - Epoch(val) [45][241]	mAP: 0.9425
2022-07-12 05:25:05,558 - mmdet - INFO - Epoch [46][50/241]	lr: 6.250e-05, eta: 6:58:24, time: 2.234, data_time: 1.107, memory: 7991, loss_cls: 0.1907, loss_bbox: 0.0806, loss_kps: 6.8058, loss: 7.0771
2022-07-12 05:26:17,188 - mmdet - INFO - Epoch [46][100/241]	lr: 6.250e-05, eta: 6:57:37, time: 1.434, data_time: 0.373, memory: 7991, loss_cls: 0.1939, loss_bbox: 0.0810, loss_kps: 6.9451, loss: 7.2200
2022-07-12 05:27:28,355 - mmdet - INFO - Epoch [46][150/241]	lr: 6.250e-05, eta: 6:56:49, time: 1.421, data_time: 0.325, memory: 7991, loss_cls: 0.1898, loss_bbox: 0.0826, loss_kps: 7.2733, loss: 7.5457
2022-07-12 05:28:39,756 - mmdet - INFO - Epoch [46][200/241]	lr: 6.250e-05, eta: 6:56:01, time: 1.429, data_time: 0.345, memory: 7991, loss_cls: 0.1939, loss_bbox: 0.0818, loss_kps: 7.4001, loss: 7.6758
2022-07-12 05:31:22,686 - mmdet - INFO - Epoch [47][50/241]	lr: 6.250e-05, eta: 6:54:03, time: 2.262, data_time: 1.136, memory: 7991, loss_cls: 0.1958, loss_bbox: 0.0817, loss_kps: 6.5813, loss: 6.8589
2022-07-12 05:32:33,157 - mmdet - INFO - Epoch [47][100/241]	lr: 6.250e-05, eta: 6:53:13, time: 1.406, data_time: 0.325, memory: 7991, loss_cls: 0.1908, loss_bbox: 0.0817, loss_kps: 7.2988, loss: 7.5713
2022-07-12 05:33:44,347 - mmdet - INFO - Epoch [47][150/241]	lr: 6.250e-05, eta: 6:52:24, time: 1.425, data_time: 0.361, memory: 7991, loss_cls: 0.1930, loss_bbox: 0.0813, loss_kps: 7.4785, loss: 7.7528
2022-07-12 05:34:50,346 - mmdet - INFO - Epoch [47][200/241]	lr: 6.250e-05, eta: 6:51:26, time: 1.314, data_time: 0.304, memory: 7991, loss_cls: 0.1894, loss_bbox: 0.0802, loss_kps: 7.3091, loss: 7.5788
2022-07-12 05:37:34,544 - mmdet - INFO - Epoch [48][50/241]	lr: 6.250e-05, eta: 6:49:28, time: 2.263, data_time: 1.161, memory: 7991, loss_cls: 0.1940, loss_bbox: 0.0815, loss_kps: 6.8370, loss: 7.1125
2022-07-12 05:38:44,942 - mmdet - INFO - Epoch [48][100/241]	lr: 6.250e-05, eta: 6:48:38, time: 1.408, data_time: 0.382, memory: 7991, loss_cls: 0.1937, loss_bbox: 0.0821, loss_kps: 6.9464, loss: 7.2222
2022-07-12 05:39:55,753 - mmdet - INFO - Epoch [48][150/241]	lr: 6.250e-05, eta: 6:47:48, time: 1.426, data_time: 0.359, memory: 7991, loss_cls: 0.2001, loss_bbox: 0.0803, loss_kps: 6.6703, loss: 6.9507
2022-07-12 05:41:07,146 - mmdet - INFO - Epoch [48][200/241]	lr: 6.250e-05, eta: 6:46:58, time: 1.414, data_time: 0.313, memory: 7991, loss_cls: 0.1857, loss_bbox: 0.0798, loss_kps: 7.2469, loss: 7.5125
2022-07-12 05:43:52,165 - mmdet - INFO - Epoch [49][50/241]	lr: 6.250e-06, eta: 6:45:01, time: 2.273, data_time: 1.144, memory: 7991, loss_cls: 0.1904, loss_bbox: 0.0803, loss_kps: 6.8968, loss: 7.1675
2022-07-12 05:45:01,972 - mmdet - INFO - Epoch [49][100/241]	lr: 6.250e-06, eta: 6:44:09, time: 1.402, data_time: 0.368, memory: 7991, loss_cls: 0.1907, loss_bbox: 0.0805, loss_kps: 6.8630, loss: 7.1343
2022-07-12 05:46:13,578 - mmdet - INFO - Epoch [49][150/241]	lr: 6.250e-06, eta: 6:43:19, time: 1.425, data_time: 0.281, memory: 7991, loss_cls: 0.1859, loss_bbox: 0.0801, loss_kps: 6.8539, loss: 7.1199
2022-07-12 05:47:21,210 - mmdet - INFO - Epoch [49][200/241]	lr: 6.250e-06, eta: 6:42:23, time: 1.360, data_time: 0.334, memory: 7991, loss_cls: 0.1848, loss_bbox: 0.0806, loss_kps: 7.0222, loss: 7.2876
2022-07-12 05:50:08,594 - mmdet - INFO - Epoch [50][50/241]	lr: 6.250e-06, eta: 6:40:27, time: 2.291, data_time: 1.158, memory: 7991, loss_cls: 0.1932, loss_bbox: 0.0808, loss_kps: 6.4898, loss: 6.7639
2022-07-12 05:51:19,397 - mmdet - INFO - Epoch [50][100/241]	lr: 6.250e-06, eta: 6:39:36, time: 1.416, data_time: 0.370, memory: 7991, loss_cls: 0.1856, loss_bbox: 0.0802, loss_kps: 6.6677, loss: 6.9334
2022-07-12 05:52:31,000 - mmdet - INFO - Epoch [50][150/241]	lr: 6.250e-06, eta: 6:38:46, time: 1.432, data_time: 0.385, memory: 7991, loss_cls: 0.1906, loss_bbox: 0.0818, loss_kps: 6.9783, loss: 7.2507
2022-07-12 05:53:43,603 - mmdet - INFO - Epoch [50][200/241]	lr: 6.250e-06, eta: 6:37:56, time: 1.447, data_time: 0.378, memory: 7991, loss_cls: 0.1884, loss_bbox: 0.0814, loss_kps: 7.0137, loss: 7.2835
2022-07-12 05:54:34,761 - mmdet - INFO - Saving checkpoint at 50 epochs
2022-07-12 05:54:51,826 - mmdet - INFO - 
+-------+-----+------+--------+-------+
| class | gts | dets | recall | ap    |
+-------+-----+------+--------+-------+
| FG    | 179 | 3076 | 0.972  | 0.950 |
+-------+-----+------+--------+-------+
| mAP   |     |      |        | 0.950 |
+-------+-----+------+--------+-------+
2022-07-12 05:54:52,242 - mmdet - INFO - Exp name: scrfd_cccd_500m_bnkps_color.py
2022-07-12 05:54:52,243 - mmdet - INFO - Epoch(val) [50][241]	mAP: 0.9501
2022-07-12 05:56:45,009 - mmdet - INFO - Epoch [51][50/241]	lr: 6.250e-06, eta: 6:35:56, time: 2.243, data_time: 1.163, memory: 7991, loss_cls: 0.1863, loss_bbox: 0.0815, loss_kps: 7.4086, loss: 7.6765
2022-07-12 05:57:55,919 - mmdet - INFO - Epoch [51][100/241]	lr: 6.250e-06, eta: 6:35:05, time: 1.422, data_time: 0.367, memory: 7991, loss_cls: 0.1899, loss_bbox: 0.0799, loss_kps: 6.7518, loss: 7.0216
2022-07-12 05:59:07,012 - mmdet - INFO - Epoch [51][150/241]	lr: 6.250e-06, eta: 6:34:13, time: 1.418, data_time: 0.363, memory: 7991, loss_cls: 0.1912, loss_bbox: 0.0809, loss_kps: 7.0485, loss: 7.3206
2022-07-12 06:00:18,214 - mmdet - INFO - Epoch [51][200/241]	lr: 6.250e-06, eta: 6:33:21, time: 1.422, data_time: 0.331, memory: 7991, loss_cls: 0.1875, loss_bbox: 0.0802, loss_kps: 7.2103, loss: 7.4780
2022-07-12 06:02:59,617 - mmdet - INFO - Epoch [52][50/241]	lr: 6.250e-06, eta: 6:31:25, time: 2.299, data_time: 1.201, memory: 7991, loss_cls: 0.1922, loss_bbox: 0.0801, loss_kps: 7.1213, loss: 7.3936
2022-07-12 06:04:09,418 - mmdet - INFO - Epoch [52][100/241]	lr: 6.250e-06, eta: 6:30:31, time: 1.395, data_time: 0.339, memory: 7991, loss_cls: 0.1890, loss_bbox: 0.0805, loss_kps: 6.9022, loss: 7.1717
2022-07-12 06:05:19,218 - mmdet - INFO - Epoch [52][150/241]	lr: 6.250e-06, eta: 6:29:37, time: 1.399, data_time: 0.362, memory: 7991, loss_cls: 0.1878, loss_bbox: 0.0810, loss_kps: 6.9518, loss: 7.2207
2022-07-12 06:06:30,865 - mmdet - INFO - Epoch [52][200/241]	lr: 6.250e-06, eta: 6:28:46, time: 1.438, data_time: 0.321, memory: 7991, loss_cls: 0.1895, loss_bbox: 0.0816, loss_kps: 7.0007, loss: 7.2718
2022-07-12 06:09:15,223 - mmdet - INFO - Epoch [53][50/241]	lr: 6.250e-06, eta: 6:26:45, time: 2.252, data_time: 1.120, memory: 7991, loss_cls: 0.1913, loss_bbox: 0.0814, loss_kps: 7.5976, loss: 7.8703
2022-07-12 06:10:26,022 - mmdet - INFO - Epoch [53][100/241]	lr: 6.250e-06, eta: 6:25:53, time: 1.418, data_time: 0.327, memory: 7991, loss_cls: 0.1879, loss_bbox: 0.0817, loss_kps: 7.0160, loss: 7.2856
2022-07-12 06:11:37,646 - mmdet - INFO - Epoch [53][150/241]	lr: 6.250e-06, eta: 6:25:01, time: 1.433, data_time: 0.373, memory: 7991, loss_cls: 0.1862, loss_bbox: 0.0808, loss_kps: 6.9652, loss: 7.2322
2022-07-12 06:12:48,626 - mmdet - INFO - Epoch [53][200/241]	lr: 6.250e-06, eta: 6:24:08, time: 1.420, data_time: 0.372, memory: 7991, loss_cls: 0.1927, loss_bbox: 0.0792, loss_kps: 7.1128, loss: 7.3847
2022-07-12 06:15:30,429 - mmdet - INFO - Epoch [54][50/241]	lr: 6.250e-06, eta: 6:22:05, time: 2.222, data_time: 1.090, memory: 7991, loss_cls: 0.1897, loss_bbox: 0.0828, loss_kps: 6.9793, loss: 7.2518
2022-07-12 06:16:42,823 - mmdet - INFO - Epoch [54][100/241]	lr: 6.250e-06, eta: 6:21:14, time: 1.443, data_time: 0.340, memory: 7991, loss_cls: 0.1920, loss_bbox: 0.0808, loss_kps: 6.9198, loss: 7.1926
2022-07-12 06:17:54,423 - mmdet - INFO - Epoch [54][150/241]	lr: 6.250e-06, eta: 6:20:21, time: 1.437, data_time: 0.351, memory: 7991, loss_cls: 0.1919, loss_bbox: 0.0819, loss_kps: 6.6467, loss: 6.9205
2022-07-12 06:19:07,221 - mmdet - INFO - Epoch [54][200/241]	lr: 6.250e-06, eta: 6:19:30, time: 1.452, data_time: 0.344, memory: 7991, loss_cls: 0.1930, loss_bbox: 0.0815, loss_kps: 7.0818, loss: 7.3562
2022-07-12 06:21:51,820 - mmdet - INFO - Epoch [55][50/241]	lr: 6.250e-06, eta: 6:17:31, time: 2.266, data_time: 1.133, memory: 7991, loss_cls: 0.1961, loss_bbox: 0.0803, loss_kps: 7.3599, loss: 7.6363
2022-07-12 06:23:02,220 - mmdet - INFO - Epoch [55][100/241]	lr: 6.250e-06, eta: 6:16:36, time: 1.411, data_time: 0.313, memory: 7991, loss_cls: 0.1932, loss_bbox: 0.0814, loss_kps: 7.4893, loss: 7.7640
2022-07-12 06:24:15,019 - mmdet - INFO - Epoch [55][150/241]	lr: 6.250e-06, eta: 6:15:45, time: 1.457, data_time: 0.331, memory: 7991, loss_cls: 0.1890, loss_bbox: 0.0802, loss_kps: 7.0350, loss: 7.3042
2022-07-12 06:25:28,511 - mmdet - INFO - Epoch [55][200/241]	lr: 6.250e-06, eta: 6:14:54, time: 1.465, data_time: 0.368, memory: 7991, loss_cls: 0.1914, loss_bbox: 0.0798, loss_kps: 7.1857, loss: 7.4569
2022-07-12 06:26:19,484 - mmdet - INFO - Saving checkpoint at 55 epochs
2022-07-12 06:26:36,439 - mmdet - INFO - 
+-------+-----+------+--------+-------+
| class | gts | dets | recall | ap    |
+-------+-----+------+--------+-------+
| FG    | 179 | 3078 | 0.955  | 0.938 |
+-------+-----+------+--------+-------+
| mAP   |     |      |        | 0.938 |
+-------+-----+------+--------+-------+
2022-07-12 06:26:36,481 - mmdet - INFO - Exp name: scrfd_cccd_500m_bnkps_color.py
2022-07-12 06:26:36,482 - mmdet - INFO - Epoch(val) [55][241]	mAP: 0.9381
2022-07-12 06:28:23,819 - mmdet - INFO - Epoch [56][50/241]	lr: 6.250e-06, eta: 6:12:45, time: 2.135, data_time: 1.073, memory: 7991, loss_cls: 0.1918, loss_bbox: 0.0814, loss_kps: 7.1371, loss: 7.4103
2022-07-12 06:29:35,219 - mmdet - INFO - Epoch [56][100/241]	lr: 6.250e-06, eta: 6:11:52, time: 1.429, data_time: 0.392, memory: 7991, loss_cls: 0.1881, loss_bbox: 0.0801, loss_kps: 6.7318, loss: 7.0000
2022-07-12 06:30:46,019 - mmdet - INFO - Epoch [56][150/241]	lr: 6.250e-06, eta: 6:10:57, time: 1.414, data_time: 0.334, memory: 7991, loss_cls: 0.1907, loss_bbox: 0.0801, loss_kps: 6.7473, loss: 7.0181
2022-07-12 06:31:56,366 - mmdet - INFO - Epoch [56][200/241]	lr: 6.250e-06, eta: 6:10:02, time: 1.409, data_time: 0.303, memory: 7991, loss_cls: 0.1914, loss_bbox: 0.0812, loss_kps: 6.9578, loss: 7.2305
2022-07-12 06:34:40,345 - mmdet - INFO - Epoch [57][50/241]	lr: 6.250e-06, eta: 6:08:02, time: 2.270, data_time: 1.145, memory: 7991, loss_cls: 0.1898, loss_bbox: 0.0806, loss_kps: 7.3519, loss: 7.6223
2022-07-12 06:35:53,256 - mmdet - INFO - Epoch [57][100/241]	lr: 6.250e-06, eta: 6:07:10, time: 1.458, data_time: 0.300, memory: 7991, loss_cls: 0.1895, loss_bbox: 0.0811, loss_kps: 6.7419, loss: 7.0124
2022-07-12 06:37:03,818 - mmdet - INFO - Epoch [57][150/241]	lr: 6.250e-06, eta: 6:06:14, time: 1.409, data_time: 0.340, memory: 7991, loss_cls: 0.1895, loss_bbox: 0.0791, loss_kps: 7.1277, loss: 7.3963
2022-07-12 06:38:16,533 - mmdet - INFO - Epoch [57][200/241]	lr: 6.250e-06, eta: 6:05:21, time: 1.450, data_time: 0.382, memory: 7991, loss_cls: 0.1844, loss_bbox: 0.0811, loss_kps: 6.8906, loss: 7.1561
2022-07-12 06:40:51,313 - mmdet - INFO - Epoch [58][50/241]	lr: 6.250e-06, eta: 6:03:09, time: 2.065, data_time: 1.074, memory: 7991, loss_cls: 0.1913, loss_bbox: 0.0815, loss_kps: 6.9666, loss: 7.2393
2022-07-12 06:42:06,019 - mmdet - INFO - Epoch [58][100/241]	lr: 6.250e-06, eta: 6:02:18, time: 1.488, data_time: 0.337, memory: 7991, loss_cls: 0.1934, loss_bbox: 0.0824, loss_kps: 7.0445, loss: 7.3202
2022-07-12 06:43:16,227 - mmdet - INFO - Epoch [58][150/241]	lr: 6.250e-06, eta: 6:01:22, time: 1.406, data_time: 0.340, memory: 7991, loss_cls: 0.1888, loss_bbox: 0.0810, loss_kps: 7.6229, loss: 7.8927
2022-07-12 06:44:31,420 - mmdet - INFO - Epoch [58][200/241]	lr: 6.250e-06, eta: 6:00:32, time: 1.505, data_time: 0.401, memory: 7991, loss_cls: 0.1911, loss_bbox: 0.0806, loss_kps: 6.8936, loss: 7.1653
2022-07-12 06:47:21,820 - mmdet - INFO - Epoch [59][50/241]	lr: 6.250e-06, eta: 5:58:36, time: 2.345, data_time: 1.139, memory: 7991, loss_cls: 0.1922, loss_bbox: 0.0814, loss_kps: 7.4820, loss: 7.7556
2022-07-12 06:48:35,019 - mmdet - INFO - Epoch [59][100/241]	lr: 6.250e-06, eta: 5:57:44, time: 1.468, data_time: 0.318, memory: 7991, loss_cls: 0.1885, loss_bbox: 0.0802, loss_kps: 6.6380, loss: 6.9067
2022-07-12 06:49:47,440 - mmdet - INFO - Epoch [59][150/241]	lr: 6.250e-06, eta: 5:56:50, time: 1.451, data_time: 0.328, memory: 7991, loss_cls: 0.1865, loss_bbox: 0.0813, loss_kps: 6.5364, loss: 6.8042
2022-07-12 06:50:58,633 - mmdet - INFO - Epoch [59][200/241]	lr: 6.250e-06, eta: 5:55:54, time: 1.424, data_time: 0.335, memory: 7991, loss_cls: 0.1925, loss_bbox: 0.0811, loss_kps: 7.2737, loss: 7.5473
2022-07-12 06:53:48,221 - mmdet - INFO - Epoch [60][50/241]	lr: 6.250e-06, eta: 5:53:59, time: 2.350, data_time: 1.179, memory: 7991, loss_cls: 0.1916, loss_bbox: 0.0802, loss_kps: 7.4292, loss: 7.7011
2022-07-12 06:54:55,021 - mmdet - INFO - Epoch [60][100/241]	lr: 6.250e-06, eta: 5:52:58, time: 1.333, data_time: 0.320, memory: 7991, loss_cls: 0.1878, loss_bbox: 0.0803, loss_kps: 7.2034, loss: 7.4715
2022-07-12 06:56:07,821 - mmdet - INFO - Epoch [60][150/241]	lr: 6.250e-06, eta: 5:52:04, time: 1.459, data_time: 0.392, memory: 7991, loss_cls: 0.1895, loss_bbox: 0.0802, loss_kps: 7.2487, loss: 7.5184
2022-07-12 06:57:22,632 - mmdet - INFO - Epoch [60][200/241]	lr: 6.250e-06, eta: 5:51:12, time: 1.493, data_time: 0.348, memory: 7991, loss_cls: 0.1873, loss_bbox: 0.0801, loss_kps: 6.9596, loss: 7.2269
2022-07-12 06:58:13,553 - mmdet - INFO - Saving checkpoint at 60 epochs
2022-07-12 06:58:30,133 - mmdet - INFO - 
+-------+-----+------+--------+-------+
| class | gts | dets | recall | ap    |
+-------+-----+------+--------+-------+
| FG    | 179 | 2987 | 0.972  | 0.951 |
+-------+-----+------+--------+-------+
| mAP   |     |      |        | 0.951 |
+-------+-----+------+--------+-------+
2022-07-12 06:58:30,176 - mmdet - INFO - Exp name: scrfd_cccd_500m_bnkps_color.py
2022-07-12 06:58:30,176 - mmdet - INFO - Epoch(val) [60][241]	mAP: 0.9505
2022-07-12 07:00:23,022 - mmdet - INFO - Epoch [61][50/241]	lr: 6.250e-06, eta: 5:49:10, time: 2.245, data_time: 1.118, memory: 7991, loss_cls: 0.1883, loss_bbox: 0.0808, loss_kps: 6.9106, loss: 7.1797
2022-07-12 07:01:34,024 - mmdet - INFO - Epoch [61][100/241]	lr: 6.250e-06, eta: 5:48:14, time: 1.422, data_time: 0.338, memory: 7991, loss_cls: 0.1881, loss_bbox: 0.0807, loss_kps: 6.6883, loss: 6.9571
2022-07-12 07:02:45,623 - mmdet - INFO - Epoch [61][150/241]	lr: 6.250e-06, eta: 5:47:18, time: 1.428, data_time: 0.370, memory: 7991, loss_cls: 0.1913, loss_bbox: 0.0812, loss_kps: 7.1843, loss: 7.4568
2022-07-12 07:03:56,246 - mmdet - INFO - Epoch [61][200/241]	lr: 6.250e-06, eta: 5:46:21, time: 1.417, data_time: 0.396, memory: 7991, loss_cls: 0.1927, loss_bbox: 0.0806, loss_kps: 6.8657, loss: 7.1390
2022-07-12 07:06:41,423 - mmdet - INFO - Epoch [62][50/241]	lr: 6.250e-06, eta: 5:44:21, time: 2.288, data_time: 1.162, memory: 7991, loss_cls: 0.1941, loss_bbox: 0.0813, loss_kps: 7.4386, loss: 7.7140
2022-07-12 07:07:51,623 - mmdet - INFO - Epoch [62][100/241]	lr: 6.250e-06, eta: 5:43:24, time: 1.407, data_time: 0.334, memory: 7991, loss_cls: 0.1941, loss_bbox: 0.0801, loss_kps: 7.0723, loss: 7.3465
2022-07-12 07:08:58,226 - mmdet - INFO - Epoch [62][150/241]	lr: 6.250e-06, eta: 5:42:22, time: 1.334, data_time: 0.333, memory: 7991, loss_cls: 0.1872, loss_bbox: 0.0791, loss_kps: 6.8831, loss: 7.1494
2022-07-12 07:10:08,024 - mmdet - INFO - Epoch [62][200/241]	lr: 6.250e-06, eta: 5:41:24, time: 1.396, data_time: 0.352, memory: 7991, loss_cls: 0.1921, loss_bbox: 0.0800, loss_kps: 6.9462, loss: 7.2183
2022-07-12 07:12:52,024 - mmdet - INFO - Epoch [63][50/241]	lr: 6.250e-06, eta: 5:39:23, time: 2.263, data_time: 1.220, memory: 7991, loss_cls: 0.1950, loss_bbox: 0.0789, loss_kps: 6.6314, loss: 6.9053
2022-07-12 07:14:02,291 - mmdet - INFO - Epoch [63][100/241]	lr: 6.250e-06, eta: 5:38:26, time: 1.410, data_time: 0.333, memory: 7991, loss_cls: 0.1911, loss_bbox: 0.0803, loss_kps: 7.3828, loss: 7.6542
2022-07-12 07:15:18,625 - mmdet - INFO - Epoch [63][150/241]	lr: 6.250e-06, eta: 5:37:34, time: 1.523, data_time: 0.376, memory: 7991, loss_cls: 0.1918, loss_bbox: 0.0812, loss_kps: 7.1865, loss: 7.4595
2022-07-12 07:16:28,225 - mmdet - INFO - Epoch [63][200/241]	lr: 6.250e-06, eta: 5:36:35, time: 1.393, data_time: 0.302, memory: 7991, loss_cls: 0.1877, loss_bbox: 0.0812, loss_kps: 6.9018, loss: 7.1707
2022-07-12 07:19:15,210 - mmdet - INFO - Epoch [64][50/241]	lr: 6.250e-06, eta: 5:34:36, time: 2.309, data_time: 1.182, memory: 7991, loss_cls: 0.1891, loss_bbox: 0.0797, loss_kps: 6.7908, loss: 7.0596
2022-07-12 07:20:30,439 - mmdet - INFO - Epoch [64][100/241]	lr: 6.250e-06, eta: 5:33:43, time: 1.502, data_time: 0.331, memory: 7991, loss_cls: 0.1878, loss_bbox: 0.0807, loss_kps: 6.9930, loss: 7.2615
2022-07-12 07:21:37,933 - mmdet - INFO - Epoch [64][150/241]	lr: 6.250e-06, eta: 5:32:42, time: 1.353, data_time: 0.364, memory: 7991, loss_cls: 0.1880, loss_bbox: 0.0810, loss_kps: 7.5067, loss: 7.7757
2022-07-12 07:22:45,826 - mmdet - INFO - Epoch [64][200/241]	lr: 6.250e-06, eta: 5:31:41, time: 1.351, data_time: 0.339, memory: 7991, loss_cls: 0.1907, loss_bbox: 0.0792, loss_kps: 7.0263, loss: 7.2962
2022-07-12 07:25:30,825 - mmdet - INFO - Epoch [65][50/241]	lr: 6.250e-07, eta: 5:29:41, time: 2.278, data_time: 1.122, memory: 7991, loss_cls: 0.1904, loss_bbox: 0.0797, loss_kps: 7.1209, loss: 7.3911
2022-07-12 07:26:43,658 - mmdet - INFO - Epoch [65][100/241]	lr: 6.250e-07, eta: 5:28:45, time: 1.460, data_time: 0.331, memory: 7991, loss_cls: 0.1896, loss_bbox: 0.0813, loss_kps: 7.1028, loss: 7.3737
2022-07-12 07:27:56,417 - mmdet - INFO - Epoch [65][150/241]	lr: 6.250e-07, eta: 5:27:49, time: 1.451, data_time: 0.333, memory: 7991, loss_cls: 0.1900, loss_bbox: 0.0813, loss_kps: 7.5936, loss: 7.8650
2022-07-12 07:29:08,415 - mmdet - INFO - Epoch [65][200/241]	lr: 6.250e-07, eta: 5:26:52, time: 1.438, data_time: 0.345, memory: 7991, loss_cls: 0.1854, loss_bbox: 0.0812, loss_kps: 7.2101, loss: 7.4766
2022-07-12 07:30:03,084 - mmdet - INFO - Saving checkpoint at 65 epochs
2022-07-12 07:30:21,122 - mmdet - INFO - 
+-------+-----+------+--------+-------+
| class | gts | dets | recall | ap    |
+-------+-----+------+--------+-------+
| FG    | 179 | 3077 | 0.966  | 0.943 |
+-------+-----+------+--------+-------+
| mAP   |     |      |        | 0.943 |
+-------+-----+------+--------+-------+
2022-07-12 07:30:21,165 - mmdet - INFO - Exp name: scrfd_cccd_500m_bnkps_color.py
2022-07-12 07:30:21,166 - mmdet - INFO - Epoch(val) [65][241]	mAP: 0.9431
2022-07-12 07:32:18,212 - mmdet - INFO - Epoch [66][50/241]	lr: 6.250e-07, eta: 5:24:54, time: 2.329, data_time: 1.188, memory: 7991, loss_cls: 0.1833, loss_bbox: 0.0810, loss_kps: 6.8588, loss: 7.1230
2022-07-12 07:33:33,611 - mmdet - INFO - Epoch [66][100/241]	lr: 6.250e-07, eta: 5:24:00, time: 1.510, data_time: 0.348, memory: 7991, loss_cls: 0.1927, loss_bbox: 0.0817, loss_kps: 6.9766, loss: 7.2510
2022-07-12 07:34:45,210 - mmdet - INFO - Epoch [66][150/241]	lr: 6.250e-07, eta: 5:23:02, time: 1.429, data_time: 0.327, memory: 7991, loss_cls: 0.1937, loss_bbox: 0.0805, loss_kps: 7.1637, loss: 7.4379
2022-07-12 07:35:48,067 - mmdet - INFO - Epoch [66][200/241]	lr: 6.250e-07, eta: 5:21:56, time: 1.261, data_time: 0.252, memory: 7991, loss_cls: 0.1864, loss_bbox: 0.0796, loss_kps: 6.7963, loss: 7.0623
2022-07-12 07:38:04,576 - mmdet - INFO - Epoch [67][50/241]	lr: 6.250e-07, eta: 5:19:27, time: 1.651, data_time: 0.869, memory: 7991, loss_cls: 0.1869, loss_bbox: 0.0815, loss_kps: 7.0565, loss: 7.3249
2022-07-12 07:38:46,563 - mmdet - INFO - Epoch [67][100/241]	lr: 6.250e-07, eta: 5:18:01, time: 0.839, data_time: 0.142, memory: 7991, loss_cls: 0.1992, loss_bbox: 0.0804, loss_kps: 7.5233, loss: 7.8028
2022-07-12 07:39:30,074 - mmdet - INFO - Epoch [67][150/241]	lr: 6.250e-07, eta: 5:16:38, time: 0.870, data_time: 0.148, memory: 7991, loss_cls: 0.1906, loss_bbox: 0.0807, loss_kps: 6.8786, loss: 7.1499
2022-07-12 07:40:12,869 - mmdet - INFO - Epoch [67][200/241]	lr: 6.250e-07, eta: 5:15:14, time: 0.856, data_time: 0.142, memory: 7991, loss_cls: 0.1890, loss_bbox: 0.0805, loss_kps: 6.7301, loss: 6.9995
2022-07-12 07:41:59,032 - mmdet - INFO - Epoch [68][50/241]	lr: 6.250e-07, eta: 5:12:36, time: 1.428, data_time: 0.723, memory: 7991, loss_cls: 0.1901, loss_bbox: 0.0816, loss_kps: 7.2955, loss: 7.5672
2022-07-12 07:42:44,812 - mmdet - INFO - Epoch [68][100/241]	lr: 6.250e-07, eta: 5:11:16, time: 0.916, data_time: 0.164, memory: 7991, loss_cls: 0.1908, loss_bbox: 0.0811, loss_kps: 6.9921, loss: 7.2640
2022-07-12 07:43:25,684 - mmdet - INFO - Epoch [68][150/241]	lr: 6.250e-07, eta: 5:09:51, time: 0.817, data_time: 0.140, memory: 7991, loss_cls: 0.1895, loss_bbox: 0.0820, loss_kps: 7.2204, loss: 7.4919
2022-07-12 07:44:05,719 - mmdet - INFO - Epoch [68][200/241]	lr: 6.250e-07, eta: 5:08:26, time: 0.801, data_time: 0.137, memory: 7991, loss_cls: 0.1922, loss_bbox: 0.0791, loss_kps: 6.6895, loss: 6.9607
2022-07-12 07:45:53,282 - mmdet - INFO - Epoch [69][50/241]	lr: 6.250e-07, eta: 5:05:54, time: 1.487, data_time: 0.756, memory: 7991, loss_cls: 0.1969, loss_bbox: 0.0821, loss_kps: 7.0767, loss: 7.3557
2022-07-12 07:46:36,028 - mmdet - INFO - Epoch [69][100/241]	lr: 6.250e-07, eta: 5:04:32, time: 0.855, data_time: 0.154, memory: 7991, loss_cls: 0.1940, loss_bbox: 0.0803, loss_kps: 7.2456, loss: 7.5199
2022-07-12 07:47:16,263 - mmdet - INFO - Epoch [69][150/241]	lr: 6.250e-07, eta: 5:03:08, time: 0.805, data_time: 0.141, memory: 7991, loss_cls: 0.1909, loss_bbox: 0.0811, loss_kps: 7.2999, loss: 7.5720
2022-07-12 07:47:56,534 - mmdet - INFO - Epoch [69][200/241]	lr: 6.250e-07, eta: 5:01:44, time: 0.805, data_time: 0.134, memory: 7991, loss_cls: 0.1871, loss_bbox: 0.0801, loss_kps: 6.8188, loss: 7.0860
2022-07-12 07:49:41,672 - mmdet - INFO - Epoch [70][50/241]	lr: 6.250e-07, eta: 4:59:11, time: 1.435, data_time: 0.738, memory: 7991, loss_cls: 0.1931, loss_bbox: 0.0810, loss_kps: 7.3805, loss: 7.6547
2022-07-12 07:50:23,370 - mmdet - INFO - Epoch [70][100/241]	lr: 6.250e-07, eta: 4:57:50, time: 0.834, data_time: 0.143, memory: 7991, loss_cls: 0.1896, loss_bbox: 0.0817, loss_kps: 6.9096, loss: 7.1809
2022-07-12 07:51:04,854 - mmdet - INFO - Epoch [70][150/241]	lr: 6.250e-07, eta: 4:56:28, time: 0.830, data_time: 0.138, memory: 7991, loss_cls: 0.1918, loss_bbox: 0.0808, loss_kps: 7.0101, loss: 7.2827
2022-07-12 07:51:45,634 - mmdet - INFO - Epoch [70][200/241]	lr: 6.250e-07, eta: 4:55:06, time: 0.816, data_time: 0.134, memory: 7991, loss_cls: 0.1913, loss_bbox: 0.0811, loss_kps: 7.0295, loss: 7.3019
2022-07-12 07:52:18,578 - mmdet - INFO - Saving checkpoint at 70 epochs
2022-07-12 07:52:29,483 - mmdet - INFO - 
+-------+-----+------+--------+-------+
| class | gts | dets | recall | ap    |
+-------+-----+------+--------+-------+
| FG    | 179 | 3150 | 0.961  | 0.943 |
+-------+-----+------+--------+-------+
| mAP   |     |      |        | 0.943 |
+-------+-----+------+--------+-------+
2022-07-12 07:52:29,526 - mmdet - INFO - Exp name: scrfd_cccd_500m_bnkps_color.py
2022-07-12 07:52:29,527 - mmdet - INFO - Epoch(val) [70][241]	mAP: 0.9432
2022-07-12 07:53:43,601 - mmdet - INFO - Epoch [71][50/241]	lr: 6.250e-07, eta: 4:52:37, time: 1.471, data_time: 0.737, memory: 7991, loss_cls: 0.1895, loss_bbox: 0.0804, loss_kps: 7.0815, loss: 7.3514
2022-07-12 07:54:25,014 - mmdet - INFO - Epoch [71][100/241]	lr: 6.250e-07, eta: 4:51:17, time: 0.830, data_time: 0.150, memory: 7991, loss_cls: 0.1861, loss_bbox: 0.0799, loss_kps: 6.8698, loss: 7.1357
2022-07-12 07:55:04,930 - mmdet - INFO - Epoch [71][150/241]	lr: 6.250e-07, eta: 4:49:55, time: 0.798, data_time: 0.138, memory: 7991, loss_cls: 0.1911, loss_bbox: 0.0794, loss_kps: 6.9430, loss: 7.2135
2022-07-12 07:55:45,191 - mmdet - INFO - Epoch [71][200/241]	lr: 6.250e-07, eta: 4:48:34, time: 0.805, data_time: 0.143, memory: 7991, loss_cls: 0.1880, loss_bbox: 0.0815, loss_kps: 6.8241, loss: 7.0937
2022-07-12 07:57:28,632 - mmdet - INFO - Epoch [72][50/241]	lr: 6.250e-07, eta: 4:46:04, time: 1.407, data_time: 0.733, memory: 7991, loss_cls: 0.1876, loss_bbox: 0.0808, loss_kps: 7.3487, loss: 7.6171
2022-07-12 07:58:08,272 - mmdet - INFO - Epoch [72][100/241]	lr: 6.250e-07, eta: 4:44:43, time: 0.793, data_time: 0.144, memory: 7991, loss_cls: 0.1919, loss_bbox: 0.0813, loss_kps: 7.1869, loss: 7.4601
2022-07-12 07:58:50,165 - mmdet - INFO - Epoch [72][150/241]	lr: 6.250e-07, eta: 4:43:24, time: 0.838, data_time: 0.140, memory: 7991, loss_cls: 0.1899, loss_bbox: 0.0803, loss_kps: 7.0533, loss: 7.3234
2022-07-12 07:59:38,933 - mmdet - INFO - Epoch [72][200/241]	lr: 6.250e-07, eta: 4:42:11, time: 0.975, data_time: 0.187, memory: 7991, loss_cls: 0.1909, loss_bbox: 0.0807, loss_kps: 7.0845, loss: 7.3561
