2022-08-23 03:27:47,836 - mmdet - INFO - Environment info:
------------------------------------------------------------
sys.platform: linux
Python: 3.9.11 (main, Mar 29 2022, 19:08:29) [GCC 7.5.0]
CUDA available: True
GPU 0,1: Tesla T4
CUDA_HOME: /root/miniconda3/envs/id_card
NVCC: Cuda compilation tools, release 11.7, V11.7.99
GCC: gcc (Ubuntu 9.4.0-1ubuntu1~20.04.1) 9.4.0
PyTorch: 1.11.0
PyTorch compiling details: PyTorch built with:
  - GCC 7.3
  - C++ Version: 201402
  - Intel(R) oneAPI Math Kernel Library Version 2021.4-Product Build 20210904 for Intel(R) 64 architecture applications
  - Intel(R) MKL-DNN v2.5.2 (Git Hash a9302535553c73243c632ad3c4c80beec3d19a1e)
  - OpenMP 201511 (a.k.a. OpenMP 4.5)
  - LAPACK is enabled (usually provided by MKL)
  - NNPACK is enabled
  - CPU capability usage: AVX2
  - CUDA Runtime 11.3
  - NVCC architecture flags: -gencode;arch=compute_37,code=sm_37;-gencode;arch=compute_50,code=sm_50;-gencode;arch=compute_60,code=sm_60;-gencode;arch=compute_61,code=sm_61;-gencode;arch=compute_70,code=sm_70;-gencode;arch=compute_75,code=sm_75;-gencode;arch=compute_80,code=sm_80;-gencode;arch=compute_86,code=sm_86;-gencode;arch=compute_37,code=compute_37
  - CuDNN 8.2
  - Magma 2.5.2
  - Build settings: BLAS_INFO=mkl, BUILD_TYPE=Release, CUDA_VERSION=11.3, CUDNN_VERSION=8.2.0, CXX_COMPILER=/opt/rh/devtoolset-7/root/usr/bin/c++, CXX_FLAGS= -Wno-deprecated -fvisibility-inlines-hidden -DUSE_PTHREADPOOL -fopenmp -DNDEBUG -DUSE_KINETO -DUSE_FBGEMM -DUSE_QNNPACK -DUSE_PYTORCH_QNNPACK -DUSE_XNNPACK -DSYMBOLICATE_MOBILE_DEBUG_HANDLE -DEDGE_PROFILER_USE_KINETO -O2 -fPIC -Wno-narrowing -Wall -Wextra -Werror=return-type -Wno-missing-field-initializers -Wno-type-limits -Wno-array-bounds -Wno-unknown-pragmas -Wno-sign-compare -Wno-unused-parameter -Wno-unused-function -Wno-unused-result -Wno-unused-local-typedefs -Wno-strict-overflow -Wno-strict-aliasing -Wno-error=deprecated-declarations -Wno-stringop-overflow -Wno-psabi -Wno-error=pedantic -Wno-error=redundant-decls -Wno-error=old-style-cast -fdiagnostics-color=always -faligned-new -Wno-unused-but-set-variable -Wno-maybe-uninitialized -fno-math-errno -fno-trapping-math -Werror=format -Wno-stringop-overflow, LAPACK_INFO=mkl, PERF_WITH_AVX=1, PERF_WITH_AVX2=1, PERF_WITH_AVX512=1, TORCH_VERSION=1.11.0, USE_CUDA=ON, USE_CUDNN=ON, USE_EXCEPTION_PTR=1, USE_GFLAGS=OFF, USE_GLOG=OFF, USE_MKL=ON, USE_MKLDNN=OFF, USE_MPI=OFF, USE_NCCL=ON, USE_NNPACK=ON, USE_OPENMP=ON, USE_ROCM=OFF, 

TorchVision: 0.12.0
OpenCV: 4.6.0
MMCV: 1.5.3
MMCV Compiler: n/a
MMCV CUDA Compiler: n/a
MMDetection: 2.7.0+
------------------------------------------------------------

2022-08-23 03:27:48,716 - mmdet - INFO - Distributed training: False
2022-08-23 03:27:49,613 - mmdet - INFO - Config:
optimizer = dict(type='Adam', lr=0.000625, weight_decay=0.0005)
optimizer_config = dict(grad_clip=None)
lr_mult = 8
lr_config = dict(
    policy='step',
    warmup='linear',
    warmup_iters=10,
    warmup_ratio=0.001,
    step=[32, 48])
total_epochs = 64
checkpoint_config = dict(interval=5)
log_config = dict(interval=50, hooks=[dict(type='TextLoggerHook')])
dist_params = dict(backend='nccl')
log_level = 'INFO'
load_from = '/home/manhdq/ID_Card_Information_Extraction/keypoint_detection/scrfd/work_dirs/scrfd_cccd_500m_bnkps_dummy/best.pth'
resume_from = None
workflow = [('train', 1)]
dataset_type = 'RetinaFaceDataset'
data_root = '/home/manhdq/ID_Card_Information_Extraction/datasets/cccd'
train_root = [
    '/home/manhdq/ID_Card_Information_Extraction/datasets/cccd/valid_cccd_clean_v2',
    '/home/manhdq/ID_Card_Information_Extraction/datasets/cccd/giaosu_tien'
]
val_root = '/home/manhdq/ID_Card_Information_Extraction/datasets/cccd/valid_cccd_clean'
img_norm_cfg = dict(
    mean=[127.5, 127.5, 127.5], std=[128.0, 128.0, 128.0], to_rgb=True)
albu_train_transforms = [
    dict(
        type='OneOf',
        transforms=[
            dict(
                type='Affine',
                scale=None,
                rotate=(-90, 90),
                shear=None,
                interpolation=0,
                fit_output=True)
        ],
        p=0.6),
    dict(
        type='OneOf',
        transforms=[
            dict(type='MotionBlur'),
            dict(type='GaussianBlur', blur_limit=3)
        ],
        p=0.2),
    dict(type='ToGray', p=0.2)
]
train_pipeline = [
    dict(type='LoadImageFromFile', to_float32=True),
    dict(type='LoadAnnotations', with_bbox=True, with_keypoints=True),
    dict(
        type='RandomSquareCrop',
        crop_choice=[0.3, 0.45, 0.6, 0.8, 1.0, 1.2, 1.4, 1.6, 1.8, 2.0]),
    dict(type='Resize', img_scale=(640, 640), keep_ratio=False),
    dict(
        type='RandomFlip',
        flip_ratio=0.5,
        direction=['horizontal', 'vertical', 'diagonal']),
    dict(
        type='PhotoMetricDistortion',
        brightness_delta=32,
        contrast_range=(0.5, 1.5),
        saturation_range=(0.5, 1.5),
        hue_delta=18),
    dict(
        type='Normalize',
        mean=[127.5, 127.5, 127.5],
        std=[128.0, 128.0, 128.0],
        to_rgb=True),
    dict(type='DefaultFormatBundle'),
    dict(
        type='Collect',
        keys=[
            'img', 'gt_bboxes', 'gt_labels', 'gt_bboxes_ignore',
            'gt_keypointss'
        ])
]
test_pipeline = [
    dict(type='LoadImageFromFile'),
    dict(
        type='MultiScaleFlipAug',
        img_scale=(640, 640),
        flip=False,
        transforms=[
            dict(type='Resize', keep_ratio=True),
            dict(type='RandomFlip', flip_ratio=0.0),
            dict(
                type='Normalize',
                mean=[127.5, 127.5, 127.5],
                std=[128.0, 128.0, 128.0],
                to_rgb=True),
            dict(type='Pad', size=(640, 640), pad_val=0),
            dict(type='ImageToTensor', keys=['img']),
            dict(type='Collect', keys=['img'])
        ])
]
data = dict(
    samples_per_gpu=32,
    workers_per_gpu=8,
    train=dict(
        type='RetinaFaceDataset',
        ann_file=[
            '/home/manhdq/ID_Card_Information_Extraction/datasets/cccd/valid_cccd_clean_v2/annotations.txt',
            '/home/manhdq/ID_Card_Information_Extraction/datasets/cccd/giaosu_tien/annotations.txt'
        ],
        img_prefix=[
            '/home/manhdq/ID_Card_Information_Extraction/datasets/cccd/valid_cccd_clean_v2/images',
            '/home/manhdq/ID_Card_Information_Extraction/datasets/cccd/giaosu_tien/images'
        ],
        pipeline=[
            dict(type='LoadImageFromFile', to_float32=True),
            dict(type='LoadAnnotations', with_bbox=True, with_keypoints=True),
            dict(
                type='RandomSquareCrop',
                crop_choice=[
                    0.3, 0.45, 0.6, 0.8, 1.0, 1.2, 1.4, 1.6, 1.8, 2.0
                ]),
            dict(type='Resize', img_scale=(640, 640), keep_ratio=False),
            dict(
                type='RandomFlip',
                flip_ratio=0.5,
                direction=['horizontal', 'vertical', 'diagonal']),
            dict(
                type='PhotoMetricDistortion',
                brightness_delta=32,
                contrast_range=(0.5, 1.5),
                saturation_range=(0.5, 1.5),
                hue_delta=18),
            dict(
                type='Normalize',
                mean=[127.5, 127.5, 127.5],
                std=[128.0, 128.0, 128.0],
                to_rgb=True),
            dict(type='DefaultFormatBundle'),
            dict(
                type='Collect',
                keys=[
                    'img', 'gt_bboxes', 'gt_labels', 'gt_bboxes_ignore',
                    'gt_keypointss'
                ])
        ]),
    val=dict(
        type='RetinaFaceDataset',
        ann_file=
        '/home/manhdq/ID_Card_Information_Extraction/datasets/cccd/valid_cccd_clean/annotations.txt',
        img_prefix=
        '/home/manhdq/ID_Card_Information_Extraction/datasets/cccd/valid_cccd_clean/images',
        pipeline=[
            dict(type='LoadImageFromFile'),
            dict(type='LoadAnnotations', with_bbox=True, with_keypoints=True),
            dict(
                type='MultiScaleFlipAug',
                img_scale=(640, 640),
                flip=False,
                transforms=[
                    dict(type='Resize', keep_ratio=True),
                    dict(type='RandomFlip', flip_ratio=0.0),
                    dict(
                        type='Normalize',
                        mean=[127.5, 127.5, 127.5],
                        std=[128.0, 128.0, 128.0],
                        to_rgb=True),
                    dict(type='Pad', size=(640, 640), pad_val=0),
                    dict(type='ImageToTensor', keys=['img']),
                    dict(type='Collect', keys=['img'])
                ])
        ]),
    infer=dict(
        type='RetinaFaceDataset',
        ann_file=
        '/home/manhdq/ID_Card_Information_Extraction/datasets/cccd/valid_cccd_clean/annotations.txt',
        img_prefix=
        '/home/manhdq/ID_Card_Information_Extraction/datasets/cccd/valid_cccd_clean/images',
        pipeline=[
            dict(type='LoadImageFromFile'),
            dict(type='LoadAnnotations', with_bbox=True, with_keypoints=True),
            dict(
                type='MultiScaleFlipAug',
                img_scale=(640, 640),
                flip=False,
                transforms=[
                    dict(type='Resize', keep_ratio=True),
                    dict(type='RandomFlip', flip_ratio=0.0),
                    dict(
                        type='Normalize',
                        mean=[127.5, 127.5, 127.5],
                        std=[128.0, 128.0, 128.0],
                        to_rgb=True),
                    dict(type='Pad', size=(640, 640), pad_val=0),
                    dict(type='ImageToTensor', keys=['img']),
                    dict(
                        type='Collect',
                        keys=[
                            'img', 'gt_bboxes', 'gt_labels',
                            'gt_bboxes_ignore', 'gt_keypointss'
                        ])
                ])
        ]),
    test=dict(
        type='RetinaFaceDataset',
        ann_file=
        '/home/manhdq/ID_Card_Information_Extraction/datasets/cccd/valid_cccd_clean/annotations.txt',
        img_prefix=
        '/home/manhdq/ID_Card_Information_Extraction/datasets/cccd/valid_cccd_clean/images',
        pipeline=[
            dict(type='LoadImageFromFile'),
            dict(
                type='MultiScaleFlipAug',
                img_scale=(640, 640),
                flip=False,
                transforms=[
                    dict(type='Resize', keep_ratio=True),
                    dict(type='RandomFlip', flip_ratio=0.0),
                    dict(
                        type='Normalize',
                        mean=[127.5, 127.5, 127.5],
                        std=[128.0, 128.0, 128.0],
                        to_rgb=True),
                    dict(type='Pad', size=(640, 640), pad_val=0),
                    dict(type='ImageToTensor', keys=['img']),
                    dict(type='Collect', keys=['img'])
                ])
        ]))
model = dict(
    type='SCRFD',
    backbone=dict(
        type='MobileNetV1',
        block_cfg=dict(
            stage_blocks=(2, 3, 2, 6), stage_planes=[16, 16, 40, 72, 152,
                                                     288])),
    neck=dict(
        type='PAFPN',
        in_channels=[40, 72, 152, 288],
        out_channels=16,
        start_level=1,
        add_extra_convs='on_output',
        num_outs=3),
    bbox_head=dict(
        type='SCRFDHead',
        num_classes=1,
        in_channels=16,
        stacked_convs=2,
        feat_channels=64,
        norm_cfg=dict(type='BN', requires_grad=True),
        cls_reg_share=True,
        strides_share=False,
        dw_conv=True,
        scale_mode=0,
        anchor_generator=dict(
            type='AnchorGenerator',
            ratios=[1.0],
            scales=[1, 2],
            base_sizes=[16, 64, 256],
            strides=[8, 16, 32]),
        loss_cls=dict(
            type='QualityFocalLoss',
            use_sigmoid=True,
            beta=2.0,
            loss_weight=1.0),
        loss_dfl=False,
        reg_max=8,
        loss_bbox=dict(type='DIoULoss', loss_weight=1.0),
        use_kps=True,
        loss_kps=dict(
            type='SmoothL1Loss', beta=0.1111111111111111, loss_weight=1.5),
        train_cfg=dict(
            assigner=dict(type='ATSSAssigner', topk=9),
            allowed_border=-1,
            pos_weight=-1,
            debug=False),
        test_cfg=dict(
            nms_pre=-1,
            min_bbox_size=0,
            score_thr=0.02,
            nms=dict(type='nms', iou_threshold=0.45),
            max_per_img=-1)))
train_cfg = dict(
    assigner=dict(type='ATSSAssigner', topk=9),
    allowed_border=-1,
    pos_weight=-1,
    debug=False)
val_cfg = dict(
    nms_pre=-1,
    min_bbox_size=0,
    score_thr=0.02,
    nms=dict(type='nms', iou_threshold=0.45),
    max_per_img=-1)
test_cfg = dict(
    nms_pre=-1,
    min_bbox_size=0,
    score_thr=0.02,
    nms=dict(type='nms', iou_threshold=0.45),
    max_per_img=-1)
epoch_multi = 1
evaluation = dict(interval=5, metric='mAP')
work_dir = './work_dirs/scrfd_cccd_500m_bnkps_dummy'
gpu_ids = range(0, 1)

2022-08-23 03:27:51,938 - mmdet - INFO - load checkpoint from local path: /home/manhdq/ID_Card_Information_Extraction/keypoint_detection/scrfd/work_dirs/scrfd_cccd_500m_bnkps_dummy/best.pth
2022-08-23 03:27:51,986 - mmdet - INFO - Start running, host: root@ATMA-Ubuntu20-ARP-v3, work_dir: /home/manhdq/ID_Card_Information_Extraction/keypoint_detection_v2/scrfd/work_dirs/scrfd_cccd_500m_bnkps_dummy
2022-08-23 03:27:51,986 - mmdet - INFO - Hooks will be executed in the following order:
before_run:
(VERY_HIGH   ) StepLrUpdaterHook                  
(NORMAL      ) CheckpointHook                     
(NORMAL      ) EvalHook                           
(VERY_LOW    ) TextLoggerHook                     
 -------------------- 
before_train_epoch:
(VERY_HIGH   ) StepLrUpdaterHook                  
(NORMAL      ) EvalHook                           
(LOW         ) IterTimerHook                      
(VERY_LOW    ) TextLoggerHook                     
 -------------------- 
before_train_iter:
(VERY_HIGH   ) StepLrUpdaterHook                  
(LOW         ) IterTimerHook                      
 -------------------- 
after_train_iter:
(ABOVE_NORMAL) OptimizerHook                      
(NORMAL      ) CheckpointHook                     
(LOW         ) IterTimerHook                      
(VERY_LOW    ) TextLoggerHook                     
 -------------------- 
after_train_epoch:
(NORMAL      ) CheckpointHook                     
(NORMAL      ) EvalHook                           
(VERY_LOW    ) TextLoggerHook                     
 -------------------- 
before_val_epoch:
(LOW         ) IterTimerHook                      
(VERY_LOW    ) TextLoggerHook                     
 -------------------- 
before_val_iter:
(LOW         ) IterTimerHook                      
 -------------------- 
after_val_iter:
(LOW         ) IterTimerHook                      
 -------------------- 
after_val_epoch:
(VERY_LOW    ) TextLoggerHook                     
 -------------------- 
after_run:
(VERY_LOW    ) TextLoggerHook                     
 -------------------- 
2022-08-23 03:27:51,987 - mmdet - INFO - workflow: [('train', 1)], max: 64 epochs
2022-08-23 03:27:51,988 - mmdet - INFO - Checkpoints will be saved to /home/manhdq/ID_Card_Information_Extraction/keypoint_detection_v2/scrfd/work_dirs/scrfd_cccd_500m_bnkps_dummy by HardDiskBackend.
2022-08-23 03:28:22,625 - mmdet - INFO - Epoch [1][50/139]	lr: 6.250e-04, eta: 1:30:19, time: 0.613, data_time: 0.147, memory: 4008, loss_cls: 0.5557, loss_bbox: 0.1340, loss_kps: 14.7650, loss: 15.4547
2022-08-23 03:28:48,237 - mmdet - INFO - Epoch [1][100/139]	lr: 6.250e-04, eta: 1:22:27, time: 0.512, data_time: 0.062, memory: 4008, loss_cls: 0.4064, loss_bbox: 0.1177, loss_kps: 9.0193, loss: 9.5434
2022-08-23 03:29:37,628 - mmdet - INFO - Epoch [2][50/139]	lr: 6.250e-04, eta: 1:06:18, time: 0.602, data_time: 0.155, memory: 4008, loss_cls: 0.2985, loss_bbox: 0.0989, loss_kps: 7.3041, loss: 7.7014
2022-08-23 03:30:03,111 - mmdet - INFO - Epoch [2][100/139]	lr: 6.250e-04, eta: 1:07:30, time: 0.510, data_time: 0.062, memory: 4008, loss_cls: 0.2902, loss_bbox: 0.0972, loss_kps: 7.2361, loss: 7.6235
2022-08-23 03:30:53,013 - mmdet - INFO - Epoch [3][50/139]	lr: 6.250e-04, eta: 1:01:52, time: 0.606, data_time: 0.151, memory: 4008, loss_cls: 0.2614, loss_bbox: 0.0852, loss_kps: 5.7611, loss: 6.1077
2022-08-23 03:31:18,542 - mmdet - INFO - Epoch [3][100/139]	lr: 6.250e-04, eta: 1:02:57, time: 0.511, data_time: 0.062, memory: 4008, loss_cls: 0.2485, loss_bbox: 0.0880, loss_kps: 5.8185, loss: 6.1549
2022-08-23 03:32:08,163 - mmdet - INFO - Epoch [4][50/139]	lr: 6.250e-04, eta: 0:59:21, time: 0.593, data_time: 0.141, memory: 4008, loss_cls: 0.2468, loss_bbox: 0.0836, loss_kps: 6.5709, loss: 6.9012
2022-08-23 03:32:33,951 - mmdet - INFO - Epoch [4][100/139]	lr: 6.250e-04, eta: 1:00:15, time: 0.516, data_time: 0.066, memory: 4008, loss_cls: 0.2358, loss_bbox: 0.0772, loss_kps: 5.1729, loss: 5.4859
2022-08-23 03:33:23,860 - mmdet - INFO - Epoch [5][50/139]	lr: 6.250e-04, eta: 0:57:46, time: 0.607, data_time: 0.148, memory: 4008, loss_cls: 0.2242, loss_bbox: 0.0777, loss_kps: 4.5867, loss: 4.8887
2022-08-23 03:33:49,482 - mmdet - INFO - Epoch [5][100/139]	lr: 6.250e-04, eta: 0:58:25, time: 0.512, data_time: 0.060, memory: 4008, loss_cls: 0.2173, loss_bbox: 0.0774, loss_kps: 4.8692, loss: 5.1639
2022-08-23 03:34:09,270 - mmdet - INFO - Saving checkpoint at 5 epochs
2022-08-23 03:34:12,709 - mmdet - INFO - 
+-------+-----+------+--------+-------+
| class | gts | dets | recall | ap    |
+-------+-----+------+--------+-------+
| FG    | 175 | 3508 | 0.989  | 0.984 |
+-------+-----+------+--------+-------+
| mAP   |     |      |        | 0.984 |
+-------+-----+------+--------+-------+
2022-08-23 03:34:12,812 - mmdet - INFO - Exp name: scrfd_cccd_500m_bnkps_dummy.py
2022-08-23 03:34:12,812 - mmdet - INFO - Epoch(val) [5][139]	mAP: 0.9843
2022-08-23 03:34:42,387 - mmdet - INFO - Epoch [6][50/139]	lr: 6.250e-04, eta: 0:56:16, time: 0.591, data_time: 0.137, memory: 4008, loss_cls: 0.2078, loss_bbox: 0.0719, loss_kps: 3.8094, loss: 4.0891
2022-08-23 03:35:08,202 - mmdet - INFO - Epoch [6][100/139]	lr: 6.250e-04, eta: 0:56:47, time: 0.516, data_time: 0.064, memory: 4008, loss_cls: 0.2254, loss_bbox: 0.0752, loss_kps: 4.3986, loss: 4.6992
2022-08-23 03:35:57,695 - mmdet - INFO - Epoch [7][50/139]	lr: 6.250e-04, eta: 0:55:02, time: 0.599, data_time: 0.147, memory: 4008, loss_cls: 0.2166, loss_bbox: 0.0725, loss_kps: 4.5595, loss: 4.8486
2022-08-23 03:36:23,470 - mmdet - INFO - Epoch [7][100/139]	lr: 6.250e-04, eta: 0:55:25, time: 0.515, data_time: 0.065, memory: 4008, loss_cls: 0.2151, loss_bbox: 0.0775, loss_kps: 4.4405, loss: 4.7332
2022-08-23 03:37:13,070 - mmdet - INFO - Epoch [8][50/139]	lr: 6.250e-04, eta: 0:53:54, time: 0.602, data_time: 0.150, memory: 4008, loss_cls: 0.2074, loss_bbox: 0.0682, loss_kps: 4.1593, loss: 4.4349
2022-08-23 03:37:38,428 - mmdet - INFO - Epoch [8][100/139]	lr: 6.250e-04, eta: 0:54:08, time: 0.507, data_time: 0.060, memory: 4008, loss_cls: 0.2117, loss_bbox: 0.0725, loss_kps: 4.3063, loss: 4.5904
2022-08-23 03:38:28,516 - mmdet - INFO - Epoch [9][50/139]	lr: 6.250e-04, eta: 0:52:47, time: 0.606, data_time: 0.146, memory: 4008, loss_cls: 0.2167, loss_bbox: 0.0705, loss_kps: 4.3780, loss: 4.6653
2022-08-23 03:38:54,140 - mmdet - INFO - Epoch [9][100/139]	lr: 6.250e-04, eta: 0:52:59, time: 0.512, data_time: 0.059, memory: 4008, loss_cls: 0.2089, loss_bbox: 0.0716, loss_kps: 4.1490, loss: 4.4295
2022-08-23 03:39:43,423 - mmdet - INFO - Epoch [10][50/139]	lr: 6.250e-04, eta: 0:51:41, time: 0.596, data_time: 0.143, memory: 4008, loss_cls: 0.2056, loss_bbox: 0.0734, loss_kps: 3.7621, loss: 4.0412
2022-08-23 03:40:09,173 - mmdet - INFO - Epoch [10][100/139]	lr: 6.250e-04, eta: 0:51:51, time: 0.515, data_time: 0.065, memory: 4008, loss_cls: 0.2031, loss_bbox: 0.0678, loss_kps: 3.3813, loss: 3.6523
2022-08-23 03:40:28,813 - mmdet - INFO - Saving checkpoint at 10 epochs
2022-08-23 03:40:32,348 - mmdet - INFO - 
+-------+-----+------+--------+-------+
| class | gts | dets | recall | ap    |
+-------+-----+------+--------+-------+
| FG    | 175 | 3379 | 0.989  | 0.985 |
+-------+-----+------+--------+-------+
| mAP   |     |      |        | 0.985 |
+-------+-----+------+--------+-------+
2022-08-23 03:40:32,439 - mmdet - INFO - Exp name: scrfd_cccd_500m_bnkps_dummy.py
2022-08-23 03:40:32,439 - mmdet - INFO - Epoch(val) [10][139]	mAP: 0.9846
2022-08-23 03:41:02,293 - mmdet - INFO - Epoch [11][50/139]	lr: 6.250e-04, eta: 0:50:38, time: 0.596, data_time: 0.148, memory: 4008, loss_cls: 0.1986, loss_bbox: 0.0681, loss_kps: 3.3860, loss: 3.6527
2022-08-23 03:41:27,608 - mmdet - INFO - Epoch [11][100/139]	lr: 6.250e-04, eta: 0:50:43, time: 0.506, data_time: 0.060, memory: 4008, loss_cls: 0.1998, loss_bbox: 0.0668, loss_kps: 3.5298, loss: 3.7964
2022-08-23 03:42:17,225 - mmdet - INFO - Epoch [12][50/139]	lr: 6.250e-04, eta: 0:49:36, time: 0.603, data_time: 0.150, memory: 4008, loss_cls: 0.2011, loss_bbox: 0.0686, loss_kps: 3.8843, loss: 4.1540
2022-08-23 03:42:42,592 - mmdet - INFO - Epoch [12][100/139]	lr: 6.250e-04, eta: 0:49:38, time: 0.507, data_time: 0.061, memory: 4008, loss_cls: 0.1913, loss_bbox: 0.0692, loss_kps: 3.8279, loss: 4.0885
2022-08-23 03:43:32,183 - mmdet - INFO - Epoch [13][50/139]	lr: 6.250e-04, eta: 0:48:35, time: 0.600, data_time: 0.145, memory: 4008, loss_cls: 0.2005, loss_bbox: 0.0678, loss_kps: 3.6122, loss: 3.8805
2022-08-23 03:43:57,673 - mmdet - INFO - Epoch [13][100/139]	lr: 6.250e-04, eta: 0:48:35, time: 0.510, data_time: 0.061, memory: 4008, loss_cls: 0.1936, loss_bbox: 0.0663, loss_kps: 3.2608, loss: 3.5206
2022-08-23 03:44:47,531 - mmdet - INFO - Epoch [14][50/139]	lr: 6.250e-04, eta: 0:47:35, time: 0.601, data_time: 0.148, memory: 4008, loss_cls: 0.1872, loss_bbox: 0.0600, loss_kps: 2.8197, loss: 3.0669
2022-08-23 03:45:13,410 - mmdet - INFO - Epoch [14][100/139]	lr: 6.250e-04, eta: 0:47:35, time: 0.518, data_time: 0.064, memory: 4008, loss_cls: 0.1845, loss_bbox: 0.0673, loss_kps: 3.5470, loss: 3.7989
2022-08-23 03:46:02,441 - mmdet - INFO - Epoch [15][50/139]	lr: 6.250e-04, eta: 0:46:36, time: 0.595, data_time: 0.147, memory: 4008, loss_cls: 0.1928, loss_bbox: 0.0605, loss_kps: 2.9826, loss: 3.2359
2022-08-23 03:46:27,617 - mmdet - INFO - Epoch [15][100/139]	lr: 6.250e-04, eta: 0:46:32, time: 0.504, data_time: 0.061, memory: 4008, loss_cls: 0.1934, loss_bbox: 0.0669, loss_kps: 2.9709, loss: 3.2311
2022-08-23 03:46:47,220 - mmdet - INFO - Saving checkpoint at 15 epochs
2022-08-23 03:46:50,817 - mmdet - INFO - 
+-------+-----+------+--------+-------+
| class | gts | dets | recall | ap    |
+-------+-----+------+--------+-------+
| FG    | 175 | 2871 | 0.989  | 0.986 |
+-------+-----+------+--------+-------+
| mAP   |     |      |        | 0.986 |
+-------+-----+------+--------+-------+
2022-08-23 03:46:50,906 - mmdet - INFO - Exp name: scrfd_cccd_500m_bnkps_dummy.py
2022-08-23 03:46:50,906 - mmdet - INFO - Epoch(val) [15][139]	mAP: 0.9856
2022-08-23 03:47:21,123 - mmdet - INFO - Epoch [16][50/139]	lr: 6.250e-04, eta: 0:45:36, time: 0.604, data_time: 0.150, memory: 4008, loss_cls: 0.1894, loss_bbox: 0.0664, loss_kps: 3.5333, loss: 3.7891
2022-08-23 03:47:46,711 - mmdet - INFO - Epoch [16][100/139]	lr: 6.250e-04, eta: 0:45:33, time: 0.512, data_time: 0.060, memory: 4008, loss_cls: 0.1879, loss_bbox: 0.0622, loss_kps: 2.8739, loss: 3.1241
2022-08-23 03:48:37,532 - mmdet - INFO - Epoch [17][50/139]	lr: 6.250e-04, eta: 0:44:40, time: 0.613, data_time: 0.154, memory: 4008, loss_cls: 0.1848, loss_bbox: 0.0641, loss_kps: 3.1282, loss: 3.3770
2022-08-23 03:49:02,860 - mmdet - INFO - Epoch [17][100/139]	lr: 6.250e-04, eta: 0:44:34, time: 0.507, data_time: 0.059, memory: 4008, loss_cls: 0.1898, loss_bbox: 0.0622, loss_kps: 3.2582, loss: 3.5102
2022-08-23 03:49:52,537 - mmdet - INFO - Epoch [18][50/139]	lr: 6.250e-04, eta: 0:43:41, time: 0.597, data_time: 0.147, memory: 4008, loss_cls: 0.1799, loss_bbox: 0.0609, loss_kps: 2.8330, loss: 3.0738
2022-08-23 03:50:17,864 - mmdet - INFO - Epoch [18][100/139]	lr: 6.250e-04, eta: 0:43:34, time: 0.507, data_time: 0.060, memory: 4008, loss_cls: 0.1832, loss_bbox: 0.0648, loss_kps: 3.2362, loss: 3.4841
2022-08-23 03:51:07,412 - mmdet - INFO - Epoch [19][50/139]	lr: 6.250e-04, eta: 0:42:42, time: 0.599, data_time: 0.146, memory: 4008, loss_cls: 0.1843, loss_bbox: 0.0653, loss_kps: 3.0550, loss: 3.3046
2022-08-23 03:51:32,991 - mmdet - INFO - Epoch [19][100/139]	lr: 6.250e-04, eta: 0:42:35, time: 0.512, data_time: 0.061, memory: 4008, loss_cls: 0.1815, loss_bbox: 0.0610, loss_kps: 2.9836, loss: 3.2260
2022-08-23 03:52:22,550 - mmdet - INFO - Epoch [20][50/139]	lr: 6.250e-04, eta: 0:41:45, time: 0.603, data_time: 0.152, memory: 4008, loss_cls: 0.1871, loss_bbox: 0.0636, loss_kps: 3.3146, loss: 3.5653
2022-08-23 03:52:47,576 - mmdet - INFO - Epoch [20][100/139]	lr: 6.250e-04, eta: 0:41:36, time: 0.501, data_time: 0.056, memory: 4008, loss_cls: 0.1799, loss_bbox: 0.0627, loss_kps: 3.1439, loss: 3.3865
2022-08-23 03:53:06,878 - mmdet - INFO - Saving checkpoint at 20 epochs
2022-08-23 03:53:10,190 - mmdet - INFO - 
+-------+-----+------+--------+-------+
| class | gts | dets | recall | ap    |
+-------+-----+------+--------+-------+
| FG    | 175 | 2450 | 0.989  | 0.985 |
+-------+-----+------+--------+-------+
| mAP   |     |      |        | 0.985 |
+-------+-----+------+--------+-------+
2022-08-23 03:53:10,289 - mmdet - INFO - Exp name: scrfd_cccd_500m_bnkps_dummy.py
2022-08-23 03:53:10,290 - mmdet - INFO - Epoch(val) [20][139]	mAP: 0.9854
2022-08-23 03:53:40,494 - mmdet - INFO - Epoch [21][50/139]	lr: 6.250e-04, eta: 0:40:47, time: 0.603, data_time: 0.153, memory: 4008, loss_cls: 0.1857, loss_bbox: 0.0650, loss_kps: 3.0745, loss: 3.3253
2022-08-23 03:54:05,906 - mmdet - INFO - Epoch [21][100/139]	lr: 6.250e-04, eta: 0:40:38, time: 0.508, data_time: 0.060, memory: 4008, loss_cls: 0.1780, loss_bbox: 0.0616, loss_kps: 3.2856, loss: 3.5252
2022-08-23 03:54:55,239 - mmdet - INFO - Epoch [22][50/139]	lr: 6.250e-04, eta: 0:39:49, time: 0.596, data_time: 0.145, memory: 4008, loss_cls: 0.1758, loss_bbox: 0.0626, loss_kps: 2.8840, loss: 3.1224
2022-08-23 03:55:20,789 - mmdet - INFO - Epoch [22][100/139]	lr: 6.250e-04, eta: 0:39:40, time: 0.511, data_time: 0.060, memory: 4008, loss_cls: 0.1839, loss_bbox: 0.0632, loss_kps: 3.0360, loss: 3.2831
2022-08-23 03:56:10,590 - mmdet - INFO - Epoch [23][50/139]	lr: 6.250e-04, eta: 0:38:53, time: 0.606, data_time: 0.154, memory: 4008, loss_cls: 0.1799, loss_bbox: 0.0613, loss_kps: 2.7806, loss: 3.0218
2022-08-23 03:56:35,906 - mmdet - INFO - Epoch [23][100/139]	lr: 6.250e-04, eta: 0:38:42, time: 0.506, data_time: 0.058, memory: 4008, loss_cls: 0.1756, loss_bbox: 0.0615, loss_kps: 3.0070, loss: 3.2441
2022-08-23 03:57:25,008 - mmdet - INFO - Epoch [24][50/139]	lr: 6.250e-04, eta: 0:37:55, time: 0.597, data_time: 0.143, memory: 4008, loss_cls: 0.1759, loss_bbox: 0.0631, loss_kps: 3.0084, loss: 3.2474
2022-08-23 03:57:50,394 - mmdet - INFO - Epoch [24][100/139]	lr: 6.250e-04, eta: 0:37:44, time: 0.508, data_time: 0.060, memory: 4008, loss_cls: 0.1733, loss_bbox: 0.0593, loss_kps: 2.7255, loss: 2.9581
2022-08-23 03:58:40,173 - mmdet - INFO - Epoch [25][50/139]	lr: 6.250e-04, eta: 0:36:58, time: 0.599, data_time: 0.145, memory: 4008, loss_cls: 0.1796, loss_bbox: 0.0606, loss_kps: 3.1027, loss: 3.3428
2022-08-23 03:59:05,085 - mmdet - INFO - Epoch [25][100/139]	lr: 6.250e-04, eta: 0:36:46, time: 0.498, data_time: 0.057, memory: 4008, loss_cls: 0.1795, loss_bbox: 0.0620, loss_kps: 2.9168, loss: 3.1583
2022-08-23 03:59:24,662 - mmdet - INFO - Saving checkpoint at 25 epochs
2022-08-23 03:59:28,208 - mmdet - INFO - 
+-------+-----+------+--------+-------+
| class | gts | dets | recall | ap    |
+-------+-----+------+--------+-------+
| FG    | 175 | 2753 | 0.989  | 0.986 |
+-------+-----+------+--------+-------+
| mAP   |     |      |        | 0.986 |
+-------+-----+------+--------+-------+
2022-08-23 03:59:28,307 - mmdet - INFO - Exp name: scrfd_cccd_500m_bnkps_dummy.py
2022-08-23 03:59:28,308 - mmdet - INFO - Epoch(val) [25][139]	mAP: 0.9862
2022-08-23 03:59:58,334 - mmdet - INFO - Epoch [26][50/139]	lr: 6.250e-04, eta: 0:36:01, time: 0.600, data_time: 0.146, memory: 4008, loss_cls: 0.1756, loss_bbox: 0.0648, loss_kps: 2.9206, loss: 3.1610
2022-08-23 04:00:24,290 - mmdet - INFO - Epoch [26][100/139]	lr: 6.250e-04, eta: 0:35:49, time: 0.519, data_time: 0.067, memory: 4008, loss_cls: 0.1735, loss_bbox: 0.0583, loss_kps: 2.9414, loss: 3.1731
2022-08-23 04:01:14,586 - mmdet - INFO - Epoch [27][50/139]	lr: 6.250e-04, eta: 0:35:05, time: 0.609, data_time: 0.153, memory: 4008, loss_cls: 0.1724, loss_bbox: 0.0616, loss_kps: 2.6373, loss: 2.8713
2022-08-23 04:01:39,648 - mmdet - INFO - Epoch [27][100/139]	lr: 6.250e-04, eta: 0:34:52, time: 0.501, data_time: 0.059, memory: 4008, loss_cls: 0.1771, loss_bbox: 0.0609, loss_kps: 2.8872, loss: 3.1252
2022-08-23 04:02:30,047 - mmdet - INFO - Epoch [28][50/139]	lr: 6.250e-04, eta: 0:34:09, time: 0.609, data_time: 0.155, memory: 4008, loss_cls: 0.1786, loss_bbox: 0.0578, loss_kps: 3.1219, loss: 3.3582
2022-08-23 04:02:55,552 - mmdet - INFO - Epoch [28][100/139]	lr: 6.250e-04, eta: 0:33:56, time: 0.510, data_time: 0.061, memory: 4008, loss_cls: 0.1763, loss_bbox: 0.0619, loss_kps: 2.6502, loss: 2.8883
2022-08-23 04:03:45,677 - mmdet - INFO - Epoch [29][50/139]	lr: 6.250e-04, eta: 0:33:13, time: 0.607, data_time: 0.153, memory: 4008, loss_cls: 0.1694, loss_bbox: 0.0591, loss_kps: 2.5135, loss: 2.7419
2022-08-23 04:04:11,008 - mmdet - INFO - Epoch [29][100/139]	lr: 6.250e-04, eta: 0:32:59, time: 0.507, data_time: 0.059, memory: 4008, loss_cls: 0.1730, loss_bbox: 0.0579, loss_kps: 2.6573, loss: 2.8882
2022-08-23 04:05:01,223 - mmdet - INFO - Epoch [30][50/139]	lr: 6.250e-04, eta: 0:32:17, time: 0.615, data_time: 0.156, memory: 4008, loss_cls: 0.1721, loss_bbox: 0.0596, loss_kps: 2.6047, loss: 2.8364
2022-08-23 04:05:27,405 - mmdet - INFO - Epoch [30][100/139]	lr: 6.250e-04, eta: 0:32:04, time: 0.524, data_time: 0.067, memory: 4008, loss_cls: 0.1721, loss_bbox: 0.0618, loss_kps: 2.8520, loss: 3.0859
2022-08-23 04:05:47,199 - mmdet - INFO - Saving checkpoint at 30 epochs
2022-08-23 04:05:50,759 - mmdet - INFO - 
+-------+-----+------+--------+-------+
| class | gts | dets | recall | ap    |
+-------+-----+------+--------+-------+
| FG    | 175 | 2796 | 0.989  | 0.986 |
+-------+-----+------+--------+-------+
| mAP   |     |      |        | 0.986 |
+-------+-----+------+--------+-------+
2022-08-23 04:05:50,837 - mmdet - INFO - Exp name: scrfd_cccd_500m_bnkps_dummy.py
2022-08-23 04:05:50,838 - mmdet - INFO - Epoch(val) [30][139]	mAP: 0.9859
2022-08-23 04:06:20,996 - mmdet - INFO - Epoch [31][50/139]	lr: 6.250e-04, eta: 0:31:22, time: 0.602, data_time: 0.151, memory: 4008, loss_cls: 0.1706, loss_bbox: 0.0564, loss_kps: 2.5544, loss: 2.7814
2022-08-23 04:06:46,402 - mmdet - INFO - Epoch [31][100/139]	lr: 6.250e-04, eta: 0:31:07, time: 0.508, data_time: 0.059, memory: 4008, loss_cls: 0.1697, loss_bbox: 0.0589, loss_kps: 2.6019, loss: 2.8306
2022-08-23 04:07:36,304 - mmdet - INFO - Epoch [32][50/139]	lr: 6.250e-04, eta: 0:30:26, time: 0.611, data_time: 0.157, memory: 4008, loss_cls: 0.1747, loss_bbox: 0.0587, loss_kps: 2.4694, loss: 2.7029
2022-08-23 04:08:01,884 - mmdet - INFO - Epoch [32][100/139]	lr: 6.250e-04, eta: 0:30:11, time: 0.512, data_time: 0.064, memory: 4008, loss_cls: 0.1735, loss_bbox: 0.0604, loss_kps: 2.7442, loss: 2.9780
2022-08-23 04:08:51,960 - mmdet - INFO - Epoch [33][50/139]	lr: 6.250e-05, eta: 0:29:30, time: 0.610, data_time: 0.154, memory: 4008, loss_cls: 0.1645, loss_bbox: 0.0590, loss_kps: 2.8509, loss: 3.0743
2022-08-23 04:09:17,664 - mmdet - INFO - Epoch [33][100/139]	lr: 6.250e-05, eta: 0:29:15, time: 0.514, data_time: 0.063, memory: 4008, loss_cls: 0.1679, loss_bbox: 0.0521, loss_kps: 2.4381, loss: 2.6581
2022-08-23 04:10:07,537 - mmdet - INFO - Epoch [34][50/139]	lr: 6.250e-05, eta: 0:28:34, time: 0.610, data_time: 0.154, memory: 4008, loss_cls: 0.1701, loss_bbox: 0.0557, loss_kps: 2.3238, loss: 2.5497
2022-08-23 04:10:32,814 - mmdet - INFO - Epoch [34][100/139]	lr: 6.250e-05, eta: 0:28:19, time: 0.506, data_time: 0.060, memory: 4008, loss_cls: 0.1618, loss_bbox: 0.0517, loss_kps: 2.0434, loss: 2.2569
2022-08-23 04:11:22,697 - mmdet - INFO - Epoch [35][50/139]	lr: 6.250e-05, eta: 0:27:38, time: 0.608, data_time: 0.152, memory: 4008, loss_cls: 0.1700, loss_bbox: 0.0545, loss_kps: 2.5539, loss: 2.7785
2022-08-23 04:11:48,298 - mmdet - INFO - Epoch [35][100/139]	lr: 6.250e-05, eta: 0:27:22, time: 0.512, data_time: 0.061, memory: 4008, loss_cls: 0.1644, loss_bbox: 0.0541, loss_kps: 1.9290, loss: 2.1475
2022-08-23 04:12:07,479 - mmdet - INFO - Saving checkpoint at 35 epochs
2022-08-23 04:12:11,165 - mmdet - INFO - 
+-------+-----+------+--------+-------+
| class | gts | dets | recall | ap    |
+-------+-----+------+--------+-------+
| FG    | 175 | 2502 | 0.989  | 0.987 |
+-------+-----+------+--------+-------+
| mAP   |     |      |        | 0.987 |
+-------+-----+------+--------+-------+
2022-08-23 04:12:11,246 - mmdet - INFO - Exp name: scrfd_cccd_500m_bnkps_dummy.py
2022-08-23 04:12:11,246 - mmdet - INFO - Epoch(val) [35][139]	mAP: 0.9865
2022-08-23 04:12:41,262 - mmdet - INFO - Epoch [36][50/139]	lr: 6.250e-05, eta: 0:26:42, time: 0.600, data_time: 0.142, memory: 4008, loss_cls: 0.1690, loss_bbox: 0.0521, loss_kps: 2.1963, loss: 2.4174
2022-08-23 04:13:06,954 - mmdet - INFO - Epoch [36][100/139]	lr: 6.250e-05, eta: 0:26:26, time: 0.514, data_time: 0.063, memory: 4008, loss_cls: 0.1639, loss_bbox: 0.0573, loss_kps: 2.3255, loss: 2.5467
2022-08-23 04:13:56,734 - mmdet - INFO - Epoch [37][50/139]	lr: 6.250e-05, eta: 0:25:45, time: 0.600, data_time: 0.149, memory: 4008, loss_cls: 0.1694, loss_bbox: 0.0539, loss_kps: 2.3342, loss: 2.5575
2022-08-23 04:14:22,090 - mmdet - INFO - Epoch [37][100/139]	lr: 6.250e-05, eta: 0:25:29, time: 0.507, data_time: 0.057, memory: 4008, loss_cls: 0.1701, loss_bbox: 0.0539, loss_kps: 2.2318, loss: 2.4559
2022-08-23 04:15:11,249 - mmdet - INFO - Epoch [38][50/139]	lr: 6.250e-05, eta: 0:24:49, time: 0.596, data_time: 0.145, memory: 4008, loss_cls: 0.1673, loss_bbox: 0.0541, loss_kps: 2.2575, loss: 2.4789
2022-08-23 04:15:36,974 - mmdet - INFO - Epoch [38][100/139]	lr: 6.250e-05, eta: 0:24:33, time: 0.514, data_time: 0.065, memory: 4008, loss_cls: 0.1589, loss_bbox: 0.0517, loss_kps: 1.9519, loss: 2.1625
2022-08-23 04:16:26,961 - mmdet - INFO - Epoch [39][50/139]	lr: 6.250e-05, eta: 0:23:53, time: 0.605, data_time: 0.146, memory: 4008, loss_cls: 0.1671, loss_bbox: 0.0532, loss_kps: 2.2717, loss: 2.4920
2022-08-23 04:16:53,006 - mmdet - INFO - Epoch [39][100/139]	lr: 6.250e-05, eta: 0:23:37, time: 0.521, data_time: 0.063, memory: 4008, loss_cls: 0.1717, loss_bbox: 0.0550, loss_kps: 2.1511, loss: 2.3778
2022-08-23 04:17:42,489 - mmdet - INFO - Epoch [40][50/139]	lr: 6.250e-05, eta: 0:22:57, time: 0.599, data_time: 0.148, memory: 4008, loss_cls: 0.1620, loss_bbox: 0.0529, loss_kps: 2.0325, loss: 2.2475
2022-08-23 04:18:07,822 - mmdet - INFO - Epoch [40][100/139]	lr: 6.250e-05, eta: 0:22:40, time: 0.507, data_time: 0.059, memory: 4008, loss_cls: 0.1667, loss_bbox: 0.0534, loss_kps: 2.3285, loss: 2.5486
2022-08-23 04:18:27,334 - mmdet - INFO - Saving checkpoint at 40 epochs
2022-08-23 04:18:30,884 - mmdet - INFO - 
+-------+-----+------+--------+-------+
| class | gts | dets | recall | ap    |
+-------+-----+------+--------+-------+
| FG    | 175 | 2474 | 0.989  | 0.986 |
+-------+-----+------+--------+-------+
| mAP   |     |      |        | 0.986 |
+-------+-----+------+--------+-------+
2022-08-23 04:18:30,988 - mmdet - INFO - Exp name: scrfd_cccd_500m_bnkps_dummy.py
2022-08-23 04:18:30,989 - mmdet - INFO - Epoch(val) [40][139]	mAP: 0.9859
2022-08-23 04:19:01,566 - mmdet - INFO - Epoch [41][50/139]	lr: 6.250e-05, eta: 0:22:01, time: 0.611, data_time: 0.155, memory: 4008, loss_cls: 0.1596, loss_bbox: 0.0538, loss_kps: 2.2078, loss: 2.4211
2022-08-23 04:19:27,335 - mmdet - INFO - Epoch [41][100/139]	lr: 6.250e-05, eta: 0:21:44, time: 0.515, data_time: 0.063, memory: 4008, loss_cls: 0.1603, loss_bbox: 0.0529, loss_kps: 2.5911, loss: 2.8043
2022-08-23 04:20:17,282 - mmdet - INFO - Epoch [42][50/139]	lr: 6.250e-05, eta: 0:21:05, time: 0.602, data_time: 0.146, memory: 4008, loss_cls: 0.1678, loss_bbox: 0.0525, loss_kps: 2.1429, loss: 2.3633
2022-08-23 04:20:43,384 - mmdet - INFO - Epoch [42][100/139]	lr: 6.250e-05, eta: 0:20:49, time: 0.522, data_time: 0.063, memory: 4008, loss_cls: 0.1679, loss_bbox: 0.0535, loss_kps: 1.9400, loss: 2.1614
2022-08-23 04:21:33,082 - mmdet - INFO - Epoch [43][50/139]	lr: 6.250e-05, eta: 0:20:10, time: 0.600, data_time: 0.143, memory: 4008, loss_cls: 0.1664, loss_bbox: 0.0528, loss_kps: 2.0040, loss: 2.2232
2022-08-23 04:21:58,715 - mmdet - INFO - Epoch [43][100/139]	lr: 6.250e-05, eta: 0:19:52, time: 0.513, data_time: 0.063, memory: 4008, loss_cls: 0.1686, loss_bbox: 0.0524, loss_kps: 2.1552, loss: 2.3762
2022-08-23 04:22:48,620 - mmdet - INFO - Epoch [44][50/139]	lr: 6.250e-05, eta: 0:19:14, time: 0.604, data_time: 0.148, memory: 4008, loss_cls: 0.1637, loss_bbox: 0.0529, loss_kps: 2.2369, loss: 2.4535
2022-08-23 04:23:13,688 - mmdet - INFO - Epoch [44][100/139]	lr: 6.250e-05, eta: 0:18:56, time: 0.501, data_time: 0.056, memory: 4008, loss_cls: 0.1655, loss_bbox: 0.0515, loss_kps: 2.0781, loss: 2.2951
2022-08-23 04:24:03,735 - mmdet - INFO - Epoch [45][50/139]	lr: 6.250e-05, eta: 0:18:18, time: 0.609, data_time: 0.155, memory: 4008, loss_cls: 0.1649, loss_bbox: 0.0516, loss_kps: 2.1469, loss: 2.3634
2022-08-23 04:24:29,316 - mmdet - INFO - Epoch [45][100/139]	lr: 6.250e-05, eta: 0:18:00, time: 0.512, data_time: 0.064, memory: 4008, loss_cls: 0.1682, loss_bbox: 0.0545, loss_kps: 2.1955, loss: 2.4182
2022-08-23 04:24:48,951 - mmdet - INFO - Saving checkpoint at 45 epochs
2022-08-23 04:24:52,497 - mmdet - INFO - 
+-------+-----+------+--------+-------+
| class | gts | dets | recall | ap    |
+-------+-----+------+--------+-------+
| FG    | 175 | 2569 | 0.989  | 0.986 |
+-------+-----+------+--------+-------+
| mAP   |     |      |        | 0.986 |
+-------+-----+------+--------+-------+
2022-08-23 04:24:52,584 - mmdet - INFO - Exp name: scrfd_cccd_500m_bnkps_dummy.py
2022-08-23 04:24:52,584 - mmdet - INFO - Epoch(val) [45][139]	mAP: 0.9861
2022-08-23 04:25:23,068 - mmdet - INFO - Epoch [46][50/139]	lr: 6.250e-05, eta: 0:17:22, time: 0.609, data_time: 0.153, memory: 4008, loss_cls: 0.1652, loss_bbox: 0.0524, loss_kps: 2.0751, loss: 2.2926
2022-08-23 04:25:48,622 - mmdet - INFO - Epoch [46][100/139]	lr: 6.250e-05, eta: 0:17:04, time: 0.511, data_time: 0.062, memory: 4008, loss_cls: 0.1618, loss_bbox: 0.0526, loss_kps: 2.0647, loss: 2.2791
2022-08-23 04:26:38,197 - mmdet - INFO - Epoch [47][50/139]	lr: 6.250e-05, eta: 0:16:26, time: 0.601, data_time: 0.150, memory: 4008, loss_cls: 0.1640, loss_bbox: 0.0513, loss_kps: 2.1568, loss: 2.3722
2022-08-23 04:27:04,000 - mmdet - INFO - Epoch [47][100/139]	lr: 6.250e-05, eta: 0:16:08, time: 0.516, data_time: 0.060, memory: 4008, loss_cls: 0.1618, loss_bbox: 0.0520, loss_kps: 2.2542, loss: 2.4679
2022-08-23 04:27:54,272 - mmdet - INFO - Epoch [48][50/139]	lr: 6.250e-05, eta: 0:15:30, time: 0.613, data_time: 0.155, memory: 4008, loss_cls: 0.1659, loss_bbox: 0.0497, loss_kps: 1.9206, loss: 2.1362
2022-08-23 04:28:19,821 - mmdet - INFO - Epoch [48][100/139]	lr: 6.250e-05, eta: 0:15:12, time: 0.511, data_time: 0.061, memory: 4008, loss_cls: 0.1645, loss_bbox: 0.0522, loss_kps: 1.9826, loss: 2.1993
2022-08-23 04:29:09,196 - mmdet - INFO - Epoch [49][50/139]	lr: 6.250e-06, eta: 0:14:34, time: 0.596, data_time: 0.142, memory: 4008, loss_cls: 0.1623, loss_bbox: 0.0545, loss_kps: 1.7431, loss: 1.9599
2022-08-23 04:29:35,026 - mmdet - INFO - Epoch [49][100/139]	lr: 6.250e-06, eta: 0:14:16, time: 0.517, data_time: 0.066, memory: 4008, loss_cls: 0.1637, loss_bbox: 0.0519, loss_kps: 2.0545, loss: 2.2701
2022-08-23 04:30:24,394 - mmdet - INFO - Epoch [50][50/139]	lr: 6.250e-06, eta: 0:13:38, time: 0.595, data_time: 0.142, memory: 4008, loss_cls: 0.1659, loss_bbox: 0.0515, loss_kps: 1.9623, loss: 2.1797
2022-08-23 04:30:49,914 - mmdet - INFO - Epoch [50][100/139]	lr: 6.250e-06, eta: 0:13:19, time: 0.510, data_time: 0.062, memory: 4008, loss_cls: 0.1681, loss_bbox: 0.0518, loss_kps: 1.9753, loss: 2.1952
2022-08-23 04:31:09,535 - mmdet - INFO - Saving checkpoint at 50 epochs
2022-08-23 04:31:13,239 - mmdet - INFO - 
+-------+-----+------+--------+-------+
| class | gts | dets | recall | ap    |
+-------+-----+------+--------+-------+
| FG    | 175 | 2374 | 0.989  | 0.986 |
+-------+-----+------+--------+-------+
| mAP   |     |      |        | 0.986 |
+-------+-----+------+--------+-------+
2022-08-23 04:31:13,326 - mmdet - INFO - Exp name: scrfd_cccd_500m_bnkps_dummy.py
2022-08-23 04:31:13,327 - mmdet - INFO - Epoch(val) [50][139]	mAP: 0.9857
2022-08-23 04:31:44,019 - mmdet - INFO - Exp name: scrfd_cccd_500m_bnkps_dummy.py
2022-08-23 04:31:44,020 - mmdet - INFO - Epoch [51][50/139]	lr: 6.250e-06, eta: 0:12:42, time: 0.613, data_time: 0.160, memory: 4008, loss_cls: 0.1666, loss_bbox: 0.0541, loss_kps: 2.0442, loss: 2.2650
2022-08-23 04:32:09,825 - mmdet - INFO - Epoch [51][100/139]	lr: 6.250e-06, eta: 0:12:23, time: 0.516, data_time: 0.062, memory: 4008, loss_cls: 0.1622, loss_bbox: 0.0513, loss_kps: 1.8634, loss: 2.0768
2022-08-23 04:32:59,757 - mmdet - INFO - Epoch [52][50/139]	lr: 6.250e-06, eta: 0:11:46, time: 0.605, data_time: 0.151, memory: 4008, loss_cls: 0.1628, loss_bbox: 0.0523, loss_kps: 1.9012, loss: 2.1163
2022-08-23 04:33:24,925 - mmdet - INFO - Epoch [52][100/139]	lr: 6.250e-06, eta: 0:11:27, time: 0.503, data_time: 0.058, memory: 4008, loss_cls: 0.1696, loss_bbox: 0.0506, loss_kps: 1.8296, loss: 2.0498
2022-08-23 04:34:14,432 - mmdet - INFO - Epoch [53][50/139]	lr: 6.250e-06, eta: 0:10:50, time: 0.598, data_time: 0.149, memory: 4008, loss_cls: 0.1659, loss_bbox: 0.0551, loss_kps: 1.9735, loss: 2.1945
2022-08-23 04:34:39,369 - mmdet - INFO - Epoch [53][100/139]	lr: 6.250e-06, eta: 0:10:31, time: 0.499, data_time: 0.057, memory: 4008, loss_cls: 0.1701, loss_bbox: 0.0489, loss_kps: 2.0504, loss: 2.2694
2022-08-23 04:35:29,246 - mmdet - INFO - Epoch [54][50/139]	lr: 6.250e-06, eta: 0:09:54, time: 0.602, data_time: 0.144, memory: 4008, loss_cls: 0.1600, loss_bbox: 0.0506, loss_kps: 1.9164, loss: 2.1271
2022-08-23 04:35:54,982 - mmdet - INFO - Epoch [54][100/139]	lr: 6.250e-06, eta: 0:09:35, time: 0.515, data_time: 0.064, memory: 4008, loss_cls: 0.1733, loss_bbox: 0.0531, loss_kps: 2.1801, loss: 2.4065
2022-08-23 04:36:45,054 - mmdet - INFO - Epoch [55][50/139]	lr: 6.250e-06, eta: 0:08:58, time: 0.605, data_time: 0.148, memory: 4008, loss_cls: 0.1659, loss_bbox: 0.0526, loss_kps: 1.8622, loss: 2.0807
2022-08-23 04:37:10,198 - mmdet - INFO - Epoch [55][100/139]	lr: 6.250e-06, eta: 0:08:39, time: 0.503, data_time: 0.057, memory: 4008, loss_cls: 0.1668, loss_bbox: 0.0499, loss_kps: 1.7968, loss: 2.0135
2022-08-23 04:37:29,497 - mmdet - INFO - Saving checkpoint at 55 epochs
2022-08-23 04:37:33,170 - mmdet - INFO - 
+-------+-----+------+--------+-------+
| class | gts | dets | recall | ap    |
+-------+-----+------+--------+-------+
| FG    | 175 | 2398 | 0.989  | 0.986 |
+-------+-----+------+--------+-------+
| mAP   |     |      |        | 0.986 |
+-------+-----+------+--------+-------+
2022-08-23 04:37:33,271 - mmdet - INFO - Exp name: scrfd_cccd_500m_bnkps_dummy.py
2022-08-23 04:37:33,272 - mmdet - INFO - Epoch(val) [55][139]	mAP: 0.9860
2022-08-23 04:38:03,896 - mmdet - INFO - Epoch [56][50/139]	lr: 6.250e-06, eta: 0:08:02, time: 0.612, data_time: 0.158, memory: 4008, loss_cls: 0.1644, loss_bbox: 0.0513, loss_kps: 1.8733, loss: 2.0890
2022-08-23 04:38:29,070 - mmdet - INFO - Epoch [56][100/139]	lr: 6.250e-06, eta: 0:07:43, time: 0.503, data_time: 0.058, memory: 4008, loss_cls: 0.1666, loss_bbox: 0.0527, loss_kps: 1.9245, loss: 2.1438
2022-08-23 04:39:18,642 - mmdet - INFO - Epoch [57][50/139]	lr: 6.250e-06, eta: 0:07:06, time: 0.602, data_time: 0.151, memory: 4008, loss_cls: 0.1668, loss_bbox: 0.0546, loss_kps: 1.8184, loss: 2.0398
2022-08-23 04:39:43,730 - mmdet - INFO - Epoch [57][100/139]	lr: 6.250e-06, eta: 0:06:47, time: 0.502, data_time: 0.058, memory: 4008, loss_cls: 0.1634, loss_bbox: 0.0500, loss_kps: 1.9227, loss: 2.1361
2022-08-23 04:40:33,536 - mmdet - INFO - Epoch [58][50/139]	lr: 6.250e-06, eta: 0:06:10, time: 0.611, data_time: 0.152, memory: 4008, loss_cls: 0.1617, loss_bbox: 0.0528, loss_kps: 1.7702, loss: 1.9847
2022-08-23 04:40:58,885 - mmdet - INFO - Epoch [58][100/139]	lr: 6.250e-06, eta: 0:05:51, time: 0.507, data_time: 0.059, memory: 4008, loss_cls: 0.1643, loss_bbox: 0.0523, loss_kps: 2.0369, loss: 2.2536
2022-08-23 04:41:48,629 - mmdet - INFO - Epoch [59][50/139]	lr: 6.250e-06, eta: 0:05:15, time: 0.607, data_time: 0.150, memory: 4008, loss_cls: 0.1649, loss_bbox: 0.0497, loss_kps: 2.1619, loss: 2.3765
2022-08-23 04:42:14,349 - mmdet - INFO - Epoch [59][100/139]	lr: 6.250e-06, eta: 0:04:55, time: 0.514, data_time: 0.064, memory: 4008, loss_cls: 0.1672, loss_bbox: 0.0526, loss_kps: 1.8492, loss: 2.0690
2022-08-23 04:43:03,897 - mmdet - INFO - Epoch [60][50/139]	lr: 6.250e-06, eta: 0:04:19, time: 0.602, data_time: 0.147, memory: 4008, loss_cls: 0.1637, loss_bbox: 0.0500, loss_kps: 2.0090, loss: 2.2227
2022-08-23 04:43:29,640 - mmdet - INFO - Epoch [60][100/139]	lr: 6.250e-06, eta: 0:03:59, time: 0.515, data_time: 0.064, memory: 4008, loss_cls: 0.1601, loss_bbox: 0.0530, loss_kps: 1.9381, loss: 2.1512
2022-08-23 04:43:49,309 - mmdet - INFO - Saving checkpoint at 60 epochs
2022-08-23 04:43:53,275 - mmdet - INFO - 
+-------+-----+------+--------+-------+
| class | gts | dets | recall | ap    |
+-------+-----+------+--------+-------+
| FG    | 175 | 2433 | 0.989  | 0.985 |
+-------+-----+------+--------+-------+
| mAP   |     |      |        | 0.985 |
+-------+-----+------+--------+-------+
2022-08-23 04:43:53,376 - mmdet - INFO - Exp name: scrfd_cccd_500m_bnkps_dummy.py
2022-08-23 04:43:53,377 - mmdet - INFO - Epoch(val) [60][139]	mAP: 0.9855
2022-08-23 04:44:24,135 - mmdet - INFO - Epoch [61][50/139]	lr: 6.250e-06, eta: 0:03:23, time: 0.614, data_time: 0.157, memory: 4008, loss_cls: 0.1628, loss_bbox: 0.0539, loss_kps: 2.1894, loss: 2.4062
2022-08-23 04:44:49,751 - mmdet - INFO - Epoch [61][100/139]	lr: 6.250e-06, eta: 0:03:03, time: 0.512, data_time: 0.061, memory: 4008, loss_cls: 0.1682, loss_bbox: 0.0518, loss_kps: 1.6084, loss: 1.8284
2022-08-23 04:45:39,507 - mmdet - INFO - Epoch [62][50/139]	lr: 6.250e-06, eta: 0:02:27, time: 0.595, data_time: 0.145, memory: 4008, loss_cls: 0.1693, loss_bbox: 0.0537, loss_kps: 1.9518, loss: 2.1748
2022-08-23 04:46:05,697 - mmdet - INFO - Epoch [62][100/139]	lr: 6.250e-06, eta: 0:02:07, time: 0.524, data_time: 0.067, memory: 4008, loss_cls: 0.1657, loss_bbox: 0.0512, loss_kps: 1.9998, loss: 2.2166
2022-08-23 04:46:55,547 - mmdet - INFO - Epoch [63][50/139]	lr: 6.250e-06, eta: 0:01:31, time: 0.605, data_time: 0.148, memory: 4008, loss_cls: 0.1703, loss_bbox: 0.0521, loss_kps: 1.6621, loss: 1.8846
2022-08-23 04:47:21,168 - mmdet - INFO - Epoch [63][100/139]	lr: 6.250e-06, eta: 0:01:11, time: 0.512, data_time: 0.059, memory: 4008, loss_cls: 0.1644, loss_bbox: 0.0511, loss_kps: 2.1016, loss: 2.3172
2022-08-23 04:48:10,839 - mmdet - INFO - Epoch [64][50/139]	lr: 6.250e-06, eta: 0:00:35, time: 0.604, data_time: 0.149, memory: 4008, loss_cls: 0.1635, loss_bbox: 0.0531, loss_kps: 1.8781, loss: 2.0947
2022-08-23 04:48:36,579 - mmdet - INFO - Epoch [64][100/139]	lr: 6.250e-06, eta: 0:00:15, time: 0.515, data_time: 0.061, memory: 4008, loss_cls: 0.1593, loss_bbox: 0.0502, loss_kps: 2.1103, loss: 2.3197
2022-08-23 04:48:56,211 - mmdet - INFO - Saving checkpoint at 64 epochs
