2022-07-11 10:36:40,422 - mmdet - INFO - Environment info:
------------------------------------------------------------
sys.platform: linux
Python: 3.9.11 (main, Mar 29 2022, 19:08:29) [GCC 7.5.0]
CUDA available: True
GPU 0,1: Tesla T4
CUDA_HOME: /root/miniconda3/envs/manhdq
NVCC: Cuda compilation tools, release 11.3, V11.3.58
GCC: gcc (Ubuntu 9.4.0-1ubuntu1~20.04.1) 9.4.0
PyTorch: 1.11.0+cu113
PyTorch compiling details: PyTorch built with:
  - GCC 7.3
  - C++ Version: 201402
  - Intel(R) Math Kernel Library Version 2020.0.0 Product Build 20191122 for Intel(R) 64 architecture applications
  - Intel(R) MKL-DNN v2.5.2 (Git Hash a9302535553c73243c632ad3c4c80beec3d19a1e)
  - OpenMP 201511 (a.k.a. OpenMP 4.5)
  - LAPACK is enabled (usually provided by MKL)
  - NNPACK is enabled
  - CPU capability usage: AVX2
  - CUDA Runtime 11.3
  - NVCC architecture flags: -gencode;arch=compute_37,code=sm_37;-gencode;arch=compute_50,code=sm_50;-gencode;arch=compute_60,code=sm_60;-gencode;arch=compute_70,code=sm_70;-gencode;arch=compute_75,code=sm_75;-gencode;arch=compute_80,code=sm_80;-gencode;arch=compute_86,code=sm_86
  - CuDNN 8.2
  - Magma 2.5.2
  - Build settings: BLAS_INFO=mkl, BUILD_TYPE=Release, CUDA_VERSION=11.3, CUDNN_VERSION=8.2.0, CXX_COMPILER=/opt/rh/devtoolset-7/root/usr/bin/c++, CXX_FLAGS= -Wno-deprecated -fvisibility-inlines-hidden -DUSE_PTHREADPOOL -fopenmp -DNDEBUG -DUSE_KINETO -DUSE_FBGEMM -DUSE_QNNPACK -DUSE_PYTORCH_QNNPACK -DUSE_XNNPACK -DSYMBOLICATE_MOBILE_DEBUG_HANDLE -DEDGE_PROFILER_USE_KINETO -O2 -fPIC -Wno-narrowing -Wall -Wextra -Werror=return-type -Wno-missing-field-initializers -Wno-type-limits -Wno-array-bounds -Wno-unknown-pragmas -Wno-sign-compare -Wno-unused-parameter -Wno-unused-function -Wno-unused-result -Wno-unused-local-typedefs -Wno-strict-overflow -Wno-strict-aliasing -Wno-error=deprecated-declarations -Wno-stringop-overflow -Wno-psabi -Wno-error=pedantic -Wno-error=redundant-decls -Wno-error=old-style-cast -fdiagnostics-color=always -faligned-new -Wno-unused-but-set-variable -Wno-maybe-uninitialized -fno-math-errno -fno-trapping-math -Werror=format -Wno-stringop-overflow, LAPACK_INFO=mkl, PERF_WITH_AVX=1, PERF_WITH_AVX2=1, PERF_WITH_AVX512=1, TORCH_VERSION=1.11.0, USE_CUDA=ON, USE_CUDNN=ON, USE_EXCEPTION_PTR=1, USE_GFLAGS=OFF, USE_GLOG=OFF, USE_MKL=ON, USE_MKLDNN=OFF, USE_MPI=OFF, USE_NCCL=ON, USE_NNPACK=ON, USE_OPENMP=ON, USE_ROCM=OFF, 

TorchVision: 0.12.0+cu113
OpenCV: 4.4.0
MMCV: 1.5.3
MMCV Compiler: n/a
MMCV CUDA Compiler: n/a
MMDetection: 2.7.0+
------------------------------------------------------------

2022-07-11 10:36:41,322 - mmdet - INFO - Distributed training: False
2022-07-11 10:36:42,239 - mmdet - INFO - Config:
optimizer = dict(type='Adam', lr=0.00625, weight_decay=0.0005)
optimizer_config = dict(grad_clip=None)
lr_mult = 8
lr_config = dict(
    policy='step',
    warmup='linear',
    warmup_iters=10,
    warmup_ratio=0.001,
    step=[32, 48])
total_epochs = 64
checkpoint_config = dict(interval=5)
log_config = dict(interval=50, hooks=[dict(type='TextLoggerHook')])
dist_params = dict(backend='nccl')
log_level = 'INFO'
load_from = '/home/manhdq/ID_Card_Information_Extraction/ckpts/keypoint_detector_weights/final_500m_kpts_weights/best.pth'
resume_from = None
workflow = [('train', 1)]
dataset_type = 'RetinaFaceDataset'
data_root = '/home/manhdq/ID_Card_Information_Extraction/datasets/cccd'
train_root = '/home/manhdq/ID_Card_Information_Extraction/datasets/cccd/poisson_v1'
val_root = '/home/manhdq/ID_Card_Information_Extraction/datasets/cccd/valid_cccd_clean'
img_norm_cfg = dict(
    mean=[127.5, 127.5, 127.5], std=[128.0, 128.0, 128.0], to_rgb=True)
albu_train_transforms = [
    dict(
        type='OneOf',
        transforms=[
            dict(
                type='Affine',
                scale=None,
                rotate=(-90, 90),
                shear=None,
                interpolation=0,
                fit_output=True)
        ],
        p=0.6),
    dict(
        type='OneOf',
        transforms=[
            dict(type='MotionBlur'),
            dict(type='GaussianBlur', blur_limit=3)
        ],
        p=0.2),
    dict(type='ToGray', p=0.2)
]
train_pipeline = [
    dict(type='LoadImageFromFile', to_float32=True),
    dict(type='LoadAnnotations', with_bbox=True, with_keypoints=True),
    dict(
        type='RandomSquareCrop',
        crop_choice=[0.3, 0.45, 0.6, 0.8, 1.0, 1.2, 1.4, 1.6, 1.8, 2.0]),
    dict(type='Resize', img_scale=(640, 640), keep_ratio=False),
    dict(
        type='RandomFlip',
        flip_ratio=0.5,
        direction=['horizontal', 'vertical', 'diagonal']),
    dict(
        type='PhotoMetricDistortion',
        brightness_delta=32,
        contrast_range=(0.5, 1.5),
        saturation_range=(0.5, 1.5),
        hue_delta=18),
    dict(
        type='Normalize',
        mean=[127.5, 127.5, 127.5],
        std=[128.0, 128.0, 128.0],
        to_rgb=True),
    dict(type='DefaultFormatBundle'),
    dict(
        type='Collect',
        keys=[
            'img', 'gt_bboxes', 'gt_labels', 'gt_bboxes_ignore',
            'gt_keypointss'
        ])
]
test_pipeline = [
    dict(type='LoadImageFromFile'),
    dict(
        type='MultiScaleFlipAug',
        img_scale=(640, 640),
        flip=False,
        transforms=[
            dict(type='Resize', keep_ratio=True),
            dict(type='RandomFlip', flip_ratio=0.0),
            dict(
                type='Normalize',
                mean=[127.5, 127.5, 127.5],
                std=[128.0, 128.0, 128.0],
                to_rgb=True),
            dict(type='Pad', size=(640, 640), pad_val=0),
            dict(type='ImageToTensor', keys=['img']),
            dict(type='Collect', keys=['img'])
        ])
]
data = dict(
    samples_per_gpu=64,
    workers_per_gpu=8,
    train=dict(
        type='RetinaFaceDataset',
        ann_file=
        '/home/manhdq/ID_Card_Information_Extraction/datasets/cccd/poisson_v1/annotations.txt',
        img_prefix=
        '/home/manhdq/ID_Card_Information_Extraction/datasets/cccd/poisson_v1/images',
        pipeline=[
            dict(type='LoadImageFromFile', to_float32=True),
            dict(type='LoadAnnotations', with_bbox=True, with_keypoints=True),
            dict(
                type='RandomSquareCrop',
                crop_choice=[
                    0.3, 0.45, 0.6, 0.8, 1.0, 1.2, 1.4, 1.6, 1.8, 2.0
                ]),
            dict(type='Resize', img_scale=(640, 640), keep_ratio=False),
            dict(
                type='RandomFlip',
                flip_ratio=0.5,
                direction=['horizontal', 'vertical', 'diagonal']),
            dict(
                type='PhotoMetricDistortion',
                brightness_delta=32,
                contrast_range=(0.5, 1.5),
                saturation_range=(0.5, 1.5),
                hue_delta=18),
            dict(
                type='Normalize',
                mean=[127.5, 127.5, 127.5],
                std=[128.0, 128.0, 128.0],
                to_rgb=True),
            dict(type='DefaultFormatBundle'),
            dict(
                type='Collect',
                keys=[
                    'img', 'gt_bboxes', 'gt_labels', 'gt_bboxes_ignore',
                    'gt_keypointss'
                ])
        ]),
    val=dict(
        type='RetinaFaceDataset',
        ann_file=
        '/home/manhdq/ID_Card_Information_Extraction/datasets/cccd/valid_cccd_clean/annotations.txt',
        img_prefix=
        '/home/manhdq/ID_Card_Information_Extraction/datasets/cccd/valid_cccd_clean/images',
        pipeline=[
            dict(type='LoadImageFromFile'),
            dict(type='LoadAnnotations', with_bbox=True, with_keypoints=True),
            dict(
                type='MultiScaleFlipAug',
                img_scale=(640, 640),
                flip=False,
                transforms=[
                    dict(type='Resize', keep_ratio=True),
                    dict(type='RandomFlip', flip_ratio=0.0),
                    dict(
                        type='Normalize',
                        mean=[127.5, 127.5, 127.5],
                        std=[128.0, 128.0, 128.0],
                        to_rgb=True),
                    dict(type='Pad', size=(640, 640), pad_val=0),
                    dict(type='ImageToTensor', keys=['img']),
                    dict(type='Collect', keys=['img'])
                ])
        ]),
    infer=dict(
        type='RetinaFaceDataset',
        ann_file=
        '/home/manhdq/ID_Card_Information_Extraction/datasets/cccd/valid_cccd_clean/annotations.txt',
        img_prefix=
        '/home/manhdq/ID_Card_Information_Extraction/datasets/cccd/valid_cccd_clean/images',
        pipeline=[
            dict(type='LoadImageFromFile'),
            dict(type='LoadAnnotations', with_bbox=True, with_keypoints=True),
            dict(
                type='MultiScaleFlipAug',
                img_scale=(640, 640),
                flip=False,
                transforms=[
                    dict(type='Resize', keep_ratio=True),
                    dict(type='RandomFlip', flip_ratio=0.0),
                    dict(
                        type='Normalize',
                        mean=[127.5, 127.5, 127.5],
                        std=[128.0, 128.0, 128.0],
                        to_rgb=True),
                    dict(type='Pad', size=(640, 640), pad_val=0),
                    dict(type='ImageToTensor', keys=['img']),
                    dict(
                        type='Collect',
                        keys=[
                            'img', 'gt_bboxes', 'gt_labels',
                            'gt_bboxes_ignore', 'gt_keypointss'
                        ])
                ])
        ]),
    test=dict(
        type='RetinaFaceDataset',
        ann_file=
        '/home/manhdq/ID_Card_Information_Extraction/datasets/cccd/valid_cccd_clean/annotations.txt',
        img_prefix=
        '/home/manhdq/ID_Card_Information_Extraction/datasets/cccd/valid_cccd_clean/images',
        pipeline=[
            dict(type='LoadImageFromFile'),
            dict(
                type='MultiScaleFlipAug',
                img_scale=(640, 640),
                flip=False,
                transforms=[
                    dict(type='Resize', keep_ratio=True),
                    dict(type='RandomFlip', flip_ratio=0.0),
                    dict(
                        type='Normalize',
                        mean=[127.5, 127.5, 127.5],
                        std=[128.0, 128.0, 128.0],
                        to_rgb=True),
                    dict(type='Pad', size=(640, 640), pad_val=0),
                    dict(type='ImageToTensor', keys=['img']),
                    dict(type='Collect', keys=['img'])
                ])
        ]))
model = dict(
    type='SCRFD',
    backbone=dict(
        type='MobileNetV1',
        block_cfg=dict(
            stage_blocks=(2, 3, 2, 6), stage_planes=[16, 16, 40, 72, 152,
                                                     288])),
    neck=dict(
        type='PAFPN',
        in_channels=[40, 72, 152, 288],
        out_channels=16,
        start_level=1,
        add_extra_convs='on_output',
        num_outs=3),
    bbox_head=dict(
        type='SCRFDHead',
        num_classes=1,
        in_channels=16,
        stacked_convs=2,
        feat_channels=64,
        norm_cfg=dict(type='BN', requires_grad=True),
        cls_reg_share=True,
        strides_share=False,
        dw_conv=True,
        scale_mode=0,
        anchor_generator=dict(
            type='AnchorGenerator',
            ratios=[1.0],
            scales=[1, 2],
            base_sizes=[16, 64, 256],
            strides=[8, 16, 32]),
        loss_cls=dict(
            type='QualityFocalLoss',
            use_sigmoid=True,
            beta=2.0,
            loss_weight=1.0),
        loss_dfl=False,
        reg_max=8,
        loss_bbox=dict(type='DIoULoss', loss_weight=1.0),
        use_kps=True,
        loss_kps=dict(
            type='SmoothL1Loss', beta=0.1111111111111111, loss_weight=1.5),
        train_cfg=dict(
            assigner=dict(type='ATSSAssigner', topk=9),
            allowed_border=-1,
            pos_weight=-1,
            debug=False),
        test_cfg=dict(
            nms_pre=-1,
            min_bbox_size=0,
            score_thr=0.02,
            nms=dict(type='nms', iou_threshold=0.45),
            max_per_img=-1)))
train_cfg = dict(
    assigner=dict(type='ATSSAssigner', topk=9),
    allowed_border=-1,
    pos_weight=-1,
    debug=False)
val_cfg = dict(
    nms_pre=-1,
    min_bbox_size=0,
    score_thr=0.02,
    nms=dict(type='nms', iou_threshold=0.45),
    max_per_img=-1)
test_cfg = dict(
    nms_pre=-1,
    min_bbox_size=0,
    score_thr=0.02,
    nms=dict(type='nms', iou_threshold=0.45),
    max_per_img=-1)
epoch_multi = 1
evaluation = dict(interval=5, metric='mAP')
work_dir = './work_dirs/scrfd_cccd_500m_bnkps_poisson'
gpu_ids = range(0, 1)

2022-07-11 10:36:42,239 - mmdet - INFO - Set random seed to 42, deterministic: False
2022-07-11 10:36:46,019 - mmdet - INFO - load checkpoint from local path: /home/manhdq/ID_Card_Information_Extraction/ckpts/keypoint_detector_weights/final_500m_kpts_weights/best.pth
2022-07-11 10:36:46,079 - mmdet - INFO - Start running, host: root@ATMA-Ubuntu20-ARP-v3, work_dir: /home/manhdq/ID_Card_Information_Extraction/keypoint_detection/scrfd/work_dirs/scrfd_cccd_500m_bnkps_poisson
2022-07-11 10:36:46,079 - mmdet - INFO - Hooks will be executed in the following order:
before_run:
(VERY_HIGH   ) StepLrUpdaterHook                  
(NORMAL      ) CheckpointHook                     
(NORMAL      ) EvalHook                           
(VERY_LOW    ) TextLoggerHook                     
 -------------------- 
before_train_epoch:
(VERY_HIGH   ) StepLrUpdaterHook                  
(NORMAL      ) EvalHook                           
(LOW         ) IterTimerHook                      
(VERY_LOW    ) TextLoggerHook                     
 -------------------- 
before_train_iter:
(VERY_HIGH   ) StepLrUpdaterHook                  
(LOW         ) IterTimerHook                      
 -------------------- 
after_train_iter:
(ABOVE_NORMAL) OptimizerHook                      
(NORMAL      ) CheckpointHook                     
(LOW         ) IterTimerHook                      
(VERY_LOW    ) TextLoggerHook                     
 -------------------- 
after_train_epoch:
(NORMAL      ) CheckpointHook                     
(NORMAL      ) EvalHook                           
(VERY_LOW    ) TextLoggerHook                     
 -------------------- 
before_val_epoch:
(LOW         ) IterTimerHook                      
(VERY_LOW    ) TextLoggerHook                     
 -------------------- 
before_val_iter:
(LOW         ) IterTimerHook                      
 -------------------- 
after_val_iter:
(LOW         ) IterTimerHook                      
 -------------------- 
after_val_epoch:
(VERY_LOW    ) TextLoggerHook                     
 -------------------- 
after_run:
(VERY_LOW    ) TextLoggerHook                     
 -------------------- 
2022-07-11 10:36:46,080 - mmdet - INFO - workflow: [('train', 1)], max: 64 epochs
2022-07-11 10:36:46,080 - mmdet - INFO - Checkpoints will be saved to /home/manhdq/ID_Card_Information_Extraction/keypoint_detection/scrfd/work_dirs/scrfd_cccd_500m_bnkps_poisson by HardDiskBackend.
2022-07-11 10:37:44,221 - mmdet - INFO - Epoch [1][50/241]	lr: 6.250e-03, eta: 4:57:56, time: 1.163, data_time: 0.275, memory: 7994, loss_cls: 0.3459, loss_bbox: 0.1637, loss_kps: 30.5222, loss: 31.0318
2022-07-11 10:38:34,606 - mmdet - INFO - Epoch [1][100/241]	lr: 6.250e-03, eta: 4:37:10, time: 1.008, data_time: 0.135, memory: 7994, loss_cls: 0.3559, loss_bbox: 0.1712, loss_kps: 22.5793, loss: 23.1064
2022-07-11 10:39:25,234 - mmdet - INFO - Epoch [1][150/241]	lr: 6.250e-03, eta: 4:30:05, time: 1.013, data_time: 0.129, memory: 7994, loss_cls: 0.3439, loss_bbox: 0.1552, loss_kps: 20.2439, loss: 20.7430
2022-07-11 10:40:15,706 - mmdet - INFO - Epoch [1][200/241]	lr: 6.250e-03, eta: 4:25:56, time: 1.009, data_time: 0.128, memory: 7994, loss_cls: 0.3349, loss_bbox: 0.1604, loss_kps: 21.1114, loss: 21.6067
2022-07-11 10:41:56,766 - mmdet - INFO - Epoch [2][50/241]	lr: 6.250e-03, eta: 3:53:32, time: 1.197, data_time: 0.285, memory: 7994, loss_cls: 0.3371, loss_bbox: 0.1523, loss_kps: 19.7198, loss: 20.2092
2022-07-11 10:42:47,950 - mmdet - INFO - Epoch [2][100/241]	lr: 6.250e-03, eta: 3:56:22, time: 1.024, data_time: 0.132, memory: 7994, loss_cls: 0.3217, loss_bbox: 0.1442, loss_kps: 17.6888, loss: 18.1547
2022-07-11 10:43:38,737 - mmdet - INFO - Epoch [2][150/241]	lr: 6.250e-03, eta: 3:58:00, time: 1.016, data_time: 0.127, memory: 7994, loss_cls: 0.3117, loss_bbox: 0.1431, loss_kps: 17.2578, loss: 17.7125
2022-07-11 10:44:29,263 - mmdet - INFO - Epoch [2][200/241]	lr: 6.250e-03, eta: 3:58:55, time: 1.011, data_time: 0.130, memory: 7994, loss_cls: 0.3153, loss_bbox: 0.1382, loss_kps: 17.3133, loss: 17.7668
2022-07-11 10:46:10,429 - mmdet - INFO - Epoch [3][50/241]	lr: 6.250e-03, eta: 3:44:56, time: 1.204, data_time: 0.279, memory: 7994, loss_cls: 0.3037, loss_bbox: 0.1388, loss_kps: 17.3493, loss: 17.7918
2022-07-11 10:47:01,328 - mmdet - INFO - Epoch [3][100/241]	lr: 6.250e-03, eta: 3:46:33, time: 1.018, data_time: 0.134, memory: 7994, loss_cls: 0.2948, loss_bbox: 0.1395, loss_kps: 16.5533, loss: 16.9876
2022-07-11 10:47:51,751 - mmdet - INFO - Epoch [3][150/241]	lr: 6.250e-03, eta: 3:47:35, time: 1.008, data_time: 0.128, memory: 7994, loss_cls: 0.2999, loss_bbox: 0.1378, loss_kps: 15.2685, loss: 15.7062
2022-07-11 10:48:42,313 - mmdet - INFO - Epoch [3][200/241]	lr: 6.250e-03, eta: 3:48:24, time: 1.011, data_time: 0.127, memory: 7994, loss_cls: 0.2951, loss_bbox: 0.1358, loss_kps: 15.6516, loss: 16.0825
2022-07-11 10:50:22,132 - mmdet - INFO - Epoch [4][50/241]	lr: 6.250e-03, eta: 3:38:48, time: 1.173, data_time: 0.265, memory: 7994, loss_cls: 0.2871, loss_bbox: 0.1293, loss_kps: 14.8310, loss: 15.2474
2022-07-11 10:51:12,623 - mmdet - INFO - Epoch [4][100/241]	lr: 6.250e-03, eta: 3:39:44, time: 1.010, data_time: 0.126, memory: 7994, loss_cls: 0.3058, loss_bbox: 0.1350, loss_kps: 15.2135, loss: 15.6543
2022-07-11 10:52:03,202 - mmdet - INFO - Epoch [4][150/241]	lr: 6.250e-03, eta: 3:40:30, time: 1.012, data_time: 0.133, memory: 7994, loss_cls: 0.3013, loss_bbox: 0.1335, loss_kps: 14.8543, loss: 15.2891
2022-07-11 10:52:53,948 - mmdet - INFO - Epoch [4][200/241]	lr: 6.250e-03, eta: 3:41:07, time: 1.015, data_time: 0.131, memory: 7994, loss_cls: 0.2985, loss_bbox: 0.1345, loss_kps: 14.3004, loss: 14.7335
2022-07-11 10:54:34,473 - mmdet - INFO - Epoch [5][50/241]	lr: 6.250e-03, eta: 3:34:02, time: 1.185, data_time: 0.272, memory: 7994, loss_cls: 0.3000, loss_bbox: 0.1336, loss_kps: 16.8615, loss: 17.2951
2022-07-11 10:55:24,964 - mmdet - INFO - Epoch [5][100/241]	lr: 6.250e-03, eta: 3:34:38, time: 1.010, data_time: 0.129, memory: 7994, loss_cls: 0.2964, loss_bbox: 0.1344, loss_kps: 16.0026, loss: 16.4334
2022-07-11 10:56:16,153 - mmdet - INFO - Epoch [5][150/241]	lr: 6.250e-03, eta: 3:35:14, time: 1.024, data_time: 0.136, memory: 7994, loss_cls: 0.3078, loss_bbox: 0.1402, loss_kps: 16.5543, loss: 17.0022
2022-07-11 10:57:07,163 - mmdet - INFO - Epoch [5][200/241]	lr: 6.250e-03, eta: 3:35:41, time: 1.020, data_time: 0.129, memory: 7994, loss_cls: 0.3154, loss_bbox: 0.1376, loss_kps: 16.4567, loss: 16.9097
2022-07-11 10:57:48,205 - mmdet - INFO - Saving checkpoint at 5 epochs
2022-07-11 10:57:51,792 - mmdet - INFO - 
+-------+-----+------+--------+-------+
| class | gts | dets | recall | ap    |
+-------+-----+------+--------+-------+
| FG    | 179 | 6004 | 0.950  | 0.849 |
+-------+-----+------+--------+-------+
| mAP   |     |      |        | 0.849 |
+-------+-----+------+--------+-------+
2022-07-11 10:57:51,912 - mmdet - INFO - Exp name: scrfd_cccd_500m_bnkps_poisson.py
2022-07-11 10:57:51,912 - mmdet - INFO - Epoch(val) [5][241]	mAP: 0.8486
2022-07-11 10:58:51,770 - mmdet - INFO - Epoch [6][50/241]	lr: 6.250e-03, eta: 3:30:02, time: 1.196, data_time: 0.262, memory: 7994, loss_cls: 0.3016, loss_bbox: 0.1361, loss_kps: 14.1051, loss: 14.5428
2022-07-11 10:59:43,065 - mmdet - INFO - Epoch [6][100/241]	lr: 6.250e-03, eta: 3:30:31, time: 1.026, data_time: 0.141, memory: 7994, loss_cls: 0.3080, loss_bbox: 0.1359, loss_kps: 15.1844, loss: 15.6283
2022-07-11 11:00:34,144 - mmdet - INFO - Epoch [6][150/241]	lr: 6.250e-03, eta: 3:30:52, time: 1.022, data_time: 0.136, memory: 7994, loss_cls: 0.2914, loss_bbox: 0.1299, loss_kps: 14.2476, loss: 14.6690
2022-07-11 11:01:25,023 - mmdet - INFO - Epoch [6][200/241]	lr: 6.250e-03, eta: 3:31:06, time: 1.018, data_time: 0.130, memory: 7994, loss_cls: 0.2976, loss_bbox: 0.1320, loss_kps: 14.1869, loss: 14.6166
2022-07-11 11:03:05,286 - mmdet - INFO - Epoch [7][50/241]	lr: 6.250e-03, eta: 3:26:10, time: 1.185, data_time: 0.266, memory: 7994, loss_cls: 0.2880, loss_bbox: 0.1261, loss_kps: 13.5792, loss: 13.9933
2022-07-11 11:03:55,850 - mmdet - INFO - Epoch [7][100/241]	lr: 6.250e-03, eta: 3:26:21, time: 1.011, data_time: 0.135, memory: 7994, loss_cls: 0.3023, loss_bbox: 0.1274, loss_kps: 14.8004, loss: 15.2301
2022-07-11 11:04:46,700 - mmdet - INFO - Epoch [7][150/241]	lr: 6.250e-03, eta: 3:26:30, time: 1.017, data_time: 0.139, memory: 7994, loss_cls: 0.2983, loss_bbox: 0.1317, loss_kps: 14.4829, loss: 14.9129
2022-07-11 11:05:37,059 - mmdet - INFO - Epoch [7][200/241]	lr: 6.250e-03, eta: 3:26:32, time: 1.007, data_time: 0.130, memory: 7994, loss_cls: 0.2890, loss_bbox: 0.1287, loss_kps: 13.9521, loss: 14.3698
2022-07-11 11:07:16,565 - mmdet - INFO - Epoch [8][50/241]	lr: 6.250e-03, eta: 3:22:06, time: 1.169, data_time: 0.268, memory: 7994, loss_cls: 0.2933, loss_bbox: 0.1299, loss_kps: 12.6401, loss: 13.0634
2022-07-11 11:08:07,575 - mmdet - INFO - Epoch [8][100/241]	lr: 6.250e-03, eta: 3:22:12, time: 1.020, data_time: 0.139, memory: 7994, loss_cls: 0.3000, loss_bbox: 0.1316, loss_kps: 15.1174, loss: 15.5490
2022-07-11 11:08:57,793 - mmdet - INFO - Epoch [8][150/241]	lr: 6.250e-03, eta: 3:22:10, time: 1.004, data_time: 0.129, memory: 7994, loss_cls: 0.2994, loss_bbox: 0.1321, loss_kps: 15.6021, loss: 16.0336
2022-07-11 11:09:48,173 - mmdet - INFO - Epoch [8][200/241]	lr: 6.250e-03, eta: 3:22:07, time: 1.008, data_time: 0.125, memory: 7994, loss_cls: 0.3094, loss_bbox: 0.1340, loss_kps: 14.8919, loss: 15.3353
2022-07-11 11:11:27,878 - mmdet - INFO - Epoch [9][50/241]	lr: 6.250e-03, eta: 3:18:13, time: 1.183, data_time: 0.275, memory: 7994, loss_cls: 0.2956, loss_bbox: 0.1269, loss_kps: 13.6765, loss: 14.0989
2022-07-11 11:12:18,278 - mmdet - INFO - Epoch [9][100/241]	lr: 6.250e-03, eta: 3:18:10, time: 1.008, data_time: 0.126, memory: 7994, loss_cls: 0.2933, loss_bbox: 0.1334, loss_kps: 13.0373, loss: 13.4640
2022-07-11 11:13:09,214 - mmdet - INFO - Epoch [9][150/241]	lr: 6.250e-03, eta: 3:18:07, time: 1.019, data_time: 0.133, memory: 7994, loss_cls: 0.2838, loss_bbox: 0.1272, loss_kps: 13.0874, loss: 13.4985
2022-07-11 11:14:00,419 - mmdet - INFO - Epoch [9][200/241]	lr: 6.250e-03, eta: 3:18:05, time: 1.024, data_time: 0.139, memory: 7994, loss_cls: 0.2859, loss_bbox: 0.1274, loss_kps: 13.0664, loss: 13.4797
2022-07-11 11:15:40,554 - mmdet - INFO - Epoch [10][50/241]	lr: 6.250e-03, eta: 3:14:29, time: 1.177, data_time: 0.271, memory: 7994, loss_cls: 0.2847, loss_bbox: 0.1286, loss_kps: 12.8018, loss: 13.2151
2022-07-11 11:16:31,142 - mmdet - INFO - Epoch [10][100/241]	lr: 6.250e-03, eta: 3:14:22, time: 1.012, data_time: 0.132, memory: 7994, loss_cls: 0.2844, loss_bbox: 0.1221, loss_kps: 12.6762, loss: 13.0826
2022-07-11 11:17:22,081 - mmdet - INFO - Epoch [10][150/241]	lr: 6.250e-03, eta: 3:14:15, time: 1.019, data_time: 0.136, memory: 7994, loss_cls: 0.2747, loss_bbox: 0.1252, loss_kps: 12.1763, loss: 12.5762
2022-07-11 11:18:12,423 - mmdet - INFO - Epoch [10][200/241]	lr: 6.250e-03, eta: 3:14:03, time: 1.007, data_time: 0.128, memory: 7994, loss_cls: 0.2739, loss_bbox: 0.1274, loss_kps: 12.4636, loss: 12.8650
2022-07-11 11:18:53,526 - mmdet - INFO - Saving checkpoint at 10 epochs
2022-07-11 11:18:57,406 - mmdet - INFO - 
+-------+-----+------+--------+-------+
| class | gts | dets | recall | ap    |
+-------+-----+------+--------+-------+
| FG    | 179 | 6478 | 0.972  | 0.946 |
+-------+-----+------+--------+-------+
| mAP   |     |      |        | 0.946 |
+-------+-----+------+--------+-------+
2022-07-11 11:18:57,524 - mmdet - INFO - Exp name: scrfd_cccd_500m_bnkps_poisson.py
2022-07-11 11:18:57,524 - mmdet - INFO - Epoch(val) [10][241]	mAP: 0.9459
2022-07-11 11:19:57,956 - mmdet - INFO - Epoch [11][50/241]	lr: 6.250e-03, eta: 3:10:52, time: 1.207, data_time: 0.281, memory: 7994, loss_cls: 0.2751, loss_bbox: 0.1238, loss_kps: 11.8408, loss: 12.2398
2022-07-11 11:20:48,900 - mmdet - INFO - Epoch [11][100/241]	lr: 6.250e-03, eta: 3:10:43, time: 1.019, data_time: 0.133, memory: 7994, loss_cls: 0.2764, loss_bbox: 0.1267, loss_kps: 13.9694, loss: 14.3725
2022-07-11 11:22:05,745 - mmdet - INFO - Epoch [11][150/241]	lr: 6.250e-03, eta: 3:12:42, time: 1.537, data_time: 0.179, memory: 7994, loss_cls: 0.2790, loss_bbox: 0.1227, loss_kps: 11.4955, loss: 11.8972
2022-07-11 11:23:36,300 - mmdet - INFO - Epoch [11][200/241]	lr: 6.250e-03, eta: 3:15:41, time: 1.811, data_time: 0.221, memory: 7994, loss_cls: 0.2744, loss_bbox: 0.1236, loss_kps: 11.8644, loss: 12.2624
2022-07-11 11:26:32,841 - mmdet - INFO - Epoch [12][50/241]	lr: 6.250e-03, eta: 3:16:26, time: 2.213, data_time: 0.563, memory: 7994, loss_cls: 0.2794, loss_bbox: 0.1238, loss_kps: 12.6547, loss: 13.0579
2022-07-11 11:27:34,511 - mmdet - INFO - Epoch [12][100/241]	lr: 6.250e-03, eta: 3:16:51, time: 1.233, data_time: 0.172, memory: 7994, loss_cls: 0.2849, loss_bbox: 0.1271, loss_kps: 12.8507, loss: 13.2628
2022-07-11 11:29:04,295 - mmdet - INFO - Epoch [12][150/241]	lr: 6.250e-03, eta: 3:19:19, time: 1.796, data_time: 0.219, memory: 7994, loss_cls: 0.2862, loss_bbox: 0.1218, loss_kps: 11.4740, loss: 11.8820
2022-07-11 11:30:31,999 - mmdet - INFO - Epoch [12][200/241]	lr: 6.250e-03, eta: 3:21:29, time: 1.754, data_time: 0.174, memory: 7994, loss_cls: 0.2797, loss_bbox: 0.1220, loss_kps: 12.1369, loss: 12.5386
2022-07-11 11:33:08,068 - mmdet - INFO - Epoch [13][50/241]	lr: 6.250e-03, eta: 3:20:20, time: 1.836, data_time: 0.530, memory: 7994, loss_cls: 0.2779, loss_bbox: 0.1224, loss_kps: 12.6711, loss: 13.0714
2022-07-11 11:34:26,890 - mmdet - INFO - Epoch [13][100/241]	lr: 6.250e-03, eta: 3:21:39, time: 1.576, data_time: 0.181, memory: 7994, loss_cls: 0.2807, loss_bbox: 0.1232, loss_kps: 12.5499, loss: 12.9537
2022-07-11 11:35:57,289 - mmdet - INFO - Epoch [13][150/241]	lr: 6.250e-03, eta: 3:23:40, time: 1.808, data_time: 0.181, memory: 7994, loss_cls: 0.2795, loss_bbox: 0.1216, loss_kps: 11.7681, loss: 12.1693
2022-07-11 11:37:28,522 - mmdet - INFO - Epoch [13][200/241]	lr: 6.250e-03, eta: 3:25:38, time: 1.825, data_time: 0.203, memory: 7994, loss_cls: 0.2790, loss_bbox: 0.1229, loss_kps: 12.9731, loss: 13.3749
2022-07-11 11:39:52,888 - mmdet - INFO - Epoch [14][50/241]	lr: 6.250e-03, eta: 3:23:27, time: 1.615, data_time: 0.492, memory: 7994, loss_cls: 0.2773, loss_bbox: 0.1298, loss_kps: 12.5904, loss: 12.9974
2022-07-11 11:41:20,252 - mmdet - INFO - Epoch [14][100/241]	lr: 6.250e-03, eta: 3:24:59, time: 1.747, data_time: 0.171, memory: 7994, loss_cls: 0.2795, loss_bbox: 0.1252, loss_kps: 12.7394, loss: 13.1441
2022-07-11 11:42:49,140 - mmdet - INFO - Epoch [14][150/241]	lr: 6.250e-03, eta: 3:26:31, time: 1.778, data_time: 0.207, memory: 7994, loss_cls: 0.2838, loss_bbox: 0.1247, loss_kps: 11.6835, loss: 12.0920
2022-07-11 11:44:19,692 - mmdet - INFO - Epoch [14][200/241]	lr: 6.250e-03, eta: 3:28:03, time: 1.811, data_time: 0.198, memory: 7994, loss_cls: 0.2775, loss_bbox: 0.1178, loss_kps: 11.7457, loss: 12.1410
2022-07-11 11:46:43,540 - mmdet - INFO - Epoch [15][50/241]	lr: 6.250e-03, eta: 3:25:50, time: 1.654, data_time: 0.356, memory: 7994, loss_cls: 0.2744, loss_bbox: 0.1243, loss_kps: 12.1491, loss: 12.5478
2022-07-11 11:48:11,486 - mmdet - INFO - Epoch [15][100/241]	lr: 6.250e-03, eta: 3:27:04, time: 1.759, data_time: 0.188, memory: 7994, loss_cls: 0.2780, loss_bbox: 0.1223, loss_kps: 11.6551, loss: 12.0555
2022-07-11 11:49:41,724 - mmdet - INFO - Epoch [15][150/241]	lr: 6.250e-03, eta: 3:28:20, time: 1.801, data_time: 0.180, memory: 7994, loss_cls: 0.2745, loss_bbox: 0.1205, loss_kps: 12.5709, loss: 12.9659
2022-07-11 11:51:11,687 - mmdet - INFO - Epoch [15][200/241]	lr: 6.250e-03, eta: 3:29:32, time: 1.799, data_time: 0.201, memory: 7994, loss_cls: 0.2718, loss_bbox: 0.1179, loss_kps: 11.9767, loss: 12.3664
2022-07-11 11:52:03,165 - mmdet - INFO - Saving checkpoint at 15 epochs
2022-07-11 11:52:06,963 - mmdet - INFO - 
+-------+-----+------+--------+-------+
| class | gts | dets | recall | ap    |
+-------+-----+------+--------+-------+
| FG    | 179 | 4066 | 0.939  | 0.880 |
+-------+-----+------+--------+-------+
| mAP   |     |      |        | 0.880 |
+-------+-----+------+--------+-------+
2022-07-11 11:52:07,081 - mmdet - INFO - Exp name: scrfd_cccd_500m_bnkps_poisson.py
2022-07-11 11:52:07,082 - mmdet - INFO - Epoch(val) [15][241]	mAP: 0.8804
2022-07-11 11:53:44,555 - mmdet - INFO - Epoch [16][50/241]	lr: 6.250e-03, eta: 3:27:58, time: 1.948, data_time: 0.434, memory: 7994, loss_cls: 0.2743, loss_bbox: 0.1216, loss_kps: 11.6781, loss: 12.0741
2022-07-11 11:55:13,685 - mmdet - INFO - Epoch [16][100/241]	lr: 6.250e-03, eta: 3:28:59, time: 1.783, data_time: 0.188, memory: 7994, loss_cls: 0.2795, loss_bbox: 0.1208, loss_kps: 11.9711, loss: 12.3714
2022-07-11 11:56:40,682 - mmdet - INFO - Epoch [16][150/241]	lr: 6.250e-03, eta: 3:29:49, time: 1.740, data_time: 0.157, memory: 7994, loss_cls: 0.2791, loss_bbox: 0.1220, loss_kps: 11.7180, loss: 12.1190
2022-07-11 11:58:07,919 - mmdet - INFO - Epoch [16][200/241]	lr: 6.250e-03, eta: 3:30:36, time: 1.745, data_time: 0.189, memory: 7994, loss_cls: 0.2840, loss_bbox: 0.1194, loss_kps: 11.7862, loss: 12.1895
2022-07-11 12:00:38,695 - mmdet - INFO - Epoch [17][50/241]	lr: 6.250e-03, eta: 3:29:17, time: 2.115, data_time: 0.550, memory: 7994, loss_cls: 0.2797, loss_bbox: 0.1212, loss_kps: 12.3234, loss: 12.7243
2022-07-11 12:02:07,288 - mmdet - INFO - Epoch [17][100/241]	lr: 6.250e-03, eta: 3:30:01, time: 1.772, data_time: 0.166, memory: 7994, loss_cls: 0.2764, loss_bbox: 0.1161, loss_kps: 11.2313, loss: 11.6238
2022-07-11 12:03:35,689 - mmdet - INFO - Epoch [17][150/241]	lr: 6.250e-03, eta: 3:30:41, time: 1.768, data_time: 0.215, memory: 7994, loss_cls: 0.2744, loss_bbox: 0.1202, loss_kps: 12.0523, loss: 12.4470
2022-07-11 12:04:44,017 - mmdet - INFO - Epoch [17][200/241]	lr: 6.250e-03, eta: 3:30:22, time: 1.367, data_time: 0.168, memory: 7994, loss_cls: 0.2811, loss_bbox: 0.1221, loss_kps: 12.4579, loss: 12.8611
2022-07-11 12:07:31,728 - mmdet - INFO - Epoch [18][50/241]	lr: 6.250e-03, eta: 3:29:00, time: 2.157, data_time: 0.578, memory: 7994, loss_cls: 0.2734, loss_bbox: 0.1215, loss_kps: 11.0330, loss: 11.4279
2022-07-11 12:09:00,450 - mmdet - INFO - Epoch [18][100/241]	lr: 6.250e-03, eta: 3:29:33, time: 1.774, data_time: 0.164, memory: 7994, loss_cls: 0.2694, loss_bbox: 0.1174, loss_kps: 11.2853, loss: 11.6721
2022-07-11 12:10:27,478 - mmdet - INFO - Epoch [18][150/241]	lr: 6.250e-03, eta: 3:29:58, time: 1.741, data_time: 0.187, memory: 7994, loss_cls: 0.2668, loss_bbox: 0.1165, loss_kps: 11.7719, loss: 12.1552
2022-07-11 12:11:33,891 - mmdet - INFO - Epoch [18][200/241]	lr: 6.250e-03, eta: 3:29:28, time: 1.328, data_time: 0.164, memory: 7994, loss_cls: 0.2752, loss_bbox: 0.1242, loss_kps: 12.9635, loss: 13.3629
2022-07-11 12:14:28,486 - mmdet - INFO - Epoch [19][50/241]	lr: 6.250e-03, eta: 3:28:05, time: 2.210, data_time: 0.596, memory: 7994, loss_cls: 0.2786, loss_bbox: 0.1253, loss_kps: 11.4551, loss: 11.8591
2022-07-11 12:15:58,086 - mmdet - INFO - Epoch [19][100/241]	lr: 6.250e-03, eta: 3:28:30, time: 1.792, data_time: 0.167, memory: 7994, loss_cls: 0.2714, loss_bbox: 0.1159, loss_kps: 12.2663, loss: 12.6537
2022-07-11 12:17:03,476 - mmdet - INFO - Epoch [19][150/241]	lr: 6.250e-03, eta: 3:27:54, time: 1.308, data_time: 0.162, memory: 7994, loss_cls: 0.2752, loss_bbox: 0.1190, loss_kps: 12.2507, loss: 12.6449
2022-07-11 12:18:30,085 - mmdet - INFO - Epoch [19][200/241]	lr: 6.250e-03, eta: 3:28:07, time: 1.732, data_time: 0.174, memory: 7994, loss_cls: 0.2686, loss_bbox: 0.1196, loss_kps: 11.2135, loss: 11.6017
2022-07-11 12:21:21,085 - mmdet - INFO - Epoch [20][50/241]	lr: 6.250e-03, eta: 3:26:31, time: 2.153, data_time: 0.498, memory: 7994, loss_cls: 0.2661, loss_bbox: 0.1173, loss_kps: 11.5388, loss: 11.9222
2022-07-11 12:22:47,890 - mmdet - INFO - Epoch [20][100/241]	lr: 6.250e-03, eta: 3:26:41, time: 1.736, data_time: 0.170, memory: 7994, loss_cls: 0.2698, loss_bbox: 0.1150, loss_kps: 11.0510, loss: 11.4358
2022-07-11 12:23:42,366 - mmdet - INFO - Epoch [20][150/241]	lr: 6.250e-03, eta: 3:25:36, time: 1.090, data_time: 0.142, memory: 7994, loss_cls: 0.2749, loss_bbox: 0.1140, loss_kps: 11.1323, loss: 11.5212
2022-07-11 12:25:13,090 - mmdet - INFO - Epoch [20][200/241]	lr: 6.250e-03, eta: 3:25:52, time: 1.814, data_time: 0.193, memory: 7994, loss_cls: 0.2726, loss_bbox: 0.1179, loss_kps: 11.3082, loss: 11.6988
2022-07-11 12:26:15,877 - mmdet - INFO - Saving checkpoint at 20 epochs
2022-07-11 12:26:21,968 - mmdet - INFO - 
+-------+-----+------+--------+-------+
| class | gts | dets | recall | ap    |
+-------+-----+------+--------+-------+
| FG    | 179 | 6584 | 0.961  | 0.921 |
+-------+-----+------+--------+-------+
| mAP   |     |      |        | 0.921 |
+-------+-----+------+--------+-------+
2022-07-11 12:26:22,079 - mmdet - INFO - Exp name: scrfd_cccd_500m_bnkps_poisson.py
2022-07-11 12:26:22,080 - mmdet - INFO - Epoch(val) [20][241]	mAP: 0.9213
2022-07-11 12:28:11,889 - mmdet - INFO - Epoch [21][50/241]	lr: 6.250e-03, eta: 3:24:15, time: 2.195, data_time: 0.591, memory: 7994, loss_cls: 0.2661, loss_bbox: 0.1164, loss_kps: 11.2444, loss: 11.6269
2022-07-11 12:29:28,571 - mmdet - INFO - Epoch [21][100/241]	lr: 6.250e-03, eta: 3:23:57, time: 1.534, data_time: 0.141, memory: 7994, loss_cls: 0.2759, loss_bbox: 0.1169, loss_kps: 11.0744, loss: 11.4672
2022-07-11 12:30:41,088 - mmdet - INFO - Epoch [21][150/241]	lr: 6.250e-03, eta: 3:23:29, time: 1.450, data_time: 0.212, memory: 7994, loss_cls: 0.2662, loss_bbox: 0.1190, loss_kps: 11.2352, loss: 11.6204
2022-07-11 12:32:09,083 - mmdet - INFO - Epoch [21][200/241]	lr: 6.250e-03, eta: 3:23:32, time: 1.760, data_time: 0.164, memory: 7994, loss_cls: 0.2697, loss_bbox: 0.1151, loss_kps: 10.7267, loss: 11.1115
2022-07-11 12:35:04,097 - mmdet - INFO - Epoch [22][50/241]	lr: 6.250e-03, eta: 3:21:51, time: 2.203, data_time: 0.539, memory: 7994, loss_cls: 0.2695, loss_bbox: 0.1183, loss_kps: 10.9533, loss: 11.3411
2022-07-11 12:36:03,894 - mmdet - INFO - Epoch [22][100/241]	lr: 6.250e-03, eta: 3:20:55, time: 1.196, data_time: 0.143, memory: 7994, loss_cls: 0.2684, loss_bbox: 0.1202, loss_kps: 11.7840, loss: 12.1726
2022-07-11 12:37:33,489 - mmdet - INFO - Epoch [22][150/241]	lr: 6.250e-03, eta: 3:20:57, time: 1.792, data_time: 0.190, memory: 7994, loss_cls: 0.2652, loss_bbox: 0.1207, loss_kps: 11.0558, loss: 11.4418
2022-07-11 12:39:02,105 - mmdet - INFO - Epoch [22][200/241]	lr: 6.250e-03, eta: 3:20:55, time: 1.772, data_time: 0.184, memory: 7994, loss_cls: 0.2623, loss_bbox: 0.1153, loss_kps: 10.6845, loss: 11.0621
2022-07-11 12:41:46,099 - mmdet - INFO - Epoch [23][50/241]	lr: 6.250e-03, eta: 3:18:53, time: 2.012, data_time: 0.541, memory: 7994, loss_cls: 0.2602, loss_bbox: 0.1151, loss_kps: 10.3442, loss: 10.7195
2022-07-11 12:42:55,490 - mmdet - INFO - Epoch [23][100/241]	lr: 6.250e-03, eta: 3:18:13, time: 1.388, data_time: 0.183, memory: 7994, loss_cls: 0.2653, loss_bbox: 0.1150, loss_kps: 11.0837, loss: 11.4640
2022-07-11 12:44:24,398 - mmdet - INFO - Epoch [23][150/241]	lr: 6.250e-03, eta: 3:18:07, time: 1.778, data_time: 0.171, memory: 7994, loss_cls: 0.2671, loss_bbox: 0.1205, loss_kps: 11.9217, loss: 12.3093
2022-07-11 12:45:54,293 - mmdet - INFO - Epoch [23][200/241]	lr: 6.250e-03, eta: 3:18:02, time: 1.798, data_time: 0.214, memory: 7994, loss_cls: 0.2775, loss_bbox: 0.1211, loss_kps: 12.4970, loss: 12.8956
2022-07-11 12:48:20,114 - mmdet - INFO - Epoch [24][50/241]	lr: 6.250e-03, eta: 3:15:29, time: 1.671, data_time: 0.509, memory: 7994, loss_cls: 0.2744, loss_bbox: 0.1186, loss_kps: 10.9982, loss: 11.3912
2022-07-11 12:49:47,292 - mmdet - INFO - Epoch [24][100/241]	lr: 6.250e-03, eta: 3:15:17, time: 1.744, data_time: 0.193, memory: 7994, loss_cls: 0.2677, loss_bbox: 0.1164, loss_kps: 10.7867, loss: 11.1708
2022-07-11 12:51:16,485 - mmdet - INFO - Epoch [24][150/241]	lr: 6.250e-03, eta: 3:15:07, time: 1.784, data_time: 0.207, memory: 7994, loss_cls: 0.2756, loss_bbox: 0.1180, loss_kps: 11.2352, loss: 11.6287
2022-07-11 12:52:43,290 - mmdet - INFO - Epoch [24][200/241]	lr: 6.250e-03, eta: 3:14:52, time: 1.736, data_time: 0.160, memory: 7994, loss_cls: 0.2756, loss_bbox: 0.1206, loss_kps: 12.1425, loss: 12.5387
2022-07-11 12:55:02,491 - mmdet - INFO - Epoch [25][50/241]	lr: 6.250e-03, eta: 3:12:02, time: 1.475, data_time: 0.402, memory: 7994, loss_cls: 0.2717, loss_bbox: 0.1192, loss_kps: 10.9760, loss: 11.3669
2022-07-11 12:56:34,095 - mmdet - INFO - Epoch [25][100/241]	lr: 6.250e-03, eta: 3:11:53, time: 1.832, data_time: 0.195, memory: 7994, loss_cls: 0.2709, loss_bbox: 0.1181, loss_kps: 11.6527, loss: 12.0417
2022-07-11 12:58:03,544 - mmdet - INFO - Epoch [25][150/241]	lr: 6.250e-03, eta: 3:11:40, time: 1.789, data_time: 0.198, memory: 7994, loss_cls: 0.2805, loss_bbox: 0.1203, loss_kps: 11.7082, loss: 12.1090
2022-07-11 12:59:31,494 - mmdet - INFO - Epoch [25][200/241]	lr: 6.250e-03, eta: 3:11:22, time: 1.759, data_time: 0.183, memory: 7994, loss_cls: 0.2776, loss_bbox: 0.1239, loss_kps: 11.6807, loss: 12.0822
2022-07-11 13:00:33,343 - mmdet - INFO - Saving checkpoint at 25 epochs
2022-07-11 13:00:37,426 - mmdet - INFO - 
+-------+-----+------+--------+-------+
| class | gts | dets | recall | ap    |
+-------+-----+------+--------+-------+
| FG    | 179 | 7472 | 0.866  | 0.776 |
+-------+-----+------+--------+-------+
| mAP   |     |      |        | 0.776 |
+-------+-----+------+--------+-------+
2022-07-11 13:00:37,540 - mmdet - INFO - Exp name: scrfd_cccd_500m_bnkps_poisson.py
2022-07-11 13:00:37,540 - mmdet - INFO - Epoch(val) [25][241]	mAP: 0.7757
2022-07-11 13:02:04,293 - mmdet - INFO - Epoch [26][50/241]	lr: 6.250e-03, eta: 3:08:55, time: 1.734, data_time: 0.346, memory: 7994, loss_cls: 0.2801, loss_bbox: 0.1232, loss_kps: 12.0455, loss: 12.4488
2022-07-11 13:03:33,289 - mmdet - INFO - Epoch [26][100/241]	lr: 6.250e-03, eta: 3:08:37, time: 1.780, data_time: 0.180, memory: 7994, loss_cls: 0.2749, loss_bbox: 0.1216, loss_kps: 11.0042, loss: 11.4008
2022-07-11 13:05:01,284 - mmdet - INFO - Epoch [26][150/241]	lr: 6.250e-03, eta: 3:08:17, time: 1.760, data_time: 0.161, memory: 7994, loss_cls: 0.2828, loss_bbox: 0.1191, loss_kps: 11.4794, loss: 11.8813
2022-07-11 13:06:31,084 - mmdet - INFO - Epoch [26][200/241]	lr: 6.250e-03, eta: 3:07:58, time: 1.796, data_time: 0.218, memory: 7994, loss_cls: 0.2708, loss_bbox: 0.1195, loss_kps: 11.3605, loss: 11.7508
2022-07-11 13:09:05,685 - mmdet - INFO - Epoch [27][50/241]	lr: 6.250e-03, eta: 3:05:59, time: 2.130, data_time: 0.483, memory: 7994, loss_cls: 0.2648, loss_bbox: 0.1133, loss_kps: 10.3954, loss: 10.7735
2022-07-11 13:10:33,890 - mmdet - INFO - Epoch [27][100/241]	lr: 6.250e-03, eta: 3:05:36, time: 1.764, data_time: 0.182, memory: 7994, loss_cls: 0.2661, loss_bbox: 0.1142, loss_kps: 10.1558, loss: 10.5361
2022-07-11 13:12:02,250 - mmdet - INFO - Epoch [27][150/241]	lr: 6.250e-03, eta: 3:05:13, time: 1.767, data_time: 0.192, memory: 7994, loss_cls: 0.2688, loss_bbox: 0.1168, loss_kps: 10.0400, loss: 10.4256
2022-07-11 13:13:20,008 - mmdet - INFO - Epoch [27][200/241]	lr: 6.250e-03, eta: 3:04:33, time: 1.555, data_time: 0.157, memory: 7994, loss_cls: 0.2648, loss_bbox: 0.1138, loss_kps: 10.2047, loss: 10.5834
2022-07-11 13:15:59,293 - mmdet - INFO - Epoch [28][50/241]	lr: 6.250e-03, eta: 3:02:35, time: 2.160, data_time: 0.543, memory: 7994, loss_cls: 0.2659, loss_bbox: 0.1143, loss_kps: 10.2127, loss: 10.5929
2022-07-11 13:17:27,489 - mmdet - INFO - Epoch [28][100/241]	lr: 6.250e-03, eta: 3:02:08, time: 1.764, data_time: 0.201, memory: 7994, loss_cls: 0.2693, loss_bbox: 0.1135, loss_kps: 10.1544, loss: 10.5372
2022-07-11 13:18:57,084 - mmdet - INFO - Epoch [28][150/241]	lr: 6.250e-03, eta: 3:01:42, time: 1.792, data_time: 0.161, memory: 7994, loss_cls: 0.2608, loss_bbox: 0.1148, loss_kps: 10.2659, loss: 10.6415
2022-07-11 13:19:58,293 - mmdet - INFO - Epoch [28][200/241]	lr: 6.250e-03, eta: 3:00:39, time: 1.224, data_time: 0.155, memory: 7994, loss_cls: 0.2614, loss_bbox: 0.1107, loss_kps: 11.3518, loss: 11.7239
2022-07-11 13:22:55,489 - mmdet - INFO - Epoch [29][50/241]	lr: 6.250e-03, eta: 2:58:44, time: 2.232, data_time: 0.596, memory: 7994, loss_cls: 0.2612, loss_bbox: 0.1132, loss_kps: 10.4213, loss: 10.7957
2022-07-11 13:24:23,521 - mmdet - INFO - Epoch [29][100/241]	lr: 6.250e-03, eta: 2:58:14, time: 1.760, data_time: 0.211, memory: 7994, loss_cls: 0.2631, loss_bbox: 0.1140, loss_kps: 9.7072, loss: 10.0842
2022-07-11 13:25:40,687 - mmdet - INFO - Epoch [29][150/241]	lr: 6.250e-03, eta: 2:57:30, time: 1.544, data_time: 0.182, memory: 7994, loss_cls: 0.2642, loss_bbox: 0.1158, loss_kps: 10.5691, loss: 10.9491
2022-07-11 13:26:47,830 - mmdet - INFO - Epoch [29][200/241]	lr: 6.250e-03, eta: 2:56:33, time: 1.343, data_time: 0.188, memory: 7994, loss_cls: 0.2663, loss_bbox: 0.1095, loss_kps: 10.1051, loss: 10.4808
2022-07-11 13:29:40,827 - mmdet - INFO - Epoch [30][50/241]	lr: 6.250e-03, eta: 2:54:31, time: 2.137, data_time: 0.503, memory: 7994, loss_cls: 0.2585, loss_bbox: 0.1110, loss_kps: 10.0285, loss: 10.3980
2022-07-11 13:31:06,085 - mmdet - INFO - Epoch [30][100/241]	lr: 6.250e-03, eta: 2:53:56, time: 1.705, data_time: 0.173, memory: 7994, loss_cls: 0.2650, loss_bbox: 0.1112, loss_kps: 10.0357, loss: 10.4119
2022-07-11 13:32:16,538 - mmdet - INFO - Epoch [30][150/241]	lr: 6.250e-03, eta: 2:53:02, time: 1.409, data_time: 0.140, memory: 7994, loss_cls: 0.2664, loss_bbox: 0.1083, loss_kps: 10.7104, loss: 11.0851
2022-07-11 13:33:37,289 - mmdet - INFO - Epoch [30][200/241]	lr: 6.250e-03, eta: 2:52:20, time: 1.615, data_time: 0.180, memory: 7994, loss_cls: 0.2610, loss_bbox: 0.1148, loss_kps: 10.5278, loss: 10.9036
2022-07-11 13:34:40,633 - mmdet - INFO - Saving checkpoint at 30 epochs
2022-07-11 13:34:47,022 - mmdet - INFO - 
+-------+-----+------+--------+-------+
| class | gts | dets | recall | ap    |
+-------+-----+------+--------+-------+
| FG    | 179 | 7368 | 0.950  | 0.875 |
+-------+-----+------+--------+-------+
| mAP   |     |      |        | 0.875 |
+-------+-----+------+--------+-------+
2022-07-11 13:34:47,159 - mmdet - INFO - Exp name: scrfd_cccd_500m_bnkps_poisson.py
2022-07-11 13:34:47,159 - mmdet - INFO - Epoch(val) [30][241]	mAP: 0.8748
2022-07-11 13:36:35,085 - mmdet - INFO - Epoch [31][50/241]	lr: 6.250e-03, eta: 2:50:19, time: 2.157, data_time: 0.540, memory: 7994, loss_cls: 0.2684, loss_bbox: 0.1150, loss_kps: 10.4912, loss: 10.8745
2022-07-11 13:38:02,884 - mmdet - INFO - Epoch [31][100/241]	lr: 6.250e-03, eta: 2:49:44, time: 1.756, data_time: 0.184, memory: 7994, loss_cls: 0.2784, loss_bbox: 0.1159, loss_kps: 11.2001, loss: 11.5944
2022-07-11 13:39:05,294 - mmdet - INFO - Epoch [31][150/241]	lr: 6.250e-03, eta: 2:48:40, time: 1.248, data_time: 0.148, memory: 7994, loss_cls: 0.2770, loss_bbox: 0.1192, loss_kps: 11.1093, loss: 11.5055
2022-07-11 13:40:35,697 - mmdet - INFO - Epoch [31][200/241]	lr: 6.250e-03, eta: 2:48:07, time: 1.808, data_time: 0.183, memory: 7994, loss_cls: 0.2735, loss_bbox: 0.1107, loss_kps: 10.1754, loss: 10.5595
2022-07-11 13:43:25,616 - mmdet - INFO - Epoch [32][50/241]	lr: 6.250e-03, eta: 2:46:02, time: 2.106, data_time: 0.510, memory: 7994, loss_cls: 0.2662, loss_bbox: 0.1093, loss_kps: 10.1259, loss: 10.5015
2022-07-11 13:44:36,926 - mmdet - INFO - Epoch [32][100/241]	lr: 6.250e-03, eta: 2:45:08, time: 1.426, data_time: 0.167, memory: 7994, loss_cls: 0.2669, loss_bbox: 0.1134, loss_kps: 10.5771, loss: 10.9573
2022-07-11 13:45:56,023 - mmdet - INFO - Epoch [32][150/241]	lr: 6.250e-03, eta: 2:44:21, time: 1.582, data_time: 0.174, memory: 7994, loss_cls: 0.2645, loss_bbox: 0.1085, loss_kps: 10.4810, loss: 10.8540
2022-07-11 13:47:25,689 - mmdet - INFO - Epoch [32][200/241]	lr: 6.250e-03, eta: 2:43:45, time: 1.793, data_time: 0.184, memory: 7994, loss_cls: 0.2656, loss_bbox: 0.1140, loss_kps: 10.5671, loss: 10.9467
2022-07-11 13:50:21,343 - mmdet - INFO - Epoch [33][50/241]	lr: 6.250e-04, eta: 2:41:43, time: 2.184, data_time: 0.553, memory: 7994, loss_cls: 0.2592, loss_bbox: 0.1049, loss_kps: 9.2332, loss: 9.5973
2022-07-11 13:51:24,116 - mmdet - INFO - Epoch [33][100/241]	lr: 6.250e-04, eta: 2:40:39, time: 1.252, data_time: 0.164, memory: 7994, loss_cls: 0.2563, loss_bbox: 0.0964, loss_kps: 8.3033, loss: 8.6559
2022-07-11 13:52:54,282 - mmdet - INFO - Epoch [33][150/241]	lr: 6.250e-04, eta: 2:40:02, time: 1.807, data_time: 0.177, memory: 7994, loss_cls: 0.2461, loss_bbox: 0.0951, loss_kps: 7.4550, loss: 7.7962
2022-07-11 13:54:22,088 - mmdet - INFO - Epoch [33][200/241]	lr: 6.250e-04, eta: 2:39:22, time: 1.756, data_time: 0.180, memory: 7994, loss_cls: 0.2440, loss_bbox: 0.0916, loss_kps: 8.1437, loss: 8.4793
2022-07-11 13:57:00,896 - mmdet - INFO - Epoch [34][50/241]	lr: 6.250e-04, eta: 2:37:06, time: 1.892, data_time: 0.533, memory: 7994, loss_cls: 0.2442, loss_bbox: 0.0903, loss_kps: 7.3308, loss: 7.6653
2022-07-11 13:58:12,279 - mmdet - INFO - Epoch [34][100/241]	lr: 6.250e-04, eta: 2:36:10, time: 1.428, data_time: 0.194, memory: 7994, loss_cls: 0.2417, loss_bbox: 0.0897, loss_kps: 8.1554, loss: 8.4868
2022-07-11 13:59:39,684 - mmdet - INFO - Epoch [34][150/241]	lr: 6.250e-04, eta: 2:35:28, time: 1.748, data_time: 0.193, memory: 7994, loss_cls: 0.2378, loss_bbox: 0.0877, loss_kps: 7.8466, loss: 8.1721
2022-07-11 14:01:07,881 - mmdet - INFO - Epoch [34][200/241]	lr: 6.250e-04, eta: 2:34:46, time: 1.764, data_time: 0.177, memory: 7994, loss_cls: 0.2382, loss_bbox: 0.0884, loss_kps: 7.5040, loss: 7.8306
2022-07-11 14:03:35,931 - mmdet - INFO - Epoch [35][50/241]	lr: 6.250e-04, eta: 2:32:19, time: 1.632, data_time: 0.492, memory: 7994, loss_cls: 0.2367, loss_bbox: 0.0877, loss_kps: 7.3960, loss: 7.7204
2022-07-11 14:05:05,482 - mmdet - INFO - Epoch [35][100/241]	lr: 6.250e-04, eta: 2:31:38, time: 1.791, data_time: 0.196, memory: 7994, loss_cls: 0.2387, loss_bbox: 0.0881, loss_kps: 7.2511, loss: 7.5779
2022-07-11 14:06:34,884 - mmdet - INFO - Epoch [35][150/241]	lr: 6.250e-04, eta: 2:30:56, time: 1.788, data_time: 0.163, memory: 7994, loss_cls: 0.2384, loss_bbox: 0.0862, loss_kps: 7.0685, loss: 7.3931
2022-07-11 14:08:03,884 - mmdet - INFO - Epoch [35][200/241]	lr: 6.250e-04, eta: 2:30:13, time: 1.780, data_time: 0.189, memory: 7994, loss_cls: 0.2362, loss_bbox: 0.0859, loss_kps: 7.2652, loss: 7.5872
2022-07-11 14:09:09,602 - mmdet - INFO - Saving checkpoint at 35 epochs
2022-07-11 14:09:13,040 - mmdet - INFO - 
+-------+-----+------+--------+-------+
| class | gts | dets | recall | ap    |
+-------+-----+------+--------+-------+
| FG    | 179 | 3590 | 0.955  | 0.933 |
+-------+-----+------+--------+-------+
| mAP   |     |      |        | 0.933 |
+-------+-----+------+--------+-------+
2022-07-11 14:09:13,163 - mmdet - INFO - Exp name: scrfd_cccd_500m_bnkps_poisson.py
2022-07-11 14:09:13,164 - mmdet - INFO - Epoch(val) [35][241]	mAP: 0.9326
2022-07-11 14:10:37,284 - mmdet - INFO - Epoch [36][50/241]	lr: 6.250e-04, eta: 2:27:50, time: 1.681, data_time: 0.391, memory: 7994, loss_cls: 0.2336, loss_bbox: 0.0853, loss_kps: 7.0789, loss: 7.3978
2022-07-11 14:12:05,930 - mmdet - INFO - Epoch [36][100/241]	lr: 6.250e-04, eta: 2:27:06, time: 1.773, data_time: 0.194, memory: 7994, loss_cls: 0.2304, loss_bbox: 0.0849, loss_kps: 6.9733, loss: 7.2885
2022-07-11 14:13:37,874 - mmdet - INFO - Epoch [36][150/241]	lr: 6.250e-04, eta: 2:26:24, time: 1.839, data_time: 0.183, memory: 7994, loss_cls: 0.2308, loss_bbox: 0.0841, loss_kps: 6.7809, loss: 7.0957
2022-07-11 14:15:11,078 - mmdet - INFO - Epoch [36][200/241]	lr: 6.250e-04, eta: 2:25:42, time: 1.864, data_time: 0.181, memory: 7994, loss_cls: 0.2308, loss_bbox: 0.0857, loss_kps: 6.8820, loss: 7.1984
2022-07-11 14:17:45,081 - mmdet - INFO - Epoch [37][50/241]	lr: 6.250e-04, eta: 2:23:34, time: 2.046, data_time: 0.453, memory: 7994, loss_cls: 0.2300, loss_bbox: 0.0827, loss_kps: 6.7360, loss: 7.0487
2022-07-11 14:19:11,882 - mmdet - INFO - Epoch [37][100/241]	lr: 6.250e-04, eta: 2:22:46, time: 1.736, data_time: 0.169, memory: 7994, loss_cls: 0.2331, loss_bbox: 0.0839, loss_kps: 7.0561, loss: 7.3731
2022-07-11 14:20:40,683 - mmdet - INFO - Epoch [37][150/241]	lr: 6.250e-04, eta: 2:22:00, time: 1.776, data_time: 0.202, memory: 7994, loss_cls: 0.2299, loss_bbox: 0.0838, loss_kps: 6.8830, loss: 7.1967
2022-07-11 14:22:03,191 - mmdet - INFO - Epoch [37][200/241]	lr: 6.250e-04, eta: 2:21:09, time: 1.650, data_time: 0.169, memory: 7994, loss_cls: 0.2326, loss_bbox: 0.0837, loss_kps: 6.8826, loss: 7.1989
2022-07-11 14:24:39,283 - mmdet - INFO - Epoch [38][50/241]	lr: 6.250e-04, eta: 2:19:04, time: 2.145, data_time: 0.490, memory: 7994, loss_cls: 0.2261, loss_bbox: 0.0835, loss_kps: 6.7018, loss: 7.0114
2022-07-11 14:26:07,490 - mmdet - INFO - Epoch [38][100/241]	lr: 6.250e-04, eta: 2:18:16, time: 1.764, data_time: 0.188, memory: 7994, loss_cls: 0.2318, loss_bbox: 0.0817, loss_kps: 6.8476, loss: 7.1611
2022-07-11 14:27:34,288 - mmdet - INFO - Epoch [38][150/241]	lr: 6.250e-04, eta: 2:17:27, time: 1.736, data_time: 0.172, memory: 7994, loss_cls: 0.2309, loss_bbox: 0.0825, loss_kps: 6.8037, loss: 7.1171
2022-07-11 14:28:42,407 - mmdet - INFO - Epoch [38][200/241]	lr: 6.250e-04, eta: 2:16:24, time: 1.362, data_time: 0.153, memory: 7994, loss_cls: 0.2243, loss_bbox: 0.0821, loss_kps: 6.3348, loss: 6.6411
2022-07-11 14:31:25,282 - mmdet - INFO - Epoch [39][50/241]	lr: 6.250e-04, eta: 2:14:19, time: 2.169, data_time: 0.493, memory: 7994, loss_cls: 0.2299, loss_bbox: 0.0820, loss_kps: 6.8076, loss: 7.1195
2022-07-11 14:32:55,486 - mmdet - INFO - Epoch [39][100/241]	lr: 6.250e-04, eta: 2:13:31, time: 1.804, data_time: 0.173, memory: 7994, loss_cls: 0.2320, loss_bbox: 0.0828, loss_kps: 6.6716, loss: 6.9864
2022-07-11 14:34:23,283 - mmdet - INFO - Epoch [39][150/241]	lr: 6.250e-04, eta: 2:12:41, time: 1.756, data_time: 0.193, memory: 7994, loss_cls: 0.2267, loss_bbox: 0.0811, loss_kps: 7.0626, loss: 7.3705
2022-07-11 14:35:24,693 - mmdet - INFO - Epoch [39][200/241]	lr: 6.250e-04, eta: 2:11:34, time: 1.228, data_time: 0.150, memory: 7994, loss_cls: 0.2235, loss_bbox: 0.0814, loss_kps: 6.8322, loss: 7.1371
2022-07-11 14:38:20,487 - mmdet - INFO - Epoch [40][50/241]	lr: 6.250e-04, eta: 2:09:31, time: 2.228, data_time: 0.583, memory: 7994, loss_cls: 0.2291, loss_bbox: 0.0824, loss_kps: 6.6147, loss: 6.9262
2022-07-11 14:39:48,282 - mmdet - INFO - Epoch [40][100/241]	lr: 6.250e-04, eta: 2:08:40, time: 1.756, data_time: 0.199, memory: 7994, loss_cls: 0.2207, loss_bbox: 0.0821, loss_kps: 6.7442, loss: 7.0469
2022-07-11 14:41:03,778 - mmdet - INFO - Epoch [40][150/241]	lr: 6.250e-04, eta: 2:07:41, time: 1.510, data_time: 0.156, memory: 7994, loss_cls: 0.2258, loss_bbox: 0.0817, loss_kps: 6.0612, loss: 6.3687
2022-07-11 14:42:24,283 - mmdet - INFO - Epoch [40][200/241]	lr: 6.250e-04, eta: 2:06:46, time: 1.610, data_time: 0.159, memory: 7994, loss_cls: 0.2256, loss_bbox: 0.0789, loss_kps: 6.6167, loss: 6.9212
2022-07-11 14:43:30,480 - mmdet - INFO - Saving checkpoint at 40 epochs
2022-07-11 14:43:36,310 - mmdet - INFO - 
+-------+-----+------+--------+-------+
| class | gts | dets | recall | ap    |
+-------+-----+------+--------+-------+
| FG    | 179 | 3740 | 0.933  | 0.897 |
+-------+-----+------+--------+-------+
| mAP   |     |      |        | 0.897 |
+-------+-----+------+--------+-------+
2022-07-11 14:43:36,411 - mmdet - INFO - Exp name: scrfd_cccd_500m_bnkps_poisson.py
2022-07-11 14:43:36,411 - mmdet - INFO - Epoch(val) [40][241]	mAP: 0.8971
2022-07-11 14:45:22,684 - mmdet - INFO - Epoch [41][50/241]	lr: 6.250e-04, eta: 2:04:39, time: 2.124, data_time: 0.523, memory: 7994, loss_cls: 0.2212, loss_bbox: 0.0805, loss_kps: 6.3738, loss: 6.6755
2022-07-11 14:46:47,101 - mmdet - INFO - Epoch [41][100/241]	lr: 6.250e-04, eta: 2:03:45, time: 1.688, data_time: 0.162, memory: 7994, loss_cls: 0.2261, loss_bbox: 0.0805, loss_kps: 6.2548, loss: 6.5613
2022-07-11 14:47:47,985 - mmdet - INFO - Epoch [41][150/241]	lr: 6.250e-04, eta: 2:02:37, time: 1.218, data_time: 0.140, memory: 7994, loss_cls: 0.2247, loss_bbox: 0.0802, loss_kps: 6.2261, loss: 6.5310
2022-07-11 14:49:22,889 - mmdet - INFO - Epoch [41][200/241]	lr: 6.250e-04, eta: 2:01:49, time: 1.898, data_time: 0.193, memory: 7994, loss_cls: 0.2193, loss_bbox: 0.0804, loss_kps: 7.1078, loss: 7.4076
2022-07-11 14:52:17,482 - mmdet - INFO - Epoch [42][50/241]	lr: 6.250e-04, eta: 1:59:44, time: 2.183, data_time: 0.551, memory: 7994, loss_cls: 0.2206, loss_bbox: 0.0791, loss_kps: 6.1297, loss: 6.4294
2022-07-11 14:53:32,008 - mmdet - INFO - Epoch [42][100/241]	lr: 6.250e-04, eta: 1:58:44, time: 1.491, data_time: 0.172, memory: 7994, loss_cls: 0.2226, loss_bbox: 0.0819, loss_kps: 6.7639, loss: 7.0684
2022-07-11 14:54:48,088 - mmdet - INFO - Epoch [42][150/241]	lr: 6.250e-04, eta: 1:57:44, time: 1.522, data_time: 0.199, memory: 7994, loss_cls: 0.2228, loss_bbox: 0.0803, loss_kps: 6.0285, loss: 6.3316
2022-07-11 14:56:19,084 - mmdet - INFO - Epoch [42][200/241]	lr: 6.250e-04, eta: 1:56:52, time: 1.820, data_time: 0.180, memory: 7994, loss_cls: 0.2257, loss_bbox: 0.0795, loss_kps: 6.4983, loss: 6.8035
2022-07-11 14:59:12,675 - mmdet - INFO - Epoch [43][50/241]	lr: 6.250e-04, eta: 1:54:47, time: 2.183, data_time: 0.510, memory: 7994, loss_cls: 0.2201, loss_bbox: 0.0798, loss_kps: 6.2917, loss: 6.5916
2022-07-11 15:00:12,557 - mmdet - INFO - Epoch [43][100/241]	lr: 6.250e-04, eta: 1:53:39, time: 1.198, data_time: 0.164, memory: 7994, loss_cls: 0.2200, loss_bbox: 0.0784, loss_kps: 6.0811, loss: 6.3794
2022-07-11 15:01:38,087 - mmdet - INFO - Epoch [43][150/241]	lr: 6.250e-04, eta: 1:52:43, time: 1.711, data_time: 0.172, memory: 7994, loss_cls: 0.2204, loss_bbox: 0.0785, loss_kps: 5.9641, loss: 6.2630
2022-07-11 15:03:06,478 - mmdet - INFO - Epoch [43][200/241]	lr: 6.250e-04, eta: 1:51:49, time: 1.768, data_time: 0.202, memory: 7994, loss_cls: 0.2238, loss_bbox: 0.0794, loss_kps: 6.2424, loss: 6.5456
2022-07-11 15:05:57,546 - mmdet - INFO - Epoch [44][50/241]	lr: 6.250e-04, eta: 1:49:43, time: 2.123, data_time: 0.557, memory: 7994, loss_cls: 0.2208, loss_bbox: 0.0795, loss_kps: 6.1817, loss: 6.4820
2022-07-11 15:07:04,077 - mmdet - INFO - Epoch [44][100/241]	lr: 6.250e-04, eta: 1:48:38, time: 1.331, data_time: 0.176, memory: 7994, loss_cls: 0.2186, loss_bbox: 0.0784, loss_kps: 6.4073, loss: 6.7043
2022-07-11 15:08:31,080 - mmdet - INFO - Epoch [44][150/241]	lr: 6.250e-04, eta: 1:47:42, time: 1.740, data_time: 0.230, memory: 7994, loss_cls: 0.2196, loss_bbox: 0.0800, loss_kps: 5.9651, loss: 6.2647
2022-07-11 15:10:03,281 - mmdet - INFO - Epoch [44][200/241]	lr: 6.250e-04, eta: 1:46:48, time: 1.844, data_time: 0.184, memory: 7994, loss_cls: 0.2216, loss_bbox: 0.0789, loss_kps: 6.1186, loss: 6.4191
2022-07-11 15:12:36,913 - mmdet - INFO - Epoch [45][50/241]	lr: 6.250e-04, eta: 1:44:33, time: 1.708, data_time: 0.523, memory: 7994, loss_cls: 0.2199, loss_bbox: 0.0780, loss_kps: 5.7096, loss: 6.0075
2022-07-11 15:14:03,276 - mmdet - INFO - Epoch [45][100/241]	lr: 6.250e-04, eta: 1:43:36, time: 1.727, data_time: 0.203, memory: 7994, loss_cls: 0.2216, loss_bbox: 0.0774, loss_kps: 6.2918, loss: 6.5908
2022-07-11 15:15:30,475 - mmdet - INFO - Epoch [45][150/241]	lr: 6.250e-04, eta: 1:42:39, time: 1.744, data_time: 0.192, memory: 7994, loss_cls: 0.2234, loss_bbox: 0.0774, loss_kps: 5.7513, loss: 6.0521
2022-07-11 15:17:00,081 - mmdet - INFO - Epoch [45][200/241]	lr: 6.250e-04, eta: 1:41:44, time: 1.792, data_time: 0.233, memory: 7994, loss_cls: 0.2219, loss_bbox: 0.0779, loss_kps: 6.1232, loss: 6.4230
2022-07-11 15:18:04,707 - mmdet - INFO - Saving checkpoint at 45 epochs
2022-07-11 15:18:10,409 - mmdet - INFO - 
+-------+-----+------+--------+-------+
| class | gts | dets | recall | ap    |
+-------+-----+------+--------+-------+
| FG    | 179 | 4469 | 0.939  | 0.899 |
+-------+-----+------+--------+-------+
| mAP   |     |      |        | 0.899 |
+-------+-----+------+--------+-------+
2022-07-11 15:18:10,524 - mmdet - INFO - Exp name: scrfd_cccd_500m_bnkps_poisson.py
2022-07-11 15:18:10,524 - mmdet - INFO - Epoch(val) [45][241]	mAP: 0.8990
2022-07-11 15:19:32,880 - mmdet - INFO - Epoch [46][50/241]	lr: 6.250e-04, eta: 1:39:28, time: 1.646, data_time: 0.415, memory: 7994, loss_cls: 0.2250, loss_bbox: 0.0775, loss_kps: 6.3671, loss: 6.6696
2022-07-11 15:21:01,280 - mmdet - INFO - Epoch [46][100/241]	lr: 6.250e-04, eta: 1:38:31, time: 1.768, data_time: 0.189, memory: 7994, loss_cls: 0.2186, loss_bbox: 0.0759, loss_kps: 6.1386, loss: 6.4331
2022-07-11 15:22:30,705 - mmdet - INFO - Epoch [46][150/241]	lr: 6.250e-04, eta: 1:37:34, time: 1.788, data_time: 0.208, memory: 7994, loss_cls: 0.2177, loss_bbox: 0.0782, loss_kps: 6.0029, loss: 6.2988
2022-07-11 15:23:58,479 - mmdet - INFO - Epoch [46][200/241]	lr: 6.250e-04, eta: 1:36:37, time: 1.755, data_time: 0.175, memory: 7994, loss_cls: 0.2141, loss_bbox: 0.0778, loss_kps: 6.0064, loss: 6.2983
2022-07-11 15:26:30,679 - mmdet - INFO - Epoch [47][50/241]	lr: 6.250e-04, eta: 1:34:27, time: 1.916, data_time: 0.366, memory: 7994, loss_cls: 0.2188, loss_bbox: 0.0770, loss_kps: 5.9167, loss: 6.2125
2022-07-11 15:28:00,672 - mmdet - INFO - Epoch [47][100/241]	lr: 6.250e-04, eta: 1:33:30, time: 1.800, data_time: 0.214, memory: 7994, loss_cls: 0.2169, loss_bbox: 0.0753, loss_kps: 5.9647, loss: 6.2569
2022-07-11 15:29:28,710 - mmdet - INFO - Epoch [47][150/241]	lr: 6.250e-04, eta: 1:32:32, time: 1.761, data_time: 0.187, memory: 7994, loss_cls: 0.2153, loss_bbox: 0.0775, loss_kps: 5.8202, loss: 6.1130
2022-07-11 15:30:56,904 - mmdet - INFO - Epoch [47][200/241]	lr: 6.250e-04, eta: 1:31:34, time: 1.764, data_time: 0.192, memory: 7994, loss_cls: 0.2188, loss_bbox: 0.0772, loss_kps: 6.4948, loss: 6.7908
2022-07-11 15:33:24,480 - mmdet - INFO - Epoch [48][50/241]	lr: 6.250e-04, eta: 1:29:26, time: 2.048, data_time: 0.399, memory: 7994, loss_cls: 0.2215, loss_bbox: 0.0771, loss_kps: 6.3863, loss: 6.6849
2022-07-11 15:34:53,073 - mmdet - INFO - Epoch [48][100/241]	lr: 6.250e-04, eta: 1:28:28, time: 1.772, data_time: 0.162, memory: 7994, loss_cls: 0.2155, loss_bbox: 0.0760, loss_kps: 6.0118, loss: 6.3033
2022-07-11 15:36:21,278 - mmdet - INFO - Epoch [48][150/241]	lr: 6.250e-04, eta: 1:27:29, time: 1.764, data_time: 0.173, memory: 7994, loss_cls: 0.2177, loss_bbox: 0.0774, loss_kps: 5.9762, loss: 6.2713
2022-07-11 15:37:45,408 - mmdet - INFO - Epoch [48][200/241]	lr: 6.250e-04, eta: 1:26:28, time: 1.683, data_time: 0.175, memory: 7994, loss_cls: 0.2153, loss_bbox: 0.0759, loss_kps: 6.2988, loss: 6.5900
2022-07-11 15:40:25,246 - mmdet - INFO - Epoch [49][50/241]	lr: 6.250e-05, eta: 1:24:24, time: 2.266, data_time: 0.597, memory: 7994, loss_cls: 0.2120, loss_bbox: 0.0759, loss_kps: 6.3157, loss: 6.6036
2022-07-11 15:41:57,271 - mmdet - INFO - Epoch [49][100/241]	lr: 6.250e-05, eta: 1:23:26, time: 1.841, data_time: 0.181, memory: 7994, loss_cls: 0.2160, loss_bbox: 0.0754, loss_kps: 6.0009, loss: 6.2923
2022-07-11 15:43:25,667 - mmdet - INFO - Epoch [49][150/241]	lr: 6.250e-05, eta: 1:22:26, time: 1.768, data_time: 0.173, memory: 7994, loss_cls: 0.2142, loss_bbox: 0.0735, loss_kps: 5.6693, loss: 5.9570
2022-07-11 15:44:26,237 - mmdet - INFO - Epoch [49][200/241]	lr: 6.250e-05, eta: 1:21:18, time: 1.211, data_time: 0.162, memory: 7994, loss_cls: 0.2181, loss_bbox: 0.0756, loss_kps: 6.2920, loss: 6.5858
2022-07-11 15:47:25,456 - mmdet - INFO - Epoch [50][50/241]	lr: 6.250e-05, eta: 1:19:13, time: 2.187, data_time: 0.559, memory: 7994, loss_cls: 0.2182, loss_bbox: 0.0737, loss_kps: 5.6860, loss: 5.9779
2022-07-11 15:48:57,047 - mmdet - INFO - Epoch [50][100/241]	lr: 6.250e-05, eta: 1:18:13, time: 1.832, data_time: 0.192, memory: 7994, loss_cls: 0.2147, loss_bbox: 0.0750, loss_kps: 5.7563, loss: 6.0460
2022-07-11 15:50:16,042 - mmdet - INFO - Epoch [50][150/241]	lr: 6.250e-05, eta: 1:17:10, time: 1.580, data_time: 0.184, memory: 7994, loss_cls: 0.2159, loss_bbox: 0.0735, loss_kps: 5.2611, loss: 5.5506
2022-07-11 15:51:30,243 - mmdet - INFO - Epoch [50][200/241]	lr: 6.250e-05, eta: 1:16:05, time: 1.484, data_time: 0.179, memory: 7994, loss_cls: 0.2171, loss_bbox: 0.0745, loss_kps: 5.9441, loss: 6.2358
2022-07-11 15:52:35,685 - mmdet - INFO - Saving checkpoint at 50 epochs
2022-07-11 15:52:42,147 - mmdet - INFO - 
+-------+-----+------+--------+-------+
| class | gts | dets | recall | ap    |
+-------+-----+------+--------+-------+
| FG    | 179 | 3968 | 0.939  | 0.901 |
+-------+-----+------+--------+-------+
| mAP   |     |      |        | 0.901 |
+-------+-----+------+--------+-------+
2022-07-11 15:52:42,264 - mmdet - INFO - Exp name: scrfd_cccd_500m_bnkps_poisson.py
2022-07-11 15:52:42,265 - mmdet - INFO - Epoch(val) [50][241]	mAP: 0.9009
2022-07-11 15:54:33,438 - mmdet - INFO - Epoch [51][50/241]	lr: 6.250e-05, eta: 1:14:01, time: 2.222, data_time: 0.600, memory: 7994, loss_cls: 0.2162, loss_bbox: 0.0738, loss_kps: 6.1463, loss: 6.4363
2022-07-11 15:56:01,843 - mmdet - INFO - Epoch [51][100/241]	lr: 6.250e-05, eta: 1:13:00, time: 1.768, data_time: 0.177, memory: 7994, loss_cls: 0.2158, loss_bbox: 0.0736, loss_kps: 5.5836, loss: 5.8730
2022-07-11 15:57:03,040 - mmdet - INFO - Epoch [51][150/241]	lr: 6.250e-05, eta: 1:11:51, time: 1.224, data_time: 0.159, memory: 7994, loss_cls: 0.2194, loss_bbox: 0.0737, loss_kps: 5.7629, loss: 6.0560
2022-07-11 15:58:33,238 - mmdet - INFO - Epoch [51][200/241]	lr: 6.250e-05, eta: 1:10:51, time: 1.804, data_time: 0.197, memory: 7994, loss_cls: 0.2162, loss_bbox: 0.0742, loss_kps: 5.5135, loss: 5.8039
2022-07-11 16:01:27,047 - mmdet - INFO - Epoch [52][50/241]	lr: 6.250e-05, eta: 1:08:46, time: 2.202, data_time: 0.582, memory: 7994, loss_cls: 0.2173, loss_bbox: 0.0761, loss_kps: 5.6939, loss: 5.9872
2022-07-11 16:02:42,667 - mmdet - INFO - Epoch [52][100/241]	lr: 6.250e-05, eta: 1:07:41, time: 1.512, data_time: 0.166, memory: 7994, loss_cls: 0.2145, loss_bbox: 0.0740, loss_kps: 5.9076, loss: 6.1961
2022-07-11 16:03:51,434 - mmdet - INFO - Epoch [52][150/241]	lr: 6.250e-05, eta: 1:06:34, time: 1.375, data_time: 0.177, memory: 7994, loss_cls: 0.2241, loss_bbox: 0.0746, loss_kps: 5.7071, loss: 6.0057
2022-07-11 16:05:23,031 - mmdet - INFO - Epoch [52][200/241]	lr: 6.250e-05, eta: 1:05:33, time: 1.832, data_time: 0.190, memory: 7994, loss_cls: 0.2179, loss_bbox: 0.0745, loss_kps: 5.9826, loss: 6.2750
2022-07-11 16:08:14,255 - mmdet - INFO - Epoch [53][50/241]	lr: 6.250e-05, eta: 1:03:28, time: 2.165, data_time: 0.593, memory: 7994, loss_cls: 0.2156, loss_bbox: 0.0733, loss_kps: 5.4285, loss: 5.7174
2022-07-11 16:09:19,658 - mmdet - INFO - Epoch [53][100/241]	lr: 6.250e-05, eta: 1:02:21, time: 1.308, data_time: 0.165, memory: 7994, loss_cls: 0.2149, loss_bbox: 0.0742, loss_kps: 5.9134, loss: 6.2026
2022-07-11 16:10:43,631 - mmdet - INFO - Epoch [53][150/241]	lr: 6.250e-05, eta: 1:01:17, time: 1.679, data_time: 0.200, memory: 7994, loss_cls: 0.2170, loss_bbox: 0.0745, loss_kps: 5.6772, loss: 5.9687
2022-07-11 16:12:14,424 - mmdet - INFO - Epoch [53][200/241]	lr: 6.250e-05, eta: 1:00:15, time: 1.816, data_time: 0.178, memory: 7994, loss_cls: 0.2133, loss_bbox: 0.0730, loss_kps: 5.7003, loss: 5.9865
2022-07-11 16:15:04,084 - mmdet - INFO - Epoch [54][50/241]	lr: 6.250e-05, eta: 0:58:10, time: 2.092, data_time: 0.498, memory: 7994, loss_cls: 0.2162, loss_bbox: 0.0733, loss_kps: 5.8576, loss: 6.1472
2022-07-11 16:16:10,432 - mmdet - INFO - Epoch [54][100/241]	lr: 6.250e-05, eta: 0:57:02, time: 1.327, data_time: 0.159, memory: 7994, loss_cls: 0.2137, loss_bbox: 0.0744, loss_kps: 5.8012, loss: 6.0893
2022-07-11 16:17:39,835 - mmdet - INFO - Epoch [54][150/241]	lr: 6.250e-05, eta: 0:56:00, time: 1.788, data_time: 0.188, memory: 7994, loss_cls: 0.2133, loss_bbox: 0.0748, loss_kps: 5.6530, loss: 5.9411
2022-07-11 16:19:08,646 - mmdet - INFO - Epoch [54][200/241]	lr: 6.250e-05, eta: 0:54:56, time: 1.776, data_time: 0.173, memory: 7994, loss_cls: 0.2164, loss_bbox: 0.0741, loss_kps: 5.6625, loss: 5.9529
2022-07-11 16:21:38,829 - mmdet - INFO - Epoch [55][50/241]	lr: 6.250e-05, eta: 0:52:47, time: 1.718, data_time: 0.478, memory: 7994, loss_cls: 0.2159, loss_bbox: 0.0735, loss_kps: 5.7822, loss: 6.0716
2022-07-11 16:23:02,858 - mmdet - INFO - Epoch [55][100/241]	lr: 6.250e-05, eta: 0:51:43, time: 1.681, data_time: 0.173, memory: 7994, loss_cls: 0.2158, loss_bbox: 0.0727, loss_kps: 5.2674, loss: 5.5559
2022-07-11 16:24:30,857 - mmdet - INFO - Epoch [55][150/241]	lr: 6.250e-05, eta: 0:50:40, time: 1.760, data_time: 0.170, memory: 7994, loss_cls: 0.2127, loss_bbox: 0.0734, loss_kps: 5.8536, loss: 6.1397
2022-07-11 16:25:58,060 - mmdet - INFO - Epoch [55][200/241]	lr: 6.250e-05, eta: 0:49:36, time: 1.744, data_time: 0.156, memory: 7994, loss_cls: 0.2142, loss_bbox: 0.0726, loss_kps: 5.5570, loss: 5.8437
2022-07-11 16:27:01,486 - mmdet - INFO - Saving checkpoint at 55 epochs
2022-07-11 16:27:07,398 - mmdet - INFO - 
+-------+-----+------+--------+-------+
| class | gts | dets | recall | ap    |
+-------+-----+------+--------+-------+
| FG    | 179 | 3665 | 0.927  | 0.893 |
+-------+-----+------+--------+-------+
| mAP   |     |      |        | 0.893 |
+-------+-----+------+--------+-------+
2022-07-11 16:27:07,860 - mmdet - INFO - Exp name: scrfd_cccd_500m_bnkps_poisson.py
2022-07-11 16:27:07,861 - mmdet - INFO - Epoch(val) [55][241]	mAP: 0.8926
2022-07-11 16:28:27,068 - mmdet - INFO - Epoch [56][50/241]	lr: 6.250e-05, eta: 0:47:26, time: 1.583, data_time: 0.441, memory: 7994, loss_cls: 0.2129, loss_bbox: 0.0727, loss_kps: 5.9852, loss: 6.2708
2022-07-11 16:29:56,676 - mmdet - INFO - Epoch [56][100/241]	lr: 6.250e-05, eta: 0:46:23, time: 1.792, data_time: 0.190, memory: 7994, loss_cls: 0.2155, loss_bbox: 0.0737, loss_kps: 5.6498, loss: 5.9390
2022-07-11 16:31:26,283 - mmdet - INFO - Epoch [56][150/241]	lr: 6.250e-05, eta: 0:45:19, time: 1.792, data_time: 0.205, memory: 7994, loss_cls: 0.2151, loss_bbox: 0.0738, loss_kps: 5.7034, loss: 5.9923
2022-07-11 16:32:54,471 - mmdet - INFO - Epoch [56][200/241]	lr: 6.250e-05, eta: 0:44:14, time: 1.764, data_time: 0.176, memory: 7994, loss_cls: 0.2169, loss_bbox: 0.0734, loss_kps: 5.5853, loss: 5.8756
2022-07-11 16:35:19,466 - mmdet - INFO - Epoch [57][50/241]	lr: 6.250e-05, eta: 0:42:07, time: 1.724, data_time: 0.390, memory: 7994, loss_cls: 0.2155, loss_bbox: 0.0739, loss_kps: 5.6523, loss: 5.9416
2022-07-11 16:36:49,274 - mmdet - INFO - Epoch [57][100/241]	lr: 6.250e-05, eta: 0:41:02, time: 1.800, data_time: 0.166, memory: 7994, loss_cls: 0.2156, loss_bbox: 0.0737, loss_kps: 5.6267, loss: 5.9161
2022-07-11 16:38:18,071 - mmdet - INFO - Epoch [57][150/241]	lr: 6.250e-05, eta: 0:39:58, time: 1.776, data_time: 0.170, memory: 7994, loss_cls: 0.2168, loss_bbox: 0.0744, loss_kps: 5.5939, loss: 5.8852
2022-07-11 16:39:44,677 - mmdet - INFO - Epoch [57][200/241]	lr: 6.250e-05, eta: 0:38:53, time: 1.732, data_time: 0.165, memory: 7994, loss_cls: 0.2106, loss_bbox: 0.0733, loss_kps: 5.6483, loss: 5.9322
2022-07-11 16:42:23,078 - mmdet - INFO - Epoch [58][50/241]	lr: 6.250e-05, eta: 0:36:48, time: 2.106, data_time: 0.477, memory: 7994, loss_cls: 0.2123, loss_bbox: 0.0737, loss_kps: 5.5506, loss: 5.8365
2022-07-11 16:43:53,478 - mmdet - INFO - Epoch [58][100/241]	lr: 6.250e-05, eta: 0:35:43, time: 1.808, data_time: 0.215, memory: 7994, loss_cls: 0.2164, loss_bbox: 0.0736, loss_kps: 5.3912, loss: 5.6812
2022-07-11 16:45:21,660 - mmdet - INFO - Epoch [58][150/241]	lr: 6.250e-05, eta: 0:34:38, time: 1.764, data_time: 0.158, memory: 7994, loss_cls: 0.2108, loss_bbox: 0.0733, loss_kps: 5.2937, loss: 5.5778
2022-07-11 16:46:39,245 - mmdet - INFO - Epoch [58][200/241]	lr: 6.250e-05, eta: 0:33:31, time: 1.552, data_time: 0.180, memory: 7994, loss_cls: 0.2139, loss_bbox: 0.0730, loss_kps: 5.3353, loss: 5.6222
2022-07-11 16:49:17,472 - mmdet - INFO - Epoch [59][50/241]	lr: 6.250e-05, eta: 0:31:27, time: 2.167, data_time: 0.517, memory: 7994, loss_cls: 0.2140, loss_bbox: 0.0734, loss_kps: 5.4206, loss: 5.7080
2022-07-11 16:50:45,077 - mmdet - INFO - Epoch [59][100/241]	lr: 6.250e-05, eta: 0:30:21, time: 1.752, data_time: 0.163, memory: 7994, loss_cls: 0.2172, loss_bbox: 0.0732, loss_kps: 5.7375, loss: 6.0278
2022-07-11 16:52:12,464 - mmdet - INFO - Epoch [59][150/241]	lr: 6.250e-05, eta: 0:29:15, time: 1.748, data_time: 0.208, memory: 7994, loss_cls: 0.2223, loss_bbox: 0.0755, loss_kps: 5.7447, loss: 6.0425
2022-07-11 16:53:13,072 - mmdet - INFO - Epoch [59][200/241]	lr: 6.250e-05, eta: 0:28:07, time: 1.212, data_time: 0.150, memory: 7994, loss_cls: 0.2124, loss_bbox: 0.0741, loss_kps: 5.7909, loss: 6.0774
2022-07-11 16:56:12,467 - mmdet - INFO - Epoch [60][50/241]	lr: 6.250e-05, eta: 0:26:03, time: 2.232, data_time: 0.554, memory: 7994, loss_cls: 0.2138, loss_bbox: 0.0732, loss_kps: 5.6807, loss: 5.9676
2022-07-11 16:57:41,466 - mmdet - INFO - Epoch [60][100/241]	lr: 6.250e-05, eta: 0:24:57, time: 1.780, data_time: 0.188, memory: 7994, loss_cls: 0.2131, loss_bbox: 0.0732, loss_kps: 5.5181, loss: 5.8044
2022-07-11 16:58:59,756 - mmdet - INFO - Epoch [60][150/241]	lr: 6.250e-05, eta: 0:23:50, time: 1.566, data_time: 0.159, memory: 7994, loss_cls: 0.2139, loss_bbox: 0.0740, loss_kps: 5.4433, loss: 5.7311
2022-07-11 17:00:14,468 - mmdet - INFO - Epoch [60][200/241]	lr: 6.250e-05, eta: 0:22:42, time: 1.494, data_time: 0.186, memory: 7994, loss_cls: 0.2126, loss_bbox: 0.0738, loss_kps: 5.9364, loss: 6.2229
2022-07-11 17:01:18,742 - mmdet - INFO - Saving checkpoint at 60 epochs
2022-07-11 17:01:25,254 - mmdet - INFO - 
+-------+-----+------+--------+-------+
| class | gts | dets | recall | ap    |
+-------+-----+------+--------+-------+
| FG    | 179 | 3780 | 0.939  | 0.900 |
+-------+-----+------+--------+-------+
| mAP   |     |      |        | 0.900 |
+-------+-----+------+--------+-------+
2022-07-11 17:01:25,362 - mmdet - INFO - Exp name: scrfd_cccd_500m_bnkps_poisson.py
2022-07-11 17:01:25,362 - mmdet - INFO - Epoch(val) [60][241]	mAP: 0.8998
2022-07-11 17:03:16,104 - mmdet - INFO - Epoch [61][50/241]	lr: 6.250e-05, eta: 0:20:38, time: 2.213, data_time: 0.533, memory: 7994, loss_cls: 0.2164, loss_bbox: 0.0737, loss_kps: 5.2424, loss: 5.5324
2022-07-11 17:04:43,706 - mmdet - INFO - Epoch [61][100/241]	lr: 6.250e-05, eta: 0:19:32, time: 1.752, data_time: 0.191, memory: 7994, loss_cls: 0.2150, loss_bbox: 0.0739, loss_kps: 5.6508, loss: 5.9396
2022-07-11 17:05:44,243 - mmdet - INFO - Epoch [61][150/241]	lr: 6.250e-05, eta: 0:18:23, time: 1.211, data_time: 0.149, memory: 7994, loss_cls: 0.2102, loss_bbox: 0.0734, loss_kps: 5.3337, loss: 5.6173
2022-07-11 17:07:09,082 - mmdet - INFO - Epoch [61][200/241]	lr: 6.250e-05, eta: 0:17:16, time: 1.697, data_time: 0.164, memory: 7994, loss_cls: 0.2183, loss_bbox: 0.0730, loss_kps: 6.1465, loss: 6.4378
2022-07-11 17:09:59,867 - mmdet - INFO - Epoch [62][50/241]	lr: 6.250e-05, eta: 0:15:12, time: 2.131, data_time: 0.529, memory: 7994, loss_cls: 0.2167, loss_bbox: 0.0732, loss_kps: 6.0974, loss: 6.3873
2022-07-11 17:11:28,961 - mmdet - INFO - Epoch [62][100/241]	lr: 6.250e-05, eta: 0:14:05, time: 1.782, data_time: 0.211, memory: 7994, loss_cls: 0.2154, loss_bbox: 0.0729, loss_kps: 5.9034, loss: 6.1916
2022-07-11 17:12:30,065 - mmdet - INFO - Epoch [62][150/241]	lr: 6.250e-05, eta: 0:12:57, time: 1.222, data_time: 0.147, memory: 7994, loss_cls: 0.2137, loss_bbox: 0.0745, loss_kps: 5.7938, loss: 6.0820
2022-07-11 17:14:01,665 - mmdet - INFO - Epoch [62][200/241]	lr: 6.250e-05, eta: 0:11:50, time: 1.832, data_time: 0.194, memory: 7994, loss_cls: 0.2102, loss_bbox: 0.0726, loss_kps: 5.6381, loss: 5.9209
2022-07-11 17:16:50,861 - mmdet - INFO - Epoch [63][50/241]	lr: 6.250e-05, eta: 0:09:46, time: 2.136, data_time: 0.490, memory: 7994, loss_cls: 0.2182, loss_bbox: 0.0732, loss_kps: 5.6425, loss: 5.9339
2022-07-11 17:18:04,579 - mmdet - INFO - Epoch [63][100/241]	lr: 6.250e-05, eta: 0:08:38, time: 1.474, data_time: 0.174, memory: 7994, loss_cls: 0.2188, loss_bbox: 0.0730, loss_kps: 5.5932, loss: 5.8850
2022-07-11 17:19:22,665 - mmdet - INFO - Epoch [63][150/241]	lr: 6.250e-05, eta: 0:07:31, time: 1.562, data_time: 0.179, memory: 7994, loss_cls: 0.2150, loss_bbox: 0.0735, loss_kps: 5.7683, loss: 6.0569
2022-07-11 17:20:51,062 - mmdet - INFO - Epoch [63][200/241]	lr: 6.250e-05, eta: 0:06:23, time: 1.768, data_time: 0.172, memory: 7994, loss_cls: 0.2130, loss_bbox: 0.0735, loss_kps: 5.6420, loss: 5.9286
2022-07-11 17:23:43,661 - mmdet - INFO - Epoch [64][50/241]	lr: 6.250e-05, eta: 0:04:19, time: 2.172, data_time: 0.555, memory: 7994, loss_cls: 0.2109, loss_bbox: 0.0731, loss_kps: 5.3579, loss: 5.6419
2022-07-11 17:24:44,465 - mmdet - INFO - Epoch [64][100/241]	lr: 6.250e-05, eta: 0:03:11, time: 1.216, data_time: 0.164, memory: 7994, loss_cls: 0.2099, loss_bbox: 0.0731, loss_kps: 5.5557, loss: 5.8387
2022-07-11 17:26:14,266 - mmdet - INFO - Epoch [64][150/241]	lr: 6.250e-05, eta: 0:02:03, time: 1.796, data_time: 0.197, memory: 7994, loss_cls: 0.2113, loss_bbox: 0.0718, loss_kps: 5.3527, loss: 5.6359
2022-07-11 17:27:43,470 - mmdet - INFO - Epoch [64][200/241]	lr: 6.250e-05, eta: 0:00:55, time: 1.784, data_time: 0.190, memory: 7994, loss_cls: 0.2164, loss_bbox: 0.0740, loss_kps: 5.4953, loss: 5.7856
2022-07-11 17:28:47,264 - mmdet - INFO - Saving checkpoint at 64 epochs
